2025-07-23 10:38:40,107 - INFO - --- 机器学习房屋价格预测项目 (深度学习版) - 集成FT-Transformer和Optuna启动 ---
2025-07-23 10:38:40,117 - INFO - 已设置随机种子为: 42
2025-07-23 10:38:40,117 - INFO - 
--- 阶段1: 数据获取、探索与预处理 ---
2025-07-23 10:38:40,143 - INFO - 数据从 './data/california_housing.csv' 加载成功！
2025-07-23 10:38:40,145 - INFO - 
--- 数据概览 ---
2025-07-23 10:38:40,145 - INFO - 数据前5行:
2025-07-23 10:38:40,145 - INFO -    MedInc  HouseAge  AveRooms  AveBedrms  Population  AveOccup  Latitude  Longitude  target
0  8.3252        41  6.984127   1.023810         322  2.555556     37.88    -122.23   4.526
1  8.3014        21  6.238137   0.971880        2401  2.109842     37.86    -122.22   3.585
2  7.2574        52  8.288136   1.073446         496  2.802260     37.85    -122.24   3.521
3  5.6431        52  5.817352   1.073059         558  2.547945     37.85    -122.25   3.413
4  3.8462        52  6.281853   1.081081         565  2.181467     37.85    -122.25   3.422
2025-07-23 10:38:40,163 - INFO - 
数据基本信息:
2025-07-23 10:38:40,177 - INFO - <class 'pandas.core.frame.DataFrame'>
RangeIndex: 20640 entries, 0 to 20639
Data columns (total 9 columns):
 #   Column      Non-Null Count  Dtype  
---  ------      --------------  -----  
 0   MedInc      20640 non-null  float64
 1   HouseAge    20640 non-null  int64  
 2   AveRooms    20640 non-null  float64
 3   AveBedrms   20640 non-null  float64
 4   Population  20640 non-null  int64  
 5   AveOccup    20640 non-null  float64
 6   Latitude    20640 non-null  float64
 7   Longitude   20640 non-null  float64
 8   target      20640 non-null  float64
dtypes: float64(7), int64(2)
memory usage: 1.4 MB

2025-07-23 10:38:40,177 - INFO - 
描述性统计:
2025-07-23 10:38:40,190 - INFO -              MedInc      HouseAge      AveRooms     AveBedrms    Population      AveOccup      Latitude     Longitude        target
count  20640.000000  20640.000000  20640.000000  20640.000000  20640.000000  20640.000000  20640.000000  20640.000000  20640.000000
mean       3.870671     28.639486      5.429000      1.096675   1425.476744      3.070655     35.631861   -119.569704      2.068558
std        1.899822     12.585558      2.474173      0.473911   1132.462122     10.386050      2.135952      2.003532      1.153956
min        0.499900      1.000000      0.846154      0.333333      3.000000      0.692308     32.540000   -124.350000      0.149990
25%        2.563400     18.000000      4.440716      1.006079    787.000000      2.429741     33.930000   -121.800000      1.196000
50%        3.534800     29.000000      5.229129      1.048780   1166.000000      2.818116     34.260000   -118.490000      1.797000
75%        4.743250     37.000000      6.052381      1.099526   1725.000000      3.282261     37.710000   -118.010000      2.647250
max       15.000100     52.000000    141.909091     34.066667  35682.000000   1243.333333     41.950000   -114.310000      5.000010
2025-07-23 10:38:40,200 - INFO - 
缺失值检查:
2025-07-23 10:38:40,200 - INFO - MedInc        0
HouseAge      0
AveRooms      0
AveBedrms     0
Population    0
AveOccup      0
Latitude      0
Longitude     0
target        0
dtype: int64
2025-07-23 10:38:40,200 - INFO - 
数据初步探索完成。
2025-07-23 10:38:40,200 - INFO - 
--- 数据初步可视化 ---
2025-07-23 10:38:41,264 - INFO - 图表已保存到: logs\房屋价格分布.png
2025-07-23 10:38:46,075 - INFO - 图表已保存到: logs\特征与房价散点图.png
2025-07-23 10:38:48,740 - INFO - 
数据初步可视化完成。
2025-07-23 10:38:48,740 - INFO - 
--- 缺失值处理 ---
2025-07-23 10:38:48,740 - INFO - 数据集中没有发现缺失值。
2025-07-23 10:38:48,740 - INFO - 
--- 异常值处理 ---
2025-07-23 10:38:48,767 - INFO - 已使用 IQR 方法处理 4523 个异常值 (替换为边界值)。
2025-07-23 10:38:48,768 - INFO - 
--- 特征工程 ---
2025-07-23 10:38:48,768 - INFO - 已创建新特征 'Bedrms_Per_Room'。
2025-07-23 10:38:48,768 - INFO - 已创建新特征 'Population_Density'。
2025-07-23 10:38:48,768 - INFO - 已创建新特征 'Lat_x_Lon'。
2025-07-23 10:38:48,768 - INFO - 特征工程完成。
2025-07-23 10:38:48,768 - INFO - 
--- 数据划分与特征缩放 ---
2025-07-23 10:38:48,774 - INFO - 选择 StandardScaler 进行特征缩放。
2025-07-23 10:38:48,781 - INFO - 目标变量已使用 StandardScaler 进行缩放。
2025-07-23 10:38:48,781 - INFO - 训练集特征形状: (18576, 11)
2025-07-23 10:38:48,781 - INFO - 测试集特征形状: (2064, 11)
2025-07-23 10:38:48,781 - INFO - 训练集目标形状: (18576,)
2025-07-23 10:38:48,781 - INFO - 测试集目标形状: (2064,)
2025-07-23 10:38:48,782 - INFO - 数据划分与特征缩放完成。
2025-07-23 10:38:48,786 - INFO - 特征标准化器已保存到: ./models/scaler_ftt_optuna.pkl
2025-07-23 10:38:48,786 - INFO - 目标标准化器已保存到: ./models/target_scaler_ftt_optuna.pkl
2025-07-23 10:38:48,815 - INFO - 
训练集特征形状 (Tensor): torch.Size([13932, 11])
2025-07-23 10:38:48,815 - INFO - 验证集特征形状 (Tensor): torch.Size([4644, 11])
2025-07-23 10:38:48,815 - INFO - 测试集特征形状 (Tensor): torch.Size([2064, 11])
2025-07-23 10:38:48,816 - INFO - 训练集目标形状 (Tensor): torch.Size([13932, 1])
2025-07-23 10:38:48,816 - INFO - 验证集目标形状 (Tensor): torch.Size([4644, 1])
2025-07-23 10:38:48,816 - INFO - 测试集目标形状 (Tensor): torch.Size([2064, 1])
2025-07-23 10:38:48,816 - INFO - 训练数据加载器包含 218 个批次。
2025-07-23 10:38:48,816 - INFO - 验证数据加载器包含 73 个批次。
2025-07-23 10:38:48,816 - INFO - 测试数据加载器包含 33 个批次。
2025-07-23 10:38:48,816 - INFO - 
--- 阶段2: 超参数优化 (Optuna) ---
2025-07-23 10:38:48,817 - INFO - 
--- 开始 Optuna 超参数优化 (共 100 次试验) ---
2025-07-23 10:38:53,487 - INFO - Trial 0: 选择了 FT-Transformer 模型
2025-07-23 10:38:56,058 - INFO - 
--- 模型训练开始 ---
2025-07-23 10:39:02,058 - INFO - Epoch [1/100], 训练损失: 0.4132, 验证损失: 0.3142, 验证 R2 (标准化): 0.6729
2025-07-23 10:39:05,667 - INFO - Epoch [2/100], 训练损失: 0.2895, 验证损失: 0.3034, 验证 R2 (标准化): 0.6841
2025-07-23 10:39:09,515 - INFO - Epoch [3/100], 训练损失: 0.2686, 验证损失: 0.2647, 验证 R2 (标准化): 0.7244
2025-07-23 10:39:13,441 - INFO - Epoch [4/100], 训练损失: 0.2490, 验证损失: 0.2426, 验证 R2 (标准化): 0.7474
2025-07-23 10:39:17,598 - INFO - Epoch [5/100], 训练损失: 0.2388, 验证损失: 0.2399, 验证 R2 (标准化): 0.7502
2025-07-23 10:39:21,834 - INFO - Epoch [6/100], 训练损失: 0.2324, 验证损失: 0.2631, 验证 R2 (标准化): 0.7261
2025-07-23 10:39:26,901 - INFO - Epoch [7/100], 训练损失: 0.2276, 验证损失: 0.2282, 验证 R2 (标准化): 0.7624
2025-07-23 10:39:31,133 - INFO - Epoch [8/100], 训练损失: 0.2213, 验证损失: 0.2335, 验证 R2 (标准化): 0.7569
2025-07-23 10:39:35,017 - INFO - Epoch [9/100], 训练损失: 0.2165, 验证损失: 0.2167, 验证 R2 (标准化): 0.7743
2025-07-23 10:39:38,989 - INFO - Epoch [10/100], 训练损失: 0.2126, 验证损失: 0.3893, 验证 R2 (标准化): 0.5946
2025-07-23 10:39:42,961 - INFO - Epoch [11/100], 训练损失: 0.2090, 验证损失: 0.2216, 验证 R2 (标准化): 0.7693
2025-07-23 10:39:47,031 - INFO - Epoch [12/100], 训练损失: 0.2049, 验证损失: 0.2345, 验证 R2 (标准化): 0.7559
2025-07-23 10:39:51,265 - INFO - Epoch [13/100], 训练损失: 0.2019, 验证损失: 0.2045, 验证 R2 (标准化): 0.7870
2025-07-23 10:39:55,858 - INFO - Epoch [14/100], 训练损失: 0.1988, 验证损失: 0.2028, 验证 R2 (标准化): 0.7889
2025-07-23 10:40:00,548 - INFO - Epoch [15/100], 训练损失: 0.1947, 验证损失: 0.2346, 验证 R2 (标准化): 0.7558
2025-07-23 10:40:04,675 - INFO - Epoch [16/100], 训练损失: 0.1929, 验证损失: 0.2037, 验证 R2 (标准化): 0.7879
2025-07-23 10:40:08,575 - INFO - Epoch [17/100], 训练损失: 0.1901, 验证损失: 0.2015, 验证 R2 (标准化): 0.7902
2025-07-23 10:40:12,476 - INFO - Epoch [18/100], 训练损失: 0.1873, 验证损失: 0.2022, 验证 R2 (标准化): 0.7895
2025-07-23 10:40:16,386 - INFO - Epoch [19/100], 训练损失: 0.1851, 验证损失: 0.2312, 验证 R2 (标准化): 0.7593
2025-07-23 10:40:20,342 - INFO - Epoch [20/100], 训练损失: 0.1837, 验证损失: 0.1967, 验证 R2 (标准化): 0.7952
2025-07-23 10:40:24,230 - INFO - Epoch [21/100], 训练损失: 0.1808, 验证损失: 0.2267, 验证 R2 (标准化): 0.7639
2025-07-23 10:40:28,055 - INFO - Epoch [22/100], 训练损失: 0.1782, 验证损失: 0.2819, 验证 R2 (标准化): 0.7065
2025-07-23 10:40:32,180 - INFO - Epoch [23/100], 训练损失: 0.1755, 验证损失: 0.1927, 验证 R2 (标准化): 0.7994
2025-07-23 10:40:36,877 - INFO - Epoch [24/100], 训练损失: 0.1751, 验证损失: 0.2079, 验证 R2 (标准化): 0.7835
2025-07-23 10:40:41,604 - INFO - Epoch [25/100], 训练损失: 0.1724, 验证损失: 0.1949, 验证 R2 (标准化): 0.7970
2025-07-23 10:40:45,862 - INFO - Epoch [26/100], 训练损失: 0.1694, 验证损失: 0.2245, 验证 R2 (标准化): 0.7663
2025-07-23 10:40:49,887 - INFO - Epoch [27/100], 训练损失: 0.1710, 验证损失: 0.1912, 验证 R2 (标准化): 0.8009
2025-07-23 10:40:54,110 - INFO - Epoch [28/100], 训练损失: 0.1682, 验证损失: 0.1990, 验证 R2 (标准化): 0.7928
2025-07-23 10:40:58,189 - INFO - Epoch [29/100], 训练损失: 0.1643, 验证损失: 0.1947, 验证 R2 (标准化): 0.7973
2025-07-23 10:41:02,077 - INFO - Epoch [30/100], 训练损失: 0.1622, 验证损失: 0.1870, 验证 R2 (标准化): 0.8053
2025-07-23 10:41:05,914 - INFO - Epoch [31/100], 训练损失: 0.1614, 验证损失: 0.1944, 验证 R2 (标准化): 0.7976
2025-07-23 10:41:09,876 - INFO - Epoch [32/100], 训练损失: 0.1588, 验证损失: 0.1974, 验证 R2 (标准化): 0.7944
2025-07-23 10:41:13,834 - INFO - Epoch [33/100], 训练损失: 0.1581, 验证损失: 0.1908, 验证 R2 (标准化): 0.8013
2025-07-23 10:41:17,808 - INFO - Epoch [34/100], 训练损失: 0.1561, 验证损失: 0.2076, 验证 R2 (标准化): 0.7838
2025-07-23 10:41:21,626 - INFO - Epoch [35/100], 训练损失: 0.1532, 验证损失: 0.1966, 验证 R2 (标准化): 0.7953
2025-07-23 10:41:25,643 - INFO - Epoch [36/100], 训练损失: 0.1519, 验证损失: 0.1987, 验证 R2 (标准化): 0.7931
2025-07-23 10:41:29,593 - INFO - Epoch [37/100], 训练损失: 0.1406, 验证损失: 0.1782, 验证 R2 (标准化): 0.8145
2025-07-23 10:41:33,381 - INFO - Epoch [38/100], 训练损失: 0.1387, 验证损失: 0.1805, 验证 R2 (标准化): 0.8121
2025-07-23 10:41:37,176 - INFO - Epoch [39/100], 训练损失: 0.1371, 验证损失: 0.1814, 验证 R2 (标准化): 0.8111
2025-07-23 10:41:41,180 - INFO - Epoch [40/100], 训练损失: 0.1355, 验证损失: 0.1850, 验证 R2 (标准化): 0.8074
2025-07-23 10:41:45,021 - INFO - Epoch [41/100], 训练损失: 0.1344, 验证损失: 0.1846, 验证 R2 (标准化): 0.8078
2025-07-23 10:41:48,958 - INFO - Epoch [42/100], 训练损失: 0.1329, 验证损失: 0.1798, 验证 R2 (标准化): 0.8128
2025-07-23 10:41:52,803 - INFO - Epoch [43/100], 训练损失: 0.1317, 验证损失: 0.1793, 验证 R2 (标准化): 0.8133
2025-07-23 10:41:56,529 - INFO - Epoch [44/100], 训练损失: 0.1259, 验证损失: 0.1798, 验证 R2 (标准化): 0.8128
2025-07-23 10:42:00,272 - INFO - Epoch [45/100], 训练损失: 0.1248, 验证损失: 0.1812, 验证 R2 (标准化): 0.8114
2025-07-23 10:42:03,983 - INFO - Epoch [46/100], 训练损失: 0.1237, 验证损失: 0.1776, 验证 R2 (标准化): 0.8151
2025-07-23 10:42:07,748 - INFO - Epoch [47/100], 训练损失: 0.1228, 验证损失: 0.1760, 验证 R2 (标准化): 0.8167
2025-07-23 10:42:11,829 - INFO - Epoch [48/100], 训练损失: 0.1224, 验证损失: 0.1772, 验证 R2 (标准化): 0.8155
2025-07-23 10:42:15,825 - INFO - Epoch [49/100], 训练损失: 0.1216, 验证损失: 0.1810, 验证 R2 (标准化): 0.8116
2025-07-23 10:42:19,635 - INFO - Epoch [50/100], 训练损失: 0.1207, 验证损失: 0.1768, 验证 R2 (标准化): 0.8160
2025-07-23 10:42:23,630 - INFO - Epoch [51/100], 训练损失: 0.1199, 验证损失: 0.1765, 验证 R2 (标准化): 0.8163
2025-07-23 10:42:27,588 - INFO - Epoch [52/100], 训练损失: 0.1191, 验证损失: 0.1783, 验证 R2 (标准化): 0.8144
2025-07-23 10:42:31,521 - INFO - Epoch [53/100], 训练损失: 0.1185, 验证损失: 0.1763, 验证 R2 (标准化): 0.8165
2025-07-23 10:42:35,446 - INFO - Epoch [54/100], 训练损失: 0.1153, 验证损失: 0.1757, 验证 R2 (标准化): 0.8171
2025-07-23 10:42:39,300 - INFO - Epoch [55/100], 训练损失: 0.1147, 验证损失: 0.1762, 验证 R2 (标准化): 0.8165
2025-07-23 10:42:43,236 - INFO - Epoch [56/100], 训练损失: 0.1142, 验证损失: 0.1748, 验证 R2 (标准化): 0.8180
2025-07-23 10:42:47,083 - INFO - Epoch [57/100], 训练损失: 0.1138, 验证损失: 0.1756, 验证 R2 (标准化): 0.8171
2025-07-23 10:42:51,031 - INFO - Epoch [58/100], 训练损失: 0.1133, 验证损失: 0.1754, 验证 R2 (标准化): 0.8173
2025-07-23 10:42:54,940 - INFO - Epoch [59/100], 训练损失: 0.1129, 验证损失: 0.1742, 验证 R2 (标准化): 0.8186
2025-07-23 10:42:58,673 - INFO - Epoch [60/100], 训练损失: 0.1124, 验证损失: 0.1777, 验证 R2 (标准化): 0.8150
2025-07-23 10:43:02,462 - INFO - Epoch [61/100], 训练损失: 0.1121, 验证损失: 0.1742, 验证 R2 (标准化): 0.8187
2025-07-23 10:43:06,377 - INFO - Epoch [62/100], 训练损失: 0.1118, 验证损失: 0.1748, 验证 R2 (标准化): 0.8180
2025-07-23 10:43:10,149 - INFO - Epoch [63/100], 训练损失: 0.1113, 验证损失: 0.1760, 验证 R2 (标准化): 0.8168
2025-07-23 10:43:13,899 - INFO - Epoch [64/100], 训练损失: 0.1111, 验证损失: 0.1742, 验证 R2 (标准化): 0.8187
2025-07-23 10:43:17,653 - INFO - Epoch [65/100], 训练损失: 0.1107, 验证损失: 0.1742, 验证 R2 (标准化): 0.8187
2025-07-23 10:43:21,493 - INFO - Epoch [66/100], 训练损失: 0.1100, 验证损失: 0.1747, 验证 R2 (标准化): 0.8181
2025-07-23 10:43:25,250 - INFO - Epoch [67/100], 训练损失: 0.1099, 验证损失: 0.1743, 验证 R2 (标准化): 0.8185
2025-07-23 10:43:29,016 - INFO - Epoch [68/100], 训练损失: 0.1094, 验证损失: 0.1747, 验证 R2 (标准化): 0.8181
2025-07-23 10:43:33,069 - INFO - Epoch [69/100], 训练损失: 0.1090, 验证损失: 0.1743, 验证 R2 (标准化): 0.8185
2025-07-23 10:43:37,250 - INFO - Epoch [70/100], 训练损失: 0.1087, 验证损失: 0.1762, 验证 R2 (标准化): 0.8165
2025-07-23 10:43:41,460 - INFO - Epoch [71/100], 训练损失: 0.1068, 验证损失: 0.1738, 验证 R2 (标准化): 0.8190
2025-07-23 10:43:45,657 - INFO - Epoch [72/100], 训练损失: 0.1065, 验证损失: 0.1749, 验证 R2 (标准化): 0.8179
2025-07-23 10:43:49,735 - INFO - Epoch [73/100], 训练损失: 0.1064, 验证损失: 0.1745, 验证 R2 (标准化): 0.8183
2025-07-23 10:43:53,793 - INFO - Epoch [74/100], 训练损失: 0.1060, 验证损失: 0.1748, 验证 R2 (标准化): 0.8180
2025-07-23 10:43:57,876 - INFO - Epoch [75/100], 训练损失: 0.1059, 验证损失: 0.1749, 验证 R2 (标准化): 0.8178
2025-07-23 10:44:02,002 - INFO - Epoch [76/100], 训练损失: 0.1058, 验证损失: 0.1751, 验证 R2 (标准化): 0.8177
2025-07-23 10:44:06,143 - INFO - Epoch [77/100], 训练损失: 0.1055, 验证损失: 0.1742, 验证 R2 (标准化): 0.8186
2025-07-23 10:44:10,303 - INFO - Epoch [78/100], 训练损失: 0.1047, 验证损失: 0.1745, 验证 R2 (标准化): 0.8183
2025-07-23 10:44:14,302 - INFO - Epoch [79/100], 训练损失: 0.1045, 验证损失: 0.1744, 验证 R2 (标准化): 0.8184
2025-07-23 10:44:18,358 - INFO - Epoch [80/100], 训练损失: 0.1044, 验证损失: 0.1745, 验证 R2 (标准化): 0.8183
2025-07-23 10:44:22,524 - INFO - Epoch [81/100], 训练损失: 0.1043, 验证损失: 0.1744, 验证 R2 (标准化): 0.8185
2025-07-23 10:44:22,524 - INFO - 早停！验证损失在 10 个epoch内没有显著改善。
2025-07-23 10:44:22,528 - INFO - --- 模型训练完成 ---
2025-07-23 10:44:22,706 - INFO - 图表已保存到: logs\训练与验证损失曲线.png
2025-07-23 10:44:25,971 - INFO - 图表已保存到: logs\验证集R2分数曲线.png
2025-07-23 10:44:29,479 - INFO - Trial 1: 选择了 FT-Transformer 模型
2025-07-23 10:44:29,479 - INFO - 
--- 模型训练开始 ---
2025-07-23 10:44:34,719 - INFO - Epoch [1/100], 训练损失: 0.5860, 验证损失: 0.3852, 验证 R2 (标准化): 0.5989
2025-07-23 10:44:39,889 - INFO - Epoch [2/100], 训练损失: 0.3213, 验证损失: 0.3425, 验证 R2 (标准化): 0.6434
2025-07-23 10:44:44,964 - INFO - Epoch [3/100], 训练损失: 0.2977, 验证损失: 0.2959, 验证 R2 (标准化): 0.6920
2025-07-23 10:44:50,029 - INFO - Epoch [4/100], 训练损失: 0.2811, 验证损失: 0.2816, 验证 R2 (标准化): 0.7068
2025-07-23 10:44:55,154 - INFO - Epoch [5/100], 训练损失: 0.2681, 验证损失: 0.2656, 验证 R2 (标准化): 0.7235
2025-07-23 10:45:00,380 - INFO - Epoch [6/100], 训练损失: 0.2566, 验证损失: 0.2546, 验证 R2 (标准化): 0.7350
2025-07-23 10:45:05,589 - INFO - Epoch [7/100], 训练损失: 0.2465, 验证损失: 0.2437, 验证 R2 (标准化): 0.7462
2025-07-23 10:45:10,834 - INFO - Epoch [8/100], 训练损失: 0.2399, 验证损失: 0.2555, 验证 R2 (标准化): 0.7340
2025-07-23 10:45:16,090 - INFO - Epoch [9/100], 训练损失: 0.2333, 验证损失: 0.2351, 验证 R2 (标准化): 0.7552
2025-07-23 10:45:21,250 - INFO - Epoch [10/100], 训练损失: 0.2296, 验证损失: 0.2272, 验证 R2 (标准化): 0.7635
2025-07-23 10:45:26,389 - INFO - Epoch [11/100], 训练损失: 0.2255, 验证损失: 0.2391, 验证 R2 (标准化): 0.7511
2025-07-23 10:45:31,448 - INFO - Epoch [12/100], 训练损失: 0.2218, 验证损失: 0.2320, 验证 R2 (标准化): 0.7584
2025-07-23 10:45:36,508 - INFO - Epoch [13/100], 训练损失: 0.2192, 验证损失: 0.2266, 验证 R2 (标准化): 0.7640
2025-07-23 10:45:41,595 - INFO - Epoch [14/100], 训练损失: 0.2175, 验证损失: 0.2276, 验证 R2 (标准化): 0.7630
2025-07-23 10:45:46,719 - INFO - Epoch [15/100], 训练损失: 0.2157, 验证损失: 0.2243, 验证 R2 (标准化): 0.7665
2025-07-23 10:45:51,792 - INFO - Epoch [16/100], 训练损失: 0.2139, 验证损失: 0.2300, 验证 R2 (标准化): 0.7605
2025-07-23 10:45:56,817 - INFO - Epoch [17/100], 训练损失: 0.2119, 验证损失: 0.2157, 验证 R2 (标准化): 0.7754
2025-07-23 10:46:01,825 - INFO - Epoch [18/100], 训练损失: 0.2112, 验证损失: 0.2120, 验证 R2 (标准化): 0.7793
2025-07-23 10:46:06,830 - INFO - Epoch [19/100], 训练损失: 0.2088, 验证损失: 0.2113, 验证 R2 (标准化): 0.7800
2025-07-23 10:46:11,827 - INFO - Epoch [20/100], 训练损失: 0.2084, 验证损失: 0.2151, 验证 R2 (标准化): 0.7761
2025-07-23 10:46:16,852 - INFO - Epoch [21/100], 训练损失: 0.2069, 验证损失: 0.2169, 验证 R2 (标准化): 0.7742
2025-07-23 10:46:21,946 - INFO - Epoch [22/100], 训练损失: 0.2062, 验证损失: 0.2075, 验证 R2 (标准化): 0.7840
2025-07-23 10:46:27,008 - INFO - Epoch [23/100], 训练损失: 0.2056, 验证损失: 0.2100, 验证 R2 (标准化): 0.7814
2025-07-23 10:46:32,055 - INFO - Epoch [24/100], 训练损失: 0.2036, 验证损失: 0.2084, 验证 R2 (标准化): 0.7830
2025-07-23 10:46:37,073 - INFO - Epoch [25/100], 训练损失: 0.2030, 验证损失: 0.2181, 验证 R2 (标准化): 0.7730
2025-07-23 10:46:42,099 - INFO - Epoch [26/100], 训练损失: 0.2024, 验证损失: 0.2075, 验证 R2 (标准化): 0.7840
2025-07-23 10:46:47,151 - INFO - Epoch [27/100], 训练损失: 0.2009, 验证损失: 0.2061, 验证 R2 (标准化): 0.7854
2025-07-23 10:46:52,190 - INFO - Epoch [28/100], 训练损失: 0.1996, 验证损失: 0.2752, 验证 R2 (标准化): 0.7135
2025-07-23 10:46:57,204 - INFO - Epoch [29/100], 训练损失: 0.1982, 验证损失: 0.2056, 验证 R2 (标准化): 0.7859
2025-07-23 10:47:02,230 - INFO - Epoch [30/100], 训练损失: 0.1988, 验证损失: 0.2035, 验证 R2 (标准化): 0.7881
2025-07-23 10:47:07,280 - INFO - Epoch [31/100], 训练损失: 0.1967, 验证损失: 0.2029, 验证 R2 (标准化): 0.7887
2025-07-23 10:47:12,310 - INFO - Epoch [32/100], 训练损失: 0.1971, 验证损失: 0.2039, 验证 R2 (标准化): 0.7877
2025-07-23 10:47:17,365 - INFO - Epoch [33/100], 训练损失: 0.1962, 验证损失: 0.2043, 验证 R2 (标准化): 0.7873
2025-07-23 10:47:22,394 - INFO - Epoch [34/100], 训练损失: 0.1953, 验证损失: 0.2123, 验证 R2 (标准化): 0.7790
2025-07-23 10:47:27,431 - INFO - Epoch [35/100], 训练损失: 0.1931, 验证损失: 0.2051, 验证 R2 (标准化): 0.7864
2025-07-23 10:47:32,526 - INFO - Epoch [36/100], 训练损失: 0.1940, 验证损失: 0.2042, 验证 R2 (标准化): 0.7874
2025-07-23 10:47:37,634 - INFO - Epoch [37/100], 训练损失: 0.1912, 验证损失: 0.2048, 验证 R2 (标准化): 0.7867
2025-07-23 10:47:42,780 - INFO - Epoch [38/100], 训练损失: 0.1871, 验证损失: 0.1991, 验证 R2 (标准化): 0.7927
2025-07-23 10:47:48,015 - INFO - Epoch [39/100], 训练损失: 0.1873, 验证损失: 0.2004, 验证 R2 (标准化): 0.7913
2025-07-23 10:47:53,208 - INFO - Epoch [40/100], 训练损失: 0.1867, 验证损失: 0.2021, 验证 R2 (标准化): 0.7896
2025-07-23 10:47:58,455 - INFO - Epoch [41/100], 训练损失: 0.1856, 验证损失: 0.2010, 验证 R2 (标准化): 0.7907
2025-07-23 10:48:03,589 - INFO - Epoch [42/100], 训练损失: 0.1857, 验证损失: 0.2033, 验证 R2 (标准化): 0.7883
2025-07-23 10:48:08,727 - INFO - Epoch [43/100], 训练损失: 0.1853, 验证损失: 0.2057, 验证 R2 (标准化): 0.7858
2025-07-23 10:48:13,829 - INFO - Epoch [44/100], 训练损失: 0.1844, 验证损失: 0.1977, 验证 R2 (标准化): 0.7942
2025-07-23 10:48:18,986 - INFO - Epoch [45/100], 训练损失: 0.1839, 验证损失: 0.2021, 验证 R2 (标准化): 0.7896
2025-07-23 10:48:24,163 - INFO - Epoch [46/100], 训练损失: 0.1836, 验证损失: 0.1984, 验证 R2 (标准化): 0.7934
2025-07-23 10:48:29,351 - INFO - Epoch [47/100], 训练损失: 0.1837, 验证损失: 0.1972, 验证 R2 (标准化): 0.7947
2025-07-23 10:48:34,502 - INFO - Epoch [48/100], 训练损失: 0.1828, 验证损失: 0.2030, 验证 R2 (标准化): 0.7887
2025-07-23 10:48:39,706 - INFO - Epoch [49/100], 训练损失: 0.1828, 验证损失: 0.1982, 验证 R2 (标准化): 0.7937
2025-07-23 10:48:44,939 - INFO - Epoch [50/100], 训练损失: 0.1825, 验证损失: 0.1966, 验证 R2 (标准化): 0.7953
2025-07-23 10:48:50,241 - INFO - Epoch [51/100], 训练损失: 0.1821, 验证损失: 0.1963, 验证 R2 (标准化): 0.7957
2025-07-23 10:48:55,503 - INFO - Epoch [52/100], 训练损失: 0.1818, 验证损失: 0.2088, 验证 R2 (标准化): 0.7826
2025-07-23 10:49:00,788 - INFO - Epoch [53/100], 训练损失: 0.1813, 验证损失: 0.1972, 验证 R2 (标准化): 0.7946
2025-07-23 10:49:05,989 - INFO - Epoch [54/100], 训练损失: 0.1812, 验证损失: 0.1967, 验证 R2 (标准化): 0.7952
2025-07-23 10:49:11,251 - INFO - Epoch [55/100], 训练损失: 0.1809, 验证损失: 0.1968, 验证 R2 (标准化): 0.7950
2025-07-23 10:49:16,467 - INFO - Epoch [56/100], 训练损失: 0.1806, 验证损失: 0.2024, 验证 R2 (标准化): 0.7892
2025-07-23 10:49:21,625 - INFO - Epoch [57/100], 训练损失: 0.1798, 验证损失: 0.1960, 验证 R2 (标准化): 0.7960
2025-07-23 10:49:26,816 - INFO - Epoch [58/100], 训练损失: 0.1799, 验证损失: 0.1980, 验证 R2 (标准化): 0.7939
2025-07-23 10:49:32,057 - INFO - Epoch [59/100], 训练损失: 0.1794, 验证损失: 0.1998, 验证 R2 (标准化): 0.7920
2025-07-23 10:49:37,259 - INFO - Epoch [60/100], 训练损失: 0.1789, 验证损失: 0.1961, 验证 R2 (标准化): 0.7958
2025-07-23 10:49:42,466 - INFO - Epoch [61/100], 训练损失: 0.1784, 验证损失: 0.1976, 验证 R2 (标准化): 0.7943
2025-07-23 10:49:47,663 - INFO - Epoch [62/100], 训练损失: 0.1781, 验证损失: 0.1961, 验证 R2 (标准化): 0.7958
2025-07-23 10:49:52,895 - INFO - Epoch [63/100], 训练损失: 0.1787, 验证损失: 0.1986, 验证 R2 (标准化): 0.7933
2025-07-23 10:49:58,058 - INFO - Epoch [64/100], 训练损失: 0.1758, 验证损失: 0.1943, 验证 R2 (标准化): 0.7977
2025-07-23 10:50:03,244 - INFO - Epoch [65/100], 训练损失: 0.1753, 验证损失: 0.1937, 验证 R2 (标准化): 0.7983
2025-07-23 10:50:08,436 - INFO - Epoch [66/100], 训练损失: 0.1751, 验证损失: 0.1945, 验证 R2 (标准化): 0.7974
2025-07-23 10:50:13,669 - INFO - Epoch [67/100], 训练损失: 0.1749, 验证损失: 0.1934, 验证 R2 (标准化): 0.7987
2025-07-23 10:50:18,878 - INFO - Epoch [68/100], 训练损失: 0.1751, 验证损失: 0.1955, 验证 R2 (标准化): 0.7964
2025-07-23 10:50:24,131 - INFO - Epoch [69/100], 训练损失: 0.1747, 验证损失: 0.1940, 验证 R2 (标准化): 0.7981
2025-07-23 10:50:29,372 - INFO - Epoch [70/100], 训练损失: 0.1745, 验证损失: 0.1931, 验证 R2 (标准化): 0.7989
2025-07-23 10:50:34,647 - INFO - Epoch [71/100], 训练损失: 0.1747, 验证损失: 0.1947, 验证 R2 (标准化): 0.7973
2025-07-23 10:50:39,905 - INFO - Epoch [72/100], 训练损失: 0.1740, 验证损失: 0.1946, 验证 R2 (标准化): 0.7974
2025-07-23 10:50:45,179 - INFO - Epoch [73/100], 训练损失: 0.1740, 验证损失: 0.1957, 验证 R2 (标准化): 0.7962
2025-07-23 10:50:50,454 - INFO - Epoch [74/100], 训练损失: 0.1740, 验证损失: 0.1936, 验证 R2 (标准化): 0.7984
2025-07-23 10:50:55,695 - INFO - Epoch [75/100], 训练损失: 0.1737, 验证损失: 0.1940, 验证 R2 (标准化): 0.7980
2025-07-23 10:51:00,903 - INFO - Epoch [76/100], 训练损失: 0.1735, 验证损失: 0.1938, 验证 R2 (标准化): 0.7982
2025-07-23 10:51:06,119 - INFO - Epoch [77/100], 训练损失: 0.1724, 验证损失: 0.1927, 验证 R2 (标准化): 0.7993
2025-07-23 10:51:11,369 - INFO - Epoch [78/100], 训练损失: 0.1723, 验证损失: 0.1932, 验证 R2 (标准化): 0.7989
2025-07-23 10:51:16,568 - INFO - Epoch [79/100], 训练损失: 0.1723, 验证损失: 0.1938, 验证 R2 (标准化): 0.7982
2025-07-23 10:51:21,733 - INFO - Epoch [80/100], 训练损失: 0.1722, 验证损失: 0.1935, 验证 R2 (标准化): 0.7985
2025-07-23 10:51:26,921 - INFO - Epoch [81/100], 训练损失: 0.1719, 验证损失: 0.1933, 验证 R2 (标准化): 0.7987
2025-07-23 10:51:32,098 - INFO - Epoch [82/100], 训练损失: 0.1719, 验证损失: 0.1929, 验证 R2 (标准化): 0.7992
2025-07-23 10:51:37,286 - INFO - Epoch [83/100], 训练损失: 0.1720, 验证损失: 0.1934, 验证 R2 (标准化): 0.7986
2025-07-23 10:51:42,503 - INFO - Epoch [84/100], 训练损失: 0.1711, 验证损失: 0.1935, 验证 R2 (标准化): 0.7986
2025-07-23 10:51:47,837 - INFO - Epoch [85/100], 训练损失: 0.1711, 验证损失: 0.1929, 验证 R2 (标准化): 0.7992
2025-07-23 10:51:53,259 - INFO - Epoch [86/100], 训练损失: 0.1711, 验证损失: 0.1931, 验证 R2 (标准化): 0.7990
2025-07-23 10:51:58,513 - INFO - Epoch [87/100], 训练损失: 0.1711, 验证损失: 0.1925, 验证 R2 (标准化): 0.7995
2025-07-23 10:52:03,726 - INFO - Epoch [88/100], 训练损失: 0.1710, 验证损失: 0.1927, 验证 R2 (标准化): 0.7993
2025-07-23 10:52:08,975 - INFO - Epoch [89/100], 训练损失: 0.1710, 验证损失: 0.1929, 验证 R2 (标准化): 0.7991
2025-07-23 10:52:14,201 - INFO - Epoch [90/100], 训练损失: 0.1709, 验证损失: 0.1926, 验证 R2 (标准化): 0.7994
2025-07-23 10:52:19,390 - INFO - Epoch [91/100], 训练损失: 0.1709, 验证损失: 0.1924, 验证 R2 (标准化): 0.7997
2025-07-23 10:52:24,645 - INFO - Epoch [92/100], 训练损失: 0.1708, 验证损失: 0.1926, 验证 R2 (标准化): 0.7994
2025-07-23 10:52:29,856 - INFO - Epoch [93/100], 训练损失: 0.1707, 验证损失: 0.1928, 验证 R2 (标准化): 0.7992
2025-07-23 10:52:35,038 - INFO - Epoch [94/100], 训练损失: 0.1707, 验证损失: 0.1925, 验证 R2 (标准化): 0.7995
2025-07-23 10:52:40,231 - INFO - Epoch [95/100], 训练损失: 0.1707, 验证损失: 0.1930, 验证 R2 (标准化): 0.7991
2025-07-23 10:52:45,534 - INFO - Epoch [96/100], 训练损失: 0.1706, 验证损失: 0.1927, 验证 R2 (标准化): 0.7993
2025-07-23 10:52:50,782 - INFO - Epoch [97/100], 训练损失: 0.1707, 验证损失: 0.1927, 验证 R2 (标准化): 0.7994
2025-07-23 10:52:56,035 - INFO - Epoch [98/100], 训练损失: 0.1703, 验证损失: 0.1925, 验证 R2 (标准化): 0.7996
2025-07-23 10:53:01,288 - INFO - Epoch [99/100], 训练损失: 0.1702, 验证损失: 0.1926, 验证 R2 (标准化): 0.7994
2025-07-23 10:53:06,520 - INFO - Epoch [100/100], 训练损失: 0.1702, 验证损失: 0.1923, 验证 R2 (标准化): 0.7998
2025-07-23 10:53:06,534 - INFO - --- 模型训练完成 ---
2025-07-23 10:53:06,681 - INFO - 图表已保存到: logs\训练与验证损失曲线.png
2025-07-23 10:53:09,254 - INFO - 图表已保存到: logs\验证集R2分数曲线.png
2025-07-23 10:53:11,550 - INFO - Trial 2: 选择了 FT-Transformer 模型
2025-07-23 10:53:11,551 - INFO - 
--- 模型训练开始 ---
2025-07-23 10:53:19,550 - INFO - Epoch [1/100], 训练损失: 41998.9501, 验证损失: 1.1452, 验证 R2 (标准化): -0.1924
2025-07-23 10:53:27,279 - INFO - Epoch [2/100], 训练损失: 1.3494, 验证损失: 0.9606, 验证 R2 (标准化): -0.0002
2025-07-23 10:53:34,988 - INFO - Epoch [3/100], 训练损失: 2.1860, 验证损失: 1.3182, 验证 R2 (标准化): -0.3725
2025-07-23 10:53:42,766 - INFO - Epoch [4/100], 训练损失: 2.4485, 验证损失: 1.0021, 验证 R2 (标准化): -0.0434
2025-07-23 10:53:50,559 - INFO - Epoch [5/100], 训练损失: 1.4103, 验证损失: 1.0499, 验证 R2 (标准化): -0.0932
2025-07-23 10:53:58,280 - INFO - Epoch [6/100], 训练损失: 1.1543, 验证损失: 0.9692, 验证 R2 (标准化): -0.0091
2025-07-23 10:54:05,948 - INFO - Epoch [7/100], 训练损失: 1.0603, 验证损失: 0.9625, 验证 R2 (标准化): -0.0022
2025-07-23 10:54:13,475 - INFO - Epoch [8/100], 训练损失: 1.0228, 验证损失: 0.9647, 验证 R2 (标准化): -0.0044
2025-07-23 10:54:20,927 - INFO - Epoch [9/100], 训练损失: 1.0136, 验证损失: 0.9613, 验证 R2 (标准化): -0.0009
2025-07-23 10:54:28,443 - INFO - Epoch [10/100], 训练损失: 1.0134, 验证损失: 0.9605, 验证 R2 (标准化): -0.0000
2025-07-23 10:54:35,927 - INFO - Epoch [11/100], 训练损失: 1.0133, 验证损失: 0.9604, 验证 R2 (标准化): -0.0000
2025-07-23 10:54:43,488 - INFO - Epoch [12/100], 训练损失: 1.0133, 验证损失: 0.9613, 验证 R2 (标准化): -0.0009
2025-07-23 10:54:51,219 - INFO - Epoch [13/100], 训练损失: 1.0134, 验证损失: 0.9605, 验证 R2 (标准化): -0.0001
2025-07-23 10:54:58,980 - INFO - Epoch [14/100], 训练损失: 1.0134, 验证损失: 0.9608, 验证 R2 (标准化): -0.0003
2025-07-23 10:55:06,735 - INFO - Epoch [15/100], 训练损失: 1.0135, 验证损失: 0.9610, 验证 R2 (标准化): -0.0005
2025-07-23 10:55:14,424 - INFO - Epoch [16/100], 训练损失: 1.0134, 验证损失: 0.9612, 验证 R2 (标准化): -0.0008
2025-07-23 10:55:22,080 - INFO - Epoch [17/100], 训练损失: 1.0133, 验证损失: 0.9606, 验证 R2 (标准化): -0.0001
2025-07-23 10:55:29,721 - INFO - Epoch [18/100], 训练损失: 1.0133, 验证损失: 0.9609, 验证 R2 (标准化): -0.0005
2025-07-23 10:55:37,423 - INFO - Epoch [19/100], 训练损失: 1.0133, 验证损失: 0.9606, 验证 R2 (标准化): -0.0001
2025-07-23 10:55:45,141 - INFO - Epoch [20/100], 训练损失: 1.0132, 验证损失: 0.9605, 验证 R2 (标准化): -0.0000
2025-07-23 10:55:52,819 - INFO - Epoch [21/100], 训练损失: 1.0134, 验证损失: 0.9606, 验证 R2 (标准化): -0.0001
2025-07-23 10:55:52,819 - INFO - 早停！验证损失在 10 个epoch内没有显著改善。
2025-07-23 10:55:52,824 - INFO - --- 模型训练完成 ---
2025-07-23 10:55:52,983 - INFO - 图表已保存到: logs\训练与验证损失曲线.png
2025-07-23 10:55:55,568 - INFO - 图表已保存到: logs\验证集R2分数曲线.png
2025-07-23 10:55:58,909 - INFO - Trial 3: 选择了 MLP 模型
2025-07-23 10:55:58,909 - INFO - 
--- 模型训练开始 ---
2025-07-23 10:56:00,374 - INFO - Epoch [1/100], 训练损失: 0.4151, 验证损失: 0.2780, 验证 R2 (标准化): 0.7105
2025-07-23 10:56:01,631 - INFO - Epoch [2/100], 训练损失: 0.2532, 验证损失: 0.2590, 验证 R2 (标准化): 0.7303
2025-07-23 10:56:02,956 - INFO - Epoch [3/100], 训练损失: 0.2276, 验证损失: 0.2480, 验证 R2 (标准化): 0.7418
2025-07-23 10:56:04,357 - INFO - Epoch [4/100], 训练损失: 0.2118, 验证损失: 0.2484, 验证 R2 (标准化): 0.7414
2025-07-23 10:56:05,691 - INFO - Epoch [5/100], 训练损失: 0.2036, 验证损失: 0.2335, 验证 R2 (标准化): 0.7569
2025-07-23 10:56:06,998 - INFO - Epoch [6/100], 训练损失: 0.1935, 验证损失: 0.2221, 验证 R2 (标准化): 0.7688
2025-07-23 10:56:08,348 - INFO - Epoch [7/100], 训练损失: 0.1855, 验证损失: 0.2278, 验证 R2 (标准化): 0.7629
2025-07-23 10:56:09,679 - INFO - Epoch [8/100], 训练损失: 0.1777, 验证损失: 0.2258, 验证 R2 (标准化): 0.7649
2025-07-23 10:56:11,028 - INFO - Epoch [9/100], 训练损失: 0.1734, 验证损失: 0.2357, 验证 R2 (标准化): 0.7545
2025-07-23 10:56:12,340 - INFO - Epoch [10/100], 训练损失: 0.1695, 验证损失: 0.2204, 验证 R2 (标准化): 0.7705
2025-07-23 10:56:13,581 - INFO - Epoch [11/100], 训练损失: 0.1622, 验证损失: 0.2254, 验证 R2 (标准化): 0.7653
2025-07-23 10:56:14,763 - INFO - Epoch [12/100], 训练损失: 0.1598, 验证损失: 0.2283, 验证 R2 (标准化): 0.7623
2025-07-23 10:56:15,926 - INFO - Epoch [13/100], 训练损失: 0.1529, 验证损失: 0.2296, 验证 R2 (标准化): 0.7609
2025-07-23 10:56:17,195 - INFO - Epoch [14/100], 训练损失: 0.1497, 验证损失: 0.2209, 验证 R2 (标准化): 0.7700
2025-07-23 10:56:18,387 - INFO - Epoch [15/100], 训练损失: 0.1442, 验证损失: 0.2311, 验证 R2 (标准化): 0.7593
2025-07-23 10:56:19,564 - INFO - Epoch [16/100], 训练损失: 0.1406, 验证损失: 0.2323, 验证 R2 (标准化): 0.7581
2025-07-23 10:56:20,718 - INFO - Epoch [17/100], 训练损失: 0.1156, 验证损失: 0.2123, 验证 R2 (标准化): 0.7790
2025-07-23 10:56:21,863 - INFO - Epoch [18/100], 训练损失: 0.1067, 验证损失: 0.2248, 验证 R2 (标准化): 0.7659
2025-07-23 10:56:23,019 - INFO - Epoch [19/100], 训练损失: 0.1042, 验证损失: 0.2133, 验证 R2 (标准化): 0.7779
2025-07-23 10:56:24,143 - INFO - Epoch [20/100], 训练损失: 0.0994, 验证损失: 0.2194, 验证 R2 (标准化): 0.7715
2025-07-23 10:56:25,292 - INFO - Epoch [21/100], 训练损失: 0.0972, 验证损失: 0.2161, 验证 R2 (标准化): 0.7750
2025-07-23 10:56:26,432 - INFO - Epoch [22/100], 训练损失: 0.0927, 验证损失: 0.2169, 验证 R2 (标准化): 0.7742
2025-07-23 10:56:27,574 - INFO - Epoch [23/100], 训练损失: 0.0887, 验证损失: 0.2185, 验证 R2 (标准化): 0.7725
2025-07-23 10:56:28,723 - INFO - Epoch [24/100], 训练损失: 0.0764, 验证损失: 0.2161, 验证 R2 (标准化): 0.7750
2025-07-23 10:56:29,870 - INFO - Epoch [25/100], 训练损失: 0.0721, 验证损失: 0.2179, 验证 R2 (标准化): 0.7731
2025-07-23 10:56:31,017 - INFO - Epoch [26/100], 训练损失: 0.0706, 验证损失: 0.2187, 验证 R2 (标准化): 0.7723
2025-07-23 10:56:32,165 - INFO - Epoch [27/100], 训练损失: 0.0683, 验证损失: 0.2184, 验证 R2 (标准化): 0.7726
2025-07-23 10:56:32,165 - INFO - 早停！验证损失在 10 个epoch内没有显著改善。
2025-07-23 10:56:32,167 - INFO - --- 模型训练完成 ---
2025-07-23 10:56:32,308 - INFO - 图表已保存到: logs\训练与验证损失曲线.png
2025-07-23 10:56:35,844 - INFO - 图表已保存到: logs\验证集R2分数曲线.png
2025-07-23 10:56:38,571 - INFO - Trial 4: 选择了 MLP 模型
2025-07-23 10:56:38,571 - INFO - 
--- 模型训练开始 ---
2025-07-23 10:56:39,584 - INFO - Epoch [1/100], 训练损失: 0.4369, 验证损失: 0.2675, 验证 R2 (标准化): 0.7215
2025-07-23 10:56:40,568 - INFO - Epoch [2/100], 训练损失: 0.2575, 验证损失: 0.2666, 验证 R2 (标准化): 0.7224
2025-07-23 10:56:41,519 - INFO - Epoch [3/100], 训练损失: 0.2357, 验证损失: 0.2396, 验证 R2 (标准化): 0.7505
2025-07-23 10:56:42,513 - INFO - Epoch [4/100], 训练损失: 0.2248, 验证损失: 0.2312, 验证 R2 (标准化): 0.7592
2025-07-23 10:56:43,478 - INFO - Epoch [5/100], 训练损失: 0.2194, 验证损失: 0.2325, 验证 R2 (标准化): 0.7579
2025-07-23 10:56:44,387 - INFO - Epoch [6/100], 训练损失: 0.2108, 验证损失: 0.2317, 验证 R2 (标准化): 0.7588
2025-07-23 10:56:45,206 - INFO - Epoch [7/100], 训练损失: 0.2044, 验证损失: 0.2282, 验证 R2 (标准化): 0.7624
2025-07-23 10:56:46,029 - INFO - Epoch [8/100], 训练损失: 0.2005, 验证损失: 0.2228, 验证 R2 (标准化): 0.7680
2025-07-23 10:56:46,852 - INFO - Epoch [9/100], 训练损失: 0.1990, 验证损失: 0.2270, 验证 R2 (标准化): 0.7636
2025-07-23 10:56:47,672 - INFO - Epoch [10/100], 训练损失: 0.1949, 验证损失: 0.2104, 验证 R2 (标准化): 0.7809
2025-07-23 10:56:48,560 - INFO - Epoch [11/100], 训练损失: 0.1874, 验证损失: 0.2153, 验证 R2 (标准化): 0.7758
2025-07-23 10:56:49,398 - INFO - Epoch [12/100], 训练损失: 0.1867, 验证损失: 0.2118, 验证 R2 (标准化): 0.7795
2025-07-23 10:56:50,220 - INFO - Epoch [13/100], 训练损失: 0.1814, 验证损失: 0.2101, 验证 R2 (标准化): 0.7813
2025-07-23 10:56:51,083 - INFO - Epoch [14/100], 训练损失: 0.1802, 验证损失: 0.2153, 验证 R2 (标准化): 0.7758
2025-07-23 10:56:51,916 - INFO - Epoch [15/100], 训练损失: 0.1744, 验证损失: 0.2113, 验证 R2 (标准化): 0.7800
2025-07-23 10:56:52,758 - INFO - Epoch [16/100], 训练损失: 0.1722, 验证损失: 0.2074, 验证 R2 (标准化): 0.7840
2025-07-23 10:56:53,604 - INFO - Epoch [17/100], 训练损失: 0.1707, 验证损失: 0.2190, 验证 R2 (标准化): 0.7720
2025-07-23 10:56:54,444 - INFO - Epoch [18/100], 训练损失: 0.1670, 验证损失: 0.2143, 验证 R2 (标准化): 0.7769
2025-07-23 10:56:55,286 - INFO - Epoch [19/100], 训练损失: 0.1654, 验证损失: 0.2042, 验证 R2 (标准化): 0.7874
2025-07-23 10:56:56,124 - INFO - Epoch [20/100], 训练损失: 0.1588, 验证损失: 0.2098, 验证 R2 (标准化): 0.7815
2025-07-23 10:56:57,011 - INFO - Epoch [21/100], 训练损失: 0.1569, 验证损失: 0.2070, 验证 R2 (标准化): 0.7845
2025-07-23 10:56:57,850 - INFO - Epoch [22/100], 训练损失: 0.1537, 验证损失: 0.2173, 验证 R2 (标准化): 0.7737
2025-07-23 10:56:58,690 - INFO - Epoch [23/100], 训练损失: 0.1524, 验证损失: 0.2117, 验证 R2 (标准化): 0.7796
2025-07-23 10:56:59,535 - INFO - Epoch [24/100], 训练损失: 0.1461, 验证损失: 0.2171, 验证 R2 (标准化): 0.7740
2025-07-23 10:57:00,366 - INFO - Epoch [25/100], 训练损失: 0.1450, 验证损失: 0.2150, 验证 R2 (标准化): 0.7761
2025-07-23 10:57:01,215 - INFO - Epoch [26/100], 训练损失: 0.1241, 验证损失: 0.2053, 验证 R2 (标准化): 0.7863
2025-07-23 10:57:02,079 - INFO - Epoch [27/100], 训练损失: 0.1182, 验证损失: 0.2086, 验证 R2 (标准化): 0.7828
2025-07-23 10:57:02,950 - INFO - Epoch [28/100], 训练损失: 0.1153, 验证损失: 0.2100, 验证 R2 (标准化): 0.7813
2025-07-23 10:57:03,818 - INFO - Epoch [29/100], 训练损失: 0.1118, 验证损失: 0.2104, 验证 R2 (标准化): 0.7809
2025-07-23 10:57:03,818 - INFO - 早停！验证损失在 10 个epoch内没有显著改善。
2025-07-23 10:57:03,819 - INFO - --- 模型训练完成 ---
2025-07-23 10:57:04,004 - INFO - 图表已保存到: logs\训练与验证损失曲线.png
2025-07-23 10:57:07,162 - INFO - 图表已保存到: logs\验证集R2分数曲线.png
2025-07-23 10:57:08,868 - INFO - Trial 5: 选择了 FT-Transformer 模型
2025-07-23 10:57:08,869 - INFO - 
--- 模型训练开始 ---
2025-07-23 10:57:13,965 - INFO - Epoch [1/100], 训练损失: 0.4382, 验证损失: 0.2883, 验证 R2 (标准化): 0.6999
2025-07-23 10:57:18,338 - INFO - Epoch [2/100], 训练损失: 0.2649, 验证损失: 0.2548, 验证 R2 (标准化): 0.7347
2025-07-23 10:57:22,474 - INFO - Epoch [3/100], 训练损失: 0.2527, 验证损失: 0.2444, 验证 R2 (标准化): 0.7456
2025-07-23 10:57:26,679 - INFO - Epoch [4/100], 训练损失: 0.2356, 验证损失: 0.2450, 验证 R2 (标准化): 0.7449
2025-07-23 10:57:30,999 - INFO - Epoch [5/100], 训练损失: 0.2259, 验证损失: 0.2272, 验证 R2 (标准化): 0.7635
2025-07-23 10:57:35,250 - INFO - Epoch [6/100], 训练损失: 0.2236, 验证损失: 0.2332, 验证 R2 (标准化): 0.7572
2025-07-23 10:57:39,525 - INFO - Epoch [7/100], 训练损失: 0.2136, 验证损失: 0.2325, 验证 R2 (标准化): 0.7579
2025-07-23 10:57:43,757 - INFO - Epoch [8/100], 训练损失: 0.2134, 验证损失: 0.2148, 验证 R2 (标准化): 0.7764
2025-07-23 10:57:48,543 - INFO - Epoch [9/100], 训练损失: 0.2108, 验证损失: 0.2080, 验证 R2 (标准化): 0.7834
2025-07-23 10:57:53,541 - INFO - Epoch [10/100], 训练损失: 0.2074, 验证损失: 0.2209, 验证 R2 (标准化): 0.7700
2025-07-23 10:57:57,845 - INFO - Epoch [11/100], 训练损失: 0.2000, 验证损失: 0.2222, 验证 R2 (标准化): 0.7686
2025-07-23 10:58:02,142 - INFO - Epoch [12/100], 训练损失: 0.2008, 验证损失: 0.2026, 验证 R2 (标准化): 0.7891
2025-07-23 10:58:06,582 - INFO - Epoch [13/100], 训练损失: 0.1965, 验证损失: 0.2128, 验证 R2 (标准化): 0.7785
2025-07-23 10:58:10,982 - INFO - Epoch [14/100], 训练损失: 0.1982, 验证损失: 0.2051, 验证 R2 (标准化): 0.7865
2025-07-23 10:58:15,224 - INFO - Epoch [15/100], 训练损失: 0.1894, 验证损失: 0.1944, 验证 R2 (标准化): 0.7976
2025-07-23 10:58:19,440 - INFO - Epoch [16/100], 训练损失: 0.1862, 验证损失: 0.2003, 验证 R2 (标准化): 0.7914
2025-07-23 10:58:23,676 - INFO - Epoch [17/100], 训练损失: 0.1839, 验证损失: 0.2004, 验证 R2 (标准化): 0.7913
2025-07-23 10:58:27,976 - INFO - Epoch [18/100], 训练损失: 0.1834, 验证损失: 0.1928, 验证 R2 (标准化): 0.7993
2025-07-23 10:58:32,238 - INFO - Epoch [19/100], 训练损失: 0.1782, 验证损失: 0.1967, 验证 R2 (标准化): 0.7951
2025-07-23 10:58:36,527 - INFO - Epoch [20/100], 训练损失: 0.1798, 验证损失: 0.1944, 验证 R2 (标准化): 0.7976
2025-07-23 10:58:40,762 - INFO - Epoch [21/100], 训练损失: 0.1755, 验证损失: 0.1915, 验证 R2 (标准化): 0.8007
2025-07-23 10:58:44,948 - INFO - Epoch [22/100], 训练损失: 0.1720, 验证损失: 0.1939, 验证 R2 (标准化): 0.7982
2025-07-23 10:58:49,103 - INFO - Epoch [23/100], 训练损失: 0.1693, 验证损失: 0.1931, 验证 R2 (标准化): 0.7989
2025-07-23 10:58:53,168 - INFO - Epoch [24/100], 训练损失: 0.1675, 验证损失: 0.2004, 验证 R2 (标准化): 0.7913
2025-07-23 10:58:57,374 - INFO - Epoch [25/100], 训练损失: 0.1644, 验证损失: 0.1902, 验证 R2 (标准化): 0.8019
2025-07-23 10:59:01,644 - INFO - Epoch [26/100], 训练损失: 0.1613, 验证损失: 0.1909, 验证 R2 (标准化): 0.8012
2025-07-23 10:59:06,361 - INFO - Epoch [27/100], 训练损失: 0.1606, 验证损失: 0.1937, 验证 R2 (标准化): 0.7984
2025-07-23 10:59:11,160 - INFO - Epoch [28/100], 训练损失: 0.1566, 验证损失: 0.2006, 验证 R2 (标准化): 0.7911
2025-07-23 10:59:15,893 - INFO - Epoch [29/100], 训练损失: 0.1541, 验证损失: 0.1840, 验证 R2 (标准化): 0.8084
2025-07-23 10:59:20,542 - INFO - Epoch [30/100], 训练损失: 0.1518, 验证损失: 0.2002, 验证 R2 (标准化): 0.7916
2025-07-23 10:59:25,536 - INFO - Epoch [31/100], 训练损失: 0.1519, 验证损失: 0.1983, 验证 R2 (标准化): 0.7936
2025-07-23 10:59:30,512 - INFO - Epoch [32/100], 训练损失: 0.1500, 验证损失: 0.1931, 验证 R2 (标准化): 0.7989
2025-07-23 10:59:35,310 - INFO - Epoch [33/100], 训练损失: 0.1466, 验证损失: 0.1909, 验证 R2 (标准化): 0.8012
2025-07-23 10:59:40,009 - INFO - Epoch [34/100], 训练损失: 0.1445, 验证损失: 0.1894, 验证 R2 (标准化): 0.8028
2025-07-23 10:59:44,670 - INFO - Epoch [35/100], 训练损失: 0.1447, 验证损失: 0.1931, 验证 R2 (标准化): 0.7990
2025-07-23 10:59:49,057 - INFO - Epoch [36/100], 训练损失: 0.1278, 验证损失: 0.1837, 验证 R2 (标准化): 0.8087
2025-07-23 10:59:53,879 - INFO - Epoch [37/100], 训练损失: 0.1238, 验证损失: 0.1842, 验证 R2 (标准化): 0.8082
2025-07-23 10:59:58,705 - INFO - Epoch [38/100], 训练损失: 0.1229, 验证损失: 0.1829, 验证 R2 (标准化): 0.8096
2025-07-23 11:00:03,621 - INFO - Epoch [39/100], 训练损失: 0.1179, 验证损失: 0.1836, 验证 R2 (标准化): 0.8088
2025-07-23 11:00:08,540 - INFO - Epoch [40/100], 训练损失: 0.1181, 验证损失: 0.1796, 验证 R2 (标准化): 0.8130
2025-07-23 11:00:13,388 - INFO - Epoch [41/100], 训练损失: 0.1152, 验证损失: 0.1808, 验证 R2 (标准化): 0.8118
2025-07-23 11:00:18,199 - INFO - Epoch [42/100], 训练损失: 0.1134, 验证损失: 0.1876, 验证 R2 (标准化): 0.8047
2025-07-23 11:00:23,174 - INFO - Epoch [43/100], 训练损失: 0.1134, 验证损失: 0.1886, 验证 R2 (标准化): 0.8037
2025-07-23 11:00:27,961 - INFO - Epoch [44/100], 训练损失: 0.1107, 验证损失: 0.1828, 验证 R2 (标准化): 0.8096
2025-07-23 11:00:32,839 - INFO - Epoch [45/100], 训练损失: 0.1087, 验证损失: 0.1902, 验证 R2 (标准化): 0.8020
2025-07-23 11:00:37,668 - INFO - Epoch [46/100], 训练损失: 0.1068, 验证损失: 0.1864, 验证 R2 (标准化): 0.8059
2025-07-23 11:00:42,588 - INFO - Epoch [47/100], 训练损失: 0.0975, 验证损失: 0.1792, 验证 R2 (标准化): 0.8134
2025-07-23 11:00:47,415 - INFO - Epoch [48/100], 训练损失: 0.0956, 验证损失: 0.1823, 验证 R2 (标准化): 0.8102
2025-07-23 11:00:52,250 - INFO - Epoch [49/100], 训练损失: 0.0948, 验证损失: 0.1820, 验证 R2 (标准化): 0.8105
2025-07-23 11:00:57,116 - INFO - Epoch [50/100], 训练损失: 0.0933, 验证损失: 0.1862, 验证 R2 (标准化): 0.8062
2025-07-23 11:01:02,107 - INFO - Epoch [51/100], 训练损失: 0.0916, 验证损失: 0.1810, 验证 R2 (标准化): 0.8115
2025-07-23 11:01:06,966 - INFO - Epoch [52/100], 训练损失: 0.0906, 验证损失: 0.1841, 验证 R2 (标准化): 0.8084
2025-07-23 11:01:11,567 - INFO - Epoch [53/100], 训练损失: 0.0889, 验证损失: 0.1854, 验证 R2 (标准化): 0.8069
2025-07-23 11:01:16,280 - INFO - Epoch [54/100], 训练损失: 0.0841, 验证损失: 0.1819, 验证 R2 (标准化): 0.8106
2025-07-23 11:01:21,150 - INFO - Epoch [55/100], 训练损失: 0.0830, 验证损失: 0.1808, 验证 R2 (标准化): 0.8118
2025-07-23 11:01:25,747 - INFO - Epoch [56/100], 训练损失: 0.0826, 验证损失: 0.1836, 验证 R2 (标准化): 0.8088
2025-07-23 11:01:30,406 - INFO - Epoch [57/100], 训练损失: 0.0816, 验证损失: 0.1837, 验证 R2 (标准化): 0.8087
2025-07-23 11:01:30,407 - INFO - 早停！验证损失在 10 个epoch内没有显著改善。
2025-07-23 11:01:30,410 - INFO - --- 模型训练完成 ---
2025-07-23 11:01:30,553 - INFO - 图表已保存到: logs\训练与验证损失曲线.png
2025-07-23 11:01:33,783 - INFO - 图表已保存到: logs\验证集R2分数曲线.png
2025-07-23 11:01:36,803 - INFO - Trial 6: 选择了 MLP 模型
2025-07-23 11:01:36,803 - INFO - 
--- 模型训练开始 ---
2025-07-23 11:01:39,036 - INFO - Epoch [1/100], 训练损失: 0.6477, 验证损失: 0.3097, 验证 R2 (标准化): 0.6776
2025-07-23 11:01:41,108 - INFO - Epoch [2/100], 训练损失: 0.2754, 验证损失: 0.2563, 验证 R2 (标准化): 0.7332
2025-07-23 11:01:43,171 - INFO - Epoch [3/100], 训练损失: 0.2361, 验证损失: 0.2445, 验证 R2 (标准化): 0.7454
2025-07-23 11:01:45,163 - INFO - Epoch [4/100], 训练损失: 0.2226, 验证损失: 0.2362, 验证 R2 (标准化): 0.7541
2025-07-23 11:01:47,125 - INFO - Epoch [5/100], 训练损失: 0.2178, 验证损失: 0.2388, 验证 R2 (标准化): 0.7513
2025-07-23 11:01:49,148 - INFO - Epoch [6/100], 训练损失: 0.2068, 验证损失: 0.2487, 验证 R2 (标准化): 0.7410
2025-07-23 11:01:51,134 - INFO - Epoch [7/100], 训练损失: 0.2013, 验证损失: 0.2342, 验证 R2 (标准化): 0.7561
2025-07-23 11:01:53,143 - INFO - Epoch [8/100], 训练损失: 0.1952, 验证损失: 0.2271, 验证 R2 (标准化): 0.7636
2025-07-23 11:01:55,280 - INFO - Epoch [9/100], 训练损失: 0.1878, 验证损失: 0.2432, 验证 R2 (标准化): 0.7468
2025-07-23 11:01:57,402 - INFO - Epoch [10/100], 训练损失: 0.1839, 验证损失: 0.2255, 验证 R2 (标准化): 0.7653
2025-07-23 11:01:59,499 - INFO - Epoch [11/100], 训练损失: 0.1842, 验证损失: 0.2179, 验证 R2 (标准化): 0.7731
2025-07-23 11:02:01,703 - INFO - Epoch [12/100], 训练损失: 0.1758, 验证损失: 0.2237, 验证 R2 (标准化): 0.7671
2025-07-23 11:02:04,328 - INFO - Epoch [13/100], 训练损失: 0.1723, 验证损失: 0.2343, 验证 R2 (标准化): 0.7560
2025-07-23 11:02:06,726 - INFO - Epoch [14/100], 训练损失: 0.1682, 验证损失: 0.2223, 验证 R2 (标准化): 0.7685
2025-07-23 11:02:09,107 - INFO - Epoch [15/100], 训练损失: 0.1631, 验证损失: 0.2169, 验证 R2 (标准化): 0.7741
2025-07-23 11:02:11,419 - INFO - Epoch [16/100], 训练损失: 0.1653, 验证损失: 0.2321, 验证 R2 (标准化): 0.7583
2025-07-23 11:02:13,561 - INFO - Epoch [17/100], 训练损失: 0.1579, 验证损失: 0.2155, 验证 R2 (标准化): 0.7756
2025-07-23 11:02:15,636 - INFO - Epoch [18/100], 训练损失: 0.1485, 验证损失: 0.2289, 验证 R2 (标准化): 0.7616
2025-07-23 11:02:17,756 - INFO - Epoch [19/100], 训练损失: 0.1478, 验证损失: 0.2214, 验证 R2 (标准化): 0.7695
2025-07-23 11:02:19,955 - INFO - Epoch [20/100], 训练损失: 0.1439, 验证损失: 0.2185, 验证 R2 (标准化): 0.7725
2025-07-23 11:02:22,039 - INFO - Epoch [21/100], 训练损失: 0.1377, 验证损失: 0.2228, 验证 R2 (标准化): 0.7680
2025-07-23 11:02:24,139 - INFO - Epoch [22/100], 训练损失: 0.1384, 验证损失: 0.2334, 验证 R2 (标准化): 0.7570
2025-07-23 11:02:26,236 - INFO - Epoch [23/100], 训练损失: 0.1314, 验证损失: 0.2403, 验证 R2 (标准化): 0.7498
2025-07-23 11:02:28,374 - INFO - Epoch [24/100], 训练损失: 0.1048, 验证损失: 0.2306, 验证 R2 (标准化): 0.7599
2025-07-23 11:02:30,428 - INFO - Epoch [25/100], 训练损失: 0.0889, 验证损失: 0.2209, 验证 R2 (标准化): 0.7700
2025-07-23 11:02:32,568 - INFO - Epoch [26/100], 训练损失: 0.0835, 验证损失: 0.2225, 验证 R2 (标准化): 0.7684
2025-07-23 11:02:34,730 - INFO - Epoch [27/100], 训练损失: 0.0794, 验证损失: 0.2226, 验证 R2 (标准化): 0.7683
2025-07-23 11:02:34,730 - INFO - 早停！验证损失在 10 个epoch内没有显著改善。
2025-07-23 11:02:34,734 - INFO - --- 模型训练完成 ---
2025-07-23 11:02:34,929 - INFO - 图表已保存到: logs\训练与验证损失曲线.png
2025-07-23 11:02:37,742 - INFO - 图表已保存到: logs\验证集R2分数曲线.png
2025-07-23 11:02:40,084 - INFO - Trial 7: 选择了 FT-Transformer 模型
2025-07-23 11:02:40,084 - INFO - 
--- 模型训练开始 ---
2025-07-23 11:02:43,420 - INFO - Epoch [1/100], 训练损失: 0.4859, 验证损失: 0.3415, 验证 R2 (标准化): 0.6445
2025-07-23 11:02:46,531 - INFO - Epoch [2/100], 训练损失: 0.3072, 验证损失: 0.2915, 验证 R2 (标准化): 0.6965
2025-07-23 11:02:49,411 - INFO - Epoch [3/100], 训练损失: 0.2894, 验证损失: 0.3223, 验证 R2 (标准化): 0.6645
2025-07-23 11:02:52,278 - INFO - Epoch [4/100], 训练损失: 0.2726, 验证损失: 0.2661, 验证 R2 (标准化): 0.7230
2025-07-23 11:02:55,104 - INFO - Epoch [5/100], 训练损失: 0.2585, 验证损失: 0.2507, 验证 R2 (标准化): 0.7390
2025-07-23 11:02:57,916 - INFO - Epoch [6/100], 训练损失: 0.2484, 验证损失: 0.2387, 验证 R2 (标准化): 0.7515
2025-07-23 11:03:00,762 - INFO - Epoch [7/100], 训练损失: 0.2394, 验证损失: 0.2300, 验证 R2 (标准化): 0.7606
2025-07-23 11:03:03,610 - INFO - Epoch [8/100], 训练损失: 0.2338, 验证损失: 0.2349, 验证 R2 (标准化): 0.7554
2025-07-23 11:03:06,503 - INFO - Epoch [9/100], 训练损失: 0.2291, 验证损失: 0.2241, 验证 R2 (标准化): 0.7666
2025-07-23 11:03:09,353 - INFO - Epoch [10/100], 训练损失: 0.2259, 验证损失: 0.2244, 验证 R2 (标准化): 0.7663
2025-07-23 11:03:12,168 - INFO - Epoch [11/100], 训练损失: 0.2223, 验证损失: 0.2179, 验证 R2 (标准化): 0.7732
2025-07-23 11:03:15,080 - INFO - Epoch [12/100], 训练损失: 0.2205, 验证损失: 0.2160, 验证 R2 (标准化): 0.7751
2025-07-23 11:03:17,867 - INFO - Epoch [13/100], 训练损失: 0.2149, 验证损失: 0.2241, 验证 R2 (标准化): 0.7667
2025-07-23 11:03:20,642 - INFO - Epoch [14/100], 训练损失: 0.2137, 验证损失: 0.2134, 验证 R2 (标准化): 0.7778
2025-07-23 11:03:23,543 - INFO - Epoch [15/100], 训练损失: 0.2078, 验证损失: 0.2115, 验证 R2 (标准化): 0.7798
2025-07-23 11:03:26,536 - INFO - Epoch [16/100], 训练损失: 0.2091, 验证损失: 0.2247, 验证 R2 (标准化): 0.7660
2025-07-23 11:03:29,412 - INFO - Epoch [17/100], 训练损失: 0.2057, 验证损失: 0.2108, 验证 R2 (标准化): 0.7805
2025-07-23 11:03:32,237 - INFO - Epoch [18/100], 训练损失: 0.2040, 验证损失: 0.2221, 验证 R2 (标准化): 0.7688
2025-07-23 11:03:35,074 - INFO - Epoch [19/100], 训练损失: 0.2029, 验证损失: 0.2130, 验证 R2 (标准化): 0.7782
2025-07-23 11:03:37,964 - INFO - Epoch [20/100], 训练损失: 0.2000, 验证损失: 0.2071, 验证 R2 (标准化): 0.7843
2025-07-23 11:03:40,860 - INFO - Epoch [21/100], 训练损失: 0.1971, 验证损失: 0.2310, 验证 R2 (标准化): 0.7595
2025-07-23 11:03:43,743 - INFO - Epoch [22/100], 训练损失: 0.1969, 验证损失: 0.2110, 验证 R2 (标准化): 0.7803
2025-07-23 11:03:46,528 - INFO - Epoch [23/100], 训练损失: 0.1945, 验证损失: 0.2126, 验证 R2 (标准化): 0.7786
2025-07-23 11:03:49,360 - INFO - Epoch [24/100], 训练损失: 0.1939, 验证损失: 0.1992, 验证 R2 (标准化): 0.7926
2025-07-23 11:03:52,240 - INFO - Epoch [25/100], 训练损失: 0.1935, 验证损失: 0.2223, 验证 R2 (标准化): 0.7685
2025-07-23 11:03:55,177 - INFO - Epoch [26/100], 训练损失: 0.1896, 验证损失: 0.2023, 验证 R2 (标准化): 0.7893
2025-07-23 11:03:58,077 - INFO - Epoch [27/100], 训练损失: 0.1882, 验证损失: 0.2022, 验证 R2 (标准化): 0.7895
2025-07-23 11:04:01,210 - INFO - Epoch [28/100], 训练损失: 0.1865, 验证损失: 0.2036, 验证 R2 (标准化): 0.7880
2025-07-23 11:04:04,599 - INFO - Epoch [29/100], 训练损失: 0.1857, 验证损失: 0.2087, 验证 R2 (标准化): 0.7827
2025-07-23 11:04:08,074 - INFO - Epoch [30/100], 训练损失: 0.1839, 验证损失: 0.2032, 验证 R2 (标准化): 0.7884
2025-07-23 11:04:11,422 - INFO - Epoch [31/100], 训练损失: 0.1764, 验证损失: 0.1923, 验证 R2 (标准化): 0.7997
2025-07-23 11:04:14,759 - INFO - Epoch [32/100], 训练损失: 0.1749, 验证损失: 0.1975, 验证 R2 (标准化): 0.7943
2025-07-23 11:04:18,248 - INFO - Epoch [33/100], 训练损失: 0.1748, 验证损失: 0.1934, 验证 R2 (标准化): 0.7986
2025-07-23 11:04:21,724 - INFO - Epoch [34/100], 训练损失: 0.1733, 验证损失: 0.1973, 验证 R2 (标准化): 0.7946
2025-07-23 11:04:25,157 - INFO - Epoch [35/100], 训练损失: 0.1729, 验证损失: 0.1912, 验证 R2 (标准化): 0.8010
2025-07-23 11:04:28,561 - INFO - Epoch [36/100], 训练损失: 0.1712, 验证损失: 0.1883, 验证 R2 (标准化): 0.8039
2025-07-23 11:04:32,019 - INFO - Epoch [37/100], 训练损失: 0.1707, 验证损失: 0.1990, 验证 R2 (标准化): 0.7928
2025-07-23 11:04:35,450 - INFO - Epoch [38/100], 训练损失: 0.1698, 验证损失: 0.1876, 验证 R2 (标准化): 0.8047
2025-07-23 11:04:38,956 - INFO - Epoch [39/100], 训练损失: 0.1693, 验证损失: 0.1965, 验证 R2 (标准化): 0.7954
2025-07-23 11:04:42,559 - INFO - Epoch [40/100], 训练损失: 0.1687, 验证损失: 0.1886, 验证 R2 (标准化): 0.8036
2025-07-23 11:04:46,000 - INFO - Epoch [41/100], 训练损失: 0.1684, 验证损失: 0.1892, 验证 R2 (标准化): 0.8030
2025-07-23 11:04:49,359 - INFO - Epoch [42/100], 训练损失: 0.1664, 验证损失: 0.1868, 验证 R2 (标准化): 0.8055
2025-07-23 11:04:52,184 - INFO - Epoch [43/100], 训练损失: 0.1658, 验证损失: 0.1908, 验证 R2 (标准化): 0.8014
2025-07-23 11:04:55,011 - INFO - Epoch [44/100], 训练损失: 0.1656, 验证损失: 0.1963, 验证 R2 (标准化): 0.7956
2025-07-23 11:04:58,219 - INFO - Epoch [45/100], 训练损失: 0.1640, 验证损失: 0.1870, 验证 R2 (标准化): 0.8053
2025-07-23 11:05:01,192 - INFO - Epoch [46/100], 训练损失: 0.1635, 验证损失: 0.1874, 验证 R2 (标准化): 0.8048
2025-07-23 11:05:04,147 - INFO - Epoch [47/100], 训练损失: 0.1631, 验证损失: 0.1878, 验证 R2 (标准化): 0.8045
2025-07-23 11:05:07,094 - INFO - Epoch [48/100], 训练损失: 0.1628, 验证损失: 0.1884, 验证 R2 (标准化): 0.8039
2025-07-23 11:05:09,935 - INFO - Epoch [49/100], 训练损失: 0.1578, 验证损失: 0.1862, 验证 R2 (标准化): 0.8061
2025-07-23 11:05:12,722 - INFO - Epoch [50/100], 训练损失: 0.1576, 验证损失: 0.1842, 验证 R2 (标准化): 0.8082
2025-07-23 11:05:15,568 - INFO - Epoch [51/100], 训练损失: 0.1569, 验证损失: 0.1836, 验证 R2 (标准化): 0.8088
2025-07-23 11:05:18,401 - INFO - Epoch [52/100], 训练损失: 0.1567, 验证损失: 0.1838, 验证 R2 (标准化): 0.8086
2025-07-23 11:05:21,418 - INFO - Epoch [53/100], 训练损失: 0.1563, 验证损失: 0.1844, 验证 R2 (标准化): 0.8080
2025-07-23 11:05:24,425 - INFO - Epoch [54/100], 训练损失: 0.1557, 验证损失: 0.1845, 验证 R2 (标准化): 0.8079
2025-07-23 11:05:28,220 - INFO - Epoch [55/100], 训练损失: 0.1554, 验证损失: 0.1828, 验证 R2 (标准化): 0.8097
2025-07-23 11:05:33,224 - INFO - Epoch [56/100], 训练损失: 0.1549, 验证损失: 0.1822, 验证 R2 (标准化): 0.8103
2025-07-23 11:05:36,703 - INFO - Epoch [57/100], 训练损失: 0.1547, 验证损失: 0.1832, 验证 R2 (标准化): 0.8092
2025-07-23 11:05:40,782 - INFO - Epoch [58/100], 训练损失: 0.1539, 验证损失: 0.1827, 验证 R2 (标准化): 0.8098
2025-07-23 11:05:44,136 - INFO - Epoch [59/100], 训练损失: 0.1531, 验证损失: 0.1819, 验证 R2 (标准化): 0.8106
2025-07-23 11:05:49,099 - INFO - Epoch [60/100], 训练损失: 0.1529, 验证损失: 0.1824, 验证 R2 (标准化): 0.8101
2025-07-23 11:05:52,303 - INFO - Epoch [61/100], 训练损失: 0.1526, 验证损失: 0.1814, 验证 R2 (标准化): 0.8111
