2025-07-23 00:41:58,734 - INFO - --- 机器学习房屋价格预测项目 (深度学习版) - 集成FT-Transformer和Optuna启动 ---
2025-07-23 00:41:58,737 - INFO - 已设置随机种子为: 42
2025-07-23 00:41:58,737 - INFO - 
--- 阶段1: 数据获取、探索与预处理 ---
2025-07-23 00:41:58,757 - INFO - 数据从 './data/california_housing.csv' 加载成功！
2025-07-23 00:41:58,758 - INFO - 
--- 数据概览 ---
2025-07-23 00:41:58,759 - INFO - 数据前5行:
2025-07-23 00:41:58,759 - INFO -    MedInc  HouseAge  AveRooms  AveBedrms  ...  AveOccup  Latitude  Longitude  target
0  8.3252        41  6.984127   1.023810  ...  2.555556     37.88    -122.23   4.526
1  8.3014        21  6.238137   0.971880  ...  2.109842     37.86    -122.22   3.585
2  7.2574        52  8.288136   1.073446  ...  2.802260     37.85    -122.24   3.521
3  5.6431        52  5.817352   1.073059  ...  2.547945     37.85    -122.25   3.413
4  3.8462        52  6.281853   1.081081  ...  2.181467     37.85    -122.25   3.422

[5 rows x 9 columns]
2025-07-23 00:41:58,773 - INFO - 
数据基本信息:
2025-07-23 00:41:58,776 - INFO - <class 'pandas.core.frame.DataFrame'>
RangeIndex: 20640 entries, 0 to 20639
Data columns (total 9 columns):
 #   Column      Non-Null Count  Dtype  
---  ------      --------------  -----  
 0   MedInc      20640 non-null  float64
 1   HouseAge    20640 non-null  int64  
 2   AveRooms    20640 non-null  float64
 3   AveBedrms   20640 non-null  float64
 4   Population  20640 non-null  int64  
 5   AveOccup    20640 non-null  float64
 6   Latitude    20640 non-null  float64
 7   Longitude   20640 non-null  float64
 8   target      20640 non-null  float64
dtypes: float64(7), int64(2)
memory usage: 1.4 MB

2025-07-23 00:41:58,776 - INFO - 
描述性统计:
2025-07-23 00:41:58,786 - INFO -              MedInc      HouseAge  ...     Longitude        target
count  20640.000000  20640.000000  ...  20640.000000  20640.000000
mean       3.870671     28.639486  ...   -119.569704      2.068558
std        1.899822     12.585558  ...      2.003532      1.153956
min        0.499900      1.000000  ...   -124.350000      0.149990
25%        2.563400     18.000000  ...   -121.800000      1.196000
50%        3.534800     29.000000  ...   -118.490000      1.797000
75%        4.743250     37.000000  ...   -118.010000      2.647250
max       15.000100     52.000000  ...   -114.310000      5.000010

[8 rows x 9 columns]
2025-07-23 00:41:58,798 - INFO - 
缺失值检查:
2025-07-23 00:41:58,798 - INFO - MedInc        0
HouseAge      0
AveRooms      0
AveBedrms     0
Population    0
AveOccup      0
Latitude      0
Longitude     0
target        0
dtype: int64
2025-07-23 00:41:58,799 - INFO - 
数据初步探索完成。
2025-07-23 00:41:58,799 - INFO - 
--- 数据初步可视化 ---
2025-07-23 00:41:59,179 - INFO - 图表已保存到: logs\房屋价格分布.png
2025-07-23 00:42:03,347 - INFO - 图表已保存到: logs\特征与房价散点图.png
2025-07-23 00:42:07,163 - INFO - 
数据初步可视化完成。
2025-07-23 00:42:07,163 - INFO - 
--- 缺失值处理 ---
2025-07-23 00:42:07,164 - INFO - 数据集中没有发现缺失值。
2025-07-23 00:42:07,164 - INFO - 
--- 异常值处理 ---
2025-07-23 00:42:07,181 - INFO - 已使用 IQR 方法处理 4523 个异常值 (替换为边界值)。
2025-07-23 00:42:07,181 - INFO - 
--- 特征工程 ---
2025-07-23 00:42:07,182 - INFO - 已创建新特征 'Bedrms_Per_Room'。
2025-07-23 00:42:07,183 - INFO - 已创建新特征 'Population_Density'。
2025-07-23 00:42:07,185 - INFO - 已创建新特征 'Lat_x_Lon'。
2025-07-23 00:42:07,185 - INFO - 特征工程完成。
2025-07-23 00:42:07,185 - INFO - 
--- 数据划分与特征缩放 ---
2025-07-23 00:42:07,189 - INFO - 选择 StandardScaler 进行特征缩放。
2025-07-23 00:42:07,194 - INFO - 目标变量已使用 StandardScaler 进行缩放。
2025-07-23 00:42:07,194 - INFO - 训练集特征形状: (18576, 11)
2025-07-23 00:42:07,195 - INFO - 测试集特征形状: (2064, 11)
2025-07-23 00:42:07,195 - INFO - 训练集目标形状: (18576,)
2025-07-23 00:42:07,195 - INFO - 测试集目标形状: (2064,)
2025-07-23 00:42:07,195 - INFO - 数据划分与特征缩放完成。
2025-07-23 00:42:07,201 - INFO - 特征标准化器已保存到: ./models/scaler_ftt_optuna.pkl
2025-07-23 00:42:07,201 - INFO - 目标标准化器已保存到: ./models/target_scaler_ftt_optuna.pkl
2025-07-23 00:42:07,205 - INFO - 
训练集特征形状 (Tensor): torch.Size([13932, 11])
2025-07-23 00:42:07,205 - INFO - 验证集特征形状 (Tensor): torch.Size([4644, 11])
2025-07-23 00:42:07,205 - INFO - 测试集特征形状 (Tensor): torch.Size([2064, 11])
2025-07-23 00:42:07,205 - INFO - 训练集目标形状 (Tensor): torch.Size([13932, 1])
2025-07-23 00:42:07,205 - INFO - 验证集目标形状 (Tensor): torch.Size([4644, 1])
2025-07-23 00:42:07,206 - INFO - 测试集目标形状 (Tensor): torch.Size([2064, 1])
2025-07-23 00:42:07,206 - INFO - 训练数据加载器包含 218 个批次。
2025-07-23 00:42:07,206 - INFO - 验证数据加载器包含 73 个批次。
2025-07-23 00:42:07,206 - INFO - 测试数据加载器包含 33 个批次。
2025-07-23 00:42:07,206 - INFO - 
--- 阶段2: 超参数优化 (Optuna) ---
2025-07-23 00:42:07,206 - INFO - 
--- 开始 Optuna 超参数优化 (共 100 次试验) ---
2025-07-23 00:42:09,345 - INFO - Trial 0: 选择了 MLP 模型
2025-07-23 00:42:11,079 - INFO - 
--- 模型训练开始 ---
2025-07-23 00:42:12,817 - INFO - Epoch [1/100], 训练损失: 1.1088, 验证损失: 0.8317, 验证 R2 (标准化): 0.1341
2025-07-23 00:42:13,704 - INFO - Epoch [2/100], 训练损失: 0.7387, 验证损失: 0.6211, 验证 R2 (标准化): 0.3533
2025-07-23 00:42:14,592 - INFO - Epoch [3/100], 训练损失: 0.5660, 验证损失: 0.4982, 验证 R2 (标准化): 0.4813
2025-07-23 00:42:15,471 - INFO - Epoch [4/100], 训练损失: 0.4633, 验证损失: 0.4288, 验证 R2 (标准化): 0.5536
2025-07-23 00:42:16,339 - INFO - Epoch [5/100], 训练损失: 0.4057, 验证损失: 0.3896, 验证 R2 (标准化): 0.5943
2025-07-23 00:42:17,228 - INFO - Epoch [6/100], 训练损失: 0.3724, 验证损失: 0.3657, 验证 R2 (标准化): 0.6192
2025-07-23 00:42:18,122 - INFO - Epoch [7/100], 训练损失: 0.3511, 验证损失: 0.3487, 验证 R2 (标准化): 0.6369
2025-07-23 00:42:19,152 - INFO - Epoch [8/100], 训练损失: 0.3357, 验证损失: 0.3359, 验证 R2 (标准化): 0.6503
2025-07-23 00:42:20,009 - INFO - Epoch [9/100], 训练损失: 0.3239, 验证损失: 0.3257, 验证 R2 (标准化): 0.6609
2025-07-23 00:42:20,887 - INFO - Epoch [10/100], 训练损失: 0.3145, 验证损失: 0.3176, 验证 R2 (标准化): 0.6694
2025-07-23 00:42:21,814 - INFO - Epoch [11/100], 训练损失: 0.3070, 验证损失: 0.3110, 验证 R2 (标准化): 0.6762
2025-07-23 00:42:22,730 - INFO - Epoch [12/100], 训练损失: 0.3006, 验证损失: 0.3057, 验证 R2 (标准化): 0.6817
2025-07-23 00:42:23,632 - INFO - Epoch [13/100], 训练损失: 0.2953, 验证损失: 0.3008, 验证 R2 (标准化): 0.6868
2025-07-23 00:42:24,483 - INFO - Epoch [14/100], 训练损失: 0.2906, 验证损失: 0.2967, 验证 R2 (标准化): 0.6910
2025-07-23 00:42:25,389 - INFO - Epoch [15/100], 训练损失: 0.2866, 验证损失: 0.2929, 验证 R2 (标准化): 0.6951
2025-07-23 00:42:26,244 - INFO - Epoch [16/100], 训练损失: 0.2831, 验证损失: 0.2899, 验证 R2 (标准化): 0.6982
2025-07-23 00:42:27,121 - INFO - Epoch [17/100], 训练损失: 0.2799, 验证损失: 0.2870, 验证 R2 (标准化): 0.7012
2025-07-23 00:42:28,043 - INFO - Epoch [18/100], 训练损失: 0.2771, 验证损失: 0.2846, 验证 R2 (标准化): 0.7037
2025-07-23 00:42:28,886 - INFO - Epoch [19/100], 训练损失: 0.2746, 验证损失: 0.2821, 验证 R2 (标准化): 0.7063
2025-07-23 00:42:29,780 - INFO - Epoch [20/100], 训练损失: 0.2723, 验证损失: 0.2801, 验证 R2 (标准化): 0.7084
2025-07-23 00:42:30,641 - INFO - Epoch [21/100], 训练损失: 0.2702, 验证损失: 0.2783, 验证 R2 (标准化): 0.7103
2025-07-23 00:42:31,499 - INFO - Epoch [22/100], 训练损失: 0.2683, 验证损失: 0.2766, 验证 R2 (标准化): 0.7120
2025-07-23 00:42:32,381 - INFO - Epoch [23/100], 训练损失: 0.2665, 验证损失: 0.2752, 验证 R2 (标准化): 0.7135
2025-07-23 00:42:33,270 - INFO - Epoch [24/100], 训练损失: 0.2648, 验证损失: 0.2738, 验证 R2 (标准化): 0.7149
2025-07-23 00:42:34,145 - INFO - Epoch [25/100], 训练损失: 0.2632, 验证损失: 0.2723, 验证 R2 (标准化): 0.7165
2025-07-23 00:42:35,027 - INFO - Epoch [26/100], 训练损失: 0.2618, 验证损失: 0.2709, 验证 R2 (标准化): 0.7179
2025-07-23 00:42:35,867 - INFO - Epoch [27/100], 训练损失: 0.2604, 验证损失: 0.2697, 验证 R2 (标准化): 0.7192
2025-07-23 00:42:36,718 - INFO - Epoch [28/100], 训练损失: 0.2591, 验证损失: 0.2685, 验证 R2 (标准化): 0.7205
2025-07-23 00:42:37,575 - INFO - Epoch [29/100], 训练损失: 0.2578, 验证损失: 0.2675, 验证 R2 (标准化): 0.7215
2025-07-23 00:42:38,431 - INFO - Epoch [30/100], 训练损失: 0.2565, 验证损失: 0.2666, 验证 R2 (标准化): 0.7224
2025-07-23 00:42:39,265 - INFO - Epoch [31/100], 训练损失: 0.2555, 验证损失: 0.2656, 验证 R2 (标准化): 0.7235
2025-07-23 00:42:40,099 - INFO - Epoch [32/100], 训练损失: 0.2543, 验证损失: 0.2650, 验证 R2 (标准化): 0.7241
2025-07-23 00:42:40,955 - INFO - Epoch [33/100], 训练损失: 0.2534, 验证损失: 0.2639, 验证 R2 (标准化): 0.7252
2025-07-23 00:42:41,795 - INFO - Epoch [34/100], 训练损失: 0.2523, 验证损失: 0.2629, 验证 R2 (标准化): 0.7263
2025-07-23 00:42:42,647 - INFO - Epoch [35/100], 训练损失: 0.2514, 验证损失: 0.2622, 验证 R2 (标准化): 0.7270
2025-07-23 00:42:43,511 - INFO - Epoch [36/100], 训练损失: 0.2504, 验证损失: 0.2615, 验证 R2 (标准化): 0.7277
2025-07-23 00:42:44,381 - INFO - Epoch [37/100], 训练损失: 0.2496, 验证损失: 0.2607, 验证 R2 (标准化): 0.7286
2025-07-23 00:42:45,208 - INFO - Epoch [38/100], 训练损失: 0.2487, 验证损失: 0.2602, 验证 R2 (标准化): 0.7291
2025-07-23 00:42:46,057 - INFO - Epoch [39/100], 训练损失: 0.2479, 验证损失: 0.2594, 验证 R2 (标准化): 0.7299
2025-07-23 00:42:46,930 - INFO - Epoch [40/100], 训练损失: 0.2471, 验证损失: 0.2590, 验证 R2 (标准化): 0.7303
2025-07-23 00:42:47,750 - INFO - Epoch [41/100], 训练损失: 0.2463, 验证损失: 0.2581, 验证 R2 (标准化): 0.7312
2025-07-23 00:42:48,581 - INFO - Epoch [42/100], 训练损失: 0.2457, 验证损失: 0.2576, 验证 R2 (标准化): 0.7318
2025-07-23 00:42:49,465 - INFO - Epoch [43/100], 训练损失: 0.2449, 验证损失: 0.2570, 验证 R2 (标准化): 0.7325
2025-07-23 00:42:50,273 - INFO - Epoch [44/100], 训练损失: 0.2442, 验证损失: 0.2566, 验证 R2 (标准化): 0.7328
2025-07-23 00:42:51,113 - INFO - Epoch [45/100], 训练损失: 0.2436, 验证损失: 0.2560, 验证 R2 (标准化): 0.7334
2025-07-23 00:42:52,106 - INFO - Epoch [46/100], 训练损失: 0.2429, 验证损失: 0.2555, 验证 R2 (标准化): 0.7340
2025-07-23 00:42:53,041 - INFO - Epoch [47/100], 训练损失: 0.2423, 验证损失: 0.2552, 验证 R2 (标准化): 0.7343
2025-07-23 00:42:53,881 - INFO - Epoch [48/100], 训练损失: 0.2417, 验证损失: 0.2547, 验证 R2 (标准化): 0.7348
2025-07-23 00:42:54,703 - INFO - Epoch [49/100], 训练损失: 0.2411, 验证损失: 0.2542, 验证 R2 (标准化): 0.7353
2025-07-23 00:42:55,590 - INFO - Epoch [50/100], 训练损失: 0.2404, 验证损失: 0.2543, 验证 R2 (标准化): 0.7353
2025-07-23 00:42:56,461 - INFO - Epoch [51/100], 训练损失: 0.2400, 验证损失: 0.2533, 验证 R2 (标准化): 0.7363
2025-07-23 00:42:57,298 - INFO - Epoch [52/100], 训练损失: 0.2394, 验证损失: 0.2533, 验证 R2 (标准化): 0.7363
2025-07-23 00:42:58,138 - INFO - Epoch [53/100], 训练损失: 0.2388, 验证损失: 0.2527, 验证 R2 (标准化): 0.7369
2025-07-23 00:42:59,008 - INFO - Epoch [54/100], 训练损失: 0.2383, 验证损失: 0.2523, 验证 R2 (标准化): 0.7373
2025-07-23 00:42:59,812 - INFO - Epoch [55/100], 训练损失: 0.2378, 验证损失: 0.2517, 验证 R2 (标准化): 0.7379
2025-07-23 00:43:00,652 - INFO - Epoch [56/100], 训练损失: 0.2373, 验证损失: 0.2514, 验证 R2 (标准化): 0.7382
2025-07-23 00:43:01,525 - INFO - Epoch [57/100], 训练损失: 0.2367, 验证损失: 0.2512, 验证 R2 (标准化): 0.7385
2025-07-23 00:43:02,368 - INFO - Epoch [58/100], 训练损失: 0.2363, 验证损失: 0.2507, 验证 R2 (标准化): 0.7390
2025-07-23 00:43:03,209 - INFO - Epoch [59/100], 训练损失: 0.2358, 验证损失: 0.2504, 验证 R2 (标准化): 0.7393
2025-07-23 00:43:04,060 - INFO - Epoch [60/100], 训练损失: 0.2353, 验证损失: 0.2504, 验证 R2 (标准化): 0.7393
2025-07-23 00:43:04,925 - INFO - Epoch [61/100], 训练损失: 0.2348, 验证损失: 0.2499, 验证 R2 (标准化): 0.7399
2025-07-23 00:43:05,772 - INFO - Epoch [62/100], 训练损失: 0.2344, 验证损失: 0.2495, 验证 R2 (标准化): 0.7402
2025-07-23 00:43:06,632 - INFO - Epoch [63/100], 训练损失: 0.2339, 验证损失: 0.2493, 验证 R2 (标准化): 0.7405
2025-07-23 00:43:07,478 - INFO - Epoch [64/100], 训练损失: 0.2335, 验证损失: 0.2487, 验证 R2 (标准化): 0.7411
2025-07-23 00:43:08,342 - INFO - Epoch [65/100], 训练损失: 0.2331, 验证损失: 0.2486, 验证 R2 (标准化): 0.7411
2025-07-23 00:43:09,285 - INFO - Epoch [66/100], 训练损失: 0.2327, 验证损失: 0.2481, 验证 R2 (标准化): 0.7417
2025-07-23 00:43:10,157 - INFO - Epoch [67/100], 训练损失: 0.2323, 验证损失: 0.2480, 验证 R2 (标准化): 0.7418
2025-07-23 00:43:10,976 - INFO - Epoch [68/100], 训练损失: 0.2319, 验证损失: 0.2477, 验证 R2 (标准化): 0.7421
2025-07-23 00:43:11,847 - INFO - Epoch [69/100], 训练损失: 0.2314, 验证损失: 0.2476, 验证 R2 (标准化): 0.7423
2025-07-23 00:43:12,660 - INFO - Epoch [70/100], 训练损失: 0.2311, 验证损失: 0.2472, 验证 R2 (标准化): 0.7426
2025-07-23 00:43:13,482 - INFO - Epoch [71/100], 训练损失: 0.2307, 验证损失: 0.2471, 验证 R2 (标准化): 0.7428
2025-07-23 00:43:14,578 - INFO - Epoch [72/100], 训练损失: 0.2303, 验证损失: 0.2467, 验证 R2 (标准化): 0.7432
2025-07-23 00:43:15,346 - INFO - Epoch [73/100], 训练损失: 0.2299, 验证损失: 0.2464, 验证 R2 (标准化): 0.7435
2025-07-23 00:43:16,475 - INFO - Epoch [74/100], 训练损失: 0.2296, 验证损失: 0.2462, 验证 R2 (标准化): 0.7436
2025-07-23 00:43:17,438 - INFO - Epoch [75/100], 训练损失: 0.2292, 验证损失: 0.2460, 验证 R2 (标准化): 0.7439
2025-07-23 00:43:18,590 - INFO - Epoch [76/100], 训练损失: 0.2289, 验证损失: 0.2458, 验证 R2 (标准化): 0.7441
2025-07-23 00:43:19,511 - INFO - Epoch [77/100], 训练损失: 0.2285, 验证损失: 0.2457, 验证 R2 (标准化): 0.7442
2025-07-23 00:43:20,385 - INFO - Epoch [78/100], 训练损失: 0.2282, 验证损失: 0.2453, 验证 R2 (标准化): 0.7446
2025-07-23 00:43:21,188 - INFO - Epoch [79/100], 训练损失: 0.2278, 验证损失: 0.2450, 验证 R2 (标准化): 0.7450
2025-07-23 00:43:21,922 - INFO - Epoch [80/100], 训练损失: 0.2276, 验证损失: 0.2448, 验证 R2 (标准化): 0.7452
2025-07-23 00:43:22,664 - INFO - Epoch [81/100], 训练损失: 0.2272, 验证损失: 0.2448, 验证 R2 (标准化): 0.7451
2025-07-23 00:43:23,470 - INFO - Epoch [82/100], 训练损失: 0.2269, 验证损失: 0.2443, 验证 R2 (标准化): 0.7456
2025-07-23 00:43:24,289 - INFO - Epoch [83/100], 训练损失: 0.2266, 验证损失: 0.2442, 验证 R2 (标准化): 0.7457
2025-07-23 00:43:25,163 - INFO - Epoch [84/100], 训练损失: 0.2262, 验证损失: 0.2441, 验证 R2 (标准化): 0.7458
2025-07-23 00:43:26,102 - INFO - Epoch [85/100], 训练损失: 0.2259, 验证损失: 0.2441, 验证 R2 (标准化): 0.7459
2025-07-23 00:43:27,028 - INFO - Epoch [86/100], 训练损失: 0.2256, 验证损失: 0.2436, 验证 R2 (标准化): 0.7463
2025-07-23 00:43:27,889 - INFO - Epoch [87/100], 训练损失: 0.2252, 验证损失: 0.2435, 验证 R2 (标准化): 0.7464
2025-07-23 00:43:28,832 - INFO - Epoch [88/100], 训练损失: 0.2250, 验证损失: 0.2434, 验证 R2 (标准化): 0.7466
2025-07-23 00:43:29,696 - INFO - Epoch [89/100], 训练损失: 0.2247, 验证损失: 0.2433, 验证 R2 (标准化): 0.7466
2025-07-23 00:43:30,491 - INFO - Epoch [90/100], 训练损失: 0.2244, 验证损失: 0.2428, 验证 R2 (标准化): 0.7472
2025-07-23 00:43:31,277 - INFO - Epoch [91/100], 训练损失: 0.2241, 验证损失: 0.2428, 验证 R2 (标准化): 0.7472
2025-07-23 00:43:32,058 - INFO - Epoch [92/100], 训练损失: 0.2238, 验证损失: 0.2426, 验证 R2 (标准化): 0.7474
2025-07-23 00:43:32,853 - INFO - Epoch [93/100], 训练损失: 0.2236, 验证损失: 0.2425, 验证 R2 (标准化): 0.7476
2025-07-23 00:43:33,640 - INFO - Epoch [94/100], 训练损失: 0.2233, 验证损失: 0.2422, 验证 R2 (标准化): 0.7478
2025-07-23 00:43:34,463 - INFO - Epoch [95/100], 训练损失: 0.2230, 验证损失: 0.2422, 验证 R2 (标准化): 0.7478
2025-07-23 00:43:35,254 - INFO - Epoch [96/100], 训练损失: 0.2228, 验证损失: 0.2420, 验证 R2 (标准化): 0.7480
2025-07-23 00:43:36,059 - INFO - Epoch [97/100], 训练损失: 0.2225, 验证损失: 0.2417, 验证 R2 (标准化): 0.7484
2025-07-23 00:43:36,857 - INFO - Epoch [98/100], 训练损失: 0.2223, 验证损失: 0.2415, 验证 R2 (标准化): 0.7486
2025-07-23 00:43:37,652 - INFO - Epoch [99/100], 训练损失: 0.2220, 验证损失: 0.2413, 验证 R2 (标准化): 0.7487
2025-07-23 00:43:38,455 - INFO - Epoch [100/100], 训练损失: 0.2217, 验证损失: 0.2415, 验证 R2 (标准化): 0.7486
2025-07-23 00:43:38,455 - INFO - --- 模型训练完成 ---
2025-07-23 00:43:38,797 - INFO - 图表已保存到: logs\训练与验证损失曲线.png
2025-07-23 00:43:44,231 - INFO - 图表已保存到: logs\验证集R2分数曲线.png
2025-07-23 00:43:50,150 - INFO - Trial 1: 选择了 FT-Transformer 模型
2025-07-23 00:43:50,150 - INFO - 
--- 模型训练开始 ---
2025-07-23 00:43:56,959 - INFO - Epoch [1/100], 训练损失: 0.4827, 验证损失: 0.3413, 验证 R2 (标准化): 0.6446
2025-07-23 00:44:03,216 - INFO - Epoch [2/100], 训练损失: 0.2909, 验证损失: 0.2978, 验证 R2 (标准化): 0.6900
2025-07-23 00:44:09,480 - INFO - Epoch [3/100], 训练损失: 0.2589, 验证损失: 0.2438, 验证 R2 (标准化): 0.7461
2025-07-23 00:44:15,736 - INFO - Epoch [4/100], 训练损失: 0.2388, 验证损失: 0.2339, 验证 R2 (标准化): 0.7565
2025-07-23 00:44:22,003 - INFO - Epoch [5/100], 训练损失: 0.2280, 验证损失: 0.2735, 验证 R2 (标准化): 0.7152
2025-07-23 00:44:28,322 - INFO - Epoch [6/100], 训练损失: 0.2228, 验证损失: 0.2158, 验证 R2 (标准化): 0.7753
2025-07-23 00:44:34,774 - INFO - Epoch [7/100], 训练损失: 0.2123, 验证损失: 0.2190, 验证 R2 (标准化): 0.7720
2025-07-23 00:44:41,280 - INFO - Epoch [8/100], 训练损失: 0.2070, 验证损失: 0.2320, 验证 R2 (标准化): 0.7584
2025-07-23 00:44:47,828 - INFO - Epoch [9/100], 训练损失: 0.2007, 验证损失: 0.2148, 验证 R2 (标准化): 0.7764
2025-07-23 00:44:54,333 - INFO - Epoch [10/100], 训练损失: 0.1977, 验证损失: 0.2188, 验证 R2 (标准化): 0.7722
2025-07-23 00:45:00,833 - INFO - Epoch [11/100], 训练损失: 0.1929, 验证损失: 0.1957, 验证 R2 (标准化): 0.7963
2025-07-23 00:45:07,393 - INFO - Epoch [12/100], 训练损失: 0.1864, 验证损失: 0.2522, 验证 R2 (标准化): 0.7374
2025-07-23 00:45:13,920 - INFO - Epoch [13/100], 训练损失: 0.1844, 验证损失: 0.2014, 验证 R2 (标准化): 0.7903
2025-07-23 00:45:20,535 - INFO - Epoch [14/100], 训练损失: 0.1791, 验证损失: 0.2107, 验证 R2 (标准化): 0.7806
2025-07-23 00:45:27,135 - INFO - Epoch [15/100], 训练损失: 0.1764, 验证损失: 0.2007, 验证 R2 (标准化): 0.7910
2025-07-23 00:45:33,691 - INFO - Epoch [16/100], 训练损失: 0.1703, 验证损失: 0.2027, 验证 R2 (标准化): 0.7890
2025-07-23 00:45:40,210 - INFO - Epoch [17/100], 训练损失: 0.1654, 验证损失: 0.1953, 验证 R2 (标准化): 0.7966
2025-07-23 00:45:46,683 - INFO - Epoch [18/100], 训练损失: 0.1656, 验证损失: 0.2031, 验证 R2 (标准化): 0.7885
2025-07-23 00:45:53,236 - INFO - Epoch [19/100], 训练损失: 0.1599, 验证损失: 0.1985, 验证 R2 (标准化): 0.7934
2025-07-23 00:45:59,890 - INFO - Epoch [20/100], 训练损失: 0.1538, 验证损失: 0.2053, 验证 R2 (标准化): 0.7863
2025-07-23 00:46:06,511 - INFO - Epoch [21/100], 训练损失: 0.1517, 验证损失: 0.1963, 验证 R2 (标准化): 0.7956
2025-07-23 00:46:13,073 - INFO - Epoch [22/100], 训练损失: 0.1476, 验证损失: 0.2074, 验证 R2 (标准化): 0.7841
2025-07-23 00:46:19,528 - INFO - Epoch [23/100], 训练损失: 0.1420, 验证损失: 0.2050, 验证 R2 (标准化): 0.7865
2025-07-23 00:46:26,062 - INFO - Epoch [24/100], 训练损失: 0.1218, 验证损失: 0.1976, 验证 R2 (标准化): 0.7943
2025-07-23 00:46:32,568 - INFO - Epoch [25/100], 训练损失: 0.1138, 验证损失: 0.1954, 验证 R2 (标准化): 0.7966
2025-07-23 00:46:39,066 - INFO - Epoch [26/100], 训练损失: 0.1091, 验证损失: 0.1989, 验证 R2 (标准化): 0.7929
2025-07-23 00:46:45,560 - INFO - Epoch [27/100], 训练损失: 0.1036, 验证损失: 0.2036, 验证 R2 (标准化): 0.7880
2025-07-23 00:46:45,560 - INFO - 早停！验证损失在 10 个epoch内没有显著改善。
2025-07-23 00:46:45,562 - INFO - --- 模型训练完成 ---
2025-07-23 00:46:45,707 - INFO - 图表已保存到: logs\训练与验证损失曲线.png
2025-07-23 00:46:50,733 - INFO - 图表已保存到: logs\验证集R2分数曲线.png
2025-07-23 00:46:54,246 - INFO - Trial 2: 选择了 MLP 模型
2025-07-23 00:46:54,246 - INFO - 
--- 模型训练开始 ---
2025-07-23 00:46:56,418 - INFO - Epoch [1/100], 训练损失: 1.1858, 验证损失: 0.8834, 验证 R2 (标准化): 0.0802
2025-07-23 00:46:58,391 - INFO - Epoch [2/100], 训练损失: 0.5176, 验证损失: 0.3629, 验证 R2 (标准化): 0.6222
2025-07-23 00:47:00,491 - INFO - Epoch [3/100], 训练损失: 0.3266, 验证损失: 0.3174, 验证 R2 (标准化): 0.6695
2025-07-23 00:47:02,625 - INFO - Epoch [4/100], 训练损失: 0.2946, 验证损失: 0.2998, 验证 R2 (标准化): 0.6878
2025-07-23 00:47:04,664 - INFO - Epoch [5/100], 训练损失: 0.2742, 验证损失: 0.2891, 验证 R2 (标准化): 0.6990
2025-07-23 00:47:06,569 - INFO - Epoch [6/100], 训练损失: 0.2608, 验证损失: 0.2831, 验证 R2 (标准化): 0.7052
2025-07-23 00:47:08,463 - INFO - Epoch [7/100], 训练损失: 0.2477, 验证损失: 0.2719, 验证 R2 (标准化): 0.7169
2025-07-23 00:47:10,344 - INFO - Epoch [8/100], 训练损失: 0.2388, 验证损失: 0.2666, 验证 R2 (标准化): 0.7225
2025-07-23 00:47:12,216 - INFO - Epoch [9/100], 训练损失: 0.2289, 验证损失: 0.2640, 验证 R2 (标准化): 0.7251
2025-07-23 00:47:14,098 - INFO - Epoch [10/100], 训练损失: 0.2210, 验证损失: 0.2662, 验证 R2 (标准化): 0.7228
2025-07-23 00:47:16,001 - INFO - Epoch [11/100], 训练损失: 0.2146, 验证损失: 0.2598, 验证 R2 (标准化): 0.7296
2025-07-23 00:47:17,906 - INFO - Epoch [12/100], 训练损失: 0.2081, 验证损失: 0.2563, 验证 R2 (标准化): 0.7332
2025-07-23 00:47:19,821 - INFO - Epoch [13/100], 训练损失: 0.2021, 验证损失: 0.2585, 验证 R2 (标准化): 0.7308
2025-07-23 00:47:21,684 - INFO - Epoch [14/100], 训练损失: 0.1965, 验证损失: 0.2687, 验证 R2 (标准化): 0.7202
2025-07-23 00:47:23,634 - INFO - Epoch [15/100], 训练损失: 0.1908, 验证损失: 0.2504, 验证 R2 (标准化): 0.7392
2025-07-23 00:47:25,528 - INFO - Epoch [16/100], 训练损失: 0.1869, 验证损失: 0.2534, 验证 R2 (标准化): 0.7362
2025-07-23 00:47:27,476 - INFO - Epoch [17/100], 训练损失: 0.1805, 验证损失: 0.2498, 验证 R2 (标准化): 0.7399
2025-07-23 00:47:29,487 - INFO - Epoch [18/100], 训练损失: 0.1761, 验证损失: 0.2526, 验证 R2 (标准化): 0.7370
2025-07-23 00:47:31,506 - INFO - Epoch [19/100], 训练损失: 0.1712, 验证损失: 0.2483, 验证 R2 (标准化): 0.7414
2025-07-23 00:47:33,548 - INFO - Epoch [20/100], 训练损失: 0.1674, 验证损失: 0.2534, 验证 R2 (标准化): 0.7362
2025-07-23 00:47:35,557 - INFO - Epoch [21/100], 训练损失: 0.1621, 验证损失: 0.2560, 验证 R2 (标准化): 0.7335
2025-07-23 00:47:37,554 - INFO - Epoch [22/100], 训练损失: 0.1594, 验证损失: 0.2570, 验证 R2 (标准化): 0.7324
2025-07-23 00:47:39,592 - INFO - Epoch [23/100], 训练损失: 0.1554, 验证损失: 0.2517, 验证 R2 (标准化): 0.7380
2025-07-23 00:47:41,640 - INFO - Epoch [24/100], 训练损失: 0.1498, 验证损失: 0.2535, 验证 R2 (标准化): 0.7360
2025-07-23 00:47:43,642 - INFO - Epoch [25/100], 训练损失: 0.1467, 验证损失: 0.2496, 验证 R2 (标准化): 0.7401
2025-07-23 00:47:45,688 - INFO - Epoch [26/100], 训练损失: 0.1373, 验证损失: 0.2473, 验证 R2 (标准化): 0.7425
2025-07-23 00:47:47,800 - INFO - Epoch [27/100], 训练损失: 0.1341, 验证损失: 0.2484, 验证 R2 (标准化): 0.7413
2025-07-23 00:47:49,894 - INFO - Epoch [28/100], 训练损失: 0.1324, 验证损失: 0.2494, 验证 R2 (标准化): 0.7403
2025-07-23 00:47:52,017 - INFO - Epoch [29/100], 训练损失: 0.1299, 验证损失: 0.2501, 验证 R2 (标准化): 0.7396
2025-07-23 00:47:54,128 - INFO - Epoch [30/100], 训练损失: 0.1273, 验证损失: 0.2490, 验证 R2 (标准化): 0.7408
2025-07-23 00:47:56,192 - INFO - Epoch [31/100], 训练损失: 0.1256, 验证损失: 0.2504, 验证 R2 (标准化): 0.7393
2025-07-23 00:47:58,321 - INFO - Epoch [32/100], 训练损失: 0.1236, 验证损失: 0.2530, 验证 R2 (标准化): 0.7366
2025-07-23 00:48:00,462 - INFO - Epoch [33/100], 训练损失: 0.1189, 验证损失: 0.2496, 验证 R2 (标准化): 0.7401
2025-07-23 00:48:02,588 - INFO - Epoch [34/100], 训练损失: 0.1174, 验证损失: 0.2515, 验证 R2 (标准化): 0.7381
2025-07-23 00:48:04,756 - INFO - Epoch [35/100], 训练损失: 0.1163, 验证损失: 0.2501, 验证 R2 (标准化): 0.7396
2025-07-23 00:48:06,846 - INFO - Epoch [36/100], 训练损失: 0.1154, 验证损失: 0.2508, 验证 R2 (标准化): 0.7388
2025-07-23 00:48:06,846 - INFO - 早停！验证损失在 10 个epoch内没有显著改善。
2025-07-23 00:48:06,849 - INFO - --- 模型训练完成 ---
2025-07-23 00:48:06,997 - INFO - 图表已保存到: logs\训练与验证损失曲线.png
2025-07-23 00:48:13,656 - INFO - 图表已保存到: logs\验证集R2分数曲线.png
2025-07-23 00:48:15,730 - INFO - Trial 3: 选择了 MLP 模型
2025-07-23 00:48:15,730 - INFO - 
--- 模型训练开始 ---
2025-07-23 00:48:18,072 - INFO - Epoch [1/100], 训练损失: 2.2209, 验证损失: 0.2727, 验证 R2 (标准化): 0.7161
2025-07-23 00:48:20,089 - INFO - Epoch [2/100], 训练损失: 0.2950, 验证损失: 0.2576, 验证 R2 (标准化): 0.7318
2025-07-23 00:48:22,040 - INFO - Epoch [3/100], 训练损失: 0.2708, 验证损失: 0.2775, 验证 R2 (标准化): 0.7111
2025-07-23 00:48:23,958 - INFO - Epoch [4/100], 训练损失: 0.2555, 验证损失: 0.2579, 验证 R2 (标准化): 0.7315
2025-07-23 00:48:25,902 - INFO - Epoch [5/100], 训练损失: 0.2481, 验证损失: 0.2584, 验证 R2 (标准化): 0.7310
2025-07-23 00:48:27,847 - INFO - Epoch [6/100], 训练损失: 0.2374, 验证损失: 0.2329, 验证 R2 (标准化): 0.7575
2025-07-23 00:48:29,800 - INFO - Epoch [7/100], 训练损失: 0.2254, 验证损失: 0.2291, 验证 R2 (标准化): 0.7614
2025-07-23 00:48:31,820 - INFO - Epoch [8/100], 训练损失: 0.2176, 验证损失: 0.2232, 验证 R2 (标准化): 0.7676
2025-07-23 00:48:33,804 - INFO - Epoch [9/100], 训练损失: 0.2128, 验证损失: 0.2388, 验证 R2 (标准化): 0.7514
2025-07-23 00:48:35,759 - INFO - Epoch [10/100], 训练损失: 0.2082, 验证损失: 0.2236, 验证 R2 (标准化): 0.7672
2025-07-23 00:48:37,717 - INFO - Epoch [11/100], 训练损失: 0.2028, 验证损失: 0.2173, 验证 R2 (标准化): 0.7737
2025-07-23 00:48:39,677 - INFO - Epoch [12/100], 训练损失: 0.1957, 验证损失: 0.2156, 验证 R2 (标准化): 0.7755
2025-07-23 00:48:41,629 - INFO - Epoch [13/100], 训练损失: 0.1916, 验证损失: 0.2255, 验证 R2 (标准化): 0.7652
2025-07-23 00:48:43,588 - INFO - Epoch [14/100], 训练损失: 0.1885, 验证损失: 0.2199, 验证 R2 (标准化): 0.7711
2025-07-23 00:48:45,549 - INFO - Epoch [15/100], 训练损失: 0.1874, 验证损失: 0.2051, 验证 R2 (标准化): 0.7865
2025-07-23 00:48:47,514 - INFO - Epoch [16/100], 训练损失: 0.1780, 验证损失: 0.2146, 验证 R2 (标准化): 0.7766
2025-07-23 00:48:49,446 - INFO - Epoch [17/100], 训练损失: 0.1761, 验证损失: 0.2436, 验证 R2 (标准化): 0.7463
2025-07-23 00:48:51,391 - INFO - Epoch [18/100], 训练损失: 0.1709, 验证损失: 0.2313, 验证 R2 (标准化): 0.7592
2025-07-23 00:48:53,331 - INFO - Epoch [19/100], 训练损失: 0.1663, 验证损失: 0.2354, 验证 R2 (标准化): 0.7549
2025-07-23 00:48:55,357 - INFO - Epoch [20/100], 训练损失: 0.1624, 验证损失: 0.2074, 验证 R2 (标准化): 0.7841
2025-07-23 00:48:57,378 - INFO - Epoch [21/100], 训练损失: 0.1607, 验证损失: 0.2144, 验证 R2 (标准化): 0.7768
2025-07-23 00:48:59,344 - INFO - Epoch [22/100], 训练损失: 0.1371, 验证损失: 0.2017, 验证 R2 (标准化): 0.7900
2025-07-23 00:49:01,343 - INFO - Epoch [23/100], 训练损失: 0.1256, 验证损失: 0.2011, 验证 R2 (标准化): 0.7906
2025-07-23 00:49:03,285 - INFO - Epoch [24/100], 训练损失: 0.1216, 验证损失: 0.2049, 验证 R2 (标准化): 0.7866
2025-07-23 00:49:05,226 - INFO - Epoch [25/100], 训练损失: 0.1144, 验证损失: 0.2205, 验证 R2 (标准化): 0.7704
2025-07-23 00:49:07,211 - INFO - Epoch [26/100], 训练损失: 0.1095, 验证损失: 0.2130, 验证 R2 (标准化): 0.7783
2025-07-23 00:49:09,145 - INFO - Epoch [27/100], 训练损失: 0.1046, 验证损失: 0.2135, 验证 R2 (标准化): 0.7777
2025-07-23 00:49:11,079 - INFO - Epoch [28/100], 训练损失: 0.1003, 验证损失: 0.2100, 验证 R2 (标准化): 0.7814
2025-07-23 00:49:13,015 - INFO - Epoch [29/100], 训练损失: 0.0969, 验证损失: 0.2209, 验证 R2 (标准化): 0.7700
2025-07-23 00:49:14,996 - INFO - Epoch [30/100], 训练损失: 0.0802, 验证损失: 0.2129, 验证 R2 (标准化): 0.7784
2025-07-23 00:49:16,965 - INFO - Epoch [31/100], 训练损失: 0.0736, 验证损失: 0.2198, 验证 R2 (标准化): 0.7711
2025-07-23 00:49:18,951 - INFO - Epoch [32/100], 训练损失: 0.0700, 验证损失: 0.2187, 验证 R2 (标准化): 0.7723
2025-07-23 00:49:20,927 - INFO - Epoch [33/100], 训练损失: 0.0652, 验证损失: 0.2325, 验证 R2 (标准化): 0.7579
2025-07-23 00:49:20,927 - INFO - 早停！验证损失在 10 个epoch内没有显著改善。
2025-07-23 00:49:20,930 - INFO - --- 模型训练完成 ---
2025-07-23 00:49:21,069 - INFO - 图表已保存到: logs\训练与验证损失曲线.png
2025-07-23 00:49:24,844 - INFO - 图表已保存到: logs\验证集R2分数曲线.png
2025-07-23 00:49:26,915 - INFO - Trial 4: 选择了 FT-Transformer 模型
2025-07-23 00:49:26,915 - INFO - 
--- 模型训练开始 ---
2025-07-23 00:49:29,874 - INFO - Epoch [1/100], 训练损失: 0.4606, 验证损失: 0.3388, 验证 R2 (标准化): 0.6473
2025-07-23 00:49:32,642 - INFO - Epoch [2/100], 训练损失: 0.3151, 验证损失: 0.3037, 验证 R2 (标准化): 0.6838
2025-07-23 00:49:35,396 - INFO - Epoch [3/100], 训练损失: 0.2950, 验证损失: 0.2880, 验证 R2 (标准化): 0.7002
2025-07-23 00:49:38,127 - INFO - Epoch [4/100], 训练损失: 0.2796, 验证损失: 0.2779, 验证 R2 (标准化): 0.7106
2025-07-23 00:49:40,864 - INFO - Epoch [5/100], 训练损失: 0.2667, 验证损失: 0.2669, 验证 R2 (标准化): 0.7221
2025-07-23 00:49:43,672 - INFO - Epoch [6/100], 训练损失: 0.2563, 验证损失: 0.2538, 验证 R2 (标准化): 0.7358
2025-07-23 00:49:46,429 - INFO - Epoch [7/100], 训练损失: 0.2479, 验证损失: 0.2701, 验证 R2 (标准化): 0.7188
2025-07-23 00:49:49,164 - INFO - Epoch [8/100], 训练损失: 0.2431, 验证损失: 0.2382, 验证 R2 (标准化): 0.7520
2025-07-23 00:49:51,925 - INFO - Epoch [9/100], 训练损失: 0.2373, 验证损失: 0.2335, 验证 R2 (标准化): 0.7568
2025-07-23 00:49:54,648 - INFO - Epoch [10/100], 训练损失: 0.2343, 验证损失: 0.2365, 验证 R2 (标准化): 0.7537
2025-07-23 00:49:57,368 - INFO - Epoch [11/100], 训练损失: 0.2313, 验证损失: 0.2287, 验证 R2 (标准化): 0.7619
2025-07-23 00:50:00,114 - INFO - Epoch [12/100], 训练损失: 0.2270, 验证损失: 0.2253, 验证 R2 (标准化): 0.7655
2025-07-23 00:50:02,891 - INFO - Epoch [13/100], 训练损失: 0.2239, 验证损失: 0.2239, 验证 R2 (标准化): 0.7669
2025-07-23 00:50:05,693 - INFO - Epoch [14/100], 训练损失: 0.2224, 验证损失: 0.2594, 验证 R2 (标准化): 0.7299
2025-07-23 00:50:08,499 - INFO - Epoch [15/100], 训练损失: 0.2205, 验证损失: 0.2190, 验证 R2 (标准化): 0.7720
2025-07-23 00:50:11,298 - INFO - Epoch [16/100], 训练损失: 0.2164, 验证损失: 0.2167, 验证 R2 (标准化): 0.7744
2025-07-23 00:50:14,056 - INFO - Epoch [17/100], 训练损失: 0.2160, 验证损失: 0.2248, 验证 R2 (标准化): 0.7660
2025-07-23 00:50:16,771 - INFO - Epoch [18/100], 训练损失: 0.2133, 验证损失: 0.2201, 验证 R2 (标准化): 0.7709
2025-07-23 00:50:19,501 - INFO - Epoch [19/100], 训练损失: 0.2108, 验证损失: 0.2409, 验证 R2 (标准化): 0.7492
2025-07-23 00:50:22,237 - INFO - Epoch [20/100], 训练损失: 0.2103, 验证损失: 0.2129, 验证 R2 (标准化): 0.7784
2025-07-23 00:50:25,127 - INFO - Epoch [21/100], 训练损失: 0.2094, 验证损失: 0.2114, 验证 R2 (标准化): 0.7799
2025-07-23 00:50:27,971 - INFO - Epoch [22/100], 训练损失: 0.2083, 验证损失: 0.2109, 验证 R2 (标准化): 0.7804
2025-07-23 00:50:30,791 - INFO - Epoch [23/100], 训练损失: 0.2064, 验证损失: 0.2099, 验证 R2 (标准化): 0.7815
2025-07-23 00:50:33,593 - INFO - Epoch [24/100], 训练损失: 0.2050, 验证损失: 0.2126, 验证 R2 (标准化): 0.7786
2025-07-23 00:50:36,367 - INFO - Epoch [25/100], 训练损失: 0.2045, 验证损失: 0.2112, 验证 R2 (标准化): 0.7801
2025-07-23 00:50:39,128 - INFO - Epoch [26/100], 训练损失: 0.2034, 验证损失: 0.2201, 验证 R2 (标准化): 0.7708
2025-07-23 00:50:41,961 - INFO - Epoch [27/100], 训练损失: 0.2023, 验证损失: 0.2123, 验证 R2 (标准化): 0.7790
2025-07-23 00:50:44,775 - INFO - Epoch [28/100], 训练损失: 0.2000, 验证损失: 0.2291, 验证 R2 (标准化): 0.7615
2025-07-23 00:50:47,636 - INFO - Epoch [29/100], 训练损失: 0.2009, 验证损失: 0.2050, 验证 R2 (标准化): 0.7865
2025-07-23 00:50:50,478 - INFO - Epoch [30/100], 训练损失: 0.1984, 验证损失: 0.2062, 验证 R2 (标准化): 0.7853
2025-07-23 00:50:53,274 - INFO - Epoch [31/100], 训练损失: 0.1967, 验证损失: 0.2084, 验证 R2 (标准化): 0.7831
2025-07-23 00:50:56,038 - INFO - Epoch [32/100], 训练损失: 0.1969, 验证损失: 0.2080, 验证 R2 (标准化): 0.7834
2025-07-23 00:50:58,819 - INFO - Epoch [33/100], 训练损失: 0.1954, 验证损失: 0.2169, 验证 R2 (标准化): 0.7741
2025-07-23 00:51:01,626 - INFO - Epoch [34/100], 训练损失: 0.1932, 验证损失: 0.2046, 验证 R2 (标准化): 0.7870
2025-07-23 00:51:04,404 - INFO - Epoch [35/100], 训练损失: 0.1934, 验证损失: 0.2239, 验证 R2 (标准化): 0.7668
2025-07-23 00:51:07,295 - INFO - Epoch [36/100], 训练损失: 0.1929, 验证损失: 0.2046, 验证 R2 (标准化): 0.7870
2025-07-23 00:51:10,181 - INFO - Epoch [37/100], 训练损失: 0.1906, 验证损失: 0.2000, 验证 R2 (标准化): 0.7918
2025-07-23 00:51:13,021 - INFO - Epoch [38/100], 训练损失: 0.1903, 验证损失: 0.2126, 验证 R2 (标准化): 0.7786
2025-07-23 00:51:15,819 - INFO - Epoch [39/100], 训练损失: 0.1897, 验证损失: 0.2161, 验证 R2 (标准化): 0.7750
2025-07-23 00:51:18,587 - INFO - Epoch [40/100], 训练损失: 0.1878, 验证损失: 0.2030, 验证 R2 (标准化): 0.7886
2025-07-23 00:51:21,385 - INFO - Epoch [41/100], 训练损失: 0.1883, 验证损失: 0.2005, 验证 R2 (标准化): 0.7912
2025-07-23 00:51:24,173 - INFO - Epoch [42/100], 训练损失: 0.1868, 验证损失: 0.2037, 验证 R2 (标准化): 0.7879
2025-07-23 00:51:27,039 - INFO - Epoch [43/100], 训练损失: 0.1866, 验证损失: 0.1972, 验证 R2 (标准化): 0.7947
2025-07-23 00:51:29,866 - INFO - Epoch [44/100], 训练损失: 0.1844, 验证损失: 0.2085, 验证 R2 (标准化): 0.7829
2025-07-23 00:51:32,702 - INFO - Epoch [45/100], 训练损失: 0.1843, 验证损失: 0.2041, 验证 R2 (标准化): 0.7875
2025-07-23 00:51:35,508 - INFO - Epoch [46/100], 训练损失: 0.1833, 验证损失: 0.1980, 验证 R2 (标准化): 0.7939
2025-07-23 00:51:38,266 - INFO - Epoch [47/100], 训练损失: 0.1813, 验证损失: 0.2038, 验证 R2 (标准化): 0.7878
2025-07-23 00:51:41,048 - INFO - Epoch [48/100], 训练损失: 0.1819, 验证损失: 0.1984, 验证 R2 (标准化): 0.7935
2025-07-23 00:51:43,837 - INFO - Epoch [49/100], 训练损失: 0.1801, 验证损失: 0.1960, 验证 R2 (标准化): 0.7960
2025-07-23 00:51:46,692 - INFO - Epoch [50/100], 训练损失: 0.1795, 验证损失: 0.2141, 验证 R2 (标准化): 0.7771
2025-07-23 00:51:49,510 - INFO - Epoch [51/100], 训练损失: 0.1779, 验证损失: 0.1938, 验证 R2 (标准化): 0.7982
2025-07-23 00:51:52,364 - INFO - Epoch [52/100], 训练损失: 0.1780, 验证损失: 0.1950, 验证 R2 (标准化): 0.7969
2025-07-23 00:51:55,220 - INFO - Epoch [53/100], 训练损失: 0.1767, 验证损失: 0.1943, 验证 R2 (标准化): 0.7977
2025-07-23 00:51:58,045 - INFO - Epoch [54/100], 训练损失: 0.1763, 验证损失: 0.1975, 验证 R2 (标准化): 0.7944
2025-07-23 00:52:00,827 - INFO - Epoch [55/100], 训练损失: 0.1750, 验证损失: 0.1918, 验证 R2 (标准化): 0.8003
2025-07-23 00:52:03,628 - INFO - Epoch [56/100], 训练损失: 0.1745, 验证损失: 0.1937, 验证 R2 (标准化): 0.7983
2025-07-23 00:52:06,445 - INFO - Epoch [57/100], 训练损失: 0.1737, 验证损失: 0.1963, 验证 R2 (标准化): 0.7956
2025-07-23 00:52:09,254 - INFO - Epoch [58/100], 训练损失: 0.1725, 验证损失: 0.1930, 验证 R2 (标准化): 0.7991
2025-07-23 00:52:12,071 - INFO - Epoch [59/100], 训练损失: 0.1706, 验证损失: 0.2028, 验证 R2 (标准化): 0.7888
2025-07-23 00:52:14,913 - INFO - Epoch [60/100], 训练损失: 0.1716, 验证损失: 0.1950, 验证 R2 (标准化): 0.7970
2025-07-23 00:52:17,726 - INFO - Epoch [61/100], 训练损失: 0.1703, 验证损失: 0.2020, 验证 R2 (标准化): 0.7897
2025-07-23 00:52:20,608 - INFO - Epoch [62/100], 训练损失: 0.1656, 验证损失: 0.1897, 验证 R2 (标准化): 0.8025
2025-07-23 00:52:23,395 - INFO - Epoch [63/100], 训练损失: 0.1647, 验证损失: 0.1892, 验证 R2 (标准化): 0.8030
2025-07-23 00:52:26,231 - INFO - Epoch [64/100], 训练损失: 0.1640, 验证损失: 0.1918, 验证 R2 (标准化): 0.8003
2025-07-23 00:52:29,061 - INFO - Epoch [65/100], 训练损失: 0.1645, 验证损失: 0.1920, 验证 R2 (标准化): 0.8000
2025-07-23 00:52:31,900 - INFO - Epoch [66/100], 训练损失: 0.1640, 验证损失: 0.1909, 验证 R2 (标准化): 0.8012
2025-07-23 00:52:34,740 - INFO - Epoch [67/100], 训练损失: 0.1630, 验证损失: 0.1909, 验证 R2 (标准化): 0.8012
2025-07-23 00:52:37,497 - INFO - Epoch [68/100], 训练损失: 0.1626, 验证损失: 0.1911, 验证 R2 (标准化): 0.8010
2025-07-23 00:52:40,288 - INFO - Epoch [69/100], 训练损失: 0.1621, 验证损失: 0.1892, 验证 R2 (标准化): 0.8030
2025-07-23 00:52:43,083 - INFO - Epoch [70/100], 训练损失: 0.1602, 验证损失: 0.1887, 验证 R2 (标准化): 0.8035
2025-07-23 00:52:45,823 - INFO - Epoch [71/100], 训练损失: 0.1595, 验证损失: 0.1902, 验证 R2 (标准化): 0.8019
2025-07-23 00:52:48,654 - INFO - Epoch [72/100], 训练损失: 0.1595, 验证损失: 0.1897, 验证 R2 (标准化): 0.8025
2025-07-23 00:52:51,319 - INFO - Epoch [73/100], 训练损失: 0.1594, 验证损失: 0.1888, 验证 R2 (标准化): 0.8034
2025-07-23 00:52:53,956 - INFO - Epoch [74/100], 训练损失: 0.1588, 验证损失: 0.1890, 验证 R2 (标准化): 0.8033
2025-07-23 00:52:56,599 - INFO - Epoch [75/100], 训练损失: 0.1585, 验证损失: 0.1898, 验证 R2 (标准化): 0.8024
2025-07-23 00:52:59,133 - INFO - Epoch [76/100], 训练损失: 0.1584, 验证损失: 0.1879, 验证 R2 (标准化): 0.8043
2025-07-23 00:53:01,725 - INFO - Epoch [77/100], 训练损失: 0.1583, 验证损失: 0.1888, 验证 R2 (标准化): 0.8034
2025-07-23 00:53:04,300 - INFO - Epoch [78/100], 训练损失: 0.1580, 验证损失: 0.1888, 验证 R2 (标准化): 0.8034
2025-07-23 00:53:06,911 - INFO - Epoch [79/100], 训练损失: 0.1575, 验证损失: 0.1873, 验证 R2 (标准化): 0.8050
2025-07-23 00:53:09,596 - INFO - Epoch [80/100], 训练损失: 0.1574, 验证损失: 0.1880, 验证 R2 (标准化): 0.8042
2025-07-23 00:53:12,210 - INFO - Epoch [81/100], 训练损失: 0.1570, 验证损失: 0.1882, 验证 R2 (标准化): 0.8041
2025-07-23 00:53:14,842 - INFO - Epoch [82/100], 训练损失: 0.1569, 验证损失: 0.1880, 验证 R2 (标准化): 0.8042
2025-07-23 00:53:17,447 - INFO - Epoch [83/100], 训练损失: 0.1567, 验证损失: 0.1879, 验证 R2 (标准化): 0.8043
2025-07-23 00:53:20,039 - INFO - Epoch [84/100], 训练损失: 0.1567, 验证损失: 0.1873, 验证 R2 (标准化): 0.8049
2025-07-23 00:53:22,687 - INFO - Epoch [85/100], 训练损失: 0.1563, 验证损失: 0.1886, 验证 R2 (标准化): 0.8036
2025-07-23 00:53:25,306 - INFO - Epoch [86/100], 训练损失: 0.1549, 验证损失: 0.1888, 验证 R2 (标准化): 0.8034
2025-07-23 00:53:27,925 - INFO - Epoch [87/100], 训练损失: 0.1548, 验证损失: 0.1874, 验证 R2 (标准化): 0.8048
2025-07-23 00:53:30,532 - INFO - Epoch [88/100], 训练损失: 0.1547, 验证损失: 0.1872, 验证 R2 (标准化): 0.8051
2025-07-23 00:53:33,163 - INFO - Epoch [89/100], 训练损失: 0.1546, 验证损失: 0.1878, 验证 R2 (标准化): 0.8044
2025-07-23 00:53:35,780 - INFO - Epoch [90/100], 训练损失: 0.1545, 验证损失: 0.1875, 验证 R2 (标准化): 0.8048
2025-07-23 00:53:38,368 - INFO - Epoch [91/100], 训练损失: 0.1543, 验证损失: 0.1873, 验证 R2 (标准化): 0.8050
2025-07-23 00:53:40,937 - INFO - Epoch [92/100], 训练损失: 0.1541, 验证损失: 0.1874, 验证 R2 (标准化): 0.8049
2025-07-23 00:53:43,533 - INFO - Epoch [93/100], 训练损失: 0.1540, 验证损失: 0.1865, 验证 R2 (标准化): 0.8059
2025-07-23 00:53:46,286 - INFO - Epoch [94/100], 训练损失: 0.1540, 验证损失: 0.1879, 验证 R2 (标准化): 0.8044
2025-07-23 00:53:48,931 - INFO - Epoch [95/100], 训练损失: 0.1538, 验证损失: 0.1874, 验证 R2 (标准化): 0.8049
2025-07-23 00:53:51,612 - INFO - Epoch [96/100], 训练损失: 0.1537, 验证损失: 0.1874, 验证 R2 (标准化): 0.8049
2025-07-23 00:53:54,183 - INFO - Epoch [97/100], 训练损失: 0.1536, 验证损失: 0.1869, 验证 R2 (标准化): 0.8054
2025-07-23 00:53:56,812 - INFO - Epoch [98/100], 训练损失: 0.1535, 验证损失: 0.1866, 验证 R2 (标准化): 0.8057
2025-07-23 00:53:59,419 - INFO - Epoch [99/100], 训练损失: 0.1534, 验证损失: 0.1876, 验证 R2 (标准化): 0.8046
2025-07-23 00:54:02,042 - INFO - Epoch [100/100], 训练损失: 0.1526, 验证损失: 0.1873, 验证 R2 (标准化): 0.8050
2025-07-23 00:54:02,044 - INFO - --- 模型训练完成 ---
2025-07-23 00:54:02,192 - INFO - 图表已保存到: logs\训练与验证损失曲线.png
2025-07-23 01:03:13,759 - INFO - 图表已保存到: logs\验证集R2分数曲线.png
2025-07-23 01:03:16,165 - INFO - Trial 5: 选择了 MLP 模型
2025-07-23 01:03:16,166 - INFO - 
--- 模型训练开始 ---
2025-07-23 01:03:18,225 - INFO - Epoch [1/100], 训练损失: 1.9709, 验证损失: 1.1068, 验证 R2 (标准化): -0.1524
2025-07-23 01:03:20,148 - INFO - Epoch [2/100], 训练损失: 0.7610, 验证损失: 0.5832, 验证 R2 (标准化): 0.3927
2025-07-23 01:03:22,055 - INFO - Epoch [3/100], 训练损失: 0.5125, 验证损失: 0.4477, 验证 R2 (标准化): 0.5339
2025-07-23 01:03:23,951 - INFO - Epoch [4/100], 训练损失: 0.4150, 验证损失: 0.3969, 验证 R2 (标准化): 0.5867
2025-07-23 01:03:25,807 - INFO - Epoch [5/100], 训练损失: 0.3718, 验证损失: 0.3666, 验证 R2 (标准化): 0.6183
2025-07-23 01:03:27,670 - INFO - Epoch [6/100], 训练损失: 0.3450, 验证损失: 0.3483, 验证 R2 (标准化): 0.6374
2025-07-23 01:03:29,513 - INFO - Epoch [7/100], 训练损失: 0.3253, 验证损失: 0.3343, 验证 R2 (标准化): 0.6520
2025-07-23 01:03:31,405 - INFO - Epoch [8/100], 训练损失: 0.3102, 验证损失: 0.3244, 验证 R2 (标准化): 0.6622
2025-07-23 01:03:33,238 - INFO - Epoch [9/100], 训练损失: 0.2984, 验证损失: 0.3160, 验证 R2 (标准化): 0.6710
2025-07-23 01:03:35,120 - INFO - Epoch [10/100], 训练损失: 0.2884, 验证损失: 0.3107, 验证 R2 (标准化): 0.6765
2025-07-23 01:03:36,960 - INFO - Epoch [11/100], 训练损失: 0.2798, 验证损失: 0.3061, 验证 R2 (标准化): 0.6813
2025-07-23 01:03:38,855 - INFO - Epoch [12/100], 训练损失: 0.2730, 验证损失: 0.2992, 验证 R2 (标准化): 0.6885
2025-07-23 01:03:40,759 - INFO - Epoch [13/100], 训练损失: 0.2665, 验证损失: 0.2955, 验证 R2 (标准化): 0.6923
2025-07-23 01:03:42,600 - INFO - Epoch [14/100], 训练损失: 0.2609, 验证损失: 0.2926, 验证 R2 (标准化): 0.6954
2025-07-23 01:03:44,523 - INFO - Epoch [15/100], 训练损失: 0.2564, 验证损失: 0.2898, 验证 R2 (标准化): 0.6983
2025-07-23 01:03:46,485 - INFO - Epoch [16/100], 训练损失: 0.2522, 验证损失: 0.2878, 验证 R2 (标准化): 0.7004
2025-07-23 01:03:48,413 - INFO - Epoch [17/100], 训练损失: 0.2483, 验证损失: 0.2845, 验证 R2 (标准化): 0.7037
2025-07-23 01:03:50,251 - INFO - Epoch [18/100], 训练损失: 0.2446, 验证损失: 0.2827, 验证 R2 (标准化): 0.7057
2025-07-23 01:03:52,041 - INFO - Epoch [19/100], 训练损失: 0.2412, 验证损失: 0.2815, 验证 R2 (标准化): 0.7069
2025-07-23 01:03:53,856 - INFO - Epoch [20/100], 训练损失: 0.2382, 验证损失: 0.2805, 验证 R2 (标准化): 0.7080
2025-07-23 01:03:55,698 - INFO - Epoch [21/100], 训练损失: 0.2353, 验证损失: 0.2788, 验证 R2 (标准化): 0.7097
2025-07-23 01:03:57,576 - INFO - Epoch [22/100], 训练损失: 0.2327, 验证损失: 0.2784, 验证 R2 (标准化): 0.7102
2025-07-23 01:03:59,478 - INFO - Epoch [23/100], 训练损失: 0.2302, 验证损失: 0.2776, 验证 R2 (标准化): 0.7109
2025-07-23 01:04:01,378 - INFO - Epoch [24/100], 训练损失: 0.2278, 验证损失: 0.2745, 验证 R2 (标准化): 0.7142
2025-07-23 01:04:03,242 - INFO - Epoch [25/100], 训练损失: 0.2256, 验证损失: 0.2740, 验证 R2 (标准化): 0.7147
2025-07-23 01:04:05,126 - INFO - Epoch [26/100], 训练损失: 0.2232, 验证损失: 0.2731, 验证 R2 (标准化): 0.7157
2025-07-23 01:04:07,014 - INFO - Epoch [27/100], 训练损失: 0.2214, 验证损失: 0.2726, 验证 R2 (标准化): 0.7162
2025-07-23 01:04:08,866 - INFO - Epoch [28/100], 训练损失: 0.2193, 验证损失: 0.2710, 验证 R2 (标准化): 0.7179
2025-07-23 01:04:10,658 - INFO - Epoch [29/100], 训练损失: 0.2175, 验证损失: 0.2709, 验证 R2 (标准化): 0.7180
2025-07-23 01:04:12,462 - INFO - Epoch [30/100], 训练损失: 0.2158, 验证损失: 0.2702, 验证 R2 (标准化): 0.7187
2025-07-23 01:04:14,309 - INFO - Epoch [31/100], 训练损失: 0.2140, 验证损失: 0.2695, 验证 R2 (标准化): 0.7194
2025-07-23 01:04:16,121 - INFO - Epoch [32/100], 训练损失: 0.2122, 验证损失: 0.2682, 验证 R2 (标准化): 0.7207
2025-07-23 01:04:17,871 - INFO - Epoch [33/100], 训练损失: 0.2105, 验证损失: 0.2703, 验证 R2 (标准化): 0.7185
2025-07-23 01:04:19,621 - INFO - Epoch [34/100], 训练损失: 0.2091, 验证损失: 0.2674, 验证 R2 (标准化): 0.7216
2025-07-23 01:04:21,465 - INFO - Epoch [35/100], 训练损失: 0.2075, 验证损失: 0.2659, 验证 R2 (标准化): 0.7231
2025-07-23 01:04:23,373 - INFO - Epoch [36/100], 训练损失: 0.2059, 验证损失: 0.2665, 验证 R2 (标准化): 0.7225
2025-07-23 01:04:25,193 - INFO - Epoch [37/100], 训练损失: 0.2047, 验证损失: 0.2651, 验证 R2 (标准化): 0.7239
2025-07-23 01:04:27,049 - INFO - Epoch [38/100], 训练损失: 0.2033, 验证损失: 0.2648, 验证 R2 (标准化): 0.7243
2025-07-23 01:04:28,934 - INFO - Epoch [39/100], 训练损失: 0.2019, 验证损失: 0.2644, 验证 R2 (标准化): 0.7247
2025-07-23 01:04:30,773 - INFO - Epoch [40/100], 训练损失: 0.2005, 验证损失: 0.2644, 验证 R2 (标准化): 0.7247
2025-07-23 01:04:32,567 - INFO - Epoch [41/100], 训练损失: 0.1993, 验证损失: 0.2630, 验证 R2 (标准化): 0.7261
2025-07-23 01:04:34,395 - INFO - Epoch [42/100], 训练损失: 0.1979, 验证损失: 0.2636, 验证 R2 (标准化): 0.7255
2025-07-23 01:04:36,123 - INFO - Epoch [43/100], 训练损失: 0.1969, 验证损失: 0.2624, 验证 R2 (标准化): 0.7268
2025-07-23 01:04:37,891 - INFO - Epoch [44/100], 训练损失: 0.1955, 验证损失: 0.2633, 验证 R2 (标准化): 0.7259
2025-07-23 01:04:39,631 - INFO - Epoch [45/100], 训练损失: 0.1943, 验证损失: 0.2611, 验证 R2 (标准化): 0.7281
2025-07-23 01:04:41,366 - INFO - Epoch [46/100], 训练损失: 0.1933, 验证损失: 0.2613, 验证 R2 (标准化): 0.7279
2025-07-23 01:04:43,145 - INFO - Epoch [47/100], 训练损失: 0.1920, 验证损失: 0.2610, 验证 R2 (标准化): 0.7283
2025-07-23 01:04:44,924 - INFO - Epoch [48/100], 训练损失: 0.1910, 验证损失: 0.2605, 验证 R2 (标准化): 0.7287
2025-07-23 01:04:46,687 - INFO - Epoch [49/100], 训练损失: 0.1899, 验证损失: 0.2617, 验证 R2 (标准化): 0.7275
2025-07-23 01:04:48,441 - INFO - Epoch [50/100], 训练损失: 0.1888, 验证损失: 0.2612, 验证 R2 (标准化): 0.7281
2025-07-23 01:04:50,195 - INFO - Epoch [51/100], 训练损失: 0.1878, 验证损失: 0.2597, 验证 R2 (标准化): 0.7297
2025-07-23 01:04:51,965 - INFO - Epoch [52/100], 训练损失: 0.1867, 验证损失: 0.2594, 验证 R2 (标准化): 0.7299
2025-07-23 01:04:53,713 - INFO - Epoch [53/100], 训练损失: 0.1857, 验证损失: 0.2590, 验证 R2 (标准化): 0.7303
2025-07-23 01:04:55,419 - INFO - Epoch [54/100], 训练损失: 0.1848, 验证损失: 0.2590, 验证 R2 (标准化): 0.7303
2025-07-23 01:04:57,119 - INFO - Epoch [55/100], 训练损失: 0.1836, 验证损失: 0.2583, 验证 R2 (标准化): 0.7311
2025-07-23 01:04:58,831 - INFO - Epoch [56/100], 训练损失: 0.1827, 验证损失: 0.2587, 验证 R2 (标准化): 0.7307
2025-07-23 01:05:00,515 - INFO - Epoch [57/100], 训练损失: 0.1819, 验证损失: 0.2581, 验证 R2 (标准化): 0.7312
2025-07-23 01:05:02,210 - INFO - Epoch [58/100], 训练损失: 0.1809, 验证损失: 0.2587, 验证 R2 (标准化): 0.7307
2025-07-23 01:05:03,900 - INFO - Epoch [59/100], 训练损失: 0.1800, 验证损失: 0.2580, 验证 R2 (标准化): 0.7314
2025-07-23 01:05:05,584 - INFO - Epoch [60/100], 训练损失: 0.1787, 验证损失: 0.2576, 验证 R2 (标准化): 0.7318
2025-07-23 01:05:07,304 - INFO - Epoch [61/100], 训练损失: 0.1781, 验证损失: 0.2575, 验证 R2 (标准化): 0.7319
2025-07-23 01:05:09,007 - INFO - Epoch [62/100], 训练损失: 0.1772, 验证损失: 0.2583, 验证 R2 (标准化): 0.7311
2025-07-23 01:05:10,726 - INFO - Epoch [63/100], 训练损失: 0.1763, 验证损失: 0.2581, 验证 R2 (标准化): 0.7313
2025-07-23 01:05:12,435 - INFO - Epoch [64/100], 训练损失: 0.1753, 验证损失: 0.2575, 验证 R2 (标准化): 0.7318
2025-07-23 01:05:14,070 - INFO - Epoch [65/100], 训练损失: 0.1746, 验证损失: 0.2594, 验证 R2 (标准化): 0.7299
2025-07-23 01:05:15,736 - INFO - Epoch [66/100], 训练损失: 0.1738, 验证损失: 0.2573, 验证 R2 (标准化): 0.7321
2025-07-23 01:05:17,426 - INFO - Epoch [67/100], 训练损失: 0.1729, 验证损失: 0.2575, 验证 R2 (标准化): 0.7319
2025-07-23 01:05:19,080 - INFO - Epoch [68/100], 训练损失: 0.1719, 验证损失: 0.2580, 验证 R2 (标准化): 0.7314
2025-07-23 01:05:20,738 - INFO - Epoch [69/100], 训练损失: 0.1713, 验证损失: 0.2570, 验证 R2 (标准化): 0.7324
2025-07-23 01:05:22,399 - INFO - Epoch [70/100], 训练损失: 0.1704, 验证损失: 0.2564, 验证 R2 (标准化): 0.7330
2025-07-23 01:05:24,075 - INFO - Epoch [71/100], 训练损失: 0.1696, 验证损失: 0.2578, 验证 R2 (标准化): 0.7316
2025-07-23 01:05:25,785 - INFO - Epoch [72/100], 训练损失: 0.1689, 验证损失: 0.2558, 验证 R2 (标准化): 0.7337
2025-07-23 01:05:27,474 - INFO - Epoch [73/100], 训练损失: 0.1678, 验证损失: 0.2567, 验证 R2 (标准化): 0.7327
2025-07-23 01:05:29,177 - INFO - Epoch [74/100], 训练损失: 0.1672, 验证损失: 0.2562, 验证 R2 (标准化): 0.7333
2025-07-23 01:05:30,891 - INFO - Epoch [75/100], 训练损失: 0.1665, 验证损失: 0.2559, 验证 R2 (标准化): 0.7335
2025-07-23 01:05:32,548 - INFO - Epoch [76/100], 训练损失: 0.1657, 验证损失: 0.2561, 验证 R2 (标准化): 0.7333
2025-07-23 01:05:34,214 - INFO - Epoch [77/100], 训练损失: 0.1648, 验证损失: 0.2582, 验证 R2 (标准化): 0.7312
2025-07-23 01:05:35,903 - INFO - Epoch [78/100], 训练损失: 0.1641, 验证损失: 0.2563, 验证 R2 (标准化): 0.7331
2025-07-23 01:05:37,588 - INFO - Epoch [79/100], 训练损失: 0.1621, 验证损失: 0.2565, 验证 R2 (标准化): 0.7329
2025-07-23 01:05:39,259 - INFO - Epoch [80/100], 训练损失: 0.1614, 验证损失: 0.2580, 验证 R2 (标准化): 0.7314
2025-07-23 01:05:40,947 - INFO - Epoch [81/100], 训练损失: 0.1612, 验证损失: 0.2568, 验证 R2 (标准化): 0.7326
2025-07-23 01:05:42,608 - INFO - Epoch [82/100], 训练损失: 0.1608, 验证损失: 0.2563, 验证 R2 (标准化): 0.7331
2025-07-23 01:05:42,608 - INFO - 早停！验证损失在 10 个epoch内没有显著改善。
2025-07-23 01:05:42,610 - INFO - --- 模型训练完成 ---
2025-07-23 01:05:42,765 - INFO - 图表已保存到: logs\训练与验证损失曲线.png
2025-07-23 01:16:18,568 - INFO - 图表已保存到: logs\验证集R2分数曲线.png
2025-07-23 01:16:21,203 - INFO - Trial 6: 选择了 FT-Transformer 模型
2025-07-23 01:16:21,204 - INFO - 
--- 模型训练开始 ---
2025-07-23 01:16:25,134 - INFO - Epoch [1/100], 训练损失: 0.6513, 验证损失: 0.3316, 验证 R2 (标准化): 0.6547
2025-07-23 01:16:28,782 - INFO - Epoch [2/100], 训练损失: 0.3207, 验证损失: 0.4259, 验证 R2 (标准化): 0.5565
2025-07-23 01:16:32,453 - INFO - Epoch [3/100], 训练损失: 0.2845, 验证损失: 0.2684, 验证 R2 (标准化): 0.7206
2025-07-23 01:16:35,996 - INFO - Epoch [4/100], 训练损失: 0.2646, 验证损失: 0.2965, 验证 R2 (标准化): 0.6912
2025-07-23 01:16:39,584 - INFO - Epoch [5/100], 训练损失: 0.2580, 验证损失: 0.2607, 验证 R2 (标准化): 0.7286
2025-07-23 01:16:43,249 - INFO - Epoch [6/100], 训练损失: 0.2447, 验证损失: 0.2461, 验证 R2 (标准化): 0.7438
2025-07-23 01:16:47,003 - INFO - Epoch [7/100], 训练损失: 0.2403, 验证损失: 0.2464, 验证 R2 (标准化): 0.7435
2025-07-23 01:16:50,676 - INFO - Epoch [8/100], 训练损失: 0.2366, 验证损失: 0.2504, 验证 R2 (标准化): 0.7393
2025-07-23 01:16:54,220 - INFO - Epoch [9/100], 训练损失: 0.2308, 验证损失: 0.2225, 验证 R2 (标准化): 0.7684
2025-07-23 01:16:57,747 - INFO - Epoch [10/100], 训练损失: 0.2269, 验证损失: 0.2240, 验证 R2 (标准化): 0.7668
