2025-07-22 20:29:30,995 - INFO - --- 机器学习房屋价格预测项目 (深度学习版) - 集成FT-Transformer和Optuna启动 ---
2025-07-22 20:29:30,998 - INFO - 已设置随机种子为: 42
2025-07-22 20:29:30,998 - INFO - 
--- 阶段1: 数据获取、探索与预处理 ---
2025-07-22 20:29:31,014 - INFO - 数据从 './data/california_housing.csv' 加载成功！
2025-07-22 20:29:31,014 - INFO - 
--- 数据概览 ---
2025-07-22 20:29:31,020 - INFO - 数据前5行:
2025-07-22 20:29:31,020 - INFO -    MedInc  HouseAge  AveRooms  AveBedrms  Population  AveOccup  Latitude  Longitude  MedHouseVal  target
0  8.3252      41.0  6.984127   1.023810       322.0  2.555556     37.88    -122.23        4.526   4.526
1  8.3014      21.0  6.238137   0.971880      2401.0  2.109842     37.86    -122.22        3.585   3.585
2  7.2574      52.0  8.288136   1.073446       496.0  2.802260     37.85    -122.24        3.521   3.521
3  5.6431      52.0  5.817352   1.073059       558.0  2.547945     37.85    -122.25        3.413   3.413
4  3.8462      52.0  6.281853   1.081081       565.0  2.181467     37.85    -122.25        3.422   3.422
2025-07-22 20:29:31,037 - INFO - 
数据基本信息:
2025-07-22 20:29:31,042 - INFO - <class 'pandas.core.frame.DataFrame'>
RangeIndex: 20640 entries, 0 to 20639
Data columns (total 10 columns):
 #   Column       Non-Null Count  Dtype  
---  ------       --------------  -----  
 0   MedInc       20640 non-null  float64
 1   HouseAge     20640 non-null  float64
 2   AveRooms     20640 non-null  float64
 3   AveBedrms    20640 non-null  float64
 4   Population   20640 non-null  float64
 5   AveOccup     20640 non-null  float64
 6   Latitude     20640 non-null  float64
 7   Longitude    20640 non-null  float64
 8   MedHouseVal  20640 non-null  float64
 9   target       20640 non-null  float64
dtypes: float64(10)
memory usage: 1.6 MB

2025-07-22 20:29:31,043 - INFO - 
描述性统计:
2025-07-22 20:29:31,057 - INFO -              MedInc      HouseAge      AveRooms     AveBedrms    Population      AveOccup      Latitude     Longitude   MedHouseVal        target
count  20640.000000  20640.000000  20640.000000  20640.000000  20640.000000  20640.000000  20640.000000  20640.000000  20640.000000  20640.000000
mean       3.870671     28.639486      5.429000      1.096675   1425.476744      3.070655     35.631861   -119.569704      2.068558      2.068558
std        1.899822     12.585558      2.474173      0.473911   1132.462122     10.386050      2.135952      2.003532      1.153956      1.153956
min        0.499900      1.000000      0.846154      0.333333      3.000000      0.692308     32.540000   -124.350000      0.149990      0.149990
25%        2.563400     18.000000      4.440716      1.006079    787.000000      2.429741     33.930000   -121.800000      1.196000      1.196000
50%        3.534800     29.000000      5.229129      1.048780   1166.000000      2.818116     34.260000   -118.490000      1.797000      1.797000
75%        4.743250     37.000000      6.052381      1.099526   1725.000000      3.282261     37.710000   -118.010000      2.647250      2.647250
max       15.000100     52.000000    141.909091     34.066667  35682.000000   1243.333333     41.950000   -114.310000      5.000010      5.000010
2025-07-22 20:29:31,070 - INFO - 
缺失值检查:
2025-07-22 20:29:31,070 - INFO - MedInc         0
HouseAge       0
AveRooms       0
AveBedrms      0
Population     0
AveOccup       0
Latitude       0
Longitude      0
MedHouseVal    0
target         0
dtype: int64
2025-07-22 20:29:31,071 - INFO - 
数据初步探索完成。
2025-07-22 20:29:31,071 - INFO - 
--- 数据初步可视化 ---
2025-07-22 20:29:31,438 - INFO - 图表已保存到: logs\房屋价格分布.png
2025-07-22 20:29:33,839 - INFO - 图表已保存到: logs\特征与房价散点图.png
2025-07-22 20:29:36,477 - INFO - 
数据初步可视化完成。
2025-07-22 20:29:36,478 - INFO - 
--- 缺失值处理 ---
2025-07-22 20:29:36,478 - INFO - 数据集中没有发现缺失值。
2025-07-22 20:29:36,478 - INFO - 
--- 异常值处理 ---
2025-07-22 20:29:36,502 - INFO - 已使用 IQR 方法处理 5594 个异常值 (替换为边界值)。
2025-07-22 20:29:36,502 - INFO - 
--- 特征工程 ---
2025-07-22 20:29:36,505 - INFO - 已创建新特征 'Bedrms_Per_Room'。
2025-07-22 20:29:36,505 - INFO - 已创建新特征 'Population_Density'。
2025-07-22 20:29:36,507 - INFO - 已创建新特征 'Lat_x_Lon'。
2025-07-22 20:29:36,507 - INFO - 特征工程完成。
2025-07-22 20:29:36,507 - INFO - 
--- 数据划分与特征缩放 ---
2025-07-22 20:29:36,514 - INFO - 选择 StandardScaler 进行特征缩放。
2025-07-22 20:29:36,520 - INFO - 目标变量已使用 StandardScaler 进行缩放。
2025-07-22 20:29:36,522 - INFO - 训练集特征形状: (16512, 12)
2025-07-22 20:29:36,522 - INFO - 测试集特征形状: (4128, 12)
2025-07-22 20:29:36,522 - INFO - 训练集目标形状: (16512,)
2025-07-22 20:29:36,522 - INFO - 测试集目标形状: (4128,)
2025-07-22 20:29:36,522 - INFO - 数据划分与特征缩放完成。
2025-07-22 20:29:36,532 - INFO - 特征标准化器已保存到: ./models/scaler_ftt_optuna.pkl
2025-07-22 20:29:36,533 - INFO - 目标标准化器已保存到: ./models/target_scaler_ftt_optuna.pkl
2025-07-22 20:29:36,536 - INFO - 
训练集特征形状 (Tensor): torch.Size([12384, 12])
2025-07-22 20:29:36,536 - INFO - 验证集特征形状 (Tensor): torch.Size([4128, 12])
2025-07-22 20:29:36,537 - INFO - 测试集特征形状 (Tensor): torch.Size([4128, 12])
2025-07-22 20:29:36,537 - INFO - 训练集目标形状 (Tensor): torch.Size([12384, 1])
2025-07-22 20:29:36,537 - INFO - 验证集目标形状 (Tensor): torch.Size([4128, 1])
2025-07-22 20:29:36,537 - INFO - 测试集目标形状 (Tensor): torch.Size([4128, 1])
2025-07-22 20:29:36,537 - INFO - 训练数据加载器包含 194 个批次。
2025-07-22 20:29:36,537 - INFO - 验证数据加载器包含 65 个批次。
2025-07-22 20:29:36,538 - INFO - 测试数据加载器包含 65 个批次。
2025-07-22 20:29:36,538 - INFO - 
--- 阶段2: 超参数优化 (Optuna) ---
