2025-07-23 11:11:06,187 - INFO - --- 机器学习房屋价格预测项目 (深度学习版) - 集成FT-Transformer和Optuna启动 ---
2025-07-23 11:11:06,190 - INFO - 已设置随机种子为: 42
2025-07-23 11:11:06,190 - INFO - 
--- 阶段1: 数据获取、探索与预处理 ---
2025-07-23 11:11:06,211 - INFO - 数据从 './data/california_housing.csv' 加载成功！
2025-07-23 11:11:06,212 - INFO - 
--- 数据概览 ---
2025-07-23 11:11:06,212 - INFO - 数据前5行:
2025-07-23 11:11:06,212 - INFO -    MedInc  HouseAge  AveRooms  AveBedrms  Population  AveOccup  Latitude  Longitude  target
0  8.3252        41  6.984127   1.023810         322  2.555556     37.88    -122.23   4.526
1  8.3014        21  6.238137   0.971880        2401  2.109842     37.86    -122.22   3.585
2  7.2574        52  8.288136   1.073446         496  2.802260     37.85    -122.24   3.521
3  5.6431        52  5.817352   1.073059         558  2.547945     37.85    -122.25   3.413
4  3.8462        52  6.281853   1.081081         565  2.181467     37.85    -122.25   3.422
2025-07-23 11:11:06,230 - INFO - 
数据基本信息:
2025-07-23 11:11:06,238 - INFO - <class 'pandas.core.frame.DataFrame'>
RangeIndex: 20640 entries, 0 to 20639
Data columns (total 9 columns):
 #   Column      Non-Null Count  Dtype  
---  ------      --------------  -----  
 0   MedInc      20640 non-null  float64
 1   HouseAge    20640 non-null  int64  
 2   AveRooms    20640 non-null  float64
 3   AveBedrms   20640 non-null  float64
 4   Population  20640 non-null  int64  
 5   AveOccup    20640 non-null  float64
 6   Latitude    20640 non-null  float64
 7   Longitude   20640 non-null  float64
 8   target      20640 non-null  float64
dtypes: float64(7), int64(2)
memory usage: 1.4 MB

2025-07-23 11:11:06,238 - INFO - 
描述性统计:
2025-07-23 11:11:06,250 - INFO -              MedInc      HouseAge      AveRooms     AveBedrms    Population      AveOccup      Latitude     Longitude        target
count  20640.000000  20640.000000  20640.000000  20640.000000  20640.000000  20640.000000  20640.000000  20640.000000  20640.000000
mean       3.870671     28.639486      5.429000      1.096675   1425.476744      3.070655     35.631861   -119.569704      2.068558
std        1.899822     12.585558      2.474173      0.473911   1132.462122     10.386050      2.135952      2.003532      1.153956
min        0.499900      1.000000      0.846154      0.333333      3.000000      0.692308     32.540000   -124.350000      0.149990
25%        2.563400     18.000000      4.440716      1.006079    787.000000      2.429741     33.930000   -121.800000      1.196000
50%        3.534800     29.000000      5.229129      1.048780   1166.000000      2.818116     34.260000   -118.490000      1.797000
75%        4.743250     37.000000      6.052381      1.099526   1725.000000      3.282261     37.710000   -118.010000      2.647250
max       15.000100     52.000000    141.909091     34.066667  35682.000000   1243.333333     41.950000   -114.310000      5.000010
2025-07-23 11:11:06,254 - INFO - 
缺失值检查:
2025-07-23 11:11:06,254 - INFO - MedInc        0
HouseAge      0
AveRooms      0
AveBedrms     0
Population    0
AveOccup      0
Latitude      0
Longitude     0
target        0
dtype: int64
2025-07-23 11:11:06,264 - INFO - 
数据初步探索完成。
2025-07-23 11:11:06,264 - INFO - 
--- 数据初步可视化 ---
2025-07-23 11:11:06,645 - INFO - 图表已保存到: logs\房屋价格分布.png
2025-07-23 11:11:09,859 - INFO - 图表已保存到: logs\特征与房价散点图.png
2025-07-23 11:11:12,758 - INFO - 
数据初步可视化完成。
2025-07-23 11:11:12,758 - INFO - 
--- 缺失值处理 ---
2025-07-23 11:11:12,761 - INFO - 数据集中没有发现缺失值。
2025-07-23 11:11:12,761 - INFO - 
--- 异常值处理 ---
2025-07-23 11:11:12,778 - INFO - 已使用 IQR 方法处理 4523 个异常值 (替换为边界值)。
2025-07-23 11:11:12,778 - INFO - 
--- 特征工程 ---
2025-07-23 11:11:12,781 - INFO - 已创建新特征 'Bedrms_Per_Room'。
2025-07-23 11:11:12,787 - INFO - 已创建新特征 'Population_Density_Geo' (基于地理分桶)。
2025-07-23 11:11:12,789 - INFO - 已创建新特征 'Lat_x_Lon'。
2025-07-23 11:11:12,793 - INFO - 已创建经纬度多项式特征。
2025-07-23 11:11:12,793 - INFO - 已创建新特征 'HouseAge_sq' 和 'HouseAge_log'。
2025-07-23 11:11:12,793 - INFO - 已创建新特征 'MedInc_x_AveRooms'。
2025-07-23 11:11:12,793 - INFO - 已创建新特征 'Rooms_Per_Person'。
2025-07-23 11:11:12,793 - INFO - 特征工程完成。
2025-07-23 11:11:12,793 - INFO - 
--- 数据划分与特征缩放 ---
2025-07-23 11:11:12,806 - INFO - 选择 StandardScaler 进行特征缩放。
2025-07-23 11:11:12,814 - INFO - 目标变量已使用 StandardScaler 进行缩放。
2025-07-23 11:11:12,814 - INFO - 训练集特征形状: (18576, 18)
2025-07-23 11:11:12,814 - INFO - 测试集特征形状: (2064, 18)
2025-07-23 11:11:12,814 - INFO - 训练集目标形状: (18576,)
2025-07-23 11:11:12,814 - INFO - 测试集目标形状: (2064,)
2025-07-23 11:11:12,814 - INFO - 数据划分与特征缩放完成。
2025-07-23 11:11:12,821 - INFO - 特征标准化器已保存到: ./models/scaler_ftt_optuna.pkl
2025-07-23 11:11:12,821 - INFO - 目标标准化器已保存到: ./models/target_scaler_ftt_optuna.pkl
2025-07-23 11:11:12,824 - INFO - 
训练集特征形状 (Tensor): torch.Size([13932, 18])
2025-07-23 11:11:12,824 - INFO - 验证集特征形状 (Tensor): torch.Size([4644, 18])
2025-07-23 11:11:12,824 - INFO - 测试集特征形状 (Tensor): torch.Size([2064, 18])
2025-07-23 11:11:12,824 - INFO - 训练集目标形状 (Tensor): torch.Size([13932, 1])
2025-07-23 11:11:12,824 - INFO - 验证集目标形状 (Tensor): torch.Size([4644, 1])
2025-07-23 11:11:12,824 - INFO - 测试集目标形状 (Tensor): torch.Size([2064, 1])
2025-07-23 11:11:12,824 - INFO - 训练数据加载器包含 218 个批次。
2025-07-23 11:11:12,824 - INFO - 验证数据加载器包含 73 个批次。
2025-07-23 11:11:12,824 - INFO - 测试数据加载器包含 33 个批次。
2025-07-23 11:11:12,824 - INFO - 
--- 阶段2: 超参数优化 (Optuna) ---
2025-07-23 11:11:12,824 - INFO - 
--- 开始 Optuna 超参数优化 (共 50 次试验) ---
2025-07-23 11:11:15,033 - INFO - Trial 0: 选择了 MLP 模型
2025-07-23 11:11:16,723 - INFO - 
--- 模型训练开始 ---
2025-07-23 11:11:19,206 - INFO - Epoch [1/100], 训练损失: 49.0605, 验证损失: 0.4250, 验证 R2 (标准化): 0.5575
2025-07-23 11:11:20,821 - INFO - Epoch [2/100], 训练损失: 0.3177, 验证损失: 0.5583, 验证 R2 (标准化): 0.4187
2025-07-23 11:11:22,455 - INFO - Epoch [3/100], 训练损失: 0.3086, 验证损失: 0.2427, 验证 R2 (标准化): 0.7473
2025-07-23 11:11:24,089 - INFO - Epoch [4/100], 训练损失: 0.2786, 验证损失: 0.3161, 验证 R2 (标准化): 0.6709
2025-07-23 11:11:25,690 - INFO - Epoch [5/100], 训练损失: 0.2573, 验证损失: 0.2501, 验证 R2 (标准化): 0.7396
2025-07-23 11:11:27,304 - INFO - Epoch [6/100], 训练损失: 0.2547, 验证损失: 0.2526, 验证 R2 (标准化): 0.7370
2025-07-23 11:11:28,916 - INFO - Epoch [7/100], 训练损失: 0.2424, 验证损失: 0.2349, 验证 R2 (标准化): 0.7554
2025-07-23 11:11:30,527 - INFO - Epoch [8/100], 训练损失: 0.2285, 验证损失: 0.2289, 验证 R2 (标准化): 0.7617
2025-07-23 11:11:32,141 - INFO - Epoch [9/100], 训练损失: 0.2204, 验证损失: 0.2179, 验证 R2 (标准化): 0.7731
2025-07-23 11:11:33,751 - INFO - Epoch [10/100], 训练损失: 0.2153, 验证损失: 0.2191, 验证 R2 (标准化): 0.7719
2025-07-23 11:11:35,341 - INFO - Epoch [11/100], 训练损失: 0.2092, 验证损失: 0.2266, 验证 R2 (标准化): 0.7640
2025-07-23 11:11:36,929 - INFO - Epoch [12/100], 训练损失: 0.2053, 验证损失: 0.2113, 验证 R2 (标准化): 0.7800
2025-07-23 11:11:38,553 - INFO - Epoch [13/100], 训练损失: 0.2002, 验证损失: 0.2107, 验证 R2 (标准化): 0.7806
2025-07-23 11:11:40,157 - INFO - Epoch [14/100], 训练损失: 0.1984, 验证损失: 0.2240, 验证 R2 (标准化): 0.7667
2025-07-23 11:11:41,744 - INFO - Epoch [15/100], 训练损失: 0.1925, 验证损失: 0.2410, 验证 R2 (标准化): 0.7490
2025-07-23 11:11:43,339 - INFO - Epoch [16/100], 训练损失: 0.1886, 验证损失: 0.2060, 验证 R2 (标准化): 0.7855
2025-07-23 11:11:44,929 - INFO - Epoch [17/100], 训练损失: 0.1860, 验证损失: 0.2004, 验证 R2 (标准化): 0.7913
2025-07-23 11:11:46,525 - INFO - Epoch [18/100], 训练损失: 0.1830, 验证损失: 0.2052, 验证 R2 (标准化): 0.7863
2025-07-23 11:11:48,110 - INFO - Epoch [19/100], 训练损失: 0.1810, 验证损失: 0.2225, 验证 R2 (标准化): 0.7684
2025-07-23 11:11:49,707 - INFO - Epoch [20/100], 训练损失: 0.1765, 验证损失: 0.1965, 验证 R2 (标准化): 0.7954
2025-07-23 11:11:51,323 - INFO - Epoch [21/100], 训练损失: 0.1745, 验证损失: 0.2113, 验证 R2 (标准化): 0.7800
2025-07-23 11:11:52,933 - INFO - Epoch [22/100], 训练损失: 0.1741, 验证损失: 0.2123, 验证 R2 (标准化): 0.7790
2025-07-23 11:11:54,558 - INFO - Epoch [23/100], 训练损失: 0.1678, 验证损失: 0.2020, 验证 R2 (标准化): 0.7897
2025-07-23 11:11:56,205 - INFO - Epoch [24/100], 训练损失: 0.1669, 验证损失: 0.2017, 验证 R2 (标准化): 0.7900
2025-07-23 11:11:57,853 - INFO - Epoch [25/100], 训练损失: 0.1679, 验证损失: 0.1941, 验证 R2 (标准化): 0.7980
2025-07-23 11:11:59,599 - INFO - Epoch [26/100], 训练损失: 0.1625, 验证损失: 0.2034, 验证 R2 (标准化): 0.7882
2025-07-23 11:12:01,303 - INFO - Epoch [27/100], 训练损失: 0.1609, 验证损失: 0.2049, 验证 R2 (标准化): 0.7866
2025-07-23 11:12:02,954 - INFO - Epoch [28/100], 训练损失: 0.1603, 验证损失: 0.2017, 验证 R2 (标准化): 0.7900
2025-07-23 11:12:04,603 - INFO - Epoch [29/100], 训练损失: 0.1573, 验证损失: 0.2204, 验证 R2 (标准化): 0.7705
2025-07-23 11:12:06,204 - INFO - Epoch [30/100], 训练损失: 0.1561, 验证损失: 0.2075, 验证 R2 (标准化): 0.7840
2025-07-23 11:12:07,830 - INFO - Epoch [31/100], 训练损失: 0.1548, 验证损失: 0.2022, 验证 R2 (标准化): 0.7894
2025-07-23 11:12:09,408 - INFO - Epoch [32/100], 训练损失: 0.1514, 验证损失: 0.1996, 验证 R2 (标准化): 0.7921
2025-07-23 11:12:10,991 - INFO - Epoch [33/100], 训练损失: 0.1501, 验证损失: 0.2609, 验证 R2 (标准化): 0.7284
2025-07-23 11:12:12,595 - INFO - Epoch [34/100], 训练损失: 0.1265, 验证损失: 0.1942, 验证 R2 (标准化): 0.7978
2025-07-23 11:12:14,186 - INFO - Epoch [35/100], 训练损失: 0.1200, 验证损失: 0.1892, 验证 R2 (标准化): 0.8030
2025-07-23 11:12:15,784 - INFO - Epoch [36/100], 训练损失: 0.1165, 验证损失: 0.1922, 验证 R2 (标准化): 0.7999
2025-07-23 11:12:17,393 - INFO - Epoch [37/100], 训练损失: 0.1137, 验证损失: 0.1938, 验证 R2 (标准化): 0.7982
2025-07-23 11:12:18,992 - INFO - Epoch [38/100], 训练损失: 0.1112, 验证损失: 0.1921, 验证 R2 (标准化): 0.8000
2025-07-23 11:12:20,582 - INFO - Epoch [39/100], 训练损失: 0.1091, 验证损失: 0.1905, 验证 R2 (标准化): 0.8017
2025-07-23 11:12:22,215 - INFO - Epoch [40/100], 训练损失: 0.1074, 验证损失: 0.1926, 验证 R2 (标准化): 0.7995
2025-07-23 11:12:23,831 - INFO - Epoch [41/100], 训练损失: 0.1051, 验证损失: 0.1986, 验证 R2 (标准化): 0.7933
2025-07-23 11:12:25,438 - INFO - Epoch [42/100], 训练损失: 0.1031, 验证损失: 0.1952, 验证 R2 (标准化): 0.7967
2025-07-23 11:12:27,110 - INFO - Epoch [43/100], 训练损失: 0.1009, 验证损失: 0.1979, 验证 R2 (标准化): 0.7939
2025-07-23 11:12:28,726 - INFO - Epoch [44/100], 训练损失: 0.0911, 验证损失: 0.1944, 验证 R2 (标准化): 0.7976
2025-07-23 11:12:30,391 - INFO - Epoch [45/100], 训练损失: 0.0882, 验证损失: 0.1972, 验证 R2 (标准化): 0.7946
2025-07-23 11:12:31,999 - INFO - Epoch [46/100], 训练损失: 0.0867, 验证损失: 0.1934, 验证 R2 (标准化): 0.7986
2025-07-23 11:12:33,628 - INFO - Epoch [47/100], 训练损失: 0.0854, 验证损失: 0.1967, 验证 R2 (标准化): 0.7952
2025-07-23 11:12:35,223 - INFO - Epoch [48/100], 训练损失: 0.0844, 验证损失: 0.1954, 验证 R2 (标准化): 0.7966
2025-07-23 11:12:36,849 - INFO - Epoch [49/100], 训练损失: 0.0830, 验证损失: 0.1964, 验证 R2 (标准化): 0.7955
2025-07-23 11:12:38,439 - INFO - Epoch [50/100], 训练损失: 0.0819, 验证损失: 0.1987, 验证 R2 (标准化): 0.7931
2025-07-23 11:12:38,440 - INFO - 早停！验证损失在 15 个epoch内没有显著改善。
2025-07-23 11:12:38,441 - INFO - --- 模型训练完成 ---
2025-07-23 11:12:38,719 - INFO - 图表已保存到: logs\训练与验证损失曲线.png
2025-07-23 11:12:49,069 - INFO - 图表已保存到: logs\验证集R2分数曲线.png
2025-07-23 11:12:56,245 - INFO - Trial 1: 选择了 MLP 模型
2025-07-23 11:12:56,245 - INFO - 
--- 模型训练开始 ---
2025-07-23 11:12:58,936 - INFO - Epoch [1/100], 训练损失: 0.4969, 验证损失: 0.2732, 验证 R2 (标准化): 0.7155
2025-07-23 11:13:01,482 - INFO - Epoch [2/100], 训练损失: 0.2474, 验证损失: 0.2450, 验证 R2 (标准化): 0.7449
2025-07-23 11:13:04,006 - INFO - Epoch [3/100], 训练损失: 0.2323, 验证损失: 0.2657, 验证 R2 (标准化): 0.7234
2025-07-23 11:13:06,579 - INFO - Epoch [4/100], 训练损失: 0.2275, 验证损失: 0.2257, 验证 R2 (标准化): 0.7650
2025-07-23 11:13:09,121 - INFO - Epoch [5/100], 训练损失: 0.2169, 验证损失: 0.2157, 验证 R2 (标准化): 0.7754
2025-07-23 11:13:11,684 - INFO - Epoch [6/100], 训练损失: 0.2093, 验证损失: 0.2072, 验证 R2 (标准化): 0.7843
2025-07-23 11:13:14,410 - INFO - Epoch [7/100], 训练损失: 0.2074, 验证损失: 0.2359, 验证 R2 (标准化): 0.7544
2025-07-23 11:13:17,146 - INFO - Epoch [8/100], 训练损失: 0.1986, 验证损失: 0.2162, 验证 R2 (标准化): 0.7749
2025-07-23 11:13:19,850 - INFO - Epoch [9/100], 训练损失: 0.1982, 验证损失: 0.2180, 验证 R2 (标准化): 0.7730
2025-07-23 11:13:23,191 - INFO - Epoch [10/100], 训练损失: 0.1970, 验证损失: 0.2074, 验证 R2 (标准化): 0.7841
2025-07-23 11:13:26,129 - INFO - Epoch [11/100], 训练损失: 0.1888, 验证损失: 0.2051, 验证 R2 (标准化): 0.7865
2025-07-23 11:13:28,758 - INFO - Epoch [12/100], 训练损失: 0.1882, 验证损失: 0.2651, 验证 R2 (标准化): 0.7240
2025-07-23 11:13:31,317 - INFO - Epoch [13/100], 训练损失: 0.1923, 验证损失: 0.2137, 验证 R2 (标准化): 0.7775
2025-07-23 11:13:33,967 - INFO - Epoch [14/100], 训练损失: 0.1857, 验证损失: 0.2146, 验证 R2 (标准化): 0.7766
2025-07-23 11:13:36,701 - INFO - Epoch [15/100], 训练损失: 0.1783, 验证损失: 0.2046, 验证 R2 (标准化): 0.7870
2025-07-23 11:13:39,317 - INFO - Epoch [16/100], 训练损失: 0.1771, 验证损失: 0.2081, 验证 R2 (标准化): 0.7833
2025-07-23 11:13:41,914 - INFO - Epoch [17/100], 训练损失: 0.1730, 验证损失: 0.2123, 验证 R2 (标准化): 0.7790
2025-07-23 11:13:44,471 - INFO - Epoch [18/100], 训练损失: 0.1696, 验证损失: 0.1983, 验证 R2 (标准化): 0.7935
2025-07-23 11:13:47,110 - INFO - Epoch [19/100], 训练损失: 0.1715, 验证损失: 0.2078, 验证 R2 (标准化): 0.7837
2025-07-23 11:13:49,734 - INFO - Epoch [20/100], 训练损失: 0.1648, 验证损失: 0.2031, 验证 R2 (标准化): 0.7886
2025-07-23 11:13:52,344 - INFO - Epoch [21/100], 训练损失: 0.1609, 验证损失: 0.1996, 验证 R2 (标准化): 0.7922
2025-07-23 11:13:54,711 - INFO - Epoch [22/100], 训练损失: 0.1602, 验证损失: 0.2020, 验证 R2 (标准化): 0.7896
2025-07-23 11:13:57,089 - INFO - Epoch [23/100], 训练损失: 0.1625, 验证损失: 0.2084, 验证 R2 (标准化): 0.7830
2025-07-23 11:13:59,469 - INFO - Epoch [24/100], 训练损失: 0.1571, 验证损失: 0.2078, 验证 R2 (标准化): 0.7836
2025-07-23 11:14:01,815 - INFO - Epoch [25/100], 训练损失: 0.1535, 验证损失: 0.2052, 验证 R2 (标准化): 0.7864
2025-07-23 11:14:04,168 - INFO - Epoch [26/100], 训练损失: 0.1463, 验证损失: 0.2270, 验证 R2 (标准化): 0.7636
2025-07-23 11:14:06,580 - INFO - Epoch [27/100], 训练损失: 0.1193, 验证损失: 0.1918, 验证 R2 (标准化): 0.8003
2025-07-23 11:14:09,127 - INFO - Epoch [28/100], 训练损失: 0.1048, 验证损失: 0.1974, 验证 R2 (标准化): 0.7945
2025-07-23 11:14:11,482 - INFO - Epoch [29/100], 训练损失: 0.0979, 验证损失: 0.1952, 验证 R2 (标准化): 0.7968
2025-07-23 11:14:13,914 - INFO - Epoch [30/100], 训练损失: 0.0929, 验证损失: 0.2023, 验证 R2 (标准化): 0.7894
2025-07-23 11:14:16,347 - INFO - Epoch [31/100], 训练损失: 0.0880, 验证损失: 0.2052, 验证 R2 (标准化): 0.7864
2025-07-23 11:14:18,889 - INFO - Epoch [32/100], 训练损失: 0.0853, 验证损失: 0.2068, 验证 R2 (标准化): 0.7847
2025-07-23 11:14:21,328 - INFO - Epoch [33/100], 训练损失: 0.0784, 验证损失: 0.2075, 验证 R2 (标准化): 0.7839
2025-07-23 11:14:23,723 - INFO - Epoch [34/100], 训练损失: 0.0741, 验证损失: 0.2099, 验证 R2 (标准化): 0.7814
2025-07-23 11:14:26,233 - INFO - Epoch [35/100], 训练损失: 0.0701, 验证损失: 0.2099, 验证 R2 (标准化): 0.7815
2025-07-23 11:14:28,763 - INFO - Epoch [36/100], 训练损失: 0.0562, 验证损失: 0.2118, 验证 R2 (标准化): 0.7795
2025-07-23 11:14:31,206 - INFO - Epoch [37/100], 训练损失: 0.0495, 验证损失: 0.2152, 验证 R2 (标准化): 0.7760
2025-07-23 11:14:33,641 - INFO - Epoch [38/100], 训练损失: 0.0461, 验证损失: 0.2147, 验证 R2 (标准化): 0.7765
2025-07-23 11:14:36,040 - INFO - Epoch [39/100], 训练损失: 0.0433, 验证损失: 0.2176, 验证 R2 (标准化): 0.7735
2025-07-23 11:14:38,464 - INFO - Epoch [40/100], 训练损失: 0.0402, 验证损失: 0.2197, 验证 R2 (标准化): 0.7713
2025-07-23 11:14:40,865 - INFO - Epoch [41/100], 训练损失: 0.0379, 验证损失: 0.2206, 验证 R2 (标准化): 0.7704
2025-07-23 11:14:43,287 - INFO - Epoch [42/100], 训练损失: 0.0355, 验证损失: 0.2198, 验证 R2 (标准化): 0.7712
2025-07-23 11:14:43,287 - INFO - 早停！验证损失在 15 个epoch内没有显著改善。
2025-07-23 11:14:43,289 - INFO - --- 模型训练完成 ---
2025-07-23 11:14:43,460 - INFO - 图表已保存到: logs\训练与验证损失曲线.png
2025-07-23 11:14:46,786 - INFO - 图表已保存到: logs\验证集R2分数曲线.png
2025-07-23 11:14:49,912 - INFO - Trial 2: 选择了 MLP 模型
2025-07-23 11:14:49,912 - INFO - 
--- 模型训练开始 ---
2025-07-23 11:14:52,954 - INFO - Epoch [1/100], 训练损失: 0.5644, 验证损失: 0.2942, 验证 R2 (标准化): 0.6937
2025-07-23 11:14:55,687 - INFO - Epoch [2/100], 训练损失: 0.2575, 验证损失: 0.2518, 验证 R2 (标准化): 0.7378
2025-07-23 11:14:58,168 - INFO - Epoch [3/100], 训练损失: 0.2272, 验证损失: 0.2724, 验证 R2 (标准化): 0.7164
2025-07-23 11:15:00,877 - INFO - Epoch [4/100], 训练损失: 0.2158, 验证损失: 0.2256, 验证 R2 (标准化): 0.7651
2025-07-23 11:15:03,772 - INFO - Epoch [5/100], 训练损失: 0.2117, 验证损失: 0.2463, 验证 R2 (标准化): 0.7435
2025-07-23 11:15:06,262 - INFO - Epoch [6/100], 训练损失: 0.2060, 验证损失: 0.2275, 验证 R2 (标准化): 0.7632
2025-07-23 11:15:08,773 - INFO - Epoch [7/100], 训练损失: 0.1998, 验证损失: 0.2211, 验证 R2 (标准化): 0.7698
2025-07-23 11:15:11,304 - INFO - Epoch [8/100], 训练损失: 0.1919, 验证损失: 0.2148, 验证 R2 (标准化): 0.7763
2025-07-23 11:15:13,797 - INFO - Epoch [9/100], 训练损失: 0.1869, 验证损失: 0.2459, 验证 R2 (标准化): 0.7439
2025-07-23 11:15:16,295 - INFO - Epoch [10/100], 训练损失: 0.1888, 验证损失: 0.2218, 验证 R2 (标准化): 0.7691
2025-07-23 11:15:18,864 - INFO - Epoch [11/100], 训练损失: 0.1883, 验证损失: 0.2293, 验证 R2 (标准化): 0.7613
2025-07-23 11:15:21,363 - INFO - Epoch [12/100], 训练损失: 0.1803, 验证损失: 0.2215, 验证 R2 (标准化): 0.7694
2025-07-23 11:15:23,920 - INFO - Epoch [13/100], 训练损失: 0.1739, 验证损失: 0.2191, 验证 R2 (标准化): 0.7719
2025-07-23 11:15:26,372 - INFO - Epoch [14/100], 训练损失: 0.1770, 验证损失: 0.2259, 验证 R2 (标准化): 0.7648
2025-07-23 11:15:28,955 - INFO - Epoch [15/100], 训练损失: 0.1705, 验证损失: 0.2169, 验证 R2 (标准化): 0.7742
2025-07-23 11:15:31,857 - INFO - Epoch [16/100], 训练损失: 0.1673, 验证损失: 0.2128, 验证 R2 (标准化): 0.7784
2025-07-23 11:15:34,707 - INFO - Epoch [17/100], 训练损失: 0.1608, 验证损失: 0.2153, 验证 R2 (标准化): 0.7758
2025-07-23 11:15:37,688 - INFO - Epoch [18/100], 训练损失: 0.1609, 验证损失: 0.2084, 验证 R2 (标准化): 0.7831
2025-07-23 11:15:40,544 - INFO - Epoch [19/100], 训练损失: 0.1651, 验证损失: 0.2119, 验证 R2 (标准化): 0.7793
2025-07-23 11:15:43,342 - INFO - Epoch [20/100], 训练损失: 0.1512, 验证损失: 0.2090, 验证 R2 (标准化): 0.7824
2025-07-23 11:15:46,294 - INFO - Epoch [21/100], 训练损失: 0.1489, 验证损失: 0.2328, 验证 R2 (标准化): 0.7576
2025-07-23 11:15:49,378 - INFO - Epoch [22/100], 训练损失: 0.1500, 验证损失: 0.2197, 验证 R2 (标准化): 0.7713
2025-07-23 11:15:51,982 - INFO - Epoch [23/100], 训练损失: 0.1444, 验证损失: 0.2241, 验证 R2 (标准化): 0.7667
2025-07-23 11:15:54,555 - INFO - Epoch [24/100], 训练损失: 0.1430, 验证损失: 0.2079, 验证 R2 (标准化): 0.7835
2025-07-23 11:15:57,108 - INFO - Epoch [25/100], 训练损失: 0.1389, 验证损失: 0.2104, 验证 R2 (标准化): 0.7809
2025-07-23 11:15:59,618 - INFO - Epoch [26/100], 训练损失: 0.1342, 验证损失: 0.2113, 验证 R2 (标准化): 0.7800
2025-07-23 11:16:02,147 - INFO - Epoch [27/100], 训练损失: 0.1313, 验证损失: 0.2158, 验证 R2 (标准化): 0.7753
2025-07-23 11:16:04,722 - INFO - Epoch [28/100], 训练损失: 0.1337, 验证损失: 0.2229, 验证 R2 (标准化): 0.7679
2025-07-23 11:16:07,362 - INFO - Epoch [29/100], 训练损失: 0.1336, 验证损失: 0.2184, 验证 R2 (标准化): 0.7726
2025-07-23 11:16:10,050 - INFO - Epoch [30/100], 训练损失: 0.1299, 验证损失: 0.2048, 验证 R2 (标准化): 0.7868
2025-07-23 11:16:12,625 - INFO - Epoch [31/100], 训练损失: 0.1255, 验证损失: 0.2164, 验证 R2 (标准化): 0.7747
2025-07-23 11:16:15,218 - INFO - Epoch [32/100], 训练损失: 0.1193, 验证损失: 0.2186, 验证 R2 (标准化): 0.7723
2025-07-23 11:16:17,853 - INFO - Epoch [33/100], 训练损失: 0.1133, 验证损失: 0.2215, 验证 R2 (标准化): 0.7694
2025-07-23 11:16:20,564 - INFO - Epoch [34/100], 训练损失: 0.1074, 验证损失: 0.2138, 验证 R2 (标准化): 0.7774
2025-07-23 11:16:23,340 - INFO - Epoch [35/100], 训练损失: 0.1101, 验证损失: 0.2317, 验证 R2 (标准化): 0.7587
2025-07-23 11:16:26,184 - INFO - Epoch [36/100], 训练损失: 0.1055, 验证损失: 0.2270, 验证 R2 (标准化): 0.7637
2025-07-23 11:16:28,985 - INFO - Epoch [37/100], 训练损失: 0.0989, 验证损失: 0.2324, 验证 R2 (标准化): 0.7580
2025-07-23 11:16:31,623 - INFO - Epoch [38/100], 训练损失: 0.1016, 验证损失: 0.2167, 验证 R2 (标准化): 0.7743
2025-07-23 11:16:34,311 - INFO - Epoch [39/100], 训练损失: 0.0754, 验证损失: 0.2059, 验证 R2 (标准化): 0.7856
2025-07-23 11:16:36,886 - INFO - Epoch [40/100], 训练损失: 0.0595, 验证损失: 0.2107, 验证 R2 (标准化): 0.7806
2025-07-23 11:16:39,457 - INFO - Epoch [41/100], 训练损失: 0.0530, 验证损失: 0.2103, 验证 R2 (标准化): 0.7810
2025-07-23 11:16:42,289 - INFO - Epoch [42/100], 训练损失: 0.0477, 验证损失: 0.2117, 验证 R2 (标准化): 0.7795
2025-07-23 11:16:45,331 - INFO - Epoch [43/100], 训练损失: 0.0439, 验证损失: 0.2123, 验证 R2 (标准化): 0.7790
2025-07-23 11:16:48,282 - INFO - Epoch [44/100], 训练损失: 0.0406, 验证损失: 0.2145, 验证 R2 (标准化): 0.7767
2025-07-23 11:16:50,915 - INFO - Epoch [45/100], 训练损失: 0.0382, 验证损失: 0.2144, 验证 R2 (标准化): 0.7768
2025-07-23 11:16:50,915 - INFO - 早停！验证损失在 15 个epoch内没有显著改善。
2025-07-23 11:16:50,918 - INFO - --- 模型训练完成 ---
2025-07-23 11:16:51,064 - INFO - 图表已保存到: logs\训练与验证损失曲线.png
2025-07-23 11:16:54,935 - INFO - 图表已保存到: logs\验证集R2分数曲线.png
2025-07-23 11:16:56,845 - INFO - Trial 3: 选择了 FT-Transformer 模型
2025-07-23 11:16:56,846 - INFO - 
--- 模型训练开始 ---
2025-07-23 11:17:09,990 - INFO - Epoch [1/100], 训练损失: 0.4101, 验证损失: 0.3082, 验证 R2 (标准化): 0.6791
2025-07-23 11:17:22,493 - INFO - Epoch [2/100], 训练损失: 0.2731, 验证损失: 0.2556, 验证 R2 (标准化): 0.7338
2025-07-23 11:17:35,177 - INFO - Epoch [3/100], 训练损失: 0.2521, 验证损失: 0.2451, 验证 R2 (标准化): 0.7448
2025-07-23 11:17:48,097 - INFO - Epoch [4/100], 训练损失: 0.2373, 验证损失: 0.2231, 验证 R2 (标准化): 0.7677
2025-07-23 11:18:01,236 - INFO - Epoch [5/100], 训练损失: 0.2308, 验证损失: 0.2327, 验证 R2 (标准化): 0.7577
2025-07-23 11:18:14,088 - INFO - Epoch [6/100], 训练损失: 0.2218, 验证损失: 0.2146, 验证 R2 (标准化): 0.7766
2025-07-23 11:18:27,099 - INFO - Epoch [7/100], 训练损失: 0.2143, 验证损失: 0.2074, 验证 R2 (标准化): 0.7841
2025-07-23 11:18:39,905 - INFO - Epoch [8/100], 训练损失: 0.2079, 验证损失: 0.2065, 验证 R2 (标准化): 0.7850
2025-07-23 11:18:52,678 - INFO - Epoch [9/100], 训练损失: 0.2069, 验证损失: 0.2064, 验证 R2 (标准化): 0.7851
2025-07-23 11:19:05,501 - INFO - Epoch [10/100], 训练损失: 0.2004, 验证损失: 0.2044, 验证 R2 (标准化): 0.7872
2025-07-23 11:19:18,478 - INFO - Epoch [11/100], 训练损失: 0.1977, 验证损失: 0.2162, 验证 R2 (标准化): 0.7749
2025-07-23 11:19:31,423 - INFO - Epoch [12/100], 训练损失: 0.1945, 验证损失: 0.1948, 验证 R2 (标准化): 0.7972
2025-07-23 11:19:44,577 - INFO - Epoch [13/100], 训练损失: 0.1920, 验证损失: 0.1975, 验证 R2 (标准化): 0.7943
2025-07-23 11:19:57,588 - INFO - Epoch [14/100], 训练损失: 0.1894, 验证损失: 0.1970, 验证 R2 (标准化): 0.7949
2025-07-23 11:20:10,449 - INFO - Epoch [15/100], 训练损失: 0.1863, 验证损失: 0.1912, 验证 R2 (标准化): 0.8009
2025-07-23 11:20:23,449 - INFO - Epoch [16/100], 训练损失: 0.1842, 验证损失: 0.1903, 验证 R2 (标准化): 0.8019
2025-07-23 11:20:36,519 - INFO - Epoch [17/100], 训练损失: 0.1800, 验证损失: 0.1902, 验证 R2 (标准化): 0.8020
2025-07-23 11:20:49,549 - INFO - Epoch [18/100], 训练损失: 0.1785, 验证损失: 0.1983, 验证 R2 (标准化): 0.7935
2025-07-23 11:21:02,470 - INFO - Epoch [19/100], 训练损失: 0.1739, 验证损失: 0.1962, 验证 R2 (标准化): 0.7957
2025-07-23 11:21:15,463 - INFO - Epoch [20/100], 训练损失: 0.1719, 验证损失: 0.1974, 验证 R2 (标准化): 0.7945
2025-07-23 11:21:28,353 - INFO - Epoch [21/100], 训练损失: 0.1687, 验证损失: 0.2092, 验证 R2 (标准化): 0.7822
2025-07-23 11:21:41,227 - INFO - Epoch [22/100], 训练损失: 0.1681, 验证损失: 0.1808, 验证 R2 (标准化): 0.8118
2025-07-23 11:21:54,144 - INFO - Epoch [23/100], 训练损失: 0.1653, 验证损失: 0.1883, 验证 R2 (标准化): 0.8039
2025-07-23 11:22:07,003 - INFO - Epoch [24/100], 训练损失: 0.1625, 验证损失: 0.1856, 验证 R2 (标准化): 0.8068
2025-07-23 11:22:19,831 - INFO - Epoch [25/100], 训练损失: 0.1603, 验证损失: 0.1898, 验证 R2 (标准化): 0.8024
2025-07-23 11:22:32,692 - INFO - Epoch [26/100], 训练损失: 0.1588, 验证损失: 0.1834, 验证 R2 (标准化): 0.8090
2025-07-23 11:22:45,635 - INFO - Epoch [27/100], 训练损失: 0.1577, 验证损失: 0.1913, 验证 R2 (标准化): 0.8008
2025-07-23 11:22:58,734 - INFO - Epoch [28/100], 训练损失: 0.1534, 验证损失: 0.1799, 验证 R2 (标准化): 0.8127
2025-07-23 11:23:11,605 - INFO - Epoch [29/100], 训练损失: 0.1519, 验证损失: 0.1875, 验证 R2 (标准化): 0.8048
2025-07-23 11:23:24,622 - INFO - Epoch [30/100], 训练损失: 0.1521, 验证损失: 0.1892, 验证 R2 (标准化): 0.8030
2025-07-23 11:23:37,613 - INFO - Epoch [31/100], 训练损失: 0.1484, 验证损失: 0.1838, 验证 R2 (标准化): 0.8087
2025-07-23 11:23:50,591 - INFO - Epoch [32/100], 训练损失: 0.1460, 验证损失: 0.1745, 验证 R2 (标准化): 0.8183
2025-07-23 11:24:03,570 - INFO - Epoch [33/100], 训练损失: 0.1454, 验证损失: 0.1750, 验证 R2 (标准化): 0.8178
2025-07-23 11:24:16,542 - INFO - Epoch [34/100], 训练损失: 0.1431, 验证损失: 0.1781, 验证 R2 (标准化): 0.8145
2025-07-23 11:24:29,475 - INFO - Epoch [35/100], 训练损失: 0.1414, 验证损失: 0.1741, 验证 R2 (标准化): 0.8187
2025-07-23 11:24:42,471 - INFO - Epoch [36/100], 训练损失: 0.1397, 验证损失: 0.1861, 验证 R2 (标准化): 0.8063
2025-07-23 11:24:55,450 - INFO - Epoch [37/100], 训练损失: 0.1371, 验证损失: 0.1885, 验证 R2 (标准化): 0.8037
2025-07-23 11:25:08,444 - INFO - Epoch [38/100], 训练损失: 0.1370, 验证损失: 0.1879, 验证 R2 (标准化): 0.8044
2025-07-23 11:25:21,462 - INFO - Epoch [39/100], 训练损失: 0.1348, 验证损失: 0.1758, 验证 R2 (标准化): 0.8169
2025-07-23 11:25:34,873 - INFO - Epoch [40/100], 训练损失: 0.1321, 验证损失: 0.1864, 验证 R2 (标准化): 0.8060
2025-07-23 11:25:48,097 - INFO - Epoch [41/100], 训练损失: 0.1312, 验证损失: 0.1747, 验证 R2 (标准化): 0.8181
2025-07-23 11:26:01,088 - INFO - Epoch [42/100], 训练损失: 0.1299, 验证损失: 0.1775, 验证 R2 (标准化): 0.8152
2025-07-23 11:26:14,014 - INFO - Epoch [43/100], 训练损失: 0.1286, 验证损失: 0.1843, 验证 R2 (标准化): 0.8081
2025-07-23 11:26:26,864 - INFO - Epoch [44/100], 训练损失: 0.1140, 验证损失: 0.1676, 验证 R2 (标准化): 0.8255
2025-07-23 11:26:39,714 - INFO - Epoch [45/100], 训练损失: 0.1123, 验证损失: 0.1668, 验证 R2 (标准化): 0.8264
2025-07-23 11:26:52,485 - INFO - Epoch [46/100], 训练损失: 0.1115, 验证损失: 0.1687, 验证 R2 (标准化): 0.8244
2025-07-23 11:27:05,203 - INFO - Epoch [47/100], 训练损失: 0.1107, 验证损失: 0.1676, 验证 R2 (标准化): 0.8255
2025-07-23 11:27:18,192 - INFO - Epoch [48/100], 训练损失: 0.1096, 验证损失: 0.1673, 验证 R2 (标准化): 0.8258
2025-07-23 11:27:31,303 - INFO - Epoch [49/100], 训练损失: 0.1084, 验证损失: 0.1672, 验证 R2 (标准化): 0.8259
2025-07-23 11:27:44,069 - INFO - Epoch [50/100], 训练损失: 0.1079, 验证损失: 0.1674, 验证 R2 (标准化): 0.8257
2025-07-23 11:27:56,909 - INFO - Epoch [51/100], 训练损失: 0.1072, 验证损失: 0.1670, 验证 R2 (标准化): 0.8262
2025-07-23 11:28:09,762 - INFO - Epoch [52/100], 训练损失: 0.1063, 验证损失: 0.1651, 验证 R2 (标准化): 0.8281
2025-07-23 11:28:22,626 - INFO - Epoch [53/100], 训练损失: 0.1054, 验证损失: 0.1664, 验证 R2 (标准化): 0.8268
2025-07-23 11:28:35,447 - INFO - Epoch [54/100], 训练损失: 0.1046, 验证损失: 0.1676, 验证 R2 (标准化): 0.8255
2025-07-23 11:28:48,296 - INFO - Epoch [55/100], 训练损失: 0.1039, 验证损失: 0.1669, 验证 R2 (标准化): 0.8262
2025-07-23 11:29:01,121 - INFO - Epoch [56/100], 训练损失: 0.1028, 验证损失: 0.1666, 验证 R2 (标准化): 0.8266
2025-07-23 11:29:14,039 - INFO - Epoch [57/100], 训练损失: 0.1024, 验证损失: 0.1658, 验证 R2 (标准化): 0.8274
2025-07-23 11:29:27,010 - INFO - Epoch [58/100], 训练损失: 0.1015, 验证损失: 0.1651, 验证 R2 (标准化): 0.8281
2025-07-23 11:29:40,002 - INFO - Epoch [59/100], 训练损失: 0.1009, 验证损失: 0.1702, 验证 R2 (标准化): 0.8228
2025-07-23 11:29:52,977 - INFO - Epoch [60/100], 训练损失: 0.1000, 验证损失: 0.1687, 验证 R2 (标准化): 0.8244
2025-07-23 11:30:06,013 - INFO - Epoch [61/100], 训练损失: 0.0955, 验证损失: 0.1645, 验证 R2 (标准化): 0.8287
2025-07-23 11:30:19,011 - INFO - Epoch [62/100], 训练损失: 0.0952, 验证损失: 0.1645, 验证 R2 (标准化): 0.8288
2025-07-23 11:30:31,874 - INFO - Epoch [63/100], 训练损失: 0.0947, 验证损失: 0.1651, 验证 R2 (标准化): 0.8281
2025-07-23 11:30:44,571 - INFO - Epoch [64/100], 训练损失: 0.0945, 验证损失: 0.1654, 验证 R2 (标准化): 0.8278
2025-07-23 11:30:57,212 - INFO - Epoch [65/100], 训练损失: 0.0941, 验证损失: 0.1645, 验证 R2 (标准化): 0.8287
2025-07-23 11:31:09,828 - INFO - Epoch [66/100], 训练损失: 0.0940, 验证损失: 0.1652, 验证 R2 (标准化): 0.8280
2025-07-23 11:31:22,334 - INFO - Epoch [67/100], 训练损失: 0.0937, 验证损失: 0.1661, 验证 R2 (标准化): 0.8271
2025-07-23 11:31:34,867 - INFO - Epoch [68/100], 训练损失: 0.0934, 验证损失: 0.1656, 验证 R2 (标准化): 0.8275
2025-07-23 11:31:47,413 - INFO - Epoch [69/100], 训练损失: 0.0932, 验证损失: 0.1653, 验证 R2 (标准化): 0.8279
2025-07-23 11:32:00,160 - INFO - Epoch [70/100], 训练损失: 0.0930, 验证损失: 0.1653, 验证 R2 (标准化): 0.8279
2025-07-23 11:32:12,735 - INFO - Epoch [71/100], 训练损失: 0.0914, 验证损失: 0.1645, 验证 R2 (标准化): 0.8288
2025-07-23 11:32:25,220 - INFO - Epoch [72/100], 训练损失: 0.0912, 验证损失: 0.1645, 验证 R2 (标准化): 0.8287
2025-07-23 11:32:37,738 - INFO - Epoch [73/100], 训练损失: 0.0911, 验证损失: 0.1646, 验证 R2 (标准化): 0.8286
2025-07-23 11:32:50,277 - INFO - Epoch [74/100], 训练损失: 0.0911, 验证损失: 0.1644, 验证 R2 (标准化): 0.8288
2025-07-23 11:33:02,751 - INFO - Epoch [75/100], 训练损失: 0.0910, 验证损失: 0.1647, 验证 R2 (标准化): 0.8286
2025-07-23 11:33:15,256 - INFO - Epoch [76/100], 训练损失: 0.0909, 验证损失: 0.1646, 验证 R2 (标准化): 0.8287
2025-07-23 11:33:27,795 - INFO - Epoch [77/100], 训练损失: 0.0909, 验证损失: 0.1645, 验证 R2 (标准化): 0.8287
2025-07-23 11:33:40,322 - INFO - Epoch [78/100], 训练损失: 0.0908, 验证损失: 0.1644, 验证 R2 (标准化): 0.8288
2025-07-23 11:33:52,868 - INFO - Epoch [79/100], 训练损失: 0.0906, 验证损失: 0.1647, 验证 R2 (标准化): 0.8285
2025-07-23 11:34:05,326 - INFO - Epoch [80/100], 训练损失: 0.0906, 验证损失: 0.1648, 验证 R2 (标准化): 0.8284
2025-07-23 11:34:17,831 - INFO - Epoch [81/100], 训练损失: 0.0905, 验证损失: 0.1648, 验证 R2 (标准化): 0.8285
2025-07-23 11:34:30,361 - INFO - Epoch [82/100], 训练损失: 0.0903, 验证损失: 0.1647, 验证 R2 (标准化): 0.8285
2025-07-23 11:34:42,917 - INFO - Epoch [83/100], 训练损失: 0.0899, 验证损失: 0.1644, 验证 R2 (标准化): 0.8288
2025-07-23 11:34:55,480 - INFO - Epoch [84/100], 训练损失: 0.0899, 验证损失: 0.1644, 验证 R2 (标准化): 0.8288
2025-07-23 11:35:07,994 - INFO - Epoch [85/100], 训练损失: 0.0898, 验证损失: 0.1645, 验证 R2 (标准化): 0.8287
2025-07-23 11:35:20,534 - INFO - Epoch [86/100], 训练损失: 0.0898, 验证损失: 0.1645, 验证 R2 (标准化): 0.8288
2025-07-23 11:35:33,023 - INFO - Epoch [87/100], 训练损失: 0.0898, 验证损失: 0.1645, 验证 R2 (标准化): 0.8287
2025-07-23 11:35:45,504 - INFO - Epoch [88/100], 训练损失: 0.0898, 验证损失: 0.1644, 验证 R2 (标准化): 0.8288
2025-07-23 11:35:58,100 - INFO - Epoch [89/100], 训练损失: 0.0897, 验证损失: 0.1645, 验证 R2 (标准化): 0.8288
2025-07-23 11:36:11,242 - INFO - Epoch [90/100], 训练损失: 0.0897, 验证损失: 0.1645, 验证 R2 (标准化): 0.8288
2025-07-23 11:36:24,377 - INFO - Epoch [91/100], 训练损失: 0.0896, 验证损失: 0.1645, 验证 R2 (标准化): 0.8288
2025-07-23 11:36:37,901 - INFO - Epoch [92/100], 训练损失: 0.0895, 验证损失: 0.1645, 验证 R2 (标准化): 0.8288
2025-07-23 11:36:51,754 - INFO - Epoch [93/100], 训练损失: 0.0895, 验证损失: 0.1645, 验证 R2 (标准化): 0.8288
2025-07-23 11:36:51,754 - INFO - 早停！验证损失在 15 个epoch内没有显著改善。
2025-07-23 11:36:51,763 - INFO - --- 模型训练完成 ---
2025-07-23 11:36:51,936 - INFO - 图表已保存到: logs\训练与验证损失曲线.png
2025-07-23 11:36:54,782 - INFO - 图表已保存到: logs\验证集R2分数曲线.png
2025-07-23 11:37:00,662 - INFO - Trial 4: 选择了 FT-Transformer 模型
2025-07-23 11:37:00,664 - INFO - 
--- 模型训练开始 ---
2025-07-23 11:37:15,499 - INFO - Epoch [1/100], 训练损失: 0.4771, 验证损失: 0.3057, 验证 R2 (标准化): 0.6817
2025-07-23 11:37:29,199 - INFO - Epoch [2/100], 训练损失: 0.2923, 验证损失: 0.2679, 验证 R2 (标准化): 0.7210
2025-07-23 11:37:42,782 - INFO - Epoch [3/100], 训练损失: 0.2697, 验证损失: 0.2791, 验证 R2 (标准化): 0.7094
2025-07-23 11:37:56,349 - INFO - Epoch [4/100], 训练损失: 0.2581, 验证损失: 0.2519, 验证 R2 (标准化): 0.7377
2025-07-23 11:38:09,951 - INFO - Epoch [5/100], 训练损失: 0.2554, 验证损失: 0.2561, 验证 R2 (标准化): 0.7333
2025-07-23 11:38:23,520 - INFO - Epoch [6/100], 训练损失: 0.2452, 验证损失: 0.2356, 验证 R2 (标准化): 0.7547
2025-07-23 11:38:37,033 - INFO - Epoch [7/100], 训练损失: 0.2375, 验证损失: 0.2287, 验证 R2 (标准化): 0.7619
2025-07-23 11:38:50,633 - INFO - Epoch [8/100], 训练损失: 0.2337, 验证损失: 0.2245, 验证 R2 (标准化): 0.7662
2025-07-23 11:39:04,187 - INFO - Epoch [9/100], 训练损失: 0.2305, 验证损失: 0.2218, 验证 R2 (标准化): 0.7691
2025-07-23 11:39:17,768 - INFO - Epoch [10/100], 训练损失: 0.2232, 验证损失: 0.2360, 验证 R2 (标准化): 0.7543
2025-07-23 11:39:31,293 - INFO - Epoch [11/100], 训练损失: 0.2210, 验证损失: 0.2382, 验证 R2 (标准化): 0.7520
2025-07-23 11:39:44,797 - INFO - Epoch [12/100], 训练损失: 0.2161, 验证损失: 0.2165, 验证 R2 (标准化): 0.7745
2025-07-23 11:39:58,357 - INFO - Epoch [13/100], 训练损失: 0.2153, 验证损失: 0.2172, 验证 R2 (标准化): 0.7739
2025-07-23 11:40:11,936 - INFO - Epoch [14/100], 训练损失: 0.2108, 验证损失: 0.2209, 验证 R2 (标准化): 0.7700
2025-07-23 11:40:25,440 - INFO - Epoch [15/100], 训练损失: 0.2126, 验证损失: 0.2270, 验证 R2 (标准化): 0.7637
2025-07-23 11:40:38,978 - INFO - Epoch [16/100], 训练损失: 0.2038, 验证损失: 0.2109, 验证 R2 (标准化): 0.7804
2025-07-23 11:40:52,517 - INFO - Epoch [17/100], 训练损失: 0.2089, 验证损失: 0.2116, 验证 R2 (标准化): 0.7797
2025-07-23 11:41:06,057 - INFO - Epoch [18/100], 训练损失: 0.2018, 验证损失: 0.2142, 验证 R2 (标准化): 0.7770
2025-07-23 11:41:19,974 - INFO - Epoch [19/100], 训练损失: 0.2007, 验证损失: 0.2478, 验证 R2 (标准化): 0.7420
2025-07-23 11:41:34,420 - INFO - Epoch [20/100], 训练损失: 0.1999, 验证损失: 0.2052, 验证 R2 (标准化): 0.7864
2025-07-23 11:41:48,524 - INFO - Epoch [21/100], 训练损失: 0.1979, 验证损失: 0.2132, 验证 R2 (标准化): 0.7780
2025-07-23 11:42:02,290 - INFO - Epoch [22/100], 训练损失: 0.1962, 验证损失: 0.2145, 验证 R2 (标准化): 0.7766
2025-07-23 11:42:15,936 - INFO - Epoch [23/100], 训练损失: 0.1932, 验证损失: 0.2162, 验证 R2 (标准化): 0.7749
2025-07-23 11:42:29,591 - INFO - Epoch [24/100], 训练损失: 0.1931, 验证损失: 0.2266, 验证 R2 (标准化): 0.7640
2025-07-23 11:42:43,443 - INFO - Epoch [25/100], 训练损失: 0.1924, 验证损失: 0.1988, 验证 R2 (标准化): 0.7930
2025-07-23 11:42:57,455 - INFO - Epoch [26/100], 训练损失: 0.1896, 验证损失: 0.1993, 验证 R2 (标准化): 0.7925
2025-07-23 11:43:11,546 - INFO - Epoch [27/100], 训练损失: 0.1881, 验证损失: 0.2033, 验证 R2 (标准化): 0.7883
2025-07-23 11:43:25,410 - INFO - Epoch [28/100], 训练损失: 0.1863, 验证损失: 0.2075, 验证 R2 (标准化): 0.7840
2025-07-23 11:43:39,507 - INFO - Epoch [29/100], 训练损失: 0.1853, 验证损失: 0.1991, 验证 R2 (标准化): 0.7927
2025-07-23 11:43:53,786 - INFO - Epoch [30/100], 训练损失: 0.1854, 验证损失: 0.1974, 验证 R2 (标准化): 0.7945
2025-07-23 11:44:07,866 - INFO - Epoch [31/100], 训练损失: 0.1827, 验证损失: 0.1939, 验证 R2 (标准化): 0.7981
2025-07-23 11:44:22,020 - INFO - Epoch [32/100], 训练损失: 0.1822, 验证损失: 0.1908, 验证 R2 (标准化): 0.8013
2025-07-23 11:44:36,250 - INFO - Epoch [33/100], 训练损失: 0.1797, 验证损失: 0.1940, 验证 R2 (标准化): 0.7980
2025-07-23 11:44:50,296 - INFO - Epoch [34/100], 训练损失: 0.1799, 验证损失: 0.2047, 验证 R2 (标准化): 0.7869
2025-07-23 11:45:04,370 - INFO - Epoch [35/100], 训练损失: 0.1766, 验证损失: 0.1955, 验证 R2 (标准化): 0.7965
2025-07-23 11:45:18,213 - INFO - Epoch [36/100], 训练损失: 0.1761, 验证损失: 0.2400, 验证 R2 (标准化): 0.7501
2025-07-23 11:45:32,139 - INFO - Epoch [37/100], 训练损失: 0.1753, 验证损失: 0.1904, 验证 R2 (标准化): 0.8017
2025-07-23 11:45:46,303 - INFO - Epoch [38/100], 训练损失: 0.1750, 验证损失: 0.1871, 验证 R2 (标准化): 0.8051
2025-07-23 11:46:00,444 - INFO - Epoch [39/100], 训练损失: 0.1734, 验证损失: 0.1971, 验证 R2 (标准化): 0.7948
2025-07-23 11:46:14,399 - INFO - Epoch [40/100], 训练损失: 0.1710, 验证损失: 0.2221, 验证 R2 (标准化): 0.7687
2025-07-23 11:46:28,664 - INFO - Epoch [41/100], 训练损失: 0.1715, 验证损失: 0.2015, 验证 R2 (标准化): 0.7902
2025-07-23 11:46:42,890 - INFO - Epoch [42/100], 训练损失: 0.1700, 验证损失: 0.1861, 验证 R2 (标准化): 0.8062
2025-07-23 11:46:56,787 - INFO - Epoch [43/100], 训练损失: 0.1689, 验证损失: 0.1857, 验证 R2 (标准化): 0.8066
2025-07-23 11:47:10,654 - INFO - Epoch [44/100], 训练损失: 0.1676, 验证损失: 0.1849, 验证 R2 (标准化): 0.8075
2025-07-23 11:47:24,511 - INFO - Epoch [45/100], 训练损失: 0.1660, 验证损失: 0.2095, 验证 R2 (标准化): 0.7819
2025-07-23 11:47:38,389 - INFO - Epoch [46/100], 训练损失: 0.1652, 验证损失: 0.1797, 验证 R2 (标准化): 0.8129
2025-07-23 11:47:52,379 - INFO - Epoch [47/100], 训练损失: 0.1638, 验证损失: 0.1820, 验证 R2 (标准化): 0.8105
2025-07-23 11:48:06,365 - INFO - Epoch [48/100], 训练损失: 0.1633, 验证损失: 0.1878, 验证 R2 (标准化): 0.8044
2025-07-23 11:48:20,353 - INFO - Epoch [49/100], 训练损失: 0.1617, 验证损失: 0.1809, 验证 R2 (标准化): 0.8117
2025-07-23 11:48:34,338 - INFO - Epoch [50/100], 训练损失: 0.1593, 验证损失: 0.1827, 验证 R2 (标准化): 0.8098
2025-07-23 11:48:48,337 - INFO - Epoch [51/100], 训练损失: 0.1592, 验证损失: 0.1836, 验证 R2 (标准化): 0.8089
2025-07-23 11:49:02,321 - INFO - Epoch [52/100], 训练损失: 0.1588, 验证损失: 0.1818, 验证 R2 (标准化): 0.8107
2025-07-23 11:49:16,307 - INFO - Epoch [53/100], 训练损失: 0.1567, 验证损失: 0.1808, 验证 R2 (标准化): 0.8118
2025-07-23 11:49:30,318 - INFO - Epoch [54/100], 训练损失: 0.1561, 验证损失: 0.1802, 验证 R2 (标准化): 0.8124
2025-07-23 11:49:44,343 - INFO - Epoch [55/100], 训练损失: 0.1468, 验证损失: 0.1755, 验证 R2 (标准化): 0.8173
2025-07-23 11:49:58,394 - INFO - Epoch [56/100], 训练损失: 0.1457, 验证损失: 0.1752, 验证 R2 (标准化): 0.8176
2025-07-23 11:50:12,422 - INFO - Epoch [57/100], 训练损失: 0.1450, 验证损失: 0.1807, 验证 R2 (标准化): 0.8118
2025-07-23 11:50:26,352 - INFO - Epoch [58/100], 训练损失: 0.1450, 验证损失: 0.1742, 验证 R2 (标准化): 0.8186
2025-07-23 11:50:40,432 - INFO - Epoch [59/100], 训练损失: 0.1439, 验证损失: 0.1740, 验证 R2 (标准化): 0.8188
2025-07-23 11:50:54,500 - INFO - Epoch [60/100], 训练损失: 0.1441, 验证损失: 0.1735, 验证 R2 (标准化): 0.8194
2025-07-23 11:51:08,458 - INFO - Epoch [61/100], 训练损失: 0.1432, 验证损失: 0.1741, 验证 R2 (标准化): 0.8187
2025-07-23 11:51:22,523 - INFO - Epoch [62/100], 训练损失: 0.1428, 验证损失: 0.1745, 验证 R2 (标准化): 0.8183
2025-07-23 11:51:36,673 - INFO - Epoch [63/100], 训练损失: 0.1425, 验证损失: 0.1749, 验证 R2 (标准化): 0.8179
2025-07-23 11:51:50,825 - INFO - Epoch [64/100], 训练损失: 0.1422, 验证损失: 0.1727, 验证 R2 (标准化): 0.8202
2025-07-23 11:52:04,945 - INFO - Epoch [65/100], 训练损失: 0.1416, 验证损失: 0.1754, 验证 R2 (标准化): 0.8173
2025-07-23 11:52:19,146 - INFO - Epoch [66/100], 训练损失: 0.1408, 验证损失: 0.1733, 验证 R2 (标准化): 0.8196
2025-07-23 11:52:33,264 - INFO - Epoch [67/100], 训练损失: 0.1409, 验证损失: 0.1737, 验证 R2 (标准化): 0.8192
2025-07-23 11:52:47,298 - INFO - Epoch [68/100], 训练损失: 0.1399, 验证损失: 0.1752, 验证 R2 (标准化): 0.8176
2025-07-23 11:53:01,317 - INFO - Epoch [69/100], 训练损失: 0.1394, 验证损失: 0.1742, 验证 R2 (标准化): 0.8186
2025-07-23 11:53:15,353 - INFO - Epoch [70/100], 训练损失: 0.1394, 验证损失: 0.1732, 验证 R2 (标准化): 0.8197
2025-07-23 11:53:29,433 - INFO - Epoch [71/100], 训练损失: 0.1393, 验证损失: 0.1715, 验证 R2 (标准化): 0.8214
2025-07-23 11:53:43,487 - INFO - Epoch [72/100], 训练损失: 0.1386, 验证损失: 0.1731, 验证 R2 (标准化): 0.8197
2025-07-23 11:53:57,518 - INFO - Epoch [73/100], 训练损失: 0.1383, 验证损失: 0.1721, 验证 R2 (标准化): 0.8209
2025-07-23 11:54:11,581 - INFO - Epoch [74/100], 训练损失: 0.1378, 验证损失: 0.1725, 验证 R2 (标准化): 0.8204
2025-07-23 11:54:25,622 - INFO - Epoch [75/100], 训练损失: 0.1372, 验证损失: 0.1788, 验证 R2 (标准化): 0.8138
2025-07-23 11:54:39,646 - INFO - Epoch [76/100], 训练损失: 0.1370, 验证损失: 0.1783, 验证 R2 (标准化): 0.8144
2025-07-23 11:54:53,333 - INFO - Epoch [77/100], 训练损失: 0.1366, 验证损失: 0.1710, 验证 R2 (标准化): 0.8219
2025-07-23 11:55:06,949 - INFO - Epoch [78/100], 训练损失: 0.1361, 验证损失: 0.1724, 验证 R2 (标准化): 0.8205
2025-07-23 11:55:20,566 - INFO - Epoch [79/100], 训练损失: 0.1357, 验证损失: 0.1707, 验证 R2 (标准化): 0.8223
2025-07-23 11:55:34,437 - INFO - Epoch [80/100], 训练损失: 0.1352, 验证损失: 0.1725, 验证 R2 (标准化): 0.8204
2025-07-23 11:55:48,641 - INFO - Epoch [81/100], 训练损失: 0.1347, 验证损失: 0.1710, 验证 R2 (标准化): 0.8219
2025-07-23 11:56:02,728 - INFO - Epoch [82/100], 训练损失: 0.1343, 验证损失: 0.1739, 验证 R2 (标准化): 0.8189
2025-07-23 11:56:16,829 - INFO - Epoch [83/100], 训练损失: 0.1343, 验证损失: 0.1722, 验证 R2 (标准化): 0.8207
2025-07-23 11:56:31,032 - INFO - Epoch [84/100], 训练损失: 0.1337, 验证损失: 0.1725, 验证 R2 (标准化): 0.8204
2025-07-23 11:56:45,112 - INFO - Epoch [85/100], 训练损失: 0.1334, 验证损失: 0.1712, 验证 R2 (标准化): 0.8217
2025-07-23 11:56:59,170 - INFO - Epoch [86/100], 训练损失: 0.1325, 验证损失: 0.1708, 验证 R2 (标准化): 0.8222
2025-07-23 11:57:13,228 - INFO - Epoch [87/100], 训练损失: 0.1331, 验证损失: 0.1706, 验证 R2 (标准化): 0.8223
2025-07-23 11:57:27,283 - INFO - Epoch [88/100], 训练损失: 0.1325, 验证损失: 0.1717, 验证 R2 (标准化): 0.8213
2025-07-23 11:57:41,210 - INFO - Epoch [89/100], 训练损失: 0.1318, 验证损失: 0.1721, 验证 R2 (标准化): 0.8208
2025-07-23 11:57:55,205 - INFO - Epoch [90/100], 训练损失: 0.1317, 验证损失: 0.1689, 验证 R2 (标准化): 0.8242
2025-07-23 11:58:09,210 - INFO - Epoch [91/100], 训练损失: 0.1313, 验证损失: 0.1723, 验证 R2 (标准化): 0.8206
2025-07-23 11:58:23,237 - INFO - Epoch [92/100], 训练损失: 0.1308, 验证损失: 0.1685, 验证 R2 (标准化): 0.8246
2025-07-23 11:58:37,247 - INFO - Epoch [93/100], 训练损失: 0.1303, 验证损失: 0.1700, 验证 R2 (标准化): 0.8230
2025-07-23 11:58:51,234 - INFO - Epoch [94/100], 训练损失: 0.1302, 验证损失: 0.1719, 验证 R2 (标准化): 0.8211
2025-07-23 11:59:05,225 - INFO - Epoch [95/100], 训练损失: 0.1298, 验证损失: 0.1697, 验证 R2 (标准化): 0.8233
2025-07-23 11:59:19,248 - INFO - Epoch [96/100], 训练损失: 0.1293, 验证损失: 0.1684, 验证 R2 (标准化): 0.8246
2025-07-23 11:59:33,261 - INFO - Epoch [97/100], 训练损失: 0.1287, 验证损失: 0.1698, 验证 R2 (标准化): 0.8232
2025-07-23 11:59:47,107 - INFO - Epoch [98/100], 训练损失: 0.1285, 验证损失: 0.1697, 验证 R2 (标准化): 0.8233
2025-07-23 12:00:01,054 - INFO - Epoch [99/100], 训练损失: 0.1284, 验证损失: 0.1705, 验证 R2 (标准化): 0.8225
2025-07-23 12:00:15,147 - INFO - Epoch [100/100], 训练损失: 0.1280, 验证损失: 0.1707, 验证 R2 (标准化): 0.8222
2025-07-23 12:00:15,153 - INFO - --- 模型训练完成 ---
2025-07-23 12:00:15,301 - INFO - 图表已保存到: logs\训练与验证损失曲线.png
2025-07-23 12:00:18,274 - INFO - 图表已保存到: logs\验证集R2分数曲线.png
2025-07-23 12:00:21,005 - INFO - Trial 5: 选择了 MLP 模型
2025-07-23 12:00:21,006 - INFO - 
--- 模型训练开始 ---
2025-07-23 12:00:22,577 - INFO - Epoch [1/100], 训练损失: 0.8027, 验证损失: 0.4005, 验证 R2 (标准化): 0.5831
2025-07-23 12:00:24,768 - INFO - Epoch [2/100], 训练损失: 0.3206, 验证损失: 0.2880, 验证 R2 (标准化): 0.7001
2025-07-23 12:00:26,634 - INFO - Epoch [3/100], 训练损失: 0.2568, 验证损失: 0.2610, 验证 R2 (标准化): 0.7282
2025-07-23 12:00:28,115 - INFO - Epoch [4/100], 训练损失: 0.2338, 验证损失: 0.2488, 验证 R2 (标准化): 0.7410
2025-07-23 12:00:29,590 - INFO - Epoch [5/100], 训练损失: 0.2204, 验证损失: 0.2394, 验证 R2 (标准化): 0.7507
2025-07-23 12:00:31,088 - INFO - Epoch [6/100], 训练损失: 0.2106, 验证损失: 0.2342, 验证 R2 (标准化): 0.7562
2025-07-23 12:00:32,586 - INFO - Epoch [7/100], 训练损失: 0.2020, 验证损失: 0.2303, 验证 R2 (标准化): 0.7602
2025-07-23 12:00:34,076 - INFO - Epoch [8/100], 训练损失: 0.1955, 验证损失: 0.2260, 验证 R2 (标准化): 0.7647
2025-07-23 12:00:35,572 - INFO - Epoch [9/100], 训练损失: 0.1901, 验证损失: 0.2265, 验证 R2 (标准化): 0.7642
2025-07-23 12:00:37,072 - INFO - Epoch [10/100], 训练损失: 0.1855, 验证损失: 0.2200, 验证 R2 (标准化): 0.7710
2025-07-23 12:00:38,543 - INFO - Epoch [11/100], 训练损失: 0.1812, 验证损失: 0.2229, 验证 R2 (标准化): 0.7680
2025-07-23 12:00:40,058 - INFO - Epoch [12/100], 训练损失: 0.1774, 验证损失: 0.2194, 验证 R2 (标准化): 0.7715
2025-07-23 12:00:41,566 - INFO - Epoch [13/100], 训练损失: 0.1734, 验证损失: 0.2189, 验证 R2 (标准化): 0.7721
2025-07-23 12:00:43,117 - INFO - Epoch [14/100], 训练损失: 0.1693, 验证损失: 0.2129, 验证 R2 (标准化): 0.7783
2025-07-23 12:00:44,643 - INFO - Epoch [15/100], 训练损失: 0.1664, 验证损失: 0.2194, 验证 R2 (标准化): 0.7715
2025-07-23 12:00:46,165 - INFO - Epoch [16/100], 训练损失: 0.1629, 验证损失: 0.2140, 验证 R2 (标准化): 0.7772
2025-07-23 12:00:47,689 - INFO - Epoch [17/100], 训练损失: 0.1599, 验证损失: 0.2154, 验证 R2 (标准化): 0.7758
2025-07-23 12:00:49,186 - INFO - Epoch [18/100], 训练损失: 0.1579, 验证损失: 0.2117, 验证 R2 (标准化): 0.7796
2025-07-23 12:00:50,702 - INFO - Epoch [19/100], 训练损失: 0.1553, 验证损失: 0.2134, 验证 R2 (标准化): 0.7778
2025-07-23 12:00:52,209 - INFO - Epoch [20/100], 训练损失: 0.1531, 验证损失: 0.2112, 验证 R2 (标准化): 0.7801
2025-07-23 12:00:53,711 - INFO - Epoch [21/100], 训练损失: 0.1496, 验证损失: 0.2112, 验证 R2 (标准化): 0.7801
2025-07-23 12:00:55,202 - INFO - Epoch [22/100], 训练损失: 0.1488, 验证损失: 0.2117, 验证 R2 (标准化): 0.7796
2025-07-23 12:00:56,692 - INFO - Epoch [23/100], 训练损失: 0.1459, 验证损失: 0.2084, 验证 R2 (标准化): 0.7830
2025-07-23 12:00:58,184 - INFO - Epoch [24/100], 训练损失: 0.1436, 验证损失: 0.2105, 验证 R2 (标准化): 0.7808
2025-07-23 12:00:59,675 - INFO - Epoch [25/100], 训练损失: 0.1416, 验证损失: 0.2099, 验证 R2 (标准化): 0.7815
2025-07-23 12:01:01,177 - INFO - Epoch [26/100], 训练损失: 0.1399, 验证损失: 0.2085, 验证 R2 (标准化): 0.7829
2025-07-23 12:01:02,660 - INFO - Epoch [27/100], 训练损失: 0.1379, 验证损失: 0.2071, 验证 R2 (标准化): 0.7843
2025-07-23 12:01:04,140 - INFO - Epoch [28/100], 训练损失: 0.1365, 验证损失: 0.2138, 验证 R2 (标准化): 0.7774
2025-07-23 12:01:05,587 - INFO - Epoch [29/100], 训练损失: 0.1341, 验证损失: 0.2075, 验证 R2 (标准化): 0.7839
2025-07-23 12:01:07,053 - INFO - Epoch [30/100], 训练损失: 0.1322, 验证损失: 0.2083, 验证 R2 (标准化): 0.7831
2025-07-23 12:01:08,499 - INFO - Epoch [31/100], 训练损失: 0.1306, 验证损失: 0.2084, 验证 R2 (标准化): 0.7831
2025-07-23 12:01:09,939 - INFO - Epoch [32/100], 训练损失: 0.1289, 验证损失: 0.2079, 验证 R2 (标准化): 0.7835
2025-07-23 12:01:11,410 - INFO - Epoch [33/100], 训练损失: 0.1269, 验证损失: 0.2126, 验证 R2 (标准化): 0.7787
2025-07-23 12:01:12,877 - INFO - Epoch [34/100], 训练损失: 0.1251, 验证损失: 0.2077, 验证 R2 (标准化): 0.7838
2025-07-23 12:01:14,311 - INFO - Epoch [35/100], 训练损失: 0.1245, 验证损失: 0.2084, 验证 R2 (标准化): 0.7830
2025-07-23 12:01:15,761 - INFO - Epoch [36/100], 训练损失: 0.1168, 验证损失: 0.2051, 验证 R2 (标准化): 0.7864
2025-07-23 12:01:17,212 - INFO - Epoch [37/100], 训练损失: 0.1153, 验证损失: 0.2046, 验证 R2 (标准化): 0.7870
2025-07-23 12:01:18,679 - INFO - Epoch [38/100], 训练损失: 0.1148, 验证损失: 0.2063, 验证 R2 (标准化): 0.7852
2025-07-23 12:01:20,136 - INFO - Epoch [39/100], 训练损失: 0.1141, 验证损失: 0.2064, 验证 R2 (标准化): 0.7851
2025-07-23 12:01:21,560 - INFO - Epoch [40/100], 训练损失: 0.1134, 验证损失: 0.2034, 验证 R2 (标准化): 0.7882
2025-07-23 12:01:22,985 - INFO - Epoch [41/100], 训练损失: 0.1130, 验证损失: 0.2059, 验证 R2 (标准化): 0.7856
2025-07-23 12:01:24,407 - INFO - Epoch [42/100], 训练损失: 0.1125, 验证损失: 0.2048, 验证 R2 (标准化): 0.7868
2025-07-23 12:01:25,863 - INFO - Epoch [43/100], 训练损失: 0.1119, 验证损失: 0.2058, 验证 R2 (标准化): 0.7857
2025-07-23 12:01:27,322 - INFO - Epoch [44/100], 训练损失: 0.1114, 验证损失: 0.2039, 验证 R2 (标准化): 0.7877
2025-07-23 12:01:28,756 - INFO - Epoch [45/100], 训练损失: 0.1110, 验证损失: 0.2070, 验证 R2 (标准化): 0.7845
2025-07-23 12:01:30,204 - INFO - Epoch [46/100], 训练损失: 0.1104, 验证损失: 0.2049, 验证 R2 (标准化): 0.7867
2025-07-23 12:01:31,650 - INFO - Epoch [47/100], 训练损失: 0.1099, 验证损失: 0.2053, 验证 R2 (标准化): 0.7862
2025-07-23 12:01:33,104 - INFO - Epoch [48/100], 训练损失: 0.1093, 验证损失: 0.2063, 验证 R2 (标准化): 0.7852
2025-07-23 12:01:34,570 - INFO - Epoch [49/100], 训练损失: 0.1071, 验证损失: 0.2050, 验证 R2 (标准化): 0.7866
2025-07-23 12:01:36,026 - INFO - Epoch [50/100], 训练损失: 0.1068, 验证损失: 0.2056, 验证 R2 (标准化): 0.7860
2025-07-23 12:01:37,456 - INFO - Epoch [51/100], 训练损失: 0.1065, 验证损失: 0.2054, 验证 R2 (标准化): 0.7862
2025-07-23 12:01:38,886 - INFO - Epoch [52/100], 训练损失: 0.1064, 验证损失: 0.2048, 验证 R2 (标准化): 0.7868
2025-07-23 12:01:40,320 - INFO - Epoch [53/100], 训练损失: 0.1062, 验证损失: 0.2063, 验证 R2 (标准化): 0.7852
2025-07-23 12:01:41,803 - INFO - Epoch [54/100], 训练损失: 0.1061, 验证损失: 0.2056, 验证 R2 (标准化): 0.7860
2025-07-23 12:01:43,478 - INFO - Epoch [55/100], 训练损失: 0.1059, 验证损失: 0.2052, 验证 R2 (标准化): 0.7864
2025-07-23 12:01:43,478 - INFO - 早停！验证损失在 15 个epoch内没有显著改善。
2025-07-23 12:01:43,486 - INFO - --- 模型训练完成 ---
2025-07-23 12:01:43,651 - INFO - 图表已保存到: logs\训练与验证损失曲线.png
2025-07-23 12:01:45,962 - INFO - 图表已保存到: logs\验证集R2分数曲线.png
2025-07-23 12:01:47,979 - INFO - Trial 6: 选择了 MLP 模型
2025-07-23 12:01:47,979 - INFO - 
--- 模型训练开始 ---
2025-07-23 12:01:52,120 - INFO - Epoch [1/100], 训练损失: 0.5685, 验证损失: 0.2784, 验证 R2 (标准化): 0.7102
2025-07-23 12:01:56,254 - INFO - Epoch [2/100], 训练损失: 0.2611, 验证损失: 0.2429, 验证 R2 (标准化): 0.7471
2025-07-23 12:02:00,260 - INFO - Epoch [3/100], 训练损失: 0.2446, 验证损失: 0.2442, 验证 R2 (标准化): 0.7457
2025-07-23 12:02:04,228 - INFO - Epoch [4/100], 训练损失: 0.2455, 验证损失: 0.2396, 验证 R2 (标准化): 0.7506
2025-07-23 12:02:08,292 - INFO - Epoch [5/100], 训练损失: 0.2283, 验证损失: 0.2251, 验证 R2 (标准化): 0.7656
2025-07-23 12:02:12,349 - INFO - Epoch [6/100], 训练损失: 0.2247, 验证损失: 0.2321, 验证 R2 (标准化): 0.7584
2025-07-23 12:02:16,420 - INFO - Epoch [7/100], 训练损失: 0.2179, 验证损失: 0.2326, 验证 R2 (标准化): 0.7578
2025-07-23 12:02:20,462 - INFO - Epoch [8/100], 训练损失: 0.2111, 验证损失: 0.2395, 验证 R2 (标准化): 0.7507
2025-07-23 12:02:24,529 - INFO - Epoch [9/100], 训练损失: 0.2109, 验证损失: 0.2341, 验证 R2 (标准化): 0.7563
2025-07-23 12:02:28,582 - INFO - Epoch [10/100], 训练损失: 0.2121, 验证损失: 0.2355, 验证 R2 (标准化): 0.7548
2025-07-23 12:02:32,577 - INFO - Epoch [11/100], 训练损失: 0.2081, 验证损失: 0.2252, 验证 R2 (标准化): 0.7655
2025-07-23 12:02:36,583 - INFO - Epoch [12/100], 训练损失: 0.2036, 验证损失: 0.2198, 验证 R2 (标准化): 0.7712
2025-07-23 12:02:40,894 - INFO - Epoch [13/100], 训练损失: 0.1996, 验证损失: 0.2287, 验证 R2 (标准化): 0.7619
2025-07-23 12:02:44,904 - INFO - Epoch [14/100], 训练损失: 0.2013, 验证损失: 0.2096, 验证 R2 (标准化): 0.7818
2025-07-23 12:02:48,917 - INFO - Epoch [15/100], 训练损失: 0.2017, 验证损失: 0.2190, 验证 R2 (标准化): 0.7720
2025-07-23 12:02:53,046 - INFO - Epoch [16/100], 训练损失: 0.2021, 验证损失: 0.2115, 验证 R2 (标准化): 0.7798
2025-07-23 12:02:57,271 - INFO - Epoch [17/100], 训练损失: 0.1982, 验证损失: 0.2125, 验证 R2 (标准化): 0.7787
2025-07-23 12:03:01,292 - INFO - Epoch [18/100], 训练损失: 0.1982, 验证损失: 0.2118, 验证 R2 (标准化): 0.7795
2025-07-23 12:03:05,181 - INFO - Epoch [19/100], 训练损失: 0.1950, 验证损失: 0.2262, 验证 R2 (标准化): 0.7645
2025-07-23 12:03:09,094 - INFO - Epoch [20/100], 训练损失: 0.1890, 验证损失: 0.2033, 验证 R2 (标准化): 0.7883
2025-07-23 12:03:12,993 - INFO - Epoch [21/100], 训练损失: 0.1890, 验证损失: 0.2096, 验证 R2 (标准化): 0.7817
2025-07-23 12:03:16,889 - INFO - Epoch [22/100], 训练损失: 0.1885, 验证损失: 0.2005, 验证 R2 (标准化): 0.7912
2025-07-23 12:03:20,800 - INFO - Epoch [23/100], 训练损失: 0.1848, 验证损失: 0.1983, 验证 R2 (标准化): 0.7935
2025-07-23 12:03:24,790 - INFO - Epoch [24/100], 训练损失: 0.1863, 验证损失: 0.2018, 验证 R2 (标准化): 0.7899
2025-07-23 12:03:28,754 - INFO - Epoch [25/100], 训练损失: 0.1816, 验证损失: 0.2034, 验证 R2 (标准化): 0.7882
2025-07-23 12:03:32,652 - INFO - Epoch [26/100], 训练损失: 0.1817, 验证损失: 0.2215, 验证 R2 (标准化): 0.7694
2025-07-23 12:03:36,540 - INFO - Epoch [27/100], 训练损失: 0.1812, 验证损失: 0.1994, 验证 R2 (标准化): 0.7924
2025-07-23 12:03:40,401 - INFO - Epoch [28/100], 训练损失: 0.1753, 验证损失: 0.2026, 验证 R2 (标准化): 0.7890
2025-07-23 12:03:44,297 - INFO - Epoch [29/100], 训练损失: 0.1783, 验证损失: 0.2045, 验证 R2 (标准化): 0.7871
2025-07-23 12:03:48,260 - INFO - Epoch [30/100], 训练损失: 0.1744, 验证损失: 0.2295, 验证 R2 (标准化): 0.7611
2025-07-23 12:03:52,218 - INFO - Epoch [31/100], 训练损失: 0.1692, 验证损失: 0.1956, 验证 R2 (标准化): 0.7963
2025-07-23 12:03:56,124 - INFO - Epoch [32/100], 训练损失: 0.1688, 验证损失: 0.2039, 验证 R2 (标准化): 0.7877
2025-07-23 12:04:00,162 - INFO - Epoch [33/100], 训练损失: 0.1686, 验证损失: 0.2016, 验证 R2 (标准化): 0.7901
2025-07-23 12:04:04,178 - INFO - Epoch [34/100], 训练损失: 0.1640, 验证损失: 0.1985, 验证 R2 (标准化): 0.7933
2025-07-23 12:04:08,173 - INFO - Epoch [35/100], 训练损失: 0.1652, 验证损失: 0.1938, 验证 R2 (标准化): 0.7982
2025-07-23 12:04:12,253 - INFO - Epoch [36/100], 训练损失: 0.1625, 验证损失: 0.1959, 验证 R2 (标准化): 0.7960
2025-07-23 12:04:16,206 - INFO - Epoch [37/100], 训练损失: 0.1632, 验证损失: 0.1979, 验证 R2 (标准化): 0.7939
2025-07-23 12:04:20,138 - INFO - Epoch [38/100], 训练损失: 0.1559, 验证损失: 0.2114, 验证 R2 (标准化): 0.7799
2025-07-23 12:04:24,164 - INFO - Epoch [39/100], 训练损失: 0.1583, 验证损失: 0.1982, 验证 R2 (标准化): 0.7937
2025-07-23 12:04:28,120 - INFO - Epoch [40/100], 训练损失: 0.1566, 验证损失: 0.2116, 验证 R2 (标准化): 0.7797
2025-07-23 12:04:32,128 - INFO - Epoch [41/100], 训练损失: 0.1538, 验证损失: 0.2068, 验证 R2 (标准化): 0.7847
2025-07-23 12:04:36,118 - INFO - Epoch [42/100], 训练损失: 0.1545, 验证损失: 0.1950, 验证 R2 (标准化): 0.7969
2025-07-23 12:04:40,076 - INFO - Epoch [43/100], 训练损失: 0.1475, 验证损失: 0.2025, 验证 R2 (标准化): 0.7891
2025-07-23 12:04:43,954 - INFO - Epoch [44/100], 训练损失: 0.1290, 验证损失: 0.1906, 验证 R2 (标准化): 0.8015
2025-07-23 12:04:47,851 - INFO - Epoch [45/100], 训练损失: 0.1215, 验证损失: 0.1899, 验证 R2 (标准化): 0.8023
2025-07-23 12:04:51,818 - INFO - Epoch [46/100], 训练损失: 0.1188, 验证损失: 0.1940, 验证 R2 (标准化): 0.7980
2025-07-23 12:04:55,774 - INFO - Epoch [47/100], 训练损失: 0.1169, 验证损失: 0.1933, 验证 R2 (标准化): 0.7987
2025-07-23 12:04:59,744 - INFO - Epoch [48/100], 训练损失: 0.1159, 验证损失: 0.1961, 验证 R2 (标准化): 0.7958
2025-07-23 12:05:03,838 - INFO - Epoch [49/100], 训练损失: 0.1145, 验证损失: 0.1940, 验证 R2 (标准化): 0.7980
2025-07-23 12:05:07,831 - INFO - Epoch [50/100], 训练损失: 0.1123, 验证损失: 0.1945, 验证 R2 (标准化): 0.7975
2025-07-23 12:05:11,913 - INFO - Epoch [51/100], 训练损失: 0.1105, 验证损失: 0.2000, 验证 R2 (标准化): 0.7918
2025-07-23 12:05:15,812 - INFO - Epoch [52/100], 训练损失: 0.1097, 验证损失: 0.1994, 验证 R2 (标准化): 0.7924
2025-07-23 12:05:19,743 - INFO - Epoch [53/100], 训练损失: 0.1085, 验证损失: 0.1988, 验证 R2 (标准化): 0.7930
2025-07-23 12:05:23,681 - INFO - Epoch [54/100], 训练损失: 0.0991, 验证损失: 0.1947, 验证 R2 (标准化): 0.7973
2025-07-23 12:05:27,632 - INFO - Epoch [55/100], 训练损失: 0.0955, 验证损失: 0.1957, 验证 R2 (标准化): 0.7963
2025-07-23 12:05:31,562 - INFO - Epoch [56/100], 训练损失: 0.0940, 验证损失: 0.1976, 验证 R2 (标准化): 0.7943
2025-07-23 12:05:35,557 - INFO - Epoch [57/100], 训练损失: 0.0926, 验证损失: 0.1963, 验证 R2 (标准化): 0.7956
2025-07-23 12:05:39,500 - INFO - Epoch [58/100], 训练损失: 0.0910, 验证损失: 0.1986, 验证 R2 (标准化): 0.7932
2025-07-23 12:05:43,417 - INFO - Epoch [59/100], 训练损失: 0.0897, 验证损失: 0.1976, 验证 R2 (标准化): 0.7943
2025-07-23 12:05:47,408 - INFO - Epoch [60/100], 训练损失: 0.0882, 验证损失: 0.2003, 验证 R2 (标准化): 0.7914
2025-07-23 12:05:47,408 - INFO - 早停！验证损失在 15 个epoch内没有显著改善。
2025-07-23 12:05:47,414 - INFO - --- 模型训练完成 ---
2025-07-23 12:05:47,559 - INFO - 图表已保存到: logs\训练与验证损失曲线.png
2025-07-23 12:05:50,292 - INFO - 图表已保存到: logs\验证集R2分数曲线.png
2025-07-23 12:05:53,605 - INFO - Trial 7: 选择了 MLP 模型
2025-07-23 12:05:53,606 - INFO - 
--- 模型训练开始 ---
2025-07-23 12:05:56,796 - INFO - Epoch [1/100], 训练损失: 0.4437, 验证损失: 0.2840, 验证 R2 (标准化): 0.7043
2025-07-23 12:05:59,794 - INFO - Epoch [2/100], 训练损失: 0.2547, 验证损失: 0.2617, 验证 R2 (标准化): 0.7275
2025-07-23 12:06:02,699 - INFO - Epoch [3/100], 训练损失: 0.2276, 验证损失: 0.2320, 验证 R2 (标准化): 0.7585
2025-07-23 12:06:05,699 - INFO - Epoch [4/100], 训练损失: 0.2150, 验证损失: 0.2466, 验证 R2 (标准化): 0.7432
2025-07-23 12:06:08,608 - INFO - Epoch [5/100], 训练损失: 0.2098, 验证损失: 0.2496, 验证 R2 (标准化): 0.7401
2025-07-23 12:06:11,551 - INFO - Epoch [6/100], 训练损失: 0.2031, 验证损失: 0.2318, 验证 R2 (标准化): 0.7586
2025-07-23 12:06:14,478 - INFO - Epoch [7/100], 训练损失: 0.1949, 验证损失: 0.2272, 验证 R2 (标准化): 0.7635
2025-07-23 12:06:17,465 - INFO - Epoch [8/100], 训练损失: 0.1964, 验证损失: 0.2330, 验证 R2 (标准化): 0.7575
2025-07-23 12:06:20,401 - INFO - Epoch [9/100], 训练损失: 0.1939, 验证损失: 0.2155, 验证 R2 (标准化): 0.7756
2025-07-23 12:06:23,353 - INFO - Epoch [10/100], 训练损失: 0.1848, 验证损失: 0.2193, 验证 R2 (标准化): 0.7717
2025-07-23 12:06:26,270 - INFO - Epoch [11/100], 训练损失: 0.1822, 验证损失: 0.2287, 验证 R2 (标准化): 0.7619
2025-07-23 12:06:29,220 - INFO - Epoch [12/100], 训练损失: 0.1814, 验证损失: 0.2116, 验证 R2 (标准化): 0.7797
2025-07-23 12:06:32,111 - INFO - Epoch [13/100], 训练损失: 0.1729, 验证损失: 0.2059, 验证 R2 (标准化): 0.7856
2025-07-23 12:06:35,028 - INFO - Epoch [14/100], 训练损失: 0.1755, 验证损失: 0.2146, 验证 R2 (标准化): 0.7766
2025-07-23 12:06:38,045 - INFO - Epoch [15/100], 训练损失: 0.1717, 验证损失: 0.2161, 验证 R2 (标准化): 0.7750
2025-07-23 12:06:41,209 - INFO - Epoch [16/100], 训练损失: 0.1631, 验证损失: 0.2092, 验证 R2 (标准化): 0.7822
2025-07-23 12:06:44,399 - INFO - Epoch [17/100], 训练损失: 0.1627, 验证损失: 0.2139, 验证 R2 (标准化): 0.7773
2025-07-23 12:06:47,460 - INFO - Epoch [18/100], 训练损失: 0.1588, 验证损失: 0.2140, 验证 R2 (标准化): 0.7772
2025-07-23 12:06:50,539 - INFO - Epoch [19/100], 训练损失: 0.1588, 验证损失: 0.2116, 验证 R2 (标准化): 0.7797
2025-07-23 12:06:53,611 - INFO - Epoch [20/100], 训练损失: 0.1547, 验证损失: 0.2051, 验证 R2 (标准化): 0.7864
2025-07-23 12:06:56,873 - INFO - Epoch [21/100], 训练损失: 0.1474, 验证损失: 0.2184, 验证 R2 (标准化): 0.7726
2025-07-23 12:07:00,012 - INFO - Epoch [22/100], 训练损失: 0.1497, 验证损失: 0.2098, 验证 R2 (标准化): 0.7815
2025-07-23 12:07:03,043 - INFO - Epoch [23/100], 训练损失: 0.1429, 验证损失: 0.2243, 验证 R2 (标准化): 0.7665
2025-07-23 12:07:06,039 - INFO - Epoch [24/100], 训练损失: 0.1415, 验证损失: 0.2037, 验证 R2 (标准化): 0.7879
2025-07-23 12:07:09,070 - INFO - Epoch [25/100], 训练损失: 0.1371, 验证损失: 0.2192, 验证 R2 (标准化): 0.7718
2025-07-23 12:07:12,083 - INFO - Epoch [26/100], 训练损失: 0.1336, 验证损失: 0.2184, 验证 R2 (标准化): 0.7726
2025-07-23 12:07:15,221 - INFO - Epoch [27/100], 训练损失: 0.1380, 验证损失: 0.2093, 验证 R2 (标准化): 0.7820
2025-07-23 12:07:18,340 - INFO - Epoch [28/100], 训练损失: 0.1256, 验证损失: 0.2081, 验证 R2 (标准化): 0.7833
2025-07-23 12:07:21,288 - INFO - Epoch [29/100], 训练损失: 0.1219, 验证损失: 0.2080, 验证 R2 (标准化): 0.7834
2025-07-23 12:07:24,196 - INFO - Epoch [30/100], 训练损失: 0.1145, 验证损失: 0.2146, 验证 R2 (标准化): 0.7765
2025-07-23 12:07:27,085 - INFO - Epoch [31/100], 训练损失: 0.1142, 验证损失: 0.2158, 验证 R2 (标准化): 0.7753
2025-07-23 12:07:29,975 - INFO - Epoch [32/100], 训练损失: 0.1107, 验证损失: 0.2259, 验证 R2 (标准化): 0.7648
2025-07-23 12:07:32,884 - INFO - Epoch [33/100], 训练损失: 0.0825, 验证损失: 0.2069, 验证 R2 (标准化): 0.7846
2025-07-23 12:07:35,778 - INFO - Epoch [34/100], 训练损失: 0.0685, 验证损失: 0.2103, 验证 R2 (标准化): 0.7810
2025-07-23 12:07:38,671 - INFO - Epoch [35/100], 训练损失: 0.0624, 验证损失: 0.2080, 验证 R2 (标准化): 0.7834
2025-07-23 12:07:41,593 - INFO - Epoch [36/100], 训练损失: 0.0577, 验证损失: 0.2107, 验证 R2 (标准化): 0.7806
2025-07-23 12:07:44,534 - INFO - Epoch [37/100], 训练损失: 0.0531, 验证损失: 0.2129, 验证 R2 (标准化): 0.7783
2025-07-23 12:07:47,465 - INFO - Epoch [38/100], 训练损失: 0.0496, 验证损失: 0.2227, 验证 R2 (标准化): 0.7681
2025-07-23 12:07:50,396 - INFO - Epoch [39/100], 训练损失: 0.0460, 验证损失: 0.2163, 验证 R2 (标准化): 0.7748
2025-07-23 12:07:50,396 - INFO - 早停！验证损失在 15 个epoch内没有显著改善。
2025-07-23 12:07:50,400 - INFO - --- 模型训练完成 ---
2025-07-23 12:07:50,549 - INFO - 图表已保存到: logs\训练与验证损失曲线.png
2025-07-23 12:07:53,039 - INFO - 图表已保存到: logs\验证集R2分数曲线.png
2025-07-23 12:07:55,531 - INFO - Trial 8: 选择了 FT-Transformer 模型
2025-07-23 12:07:55,533 - INFO - 
--- 模型训练开始 ---
2025-07-23 12:08:02,111 - INFO - Epoch [1/100], 训练损失: 0.5032, 验证损失: 0.2943, 验证 R2 (标准化): 0.6936
2025-07-23 12:08:08,500 - INFO - Epoch [2/100], 训练损失: 0.2826, 验证损失: 0.2620, 验证 R2 (标准化): 0.7272
2025-07-23 12:08:14,778 - INFO - Epoch [3/100], 训练损失: 0.2535, 验证损失: 0.2410, 验证 R2 (标准化): 0.7491
2025-07-23 12:08:21,140 - INFO - Epoch [4/100], 训练损失: 0.2347, 验证损失: 0.2536, 验证 R2 (标准化): 0.7360
2025-07-23 12:08:27,507 - INFO - Epoch [5/100], 训练损失: 0.2241, 验证损失: 0.2149, 验证 R2 (标准化): 0.7763
2025-07-23 12:08:33,948 - INFO - Epoch [6/100], 训练损失: 0.2182, 验证损失: 0.2161, 验证 R2 (标准化): 0.7750
2025-07-23 12:08:40,400 - INFO - Epoch [7/100], 训练损失: 0.2087, 验证损失: 0.2193, 验证 R2 (标准化): 0.7717
2025-07-23 12:08:46,949 - INFO - Epoch [8/100], 训练损失: 0.2022, 验证损失: 0.2278, 验证 R2 (标准化): 0.7628
2025-07-23 12:08:53,382 - INFO - Epoch [9/100], 训练损失: 0.1988, 验证损失: 0.2090, 验证 R2 (标准化): 0.7824
2025-07-23 12:08:59,843 - INFO - Epoch [10/100], 训练损失: 0.1942, 验证损失: 0.2098, 验证 R2 (标准化): 0.7816
2025-07-23 12:09:06,314 - INFO - Epoch [11/100], 训练损失: 0.1902, 验证损失: 0.2001, 验证 R2 (标准化): 0.7917
2025-07-23 12:09:12,833 - INFO - Epoch [12/100], 训练损失: 0.1848, 验证损失: 0.2522, 验证 R2 (标准化): 0.7374
2025-07-23 12:09:19,328 - INFO - Epoch [13/100], 训练损失: 0.1795, 验证损失: 0.2153, 验证 R2 (标准化): 0.7758
2025-07-23 12:09:25,823 - INFO - Epoch [14/100], 训练损失: 0.1749, 验证损失: 0.2143, 验证 R2 (标准化): 0.7769
2025-07-23 12:09:32,323 - INFO - Epoch [15/100], 训练损失: 0.1698, 验证损失: 0.1893, 验证 R2 (标准化): 0.8029
2025-07-23 12:09:38,818 - INFO - Epoch [16/100], 训练损失: 0.1665, 验证损失: 0.2013, 验证 R2 (标准化): 0.7905
2025-07-23 12:09:45,367 - INFO - Epoch [17/100], 训练损失: 0.1617, 验证损失: 0.1992, 验证 R2 (标准化): 0.7926
2025-07-23 12:09:51,831 - INFO - Epoch [18/100], 训练损失: 0.1594, 验证损失: 0.2248, 验证 R2 (标准化): 0.7659
2025-07-23 12:09:58,292 - INFO - Epoch [19/100], 训练损失: 0.1556, 验证损失: 0.1933, 验证 R2 (标准化): 0.7987
2025-07-23 12:10:04,952 - INFO - Epoch [20/100], 训练损失: 0.1488, 验证损失: 0.2125, 验证 R2 (标准化): 0.7787
2025-07-23 12:10:11,775 - INFO - Epoch [21/100], 训练损失: 0.1466, 验证损失: 0.2000, 验证 R2 (标准化): 0.7918
2025-07-23 12:10:18,397 - INFO - Epoch [22/100], 训练损失: 0.1427, 验证损失: 0.1950, 验证 R2 (标准化): 0.7969
2025-07-23 12:10:25,089 - INFO - Epoch [23/100], 训练损失: 0.1377, 验证损失: 0.1924, 验证 R2 (标准化): 0.7997
2025-07-23 12:10:31,736 - INFO - Epoch [24/100], 训练损失: 0.1151, 验证损失: 0.1900, 验证 R2 (标准化): 0.8022
2025-07-23 12:10:38,417 - INFO - Epoch [25/100], 训练损失: 0.1094, 验证损失: 0.1903, 验证 R2 (标准化): 0.8018
2025-07-23 12:10:45,239 - INFO - Epoch [26/100], 训练损失: 0.1054, 验证损失: 0.1923, 验证 R2 (标准化): 0.7998
2025-07-23 12:10:51,806 - INFO - Epoch [27/100], 训练损失: 0.1019, 验证损失: 0.1888, 验证 R2 (标准化): 0.8034
2025-07-23 12:10:58,184 - INFO - Epoch [28/100], 训练损失: 0.0987, 验证损失: 0.1949, 验证 R2 (标准化): 0.7971
2025-07-23 12:11:04,551 - INFO - Epoch [29/100], 训练损失: 0.0954, 验证损失: 0.1947, 验证 R2 (标准化): 0.7973
2025-07-23 12:11:10,875 - INFO - Epoch [30/100], 训练损失: 0.0919, 验证损失: 0.1959, 验证 R2 (标准化): 0.7960
2025-07-23 12:11:17,319 - INFO - Epoch [31/100], 训练损失: 0.0890, 验证损失: 0.1917, 验证 R2 (标准化): 0.8005
2025-07-23 12:11:23,908 - INFO - Epoch [32/100], 训练损失: 0.0861, 验证损失: 0.2039, 验证 R2 (标准化): 0.7877
2025-07-23 12:11:30,342 - INFO - Epoch [33/100], 训练损失: 0.0839, 验证损失: 0.1986, 验证 R2 (标准化): 0.7932
2025-07-23 12:11:36,768 - INFO - Epoch [34/100], 训练损失: 0.0809, 验证损失: 0.1935, 验证 R2 (标准化): 0.7985
2025-07-23 12:11:43,240 - INFO - Epoch [35/100], 训练损失: 0.0783, 验证损失: 0.1984, 验证 R2 (标准化): 0.7934
2025-07-23 12:11:49,529 - INFO - Epoch [36/100], 训练损失: 0.0695, 验证损失: 0.1946, 验证 R2 (标准化): 0.7974
2025-07-23 12:11:55,744 - INFO - Epoch [37/100], 训练损失: 0.0675, 验证损失: 0.1984, 验证 R2 (标准化): 0.7935
2025-07-23 12:12:01,945 - INFO - Epoch [38/100], 训练损失: 0.0662, 验证损失: 0.1961, 验证 R2 (标准化): 0.7958
2025-07-23 12:12:08,141 - INFO - Epoch [39/100], 训练损失: 0.0652, 验证损失: 0.1958, 验证 R2 (标准化): 0.7961
2025-07-23 12:12:14,278 - INFO - Epoch [40/100], 训练损失: 0.0640, 验证损失: 0.1965, 验证 R2 (标准化): 0.7954
2025-07-23 12:12:20,458 - INFO - Epoch [41/100], 训练损失: 0.0630, 验证损失: 0.1985, 验证 R2 (标准化): 0.7933
2025-07-23 12:12:26,569 - INFO - Epoch [42/100], 训练损失: 0.0618, 验证损失: 0.1967, 验证 R2 (标准化): 0.7952
2025-07-23 12:12:26,571 - INFO - 早停！验证损失在 15 个epoch内没有显著改善。
2025-07-23 12:12:26,576 - INFO - --- 模型训练完成 ---
2025-07-23 12:12:26,714 - INFO - 图表已保存到: logs\训练与验证损失曲线.png
2025-07-23 12:13:03,458 - INFO - 图表已保存到: logs\验证集R2分数曲线.png
2025-07-23 12:13:06,111 - INFO - Trial 9: 选择了 FT-Transformer 模型
2025-07-23 12:13:06,111 - INFO - 
--- 模型训练开始 ---
2025-07-23 12:13:32,645 - INFO - Epoch [1/100], 训练损失: 0.3737, 验证损失: 0.3037, 验证 R2 (标准化): 0.6838
2025-07-23 12:13:58,352 - INFO - Epoch [2/100], 训练损失: 0.2554, 验证损失: 0.2261, 验证 R2 (标准化): 0.7646
2025-07-23 12:14:24,318 - INFO - Epoch [3/100], 训练损失: 0.2241, 验证损失: 0.2092, 验证 R2 (标准化): 0.7822
2025-07-23 12:14:50,335 - INFO - Epoch [4/100], 训练损失: 0.2147, 验证损失: 0.2391, 验证 R2 (标准化): 0.7511
2025-07-23 12:15:16,457 - INFO - Epoch [5/100], 训练损失: 0.2073, 验证损失: 0.2113, 验证 R2 (标准化): 0.7800
2025-07-23 12:15:42,442 - INFO - Epoch [6/100], 训练损失: 0.2024, 验证损失: 0.2022, 验证 R2 (标准化): 0.7895
2025-07-23 12:16:08,503 - INFO - Epoch [7/100], 训练损失: 0.1936, 验证损失: 0.2121, 验证 R2 (标准化): 0.7792
2025-07-23 12:16:34,629 - INFO - Epoch [8/100], 训练损失: 0.1915, 验证损失: 0.2209, 验证 R2 (标准化): 0.7700
2025-07-23 12:17:00,765 - INFO - Epoch [9/100], 训练损失: 0.1869, 验证损失: 0.2008, 验证 R2 (标准化): 0.7910
2025-07-23 12:17:27,792 - INFO - Epoch [10/100], 训练损失: 0.1843, 验证损失: 0.1992, 验证 R2 (标准化): 0.7926
2025-07-23 12:17:55,954 - INFO - Epoch [11/100], 训练损失: 0.1803, 验证损失: 0.1959, 验证 R2 (标准化): 0.7960
2025-07-23 12:18:24,160 - INFO - Epoch [12/100], 训练损失: 0.1820, 验证损失: 0.2186, 验证 R2 (标准化): 0.7724
2025-07-23 12:18:51,813 - INFO - Epoch [13/100], 训练损失: 0.1757, 验证损失: 0.2027, 验证 R2 (标准化): 0.7890
2025-07-23 12:19:18,121 - INFO - Epoch [14/100], 训练损失: 0.1728, 验证损失: 0.1966, 验证 R2 (标准化): 0.7953
2025-07-23 12:19:44,287 - INFO - Epoch [15/100], 训练损失: 0.1664, 验证损失: 0.1909, 验证 R2 (标准化): 0.8013
2025-07-23 12:20:10,366 - INFO - Epoch [16/100], 训练损失: 0.1640, 验证损失: 0.1947, 验证 R2 (标准化): 0.7973
2025-07-23 12:20:36,809 - INFO - Epoch [17/100], 训练损失: 0.1640, 验证损失: 0.1894, 验证 R2 (标准化): 0.8028
2025-07-23 12:21:04,616 - INFO - Epoch [18/100], 训练损失: 0.1593, 验证损失: 0.1988, 验证 R2 (标准化): 0.7930
2025-07-23 12:21:32,802 - INFO - Epoch [19/100], 训练损失: 0.1585, 验证损失: 0.1935, 验证 R2 (标准化): 0.7986
2025-07-23 12:22:00,295 - INFO - Epoch [20/100], 训练损失: 0.1623, 验证损失: 0.1866, 验证 R2 (标准化): 0.8057
2025-07-23 12:22:27,765 - INFO - Epoch [21/100], 训练损失: 0.1525, 验证损失: 0.1912, 验证 R2 (标准化): 0.8009
2025-07-23 12:22:55,071 - INFO - Epoch [22/100], 训练损失: 0.1574, 验证损失: 0.1813, 验证 R2 (标准化): 0.8112
2025-07-23 12:23:21,730 - INFO - Epoch [23/100], 训练损失: 0.1662, 验证损失: 0.2042, 验证 R2 (标准化): 0.7874
2025-07-23 12:23:48,239 - INFO - Epoch [24/100], 训练损失: 0.1617, 验证损失: 0.1896, 验证 R2 (标准化): 0.8026
2025-07-23 12:24:15,503 - INFO - Epoch [25/100], 训练损失: 0.1506, 验证损失: 0.1922, 验证 R2 (标准化): 0.7999
2025-07-23 12:24:42,616 - INFO - Epoch [26/100], 训练损失: 0.1458, 验证损失: 0.1835, 验证 R2 (标准化): 0.8089
2025-07-23 12:25:09,697 - INFO - Epoch [27/100], 训练损失: 0.1404, 验证损失: 0.1872, 验证 R2 (标准化): 0.8051
2025-07-23 12:25:36,034 - INFO - Epoch [28/100], 训练损失: 0.1407, 验证损失: 0.1820, 验证 R2 (标准化): 0.8105
2025-07-23 12:26:02,260 - INFO - Epoch [29/100], 训练损失: 0.1381, 验证损失: 0.1875, 验证 R2 (标准化): 0.8048
2025-07-23 12:26:28,362 - INFO - Epoch [30/100], 训练损失: 0.1397, 验证损失: 0.1949, 验证 R2 (标准化): 0.7970
2025-07-23 12:26:54,503 - INFO - Epoch [31/100], 训练损失: 0.1165, 验证损失: 0.1788, 验证 R2 (标准化): 0.8138
2025-07-23 12:27:20,616 - INFO - Epoch [32/100], 训练损失: 0.0993, 验证损失: 0.1770, 验证 R2 (标准化): 0.8158
2025-07-23 12:27:46,761 - INFO - Epoch [33/100], 训练损失: 0.0895, 验证损失: 0.1836, 验证 R2 (标准化): 0.8089
2025-07-23 12:28:12,872 - INFO - Epoch [34/100], 训练损失: 0.0816, 验证损失: 0.1830, 验证 R2 (标准化): 0.8095
2025-07-23 12:28:38,993 - INFO - Epoch [35/100], 训练损失: 0.0756, 验证损失: 0.1896, 验证 R2 (标准化): 0.8025
2025-07-23 12:29:05,078 - INFO - Epoch [36/100], 训练损失: 0.0694, 验证损失: 0.1877, 验证 R2 (标准化): 0.8046
2025-07-23 12:29:31,182 - INFO - Epoch [37/100], 训练损失: 0.0655, 验证损失: 0.1950, 验证 R2 (标准化): 0.7970
2025-07-23 12:29:57,381 - INFO - Epoch [38/100], 训练损失: 0.0614, 验证损失: 0.1963, 验证 R2 (标准化): 0.7956
2025-07-23 12:30:23,464 - INFO - Epoch [39/100], 训练损失: 0.0547, 验证损失: 0.2002, 验证 R2 (标准化): 0.7915
2025-07-23 12:30:49,599 - INFO - Epoch [40/100], 训练损失: 0.0530, 验证损失: 0.2018, 验证 R2 (标准化): 0.7899
2025-07-23 12:31:15,634 - INFO - Epoch [41/100], 训练损失: 0.0391, 验证损失: 0.1962, 验证 R2 (标准化): 0.7957
2025-07-23 12:31:41,768 - INFO - Epoch [42/100], 训练损失: 0.0334, 验证损失: 0.1997, 验证 R2 (标准化): 0.7921
2025-07-23 12:32:07,828 - INFO - Epoch [43/100], 训练损失: 0.0305, 验证损失: 0.1980, 验证 R2 (标准化): 0.7939
2025-07-23 12:32:34,024 - INFO - Epoch [44/100], 训练损失: 0.0280, 验证损失: 0.2006, 验证 R2 (标准化): 0.7911
2025-07-23 12:33:00,303 - INFO - Epoch [45/100], 训练损失: 0.0261, 验证损失: 0.2026, 验证 R2 (标准化): 0.7890
2025-07-23 12:33:26,473 - INFO - Epoch [46/100], 训练损失: 0.0242, 验证损失: 0.2054, 验证 R2 (标准化): 0.7861
2025-07-23 12:33:52,591 - INFO - Epoch [47/100], 训练损失: 0.0226, 验证损失: 0.2059, 验证 R2 (标准化): 0.7856
2025-07-23 12:33:52,591 - INFO - 早停！验证损失在 15 个epoch内没有显著改善。
2025-07-23 12:33:52,595 - INFO - --- 模型训练完成 ---
2025-07-23 12:33:53,034 - INFO - 图表已保存到: logs\训练与验证损失曲线.png
2025-07-23 12:35:04,331 - INFO - 图表已保存到: logs\验证集R2分数曲线.png
2025-07-23 12:35:08,560 - INFO - Trial 10: 选择了 FT-Transformer 模型
2025-07-23 12:35:08,561 - INFO - 
--- 模型训练开始 ---
2025-07-23 12:35:25,256 - INFO - Epoch [1/100], 训练损失: 0.4529, 验证损失: 0.2868, 验证 R2 (标准化): 0.7014
2025-07-23 12:35:41,086 - INFO - Epoch [2/100], 训练损失: 0.2907, 验证损失: 0.4005, 验证 R2 (标准化): 0.5830
2025-07-23 12:35:57,038 - INFO - Epoch [3/100], 训练损失: 0.2671, 验证损失: 0.2832, 验证 R2 (标准化): 0.7051
2025-07-23 12:36:13,471 - INFO - Epoch [4/100], 训练损失: 0.2510, 验证损失: 0.2598, 验证 R2 (标准化): 0.7295
2025-07-23 12:36:30,078 - INFO - Epoch [5/100], 训练损失: 0.2323, 验证损失: 0.2257, 验证 R2 (标准化): 0.7650
2025-07-23 12:36:46,970 - INFO - Epoch [6/100], 训练损失: 0.2232, 验证损失: 0.2167, 验证 R2 (标准化): 0.7744
2025-07-23 12:37:03,942 - INFO - Epoch [7/100], 训练损失: 0.2183, 验证损失: 0.2528, 验证 R2 (标准化): 0.7368
2025-07-23 12:37:20,910 - INFO - Epoch [8/100], 训练损失: 0.2128, 验证损失: 0.2754, 验证 R2 (标准化): 0.7132
2025-07-23 12:37:37,874 - INFO - Epoch [9/100], 训练损失: 0.2090, 验证损失: 0.2094, 验证 R2 (标准化): 0.7820
2025-07-23 12:37:54,985 - INFO - Epoch [10/100], 训练损失: 0.2022, 验证损失: 0.2024, 验证 R2 (标准化): 0.7893
2025-07-23 12:38:12,067 - INFO - Epoch [11/100], 训练损失: 0.1974, 验证损失: 0.2084, 验证 R2 (标准化): 0.7830
2025-07-23 12:38:29,127 - INFO - Epoch [12/100], 训练损失: 0.1963, 验证损失: 0.2206, 验证 R2 (标准化): 0.7704
2025-07-23 12:38:46,152 - INFO - Epoch [13/100], 训练损失: 0.1896, 验证损失: 0.2012, 验证 R2 (标准化): 0.7905
2025-07-23 12:39:03,086 - INFO - Epoch [14/100], 训练损失: 0.1877, 验证损失: 0.1922, 验证 R2 (标准化): 0.7999
2025-07-23 12:39:20,245 - INFO - Epoch [15/100], 训练损失: 0.1841, 验证损失: 0.1898, 验证 R2 (标准化): 0.8024
2025-07-23 12:39:37,451 - INFO - Epoch [16/100], 训练损失: 0.1795, 验证损失: 0.1983, 验证 R2 (标准化): 0.7935
2025-07-23 12:39:54,400 - INFO - Epoch [17/100], 训练损失: 0.1769, 验证损失: 0.1934, 验证 R2 (标准化): 0.7987
2025-07-23 12:40:11,286 - INFO - Epoch [18/100], 训练损失: 0.1745, 验证损失: 0.1815, 验证 R2 (标准化): 0.8111
2025-07-23 12:40:28,466 - INFO - Epoch [19/100], 训练损失: 0.1720, 验证损失: 0.1823, 验证 R2 (标准化): 0.8102
2025-07-23 12:40:45,423 - INFO - Epoch [20/100], 训练损失: 0.1665, 验证损失: 0.2133, 验证 R2 (标准化): 0.7779
2025-07-23 12:41:02,236 - INFO - Epoch [21/100], 训练损失: 0.1672, 验证损失: 0.1783, 验证 R2 (标准化): 0.8144
2025-07-23 12:41:18,974 - INFO - Epoch [22/100], 训练损失: 0.1631, 验证损失: 0.1996, 验证 R2 (标准化): 0.7921
2025-07-23 12:41:35,684 - INFO - Epoch [23/100], 训练损失: 0.1594, 验证损失: 0.1872, 验证 R2 (标准化): 0.8051
2025-07-23 12:41:52,531 - INFO - Epoch [24/100], 训练损失: 0.1588, 验证损失: 0.1824, 验证 R2 (标准化): 0.8101
2025-07-23 12:42:09,488 - INFO - Epoch [25/100], 训练损失: 0.1550, 验证损失: 0.1996, 验证 R2 (标准化): 0.7922
2025-07-23 12:42:26,545 - INFO - Epoch [26/100], 训练损失: 0.1526, 验证损失: 0.1791, 验证 R2 (标准化): 0.8136
2025-07-23 12:42:43,531 - INFO - Epoch [27/100], 训练损失: 0.1520, 验证损失: 0.1852, 验证 R2 (标准化): 0.8072
2025-07-23 12:43:00,580 - INFO - Epoch [28/100], 训练损失: 0.1467, 验证损失: 0.1769, 验证 R2 (标准化): 0.8158
2025-07-23 12:43:18,034 - INFO - Epoch [29/100], 训练损失: 0.1429, 验证损失: 0.1833, 验证 R2 (标准化): 0.8092
2025-07-23 12:43:35,209 - INFO - Epoch [30/100], 训练损失: 0.1441, 验证损失: 0.1821, 验证 R2 (标准化): 0.8104
2025-07-23 12:43:52,270 - INFO - Epoch [31/100], 训练损失: 0.1402, 验证损失: 0.1898, 验证 R2 (标准化): 0.8024
2025-07-23 12:44:09,367 - INFO - Epoch [32/100], 训练损失: 0.1371, 验证损失: 0.1804, 验证 R2 (标准化): 0.8121
2025-07-23 12:44:26,270 - INFO - Epoch [33/100], 训练损失: 0.1359, 验证损失: 0.1753, 验证 R2 (标准化): 0.8175
2025-07-23 12:44:43,172 - INFO - Epoch [34/100], 训练损失: 0.1335, 验证损失: 0.1786, 验证 R2 (标准化): 0.8141
2025-07-23 12:45:00,264 - INFO - Epoch [35/100], 训练损失: 0.1331, 验证损失: 0.1808, 验证 R2 (标准化): 0.8118
2025-07-23 12:45:17,249 - INFO - Epoch [36/100], 训练损失: 0.1289, 验证损失: 0.1900, 验证 R2 (标准化): 0.8022
2025-07-23 12:45:34,048 - INFO - Epoch [37/100], 训练损失: 0.1265, 验证损失: 0.1943, 验证 R2 (标准化): 0.7977
2025-07-23 12:45:50,590 - INFO - Epoch [38/100], 训练损失: 0.1236, 验证损失: 0.1992, 验证 R2 (标准化): 0.7926
2025-07-23 12:46:07,597 - INFO - Epoch [39/100], 训练损失: 0.1226, 验证损失: 0.1779, 验证 R2 (标准化): 0.8147
2025-07-23 12:46:24,321 - INFO - Epoch [40/100], 训练损失: 0.1223, 验证损失: 0.1795, 验证 R2 (标准化): 0.8131
2025-07-23 12:46:40,701 - INFO - Epoch [41/100], 训练损失: 0.1184, 验证损失: 0.1978, 验证 R2 (标准化): 0.7941
2025-07-23 12:46:57,262 - INFO - Epoch [42/100], 训练损失: 0.0997, 验证损失: 0.1683, 验证 R2 (标准化): 0.8247
2025-07-23 12:47:13,695 - INFO - Epoch [43/100], 训练损失: 0.0968, 验证损失: 0.1720, 验证 R2 (标准化): 0.8209
2025-07-23 12:47:30,057 - INFO - Epoch [44/100], 训练损失: 0.0954, 验证损失: 0.1694, 验证 R2 (标准化): 0.8237
2025-07-23 12:47:46,483 - INFO - Epoch [45/100], 训练损失: 0.0936, 验证损失: 0.1697, 验证 R2 (标准化): 0.8233
2025-07-23 12:48:02,895 - INFO - Epoch [46/100], 训练损失: 0.0926, 验证损失: 0.1683, 验证 R2 (标准化): 0.8248
2025-07-23 12:48:19,229 - INFO - Epoch [47/100], 训练损失: 0.0910, 验证损失: 0.1704, 验证 R2 (标准化): 0.8226
2025-07-23 12:48:35,489 - INFO - Epoch [48/100], 训练损失: 0.0898, 验证损失: 0.1705, 验证 R2 (标准化): 0.8225
2025-07-23 12:48:51,911 - INFO - Epoch [49/100], 训练损失: 0.0885, 验证损失: 0.1731, 验证 R2 (标准化): 0.8197
2025-07-23 12:49:08,412 - INFO - Epoch [50/100], 训练损失: 0.0875, 验证损失: 0.1721, 验证 R2 (标准化): 0.8209
2025-07-23 12:49:25,350 - INFO - Epoch [51/100], 训练损失: 0.0861, 验证损失: 0.1739, 验证 R2 (标准化): 0.8190
2025-07-23 12:49:42,433 - INFO - Epoch [52/100], 训练损失: 0.0852, 验证损失: 0.1747, 验证 R2 (标准化): 0.8181
2025-07-23 12:49:59,380 - INFO - Epoch [53/100], 训练损失: 0.0844, 验证损失: 0.1725, 验证 R2 (标准化): 0.8204
2025-07-23 12:50:16,314 - INFO - Epoch [54/100], 训练损失: 0.0831, 验证损失: 0.1716, 验证 R2 (标准化): 0.8214
2025-07-23 12:50:33,203 - INFO - Epoch [55/100], 训练损失: 0.0771, 验证损失: 0.1704, 验证 R2 (标准化): 0.8226
2025-07-23 12:50:50,103 - INFO - Epoch [56/100], 训练损失: 0.0763, 验证损失: 0.1704, 验证 R2 (标准化): 0.8226
2025-07-23 12:51:07,056 - INFO - Epoch [57/100], 训练损失: 0.0759, 验证损失: 0.1713, 验证 R2 (标准化): 0.8217
2025-07-23 12:51:24,088 - INFO - Epoch [58/100], 训练损失: 0.0753, 验证损失: 0.1715, 验证 R2 (标准化): 0.8214
2025-07-23 12:51:41,120 - INFO - Epoch [59/100], 训练损失: 0.0749, 验证损失: 0.1706, 验证 R2 (标准化): 0.8224
2025-07-23 12:51:58,262 - INFO - Epoch [60/100], 训练损失: 0.0746, 验证损失: 0.1722, 验证 R2 (标准化): 0.8207
2025-07-23 12:52:15,280 - INFO - Epoch [61/100], 训练损失: 0.0741, 验证损失: 0.1716, 验证 R2 (标准化): 0.8214
2025-07-23 12:52:15,280 - INFO - 早停！验证损失在 15 个epoch内没有显著改善。
2025-07-23 12:52:15,285 - INFO - --- 模型训练完成 ---
2025-07-23 12:52:15,448 - INFO - 图表已保存到: logs\训练与验证损失曲线.png
2025-07-23 12:52:19,428 - INFO - 图表已保存到: logs\验证集R2分数曲线.png
2025-07-23 12:52:22,814 - INFO - Trial 11: 选择了 FT-Transformer 模型
2025-07-23 12:52:22,814 - INFO - 
--- 模型训练开始 ---
2025-07-23 12:52:40,181 - INFO - Epoch [1/100], 训练损失: 0.4416, 验证损失: 0.2991, 验证 R2 (标准化): 0.6886
2025-07-23 12:52:56,872 - INFO - Epoch [2/100], 训练损失: 0.2951, 验证损失: 0.2992, 验证 R2 (标准化): 0.6885
2025-07-23 12:53:13,614 - INFO - Epoch [3/100], 训练损失: 0.2708, 验证损失: 0.2625, 验证 R2 (标准化): 0.7267
2025-07-23 12:53:30,402 - INFO - Epoch [4/100], 训练损失: 0.2526, 验证损失: 0.2686, 验证 R2 (标准化): 0.7203
2025-07-23 12:53:47,146 - INFO - Epoch [5/100], 训练损失: 0.2379, 验证损失: 0.2660, 验证 R2 (标准化): 0.7231
2025-07-23 12:54:03,960 - INFO - Epoch [6/100], 训练损失: 0.2274, 验证损失: 0.2396, 验证 R2 (标准化): 0.7506
2025-07-23 12:54:20,752 - INFO - Epoch [7/100], 训练损失: 0.2217, 验证损失: 0.2203, 验证 R2 (标准化): 0.7706
2025-07-23 12:54:37,572 - INFO - Epoch [8/100], 训练损失: 0.2170, 验证损失: 0.2325, 验证 R2 (标准化): 0.7580
2025-07-23 12:54:54,381 - INFO - Epoch [9/100], 训练损失: 0.2117, 验证损失: 0.2460, 验证 R2 (标准化): 0.7439
2025-07-23 12:55:11,185 - INFO - Epoch [10/100], 训练损失: 0.2101, 验证损失: 0.2194, 验证 R2 (标准化): 0.7716
2025-07-23 12:55:27,980 - INFO - Epoch [11/100], 训练损失: 0.2035, 验证损失: 0.2198, 验证 R2 (标准化): 0.7711
2025-07-23 12:55:44,777 - INFO - Epoch [12/100], 训练损失: 0.1988, 验证损失: 0.1981, 验证 R2 (标准化): 0.7937
2025-07-23 12:56:01,595 - INFO - Epoch [13/100], 训练损失: 0.1980, 验证损失: 0.1989, 验证 R2 (标准化): 0.7929
2025-07-23 12:56:18,423 - INFO - Epoch [14/100], 训练损失: 0.1935, 验证损失: 0.1996, 验证 R2 (标准化): 0.7922
2025-07-23 12:56:35,265 - INFO - Epoch [15/100], 训练损失: 0.1882, 验证损失: 0.1949, 验证 R2 (标准化): 0.7971
2025-07-23 12:56:52,089 - INFO - Epoch [16/100], 训练损失: 0.1872, 验证损失: 0.2249, 验证 R2 (标准化): 0.7658
2025-07-23 12:57:08,930 - INFO - Epoch [17/100], 训练损失: 0.1856, 验证损失: 0.1971, 验证 R2 (标准化): 0.7948
2025-07-23 12:57:25,837 - INFO - Epoch [18/100], 训练损失: 0.1802, 验证损失: 0.1848, 验证 R2 (标准化): 0.8076
2025-07-23 12:57:42,814 - INFO - Epoch [19/100], 训练损失: 0.1775, 验证损失: 0.1970, 验证 R2 (标准化): 0.7949
2025-07-23 12:57:59,818 - INFO - Epoch [20/100], 训练损失: 0.1746, 验证损失: 0.1996, 验证 R2 (标准化): 0.7922
2025-07-23 12:58:16,729 - INFO - Epoch [21/100], 训练损失: 0.1724, 验证损失: 0.1972, 验证 R2 (标准化): 0.7947
2025-07-23 12:58:33,688 - INFO - Epoch [22/100], 训练损失: 0.1694, 验证损失: 0.2051, 验证 R2 (标准化): 0.7864
2025-07-23 12:58:50,852 - INFO - Epoch [23/100], 训练损失: 0.1675, 验证损失: 0.1987, 验证 R2 (标准化): 0.7931
2025-07-23 12:59:07,859 - INFO - Epoch [24/100], 训练损失: 0.1631, 验证损失: 0.1917, 验证 R2 (标准化): 0.8004
2025-07-23 12:59:24,704 - INFO - Epoch [25/100], 训练损失: 0.1606, 验证损失: 0.1928, 验证 R2 (标准化): 0.7993
2025-07-23 12:59:41,521 - INFO - Epoch [26/100], 训练损失: 0.1582, 验证损失: 0.1920, 验证 R2 (标准化): 0.8001
2025-07-23 12:59:58,603 - INFO - Epoch [27/100], 训练损失: 0.1399, 验证损失: 0.1747, 验证 R2 (标准化): 0.8181
2025-07-23 13:00:15,591 - INFO - Epoch [28/100], 训练损失: 0.1369, 验证损失: 0.1750, 验证 R2 (标准化): 0.8178
2025-07-23 13:00:32,542 - INFO - Epoch [29/100], 训练损失: 0.1351, 验证损失: 0.1739, 验证 R2 (标准化): 0.8190
2025-07-23 13:00:49,531 - INFO - Epoch [30/100], 训练损失: 0.1337, 验证损失: 0.1758, 验证 R2 (标准化): 0.8169
2025-07-23 13:01:06,358 - INFO - Epoch [31/100], 训练损失: 0.1320, 验证损失: 0.1739, 验证 R2 (标准化): 0.8189
2025-07-23 13:01:23,167 - INFO - Epoch [32/100], 训练损失: 0.1305, 验证损失: 0.1771, 验证 R2 (标准化): 0.8156
2025-07-23 13:01:40,050 - INFO - Epoch [33/100], 训练损失: 0.1295, 验证损失: 0.1722, 验证 R2 (标准化): 0.8207
2025-07-23 13:01:56,819 - INFO - Epoch [34/100], 训练损失: 0.1269, 验证损失: 0.1729, 验证 R2 (标准化): 0.8200
2025-07-23 13:02:13,786 - INFO - Epoch [35/100], 训练损失: 0.1263, 验证损失: 0.1740, 验证 R2 (标准化): 0.8189
2025-07-23 13:02:30,731 - INFO - Epoch [36/100], 训练损失: 0.1253, 验证损失: 0.1755, 验证 R2 (标准化): 0.8173
2025-07-23 13:02:47,691 - INFO - Epoch [37/100], 训练损失: 0.1235, 验证损失: 0.1740, 验证 R2 (标准化): 0.8188
2025-07-23 13:03:04,623 - INFO - Epoch [38/100], 训练损失: 0.1222, 验证损失: 0.1750, 验证 R2 (标准化): 0.8178
2025-07-23 13:03:21,368 - INFO - Epoch [39/100], 训练损失: 0.1219, 验证损失: 0.1778, 验证 R2 (标准化): 0.8149
2025-07-23 13:03:38,127 - INFO - Epoch [40/100], 训练损失: 0.1205, 验证损失: 0.1717, 验证 R2 (标准化): 0.8212
2025-07-23 13:03:54,786 - INFO - Epoch [41/100], 训练损失: 0.1192, 验证损失: 0.1783, 验证 R2 (标准化): 0.8144
2025-07-23 13:04:11,692 - INFO - Epoch [42/100], 训练损失: 0.1182, 验证损失: 0.1719, 验证 R2 (标准化): 0.8210
2025-07-23 13:04:28,770 - INFO - Epoch [43/100], 训练损失: 0.1172, 验证损失: 0.1716, 验证 R2 (标准化): 0.8213
2025-07-23 13:04:45,833 - INFO - Epoch [44/100], 训练损失: 0.1161, 验证损失: 0.1785, 验证 R2 (标准化): 0.8141
2025-07-23 13:05:02,882 - INFO - Epoch [45/100], 训练损失: 0.1145, 验证损失: 0.1748, 验证 R2 (标准化): 0.8180
2025-07-23 13:05:19,875 - INFO - Epoch [46/100], 训练损失: 0.1139, 验证损失: 0.1741, 验证 R2 (标准化): 0.8188
2025-07-23 13:05:37,042 - INFO - Epoch [47/100], 训练损失: 0.1131, 验证损失: 0.1770, 验证 R2 (标准化): 0.8157
2025-07-23 13:05:53,586 - INFO - Epoch [48/100], 训练损失: 0.1119, 验证损失: 0.1732, 验证 R2 (标准化): 0.8196
2025-07-23 13:06:09,892 - INFO - Epoch [49/100], 训练损失: 0.1104, 验证损失: 0.1779, 验证 R2 (标准化): 0.8148
2025-07-23 13:06:26,221 - INFO - Epoch [50/100], 训练损失: 0.1100, 验证损失: 0.1716, 验证 R2 (标准化): 0.8213
2025-07-23 13:06:42,609 - INFO - Epoch [51/100], 训练损失: 0.1087, 验证损失: 0.1732, 验证 R2 (标准化): 0.8196
2025-07-23 13:06:59,031 - INFO - Epoch [52/100], 训练损失: 0.1073, 验证损失: 0.1750, 验证 R2 (标准化): 0.8178
