2025-07-23 21:41:08,324 - INFO - --- 机器学习房屋价格预测项目 (深度学习版) - 集成FT-Transformer和Optuna启动 ---
2025-07-23 21:41:08,328 - INFO - 已设置随机种子为: 42
2025-07-23 21:41:08,329 - INFO - 
--- 阶段1: 数据获取、探索与预处理 ---
2025-07-23 21:41:08,349 - INFO - 数据从 './data/california_housing.csv' 加载成功！
2025-07-23 21:41:08,350 - INFO - 
--- 数据概览 ---
2025-07-23 21:41:08,350 - INFO - 数据前5行:
2025-07-23 21:41:08,350 - INFO -    MedInc  HouseAge  AveRooms  AveBedrms  Population  AveOccup  Latitude  Longitude  target
0  8.3252        41  6.984127   1.023810         322  2.555556     37.88    -122.23   4.526
1  8.3014        21  6.238137   0.971880        2401  2.109842     37.86    -122.22   3.585
2  7.2574        52  8.288136   1.073446         496  2.802260     37.85    -122.24   3.521
3  5.6431        52  5.817352   1.073059         558  2.547945     37.85    -122.25   3.413
4  3.8462        52  6.281853   1.081081         565  2.181467     37.85    -122.25   3.422
2025-07-23 21:41:08,365 - INFO - 
数据基本信息:
2025-07-23 21:41:08,369 - INFO - <class 'pandas.core.frame.DataFrame'>
RangeIndex: 20640 entries, 0 to 20639
Data columns (total 9 columns):
 #   Column      Non-Null Count  Dtype  
---  ------      --------------  -----  
 0   MedInc      20640 non-null  float64
 1   HouseAge    20640 non-null  int64  
 2   AveRooms    20640 non-null  float64
 3   AveBedrms   20640 non-null  float64
 4   Population  20640 non-null  int64  
 5   AveOccup    20640 non-null  float64
 6   Latitude    20640 non-null  float64
 7   Longitude   20640 non-null  float64
 8   target      20640 non-null  float64
dtypes: float64(7), int64(2)
memory usage: 1.4 MB

2025-07-23 21:41:08,369 - INFO - 
描述性统计:
2025-07-23 21:41:08,382 - INFO -              MedInc      HouseAge      AveRooms     AveBedrms    Population      AveOccup      Latitude     Longitude        target
count  20640.000000  20640.000000  20640.000000  20640.000000  20640.000000  20640.000000  20640.000000  20640.000000  20640.000000
mean       3.870671     28.639486      5.429000      1.096675   1425.476744      3.070655     35.631861   -119.569704      2.068558
std        1.899822     12.585558      2.474173      0.473911   1132.462122     10.386050      2.135952      2.003532      1.153956
min        0.499900      1.000000      0.846154      0.333333      3.000000      0.692308     32.540000   -124.350000      0.149990
25%        2.563400     18.000000      4.440716      1.006079    787.000000      2.429741     33.930000   -121.800000      1.196000
50%        3.534800     29.000000      5.229129      1.048780   1166.000000      2.818116     34.260000   -118.490000      1.797000
75%        4.743250     37.000000      6.052381      1.099526   1725.000000      3.282261     37.710000   -118.010000      2.647250
max       15.000100     52.000000    141.909091     34.066667  35682.000000   1243.333333     41.950000   -114.310000      5.000010
2025-07-23 21:41:08,394 - INFO - 
缺失值检查:
2025-07-23 21:41:08,394 - INFO - MedInc        0
HouseAge      0
AveRooms      0
AveBedrms     0
Population    0
AveOccup      0
Latitude      0
Longitude     0
target        0
dtype: int64
2025-07-23 21:41:08,395 - INFO - 
数据初步探索完成。
2025-07-23 21:41:08,395 - INFO - 
--- 数据初步可视化 ---
2025-07-23 21:41:08,861 - INFO - 图表已保存到: logs\房屋价格分布.png
2025-07-23 21:41:11,318 - INFO - 图表已保存到: logs\特征与房价散点图.png
2025-07-23 21:41:14,438 - INFO - 
数据初步可视化完成。
2025-07-23 21:41:14,439 - INFO - 
--- 缺失值处理 ---
2025-07-23 21:41:14,439 - INFO - 数据集中没有发现缺失值。
2025-07-23 21:41:14,440 - INFO - 
--- 异常值处理 ---
2025-07-23 21:41:14,461 - INFO - 已使用 IQR 方法处理 4523 个异常值 (替换为边界值)。
2025-07-23 21:41:14,461 - INFO - 
--- 特征工程 ---
2025-07-23 21:41:14,463 - INFO - 已创建新特征 'Bedrms_Per_Room'。
2025-07-23 21:41:14,469 - INFO - 已创建新特征 'Population_Density_Geo' (基于地理分桶)。
2025-07-23 21:41:14,470 - INFO - 已创建新特征 'Lat_x_Lon'。
2025-07-23 21:41:14,476 - INFO - 已创建经纬度多项式特征。
2025-07-23 21:41:14,478 - INFO - 已创建新特征 'HouseAge_sq' 和 'HouseAge_log'。
2025-07-23 21:41:14,479 - INFO - 已创建新特征 'MedInc_x_AveRooms'。
2025-07-23 21:41:14,480 - INFO - 已创建新特征 'Rooms_Per_Person'。
2025-07-23 21:41:14,480 - INFO - 特征工程完成。
2025-07-23 21:41:14,480 - INFO - 
--- 数据划分与特征缩放 ---
2025-07-23 21:41:14,487 - INFO - 选择 StandardScaler 进行特征缩放。
2025-07-23 21:41:14,499 - INFO - 目标变量已使用 StandardScaler 进行缩放。
2025-07-23 21:41:14,500 - INFO - 训练集特征形状: (18576, 18)
2025-07-23 21:41:14,500 - INFO - 测试集特征形状: (2064, 18)
2025-07-23 21:41:14,500 - INFO - 训练集目标形状: (18576,)
2025-07-23 21:41:14,500 - INFO - 测试集目标形状: (2064,)
2025-07-23 21:41:14,501 - INFO - 数据划分与特征缩放完成。
2025-07-23 21:41:14,512 - INFO - 特征标准化器已保存到: ./models/scaler_ftt_optuna.pkl
2025-07-23 21:41:14,512 - INFO - 目标标准化器已保存到: ./models/target_scaler_ftt_optuna.pkl
2025-07-23 21:41:14,517 - INFO - 
训练集特征形状 (Tensor): torch.Size([13932, 18])
2025-07-23 21:41:14,517 - INFO - 验证集特征形状 (Tensor): torch.Size([4644, 18])
2025-07-23 21:41:14,517 - INFO - 测试集特征形状 (Tensor): torch.Size([2064, 18])
2025-07-23 21:41:14,517 - INFO - 训练集目标形状 (Tensor): torch.Size([13932, 1])
2025-07-23 21:41:14,517 - INFO - 验证集目标形状 (Tensor): torch.Size([4644, 1])
2025-07-23 21:41:14,517 - INFO - 测试集目标形状 (Tensor): torch.Size([2064, 1])
2025-07-23 21:41:14,518 - INFO - 训练数据加载器包含 218 个批次。
2025-07-23 21:41:14,518 - INFO - 验证数据加载器包含 73 个批次。
2025-07-23 21:41:14,518 - INFO - 测试数据加载器包含 33 个批次。
2025-07-23 21:41:14,518 - INFO - 
--- 阶段2: 超参数优化 (Optuna) ---
2025-07-23 21:41:14,518 - INFO - 
--- 开始 Optuna 超参数优化 (共 10 次试验) ---
2025-07-23 21:41:17,115 - INFO - Trial 0: 选择了 FT-Transformer 模型
2025-07-23 21:41:19,489 - INFO - 
--- 模型训练开始 ---
