2025-07-22 20:30:34,063 - INFO - --- 机器学习房屋价格预测项目 (深度学习版) - 集成FT-Transformer和Optuna启动 ---
2025-07-22 20:30:34,066 - INFO - 已设置随机种子为: 42
2025-07-22 20:30:34,066 - INFO - 
--- 阶段1: 数据获取、探索与预处理 ---
2025-07-22 20:30:34,092 - INFO - 数据从 './data/california_housing.csv' 加载成功！
2025-07-22 20:30:34,093 - INFO - 
--- 数据概览 ---
2025-07-22 20:30:34,093 - INFO - 数据前5行:
2025-07-22 20:30:34,093 - INFO -    MedInc  HouseAge  AveRooms  AveBedrms  Population  AveOccup  Latitude  Longitude  MedHouseVal  target
0  8.3252      41.0  6.984127   1.023810       322.0  2.555556     37.88    -122.23        4.526   4.526
1  8.3014      21.0  6.238137   0.971880      2401.0  2.109842     37.86    -122.22        3.585   3.585
2  7.2574      52.0  8.288136   1.073446       496.0  2.802260     37.85    -122.24        3.521   3.521
3  5.6431      52.0  5.817352   1.073059       558.0  2.547945     37.85    -122.25        3.413   3.413
4  3.8462      52.0  6.281853   1.081081       565.0  2.181467     37.85    -122.25        3.422   3.422
2025-07-22 20:30:34,111 - INFO - 
数据基本信息:
2025-07-22 20:30:34,116 - INFO - <class 'pandas.core.frame.DataFrame'>
RangeIndex: 20640 entries, 0 to 20639
Data columns (total 10 columns):
 #   Column       Non-Null Count  Dtype  
---  ------       --------------  -----  
 0   MedInc       20640 non-null  float64
 1   HouseAge     20640 non-null  float64
 2   AveRooms     20640 non-null  float64
 3   AveBedrms    20640 non-null  float64
 4   Population   20640 non-null  float64
 5   AveOccup     20640 non-null  float64
 6   Latitude     20640 non-null  float64
 7   Longitude    20640 non-null  float64
 8   MedHouseVal  20640 non-null  float64
 9   target       20640 non-null  float64
dtypes: float64(10)
memory usage: 1.6 MB

2025-07-22 20:30:34,116 - INFO - 
描述性统计:
2025-07-22 20:30:34,129 - INFO -              MedInc      HouseAge      AveRooms     AveBedrms    Population      AveOccup      Latitude     Longitude   MedHouseVal        target
count  20640.000000  20640.000000  20640.000000  20640.000000  20640.000000  20640.000000  20640.000000  20640.000000  20640.000000  20640.000000
mean       3.870671     28.639486      5.429000      1.096675   1425.476744      3.070655     35.631861   -119.569704      2.068558      2.068558
std        1.899822     12.585558      2.474173      0.473911   1132.462122     10.386050      2.135952      2.003532      1.153956      1.153956
min        0.499900      1.000000      0.846154      0.333333      3.000000      0.692308     32.540000   -124.350000      0.149990      0.149990
25%        2.563400     18.000000      4.440716      1.006079    787.000000      2.429741     33.930000   -121.800000      1.196000      1.196000
50%        3.534800     29.000000      5.229129      1.048780   1166.000000      2.818116     34.260000   -118.490000      1.797000      1.797000
75%        4.743250     37.000000      6.052381      1.099526   1725.000000      3.282261     37.710000   -118.010000      2.647250      2.647250
max       15.000100     52.000000    141.909091     34.066667  35682.000000   1243.333333     41.950000   -114.310000      5.000010      5.000010
2025-07-22 20:30:34,142 - INFO - 
缺失值检查:
2025-07-22 20:30:34,142 - INFO - MedInc         0
HouseAge       0
AveRooms       0
AveBedrms      0
Population     0
AveOccup       0
Latitude       0
Longitude      0
MedHouseVal    0
target         0
dtype: int64
2025-07-22 20:30:34,142 - INFO - 
数据初步探索完成。
2025-07-22 20:30:34,142 - INFO - 
--- 数据初步可视化 ---
2025-07-22 20:30:34,503 - INFO - 图表已保存到: logs\房屋价格分布.png
2025-07-22 20:30:37,019 - INFO - 图表已保存到: logs\特征与房价散点图.png
2025-07-22 20:30:39,730 - INFO - 
数据初步可视化完成。
2025-07-22 20:30:39,732 - INFO - 
--- 缺失值处理 ---
2025-07-22 20:30:39,732 - INFO - 数据集中没有发现缺失值。
2025-07-22 20:30:39,732 - INFO - 
--- 异常值处理 ---
2025-07-22 20:30:39,752 - INFO - 已使用 IQR 方法处理 5594 个异常值 (替换为边界值)。
2025-07-22 20:30:39,752 - INFO - 
--- 特征工程 ---
2025-07-22 20:30:39,755 - INFO - 已创建新特征 'Bedrms_Per_Room'。
2025-07-22 20:30:39,757 - INFO - 已创建新特征 'Population_Density'。
2025-07-22 20:30:39,757 - INFO - 已创建新特征 'Lat_x_Lon'。
2025-07-22 20:30:39,757 - INFO - 特征工程完成。
2025-07-22 20:30:39,757 - INFO - 
--- 数据划分与特征缩放 ---
2025-07-22 20:30:39,761 - INFO - 选择 StandardScaler 进行特征缩放。
2025-07-22 20:30:39,771 - INFO - 目标变量已使用 StandardScaler 进行缩放。
2025-07-22 20:30:39,771 - INFO - 训练集特征形状: (16512, 12)
2025-07-22 20:30:39,771 - INFO - 测试集特征形状: (4128, 12)
2025-07-22 20:30:39,771 - INFO - 训练集目标形状: (16512,)
2025-07-22 20:30:39,771 - INFO - 测试集目标形状: (4128,)
2025-07-22 20:30:39,771 - INFO - 数据划分与特征缩放完成。
2025-07-22 20:30:39,776 - INFO - 特征标准化器已保存到: ./models/scaler_ftt_optuna.pkl
2025-07-22 20:30:39,776 - INFO - 目标标准化器已保存到: ./models/target_scaler_ftt_optuna.pkl
2025-07-22 20:30:39,783 - INFO - 
训练集特征形状 (Tensor): torch.Size([12384, 12])
2025-07-22 20:30:39,784 - INFO - 验证集特征形状 (Tensor): torch.Size([4128, 12])
2025-07-22 20:30:39,784 - INFO - 测试集特征形状 (Tensor): torch.Size([4128, 12])
2025-07-22 20:30:39,784 - INFO - 训练集目标形状 (Tensor): torch.Size([12384, 1])
2025-07-22 20:30:39,784 - INFO - 验证集目标形状 (Tensor): torch.Size([4128, 1])
2025-07-22 20:30:39,784 - INFO - 测试集目标形状 (Tensor): torch.Size([4128, 1])
2025-07-22 20:30:39,785 - INFO - 训练数据加载器包含 194 个批次。
2025-07-22 20:30:39,785 - INFO - 验证数据加载器包含 65 个批次。
2025-07-22 20:30:39,785 - INFO - 测试数据加载器包含 65 个批次。
2025-07-22 20:30:39,785 - INFO - 
--- 阶段2: 超参数优化 (Optuna) ---
2025-07-22 20:30:39,785 - INFO - 
--- 开始 Optuna 超参数优化 (共 50 次试验) ---
2025-07-22 20:30:42,048 - INFO - Trial 0: 选择了 FT-Transformer 模型
2025-07-22 20:30:44,454 - INFO - 
--- 模型训练开始 ---
2025-07-22 20:30:48,558 - INFO - Epoch [1/50], 训练损失: 0.8958, 验证损失: 1.0272, 验证 R2 (标准化): -0.0000
2025-07-22 20:30:51,529 - INFO - Epoch [2/50], 训练损失: 0.9914, 验证损失: 1.0272, 验证 R2 (标准化): -0.0000
2025-07-22 20:30:54,431 - INFO - Epoch [3/50], 训练损失: 0.9911, 验证损失: 1.0274, 验证 R2 (标准化): -0.0002
2025-07-22 20:30:57,289 - INFO - Epoch [4/50], 训练损失: 0.9914, 验证损失: 1.0276, 验证 R2 (标准化): -0.0004
2025-07-22 20:31:00,153 - INFO - Epoch [5/50], 训练损失: 0.9915, 验证损失: 1.0273, 验证 R2 (标准化): -0.0001
2025-07-22 20:31:02,988 - INFO - Epoch [6/50], 训练损失: 0.9915, 验证损失: 1.0272, 验证 R2 (标准化): -0.0000
2025-07-22 20:31:05,893 - INFO - Epoch [7/50], 训练损失: 0.9913, 验证损失: 1.0276, 验证 R2 (标准化): -0.0004
2025-07-22 20:31:08,787 - INFO - Epoch [8/50], 训练损失: 0.9910, 验证损失: 1.0273, 验证 R2 (标准化): -0.0001
2025-07-22 20:31:11,675 - INFO - Epoch [9/50], 训练损失: 0.9912, 验证损失: 1.0272, 验证 R2 (标准化): -0.0000
2025-07-22 20:31:14,567 - INFO - Epoch [10/50], 训练损失: 0.9911, 验证损失: 1.0274, 验证 R2 (标准化): -0.0002
2025-07-22 20:31:17,418 - INFO - Epoch [11/50], 训练损失: 0.9911, 验证损失: 1.0272, 验证 R2 (标准化): -0.0001
2025-07-22 20:31:17,418 - INFO - 早停！验证损失在 10 个epoch内没有显著改善。
2025-07-22 20:31:17,422 - INFO - --- 模型训练完成 ---
2025-07-22 20:31:17,576 - INFO - 图表已保存到: logs\训练与验证损失曲线.png
2025-07-22 20:31:21,093 - INFO - 图表已保存到: logs\验证集R2分数曲线.png
2025-07-22 20:31:22,893 - INFO - Trial 1: 选择了 MLP 模型
2025-07-22 20:31:22,893 - INFO - 
--- 模型训练开始 ---
2025-07-22 20:31:24,059 - INFO - Epoch [1/50], 训练损失: 0.4122, 验证损失: 0.0784, 验证 R2 (标准化): 0.9237
2025-07-22 20:31:25,111 - INFO - Epoch [2/50], 训练损失: 0.0236, 验证损失: 0.0127, 验证 R2 (标准化): 0.9876
2025-07-22 20:31:26,174 - INFO - Epoch [3/50], 训练损失: 0.0101, 验证损失: 0.0094, 验证 R2 (标准化): 0.9909
2025-07-22 20:31:27,231 - INFO - Epoch [4/50], 训练损失: 0.0086, 验证损失: 0.0056, 验证 R2 (标准化): 0.9945
2025-07-22 20:31:28,322 - INFO - Epoch [5/50], 训练损失: 0.0068, 验证损失: 0.0043, 验证 R2 (标准化): 0.9958
2025-07-22 20:31:29,386 - INFO - Epoch [6/50], 训练损失: 0.0058, 验证损失: 0.0064, 验证 R2 (标准化): 0.9937
2025-07-22 20:31:30,452 - INFO - Epoch [7/50], 训练损失: 0.0047, 验证损失: 0.0081, 验证 R2 (标准化): 0.9921
2025-07-22 20:31:31,507 - INFO - Epoch [8/50], 训练损失: 0.0046, 验证损失: 0.0033, 验证 R2 (标准化): 0.9967
2025-07-22 20:31:32,579 - INFO - Epoch [9/50], 训练损失: 0.0039, 验证损失: 0.0072, 验证 R2 (标准化): 0.9930
2025-07-22 20:31:33,643 - INFO - Epoch [10/50], 训练损失: 0.0037, 验证损失: 0.0029, 验证 R2 (标准化): 0.9971
2025-07-22 20:31:34,717 - INFO - Epoch [11/50], 训练损失: 0.0032, 验证损失: 0.0036, 验证 R2 (标准化): 0.9965
2025-07-22 20:31:35,763 - INFO - Epoch [12/50], 训练损失: 0.0033, 验证损失: 0.0032, 验证 R2 (标准化): 0.9969
2025-07-22 20:31:36,844 - INFO - Epoch [13/50], 训练损失: 0.0029, 验证损失: 0.0075, 验证 R2 (标准化): 0.9927
2025-07-22 20:31:37,897 - INFO - Epoch [14/50], 训练损失: 0.0026, 验证损失: 0.0033, 验证 R2 (标准化): 0.9968
2025-07-22 20:31:39,015 - INFO - Epoch [15/50], 训练损失: 0.0027, 验证损失: 0.0026, 验证 R2 (标准化): 0.9974
2025-07-22 20:31:40,114 - INFO - Epoch [16/50], 训练损失: 0.0024, 验证损失: 0.0024, 验证 R2 (标准化): 0.9976
2025-07-22 20:31:41,208 - INFO - Epoch [17/50], 训练损失: 0.0024, 验证损失: 0.0053, 验证 R2 (标准化): 0.9949
2025-07-22 20:31:42,304 - INFO - Epoch [18/50], 训练损失: 0.0020, 验证损失: 0.0020, 验证 R2 (标准化): 0.9980
2025-07-22 20:31:43,387 - INFO - Epoch [19/50], 训练损失: 0.0023, 验证损失: 0.0046, 验证 R2 (标准化): 0.9955
2025-07-22 20:31:44,479 - INFO - Epoch [20/50], 训练损失: 0.0021, 验证损失: 0.0020, 验证 R2 (标准化): 0.9980
2025-07-22 20:31:45,570 - INFO - Epoch [21/50], 训练损失: 0.0018, 验证损失: 0.0030, 验证 R2 (标准化): 0.9971
2025-07-22 20:31:46,620 - INFO - Epoch [22/50], 训练损失: 0.0019, 验证损失: 0.0021, 验证 R2 (标准化): 0.9980
2025-07-22 20:31:47,689 - INFO - Epoch [23/50], 训练损失: 0.0016, 验证损失: 0.0018, 验证 R2 (标准化): 0.9982
2025-07-22 20:31:48,788 - INFO - Epoch [24/50], 训练损失: 0.0018, 验证损失: 0.0020, 验证 R2 (标准化): 0.9981
2025-07-22 20:31:49,963 - INFO - Epoch [25/50], 训练损失: 0.0017, 验证损失: 0.0018, 验证 R2 (标准化): 0.9982
2025-07-22 20:31:51,055 - INFO - Epoch [26/50], 训练损失: 0.0016, 验证损失: 0.0026, 验证 R2 (标准化): 0.9975
2025-07-22 20:31:52,145 - INFO - Epoch [27/50], 训练损失: 0.0015, 验证损失: 0.0025, 验证 R2 (标准化): 0.9975
2025-07-22 20:31:53,238 - INFO - Epoch [28/50], 训练损失: 0.0016, 验证损失: 0.0020, 验证 R2 (标准化): 0.9980
2025-07-22 20:31:54,312 - INFO - Epoch [29/50], 训练损失: 0.0014, 验证损失: 0.0049, 验证 R2 (标准化): 0.9952
2025-07-22 20:31:55,406 - INFO - Epoch [30/50], 训练损失: 0.0014, 验证损失: 0.0018, 验证 R2 (标准化): 0.9983
2025-07-22 20:31:56,481 - INFO - Epoch [31/50], 训练损失: 0.0014, 验证损失: 0.0016, 验证 R2 (标准化): 0.9984
2025-07-22 20:31:57,585 - INFO - Epoch [32/50], 训练损失: 0.0012, 验证损失: 0.0023, 验证 R2 (标准化): 0.9977
2025-07-22 20:31:58,656 - INFO - Epoch [33/50], 训练损失: 0.0014, 验证损失: 0.0038, 验证 R2 (标准化): 0.9963
2025-07-22 20:31:59,732 - INFO - Epoch [34/50], 训练损失: 0.0012, 验证损失: 0.0016, 验证 R2 (标准化): 0.9985
2025-07-22 20:32:00,788 - INFO - Epoch [35/50], 训练损失: 0.0013, 验证损失: 0.0016, 验证 R2 (标准化): 0.9985
2025-07-22 20:32:01,844 - INFO - Epoch [36/50], 训练损失: 0.0012, 验证损失: 0.0018, 验证 R2 (标准化): 0.9983
2025-07-22 20:32:02,900 - INFO - Epoch [37/50], 训练损失: 0.0012, 验证损失: 0.0020, 验证 R2 (标准化): 0.9980
2025-07-22 20:32:03,965 - INFO - Epoch [38/50], 训练损失: 0.0011, 验证损失: 0.0026, 验证 R2 (标准化): 0.9974
2025-07-22 20:32:05,017 - INFO - Epoch [39/50], 训练损失: 0.0012, 验证损失: 0.0019, 验证 R2 (标准化): 0.9981
2025-07-22 20:32:06,074 - INFO - Epoch [40/50], 训练损失: 0.0011, 验证损失: 0.0034, 验证 R2 (标准化): 0.9967
2025-07-22 20:32:07,113 - INFO - Epoch [41/50], 训练损失: 0.0003, 验证损失: 0.0016, 验证 R2 (标准化): 0.9984
2025-07-22 20:32:08,191 - INFO - Epoch [42/50], 训练损失: 0.0004, 验证损失: 0.0015, 验证 R2 (标准化): 0.9986
2025-07-22 20:32:09,247 - INFO - Epoch [43/50], 训练损失: 0.0004, 验证损失: 0.0016, 验证 R2 (标准化): 0.9985
2025-07-22 20:32:10,305 - INFO - Epoch [44/50], 训练损失: 0.0003, 验证损失: 0.0014, 验证 R2 (标准化): 0.9987
2025-07-22 20:32:11,348 - INFO - Epoch [45/50], 训练损失: 0.0004, 验证损失: 0.0014, 验证 R2 (标准化): 0.9987
2025-07-22 20:32:12,434 - INFO - Epoch [46/50], 训练损失: 0.0003, 验证损失: 0.0015, 验证 R2 (标准化): 0.9986
2025-07-22 20:32:13,490 - INFO - Epoch [47/50], 训练损失: 0.0004, 验证损失: 0.0014, 验证 R2 (标准化): 0.9986
2025-07-22 20:32:14,628 - INFO - Epoch [48/50], 训练损失: 0.0003, 验证损失: 0.0018, 验证 R2 (标准化): 0.9982
2025-07-22 20:32:15,690 - INFO - Epoch [49/50], 训练损失: 0.0003, 验证损失: 0.0017, 验证 R2 (标准化): 0.9984
2025-07-22 20:32:16,756 - INFO - Epoch [50/50], 训练损失: 0.0003, 验证损失: 0.0015, 验证 R2 (标准化): 0.9986
2025-07-22 20:32:16,756 - INFO - --- 模型训练完成 ---
2025-07-22 20:32:16,904 - INFO - 图表已保存到: logs\训练与验证损失曲线.png
2025-07-22 20:32:53,237 - INFO - 图表已保存到: logs\验证集R2分数曲线.png
2025-07-22 20:32:56,036 - INFO - Trial 2: 选择了 MLP 模型
2025-07-22 20:32:56,036 - INFO - 
--- 模型训练开始 ---
2025-07-22 20:32:57,312 - INFO - Epoch [1/50], 训练损失: 2.5330, 验证损失: 0.1693, 验证 R2 (标准化): 0.8352
2025-07-22 20:32:58,429 - INFO - Epoch [2/50], 训练损失: 0.0275, 验证损失: 0.0213, 验证 R2 (标准化): 0.9793
2025-07-22 20:32:59,572 - INFO - Epoch [3/50], 训练损失: 0.0205, 验证损失: 0.0035, 验证 R2 (标准化): 0.9966
2025-07-22 20:33:00,785 - INFO - Epoch [4/50], 训练损失: 0.0195, 验证损失: 0.0035, 验证 R2 (标准化): 0.9966
2025-07-22 20:33:01,883 - INFO - Epoch [5/50], 训练损失: 0.0187, 验证损失: 0.0086, 验证 R2 (标准化): 0.9916
2025-07-22 20:33:02,957 - INFO - Epoch [6/50], 训练损失: 0.0122, 验证损失: 0.0240, 验证 R2 (标准化): 0.9766
2025-07-22 20:33:04,011 - INFO - Epoch [7/50], 训练损失: 0.0102, 验证损失: 0.0014, 验证 R2 (标准化): 0.9986
2025-07-22 20:33:05,068 - INFO - Epoch [8/50], 训练损失: 0.0078, 验证损失: 0.0039, 验证 R2 (标准化): 0.9962
2025-07-22 20:33:06,112 - INFO - Epoch [9/50], 训练损失: 0.0065, 验证损失: 0.0024, 验证 R2 (标准化): 0.9976
2025-07-22 20:33:07,201 - INFO - Epoch [10/50], 训练损失: 0.0049, 验证损失: 0.0007, 验证 R2 (标准化): 0.9994
2025-07-22 20:33:08,280 - INFO - Epoch [11/50], 训练损失: 0.0046, 验证损失: 0.0009, 验证 R2 (标准化): 0.9992
2025-07-22 20:33:09,336 - INFO - Epoch [12/50], 训练损失: 0.0037, 验证损失: 0.0053, 验证 R2 (标准化): 0.9949
2025-07-22 20:33:10,402 - INFO - Epoch [13/50], 训练损失: 0.0040, 验证损失: 0.0007, 验证 R2 (标准化): 0.9994
2025-07-22 20:33:11,486 - INFO - Epoch [14/50], 训练损失: 0.0034, 验证损失: 0.0028, 验证 R2 (标准化): 0.9972
2025-07-22 20:33:12,551 - INFO - Epoch [15/50], 训练损失: 0.0031, 验证损失: 0.0176, 验证 R2 (标准化): 0.9829
2025-07-22 20:33:13,616 - INFO - Epoch [16/50], 训练损失: 0.0025, 验证损失: 0.0166, 验证 R2 (标准化): 0.9838
2025-07-22 20:33:14,670 - INFO - Epoch [17/50], 训练损失: 0.0030, 验证损失: 0.0019, 验证 R2 (标准化): 0.9981
2025-07-22 20:33:15,738 - INFO - Epoch [18/50], 训练损失: 0.0026, 验证损失: 0.0037, 验证 R2 (标准化): 0.9964
2025-07-22 20:33:16,810 - INFO - Epoch [19/50], 训练损失: 0.0022, 验证损失: 0.0023, 验证 R2 (标准化): 0.9977
2025-07-22 20:33:17,871 - INFO - Epoch [20/50], 训练损失: 0.0006, 验证损失: 0.0006, 验证 R2 (标准化): 0.9994
2025-07-22 20:33:18,950 - INFO - Epoch [21/50], 训练损失: 0.0007, 验证损失: 0.0009, 验证 R2 (标准化): 0.9991
2025-07-22 20:33:20,017 - INFO - Epoch [22/50], 训练损失: 0.0008, 验证损失: 0.0004, 验证 R2 (标准化): 0.9996
2025-07-22 20:33:21,085 - INFO - Epoch [23/50], 训练损失: 0.0007, 验证损失: 0.0005, 验证 R2 (标准化): 0.9995
2025-07-22 20:33:22,159 - INFO - Epoch [24/50], 训练损失: 0.0007, 验证损失: 0.0012, 验证 R2 (标准化): 0.9988
2025-07-22 20:33:23,233 - INFO - Epoch [25/50], 训练损失: 0.0007, 验证损失: 0.0007, 验证 R2 (标准化): 0.9993
2025-07-22 20:33:24,302 - INFO - Epoch [26/50], 训练损失: 0.0007, 验证损失: 0.0008, 验证 R2 (标准化): 0.9992
2025-07-22 20:33:25,381 - INFO - Epoch [27/50], 训练损失: 0.0007, 验证损失: 0.0010, 验证 R2 (标准化): 0.9990
2025-07-22 20:33:26,478 - INFO - Epoch [28/50], 训练损失: 0.0006, 验证损失: 0.0010, 验证 R2 (标准化): 0.9990
2025-07-22 20:33:27,533 - INFO - Epoch [29/50], 训练损失: 0.0002, 验证损失: 0.0009, 验证 R2 (标准化): 0.9991
2025-07-22 20:33:28,595 - INFO - Epoch [30/50], 训练损失: 0.0003, 验证损失: 0.0004, 验证 R2 (标准化): 0.9996
2025-07-22 20:33:29,657 - INFO - Epoch [31/50], 训练损失: 0.0003, 验证损失: 0.0003, 验证 R2 (标准化): 0.9997
2025-07-22 20:33:30,775 - INFO - Epoch [32/50], 训练损失: 0.0003, 验证损失: 0.0006, 验证 R2 (标准化): 0.9995
2025-07-22 20:33:31,921 - INFO - Epoch [33/50], 训练损失: 0.0002, 验证损失: 0.0003, 验证 R2 (标准化): 0.9997
2025-07-22 20:33:33,013 - INFO - Epoch [34/50], 训练损失: 0.0003, 验证损失: 0.0003, 验证 R2 (标准化): 0.9997
2025-07-22 20:33:34,098 - INFO - Epoch [35/50], 训练损失: 0.0002, 验证损失: 0.0004, 验证 R2 (标准化): 0.9996
2025-07-22 20:33:35,188 - INFO - Epoch [36/50], 训练损失: 0.0002, 验证损失: 0.0003, 验证 R2 (标准化): 0.9997
2025-07-22 20:33:36,245 - INFO - Epoch [37/50], 训练损失: 0.0002, 验证损失: 0.0003, 验证 R2 (标准化): 0.9998
2025-07-22 20:33:37,367 - INFO - Epoch [38/50], 训练损失: 0.0002, 验证损失: 0.0005, 验证 R2 (标准化): 0.9995
2025-07-22 20:33:38,432 - INFO - Epoch [39/50], 训练损失: 0.0002, 验证损失: 0.0003, 验证 R2 (标准化): 0.9997
2025-07-22 20:33:39,483 - INFO - Epoch [40/50], 训练损失: 0.0003, 验证损失: 0.0003, 验证 R2 (标准化): 0.9997
2025-07-22 20:33:40,556 - INFO - Epoch [41/50], 训练损失: 0.0002, 验证损失: 0.0003, 验证 R2 (标准化): 0.9997
2025-07-22 20:33:41,629 - INFO - Epoch [42/50], 训练损失: 0.0002, 验证损失: 0.0003, 验证 R2 (标准化): 0.9997
2025-07-22 20:33:42,704 - INFO - Epoch [43/50], 训练损失: 0.0002, 验证损失: 0.0003, 验证 R2 (标准化): 0.9997
2025-07-22 20:33:43,779 - INFO - Epoch [44/50], 训练损失: 0.0001, 验证损失: 0.0003, 验证 R2 (标准化): 0.9997
2025-07-22 20:33:44,844 - INFO - Epoch [45/50], 训练损失: 0.0001, 验证损失: 0.0002, 验证 R2 (标准化): 0.9998
2025-07-22 20:33:45,920 - INFO - Epoch [46/50], 训练损失: 0.0001, 验证损失: 0.0004, 验证 R2 (标准化): 0.9997
2025-07-22 20:33:47,039 - INFO - Epoch [47/50], 训练损失: 0.0001, 验证损失: 0.0003, 验证 R2 (标准化): 0.9997
2025-07-22 20:33:48,121 - INFO - Epoch [48/50], 训练损失: 0.0001, 验证损失: 0.0004, 验证 R2 (标准化): 0.9996
2025-07-22 20:33:49,190 - INFO - Epoch [49/50], 训练损失: 0.0001, 验证损失: 0.0004, 验证 R2 (标准化): 0.9996
2025-07-22 20:33:50,256 - INFO - Epoch [50/50], 训练损失: 0.0001, 验证损失: 0.0005, 验证 R2 (标准化): 0.9995
2025-07-22 20:33:50,256 - INFO - --- 模型训练完成 ---
2025-07-22 20:33:50,402 - INFO - 图表已保存到: logs\训练与验证损失曲线.png
2025-07-22 20:33:53,354 - INFO - 图表已保存到: logs\验证集R2分数曲线.png
2025-07-22 20:33:55,381 - INFO - Trial 3: 选择了 MLP 模型
2025-07-22 20:33:55,381 - INFO - 
--- 模型训练开始 ---
2025-07-22 20:33:56,501 - INFO - Epoch [1/50], 训练损失: 1.2338, 验证损失: 0.0208, 验证 R2 (标准化): 0.9798
2025-07-22 20:33:57,532 - INFO - Epoch [2/50], 训练损失: 0.0303, 验证损失: 0.0046, 验证 R2 (标准化): 0.9956
2025-07-22 20:33:58,566 - INFO - Epoch [3/50], 训练损失: 0.0212, 验证损失: 0.0022, 验证 R2 (标准化): 0.9979
2025-07-22 20:33:59,622 - INFO - Epoch [4/50], 训练损失: 0.0148, 验证损失: 0.0435, 验证 R2 (标准化): 0.9577
2025-07-22 20:34:00,714 - INFO - Epoch [5/50], 训练损失: 0.0145, 验证损失: 0.0016, 验证 R2 (标准化): 0.9985
2025-07-22 20:34:01,789 - INFO - Epoch [6/50], 训练损失: 0.0096, 验证损失: 0.0247, 验证 R2 (标准化): 0.9759
2025-07-22 20:34:02,838 - INFO - Epoch [7/50], 训练损失: 0.0063, 验证损失: 0.0083, 验证 R2 (标准化): 0.9919
2025-07-22 20:34:03,888 - INFO - Epoch [8/50], 训练损失: 0.0064, 验证损失: 0.0011, 验证 R2 (标准化): 0.9990
2025-07-22 20:34:04,940 - INFO - Epoch [9/50], 训练损失: 0.0043, 验证损失: 0.0009, 验证 R2 (标准化): 0.9991
2025-07-22 20:34:06,003 - INFO - Epoch [10/50], 训练损失: 0.0044, 验证损失: 0.0007, 验证 R2 (标准化): 0.9993
2025-07-22 20:34:07,055 - INFO - Epoch [11/50], 训练损失: 0.0035, 验证损失: 0.0019, 验证 R2 (标准化): 0.9982
2025-07-22 20:34:08,120 - INFO - Epoch [12/50], 训练损失: 0.0040, 验证损失: 0.0012, 验证 R2 (标准化): 0.9988
2025-07-22 20:34:09,179 - INFO - Epoch [13/50], 训练损失: 0.0030, 验证损失: 0.0011, 验证 R2 (标准化): 0.9989
2025-07-22 20:34:10,236 - INFO - Epoch [14/50], 训练损失: 0.0031, 验证损失: 0.0015, 验证 R2 (标准化): 0.9985
2025-07-22 20:34:11,341 - INFO - Epoch [15/50], 训练损失: 0.0032, 验证损失: 0.0028, 验证 R2 (标准化): 0.9973
2025-07-22 20:34:12,457 - INFO - Epoch [16/50], 训练损失: 0.0029, 验证损失: 0.0027, 验证 R2 (标准化): 0.9973
2025-07-22 20:34:13,601 - INFO - Epoch [17/50], 训练损失: 0.0005, 验证损失: 0.0010, 验证 R2 (标准化): 0.9991
2025-07-22 20:34:14,823 - INFO - Epoch [18/50], 训练损失: 0.0009, 验证损失: 0.0004, 验证 R2 (标准化): 0.9996
2025-07-22 20:34:15,990 - INFO - Epoch [19/50], 训练损失: 0.0008, 验证损失: 0.0023, 验证 R2 (标准化): 0.9978
2025-07-22 20:34:17,172 - INFO - Epoch [20/50], 训练损失: 0.0008, 验证损失: 0.0004, 验证 R2 (标准化): 0.9996
2025-07-22 20:34:18,302 - INFO - Epoch [21/50], 训练损失: 0.0009, 验证损失: 0.0006, 验证 R2 (标准化): 0.9995
2025-07-22 20:34:19,415 - INFO - Epoch [22/50], 训练损失: 0.0008, 验证损失: 0.0012, 验证 R2 (标准化): 0.9988
2025-07-22 20:34:20,480 - INFO - Epoch [23/50], 训练损失: 0.0008, 验证损失: 0.0008, 验证 R2 (标准化): 0.9992
2025-07-22 20:34:21,577 - INFO - Epoch [24/50], 训练损失: 0.0007, 验证损失: 0.0006, 验证 R2 (标准化): 0.9994
2025-07-22 20:34:22,681 - INFO - Epoch [25/50], 训练损失: 0.0002, 验证损失: 0.0003, 验证 R2 (标准化): 0.9997
2025-07-22 20:34:23,823 - INFO - Epoch [26/50], 训练损失: 0.0003, 验证损失: 0.0003, 验证 R2 (标准化): 0.9997
2025-07-22 20:34:25,027 - INFO - Epoch [27/50], 训练损失: 0.0003, 验证损失: 0.0004, 验证 R2 (标准化): 0.9996
2025-07-22 20:34:26,213 - INFO - Epoch [28/50], 训练损失: 0.0003, 验证损失: 0.0005, 验证 R2 (标准化): 0.9995
2025-07-22 20:34:27,329 - INFO - Epoch [29/50], 训练损失: 0.0003, 验证损失: 0.0008, 验证 R2 (标准化): 0.9992
2025-07-22 20:34:28,404 - INFO - Epoch [30/50], 训练损失: 0.0003, 验证损失: 0.0006, 验证 R2 (标准化): 0.9994
2025-07-22 20:34:29,456 - INFO - Epoch [31/50], 训练损失: 0.0003, 验证损失: 0.0005, 验证 R2 (标准化): 0.9995
2025-07-22 20:34:30,557 - INFO - Epoch [32/50], 训练损失: 0.0001, 验证损失: 0.0003, 验证 R2 (标准化): 0.9997
2025-07-22 20:34:31,630 - INFO - Epoch [33/50], 训练损失: 0.0001, 验证损失: 0.0003, 验证 R2 (标准化): 0.9997
2025-07-22 20:34:32,698 - INFO - Epoch [34/50], 训练损失: 0.0002, 验证损失: 0.0005, 验证 R2 (标准化): 0.9995
2025-07-22 20:34:33,764 - INFO - Epoch [35/50], 训练损失: 0.0002, 验证损失: 0.0003, 验证 R2 (标准化): 0.9997
2025-07-22 20:34:34,843 - INFO - Epoch [36/50], 训练损失: 0.0002, 验证损失: 0.0005, 验证 R2 (标准化): 0.9995
2025-07-22 20:34:35,909 - INFO - Epoch [37/50], 训练损失: 0.0001, 验证损失: 0.0002, 验证 R2 (标准化): 0.9998
2025-07-22 20:34:36,997 - INFO - Epoch [38/50], 训练损失: 0.0001, 验证损失: 0.0003, 验证 R2 (标准化): 0.9998
2025-07-22 20:34:38,063 - INFO - Epoch [39/50], 训练损失: 0.0001, 验证损失: 0.0002, 验证 R2 (标准化): 0.9998
2025-07-22 20:34:39,131 - INFO - Epoch [40/50], 训练损失: 0.0001, 验证损失: 0.0003, 验证 R2 (标准化): 0.9998
2025-07-22 20:34:40,199 - INFO - Epoch [41/50], 训练损失: 0.0001, 验证损失: 0.0006, 验证 R2 (标准化): 0.9994
2025-07-22 20:34:41,280 - INFO - Epoch [42/50], 训练损失: 0.0001, 验证损失: 0.0002, 验证 R2 (标准化): 0.9998
2025-07-22 20:34:42,351 - INFO - Epoch [43/50], 训练损失: 0.0001, 验证损失: 0.0003, 验证 R2 (标准化): 0.9997
2025-07-22 20:34:43,448 - INFO - Epoch [44/50], 训练损失: 0.0001, 验证损失: 0.0007, 验证 R2 (标准化): 0.9994
2025-07-22 20:34:44,502 - INFO - Epoch [45/50], 训练损失: 0.0001, 验证损失: 0.0003, 验证 R2 (标准化): 0.9997
2025-07-22 20:34:45,580 - INFO - Epoch [46/50], 训练损失: 0.0001, 验证损失: 0.0003, 验证 R2 (标准化): 0.9997
2025-07-22 20:34:46,648 - INFO - Epoch [47/50], 训练损失: 0.0001, 验证损失: 0.0002, 验证 R2 (标准化): 0.9998
2025-07-22 20:34:47,706 - INFO - Epoch [48/50], 训练损失: 0.0001, 验证损失: 0.0003, 验证 R2 (标准化): 0.9997
2025-07-22 20:34:48,768 - INFO - Epoch [49/50], 训练损失: 0.0001, 验证损失: 0.0002, 验证 R2 (标准化): 0.9998
2025-07-22 20:34:49,814 - INFO - Epoch [50/50], 训练损失: 0.0001, 验证损失: 0.0002, 验证 R2 (标准化): 0.9998
2025-07-22 20:34:49,815 - INFO - --- 模型训练完成 ---
2025-07-22 20:34:49,960 - INFO - 图表已保存到: logs\训练与验证损失曲线.png
2025-07-22 20:34:52,572 - INFO - 图表已保存到: logs\验证集R2分数曲线.png
2025-07-22 20:34:54,481 - INFO - Trial 4: 选择了 MLP 模型
2025-07-22 20:34:54,482 - INFO - 
--- 模型训练开始 ---
2025-07-22 20:34:56,099 - INFO - Epoch [1/50], 训练损失: 0.1440, 验证损失: 0.0422, 验证 R2 (标准化): 0.9589
2025-07-22 20:34:57,572 - INFO - Epoch [2/50], 训练损失: 0.0331, 验证损失: 0.0166, 验证 R2 (标准化): 0.9838
2025-07-22 20:34:59,017 - INFO - Epoch [3/50], 训练损失: 0.0142, 验证损失: 0.0071, 验证 R2 (标准化): 0.9931
2025-07-22 20:35:00,514 - INFO - Epoch [4/50], 训练损失: 0.0122, 验证损失: 0.0164, 验证 R2 (标准化): 0.9840
2025-07-22 20:35:01,963 - INFO - Epoch [5/50], 训练损失: 0.0097, 验证损失: 0.0268, 验证 R2 (标准化): 0.9739
2025-07-22 20:35:03,407 - INFO - Epoch [6/50], 训练损失: 0.0067, 验证损失: 0.0033, 验证 R2 (标准化): 0.9968
2025-07-22 20:35:04,846 - INFO - Epoch [7/50], 训练损失: 0.0070, 验证损失: 0.0028, 验证 R2 (标准化): 0.9973
2025-07-22 20:35:06,293 - INFO - Epoch [8/50], 训练损失: 0.0052, 验证损失: 0.0063, 验证 R2 (标准化): 0.9939
2025-07-22 20:35:07,714 - INFO - Epoch [9/50], 训练损失: 0.0044, 验证损失: 0.0021, 验证 R2 (标准化): 0.9979
2025-07-22 20:35:09,170 - INFO - Epoch [10/50], 训练损失: 0.0037, 验证损失: 0.0008, 验证 R2 (标准化): 0.9992
2025-07-22 20:35:10,615 - INFO - Epoch [11/50], 训练损失: 0.0034, 验证损失: 0.0037, 验证 R2 (标准化): 0.9964
2025-07-22 20:35:12,079 - INFO - Epoch [12/50], 训练损失: 0.0033, 验证损失: 0.0066, 验证 R2 (标准化): 0.9935
2025-07-22 20:35:13,570 - INFO - Epoch [13/50], 训练损失: 0.0031, 验证损失: 0.0009, 验证 R2 (标准化): 0.9991
2025-07-22 20:35:15,054 - INFO - Epoch [14/50], 训练损失: 0.0028, 验证损失: 0.0032, 验证 R2 (标准化): 0.9969
2025-07-22 20:35:16,698 - INFO - Epoch [15/50], 训练损失: 0.0023, 验证损失: 0.0013, 验证 R2 (标准化): 0.9987
2025-07-22 20:35:18,247 - INFO - Epoch [16/50], 训练损失: 0.0025, 验证损失: 0.0027, 验证 R2 (标准化): 0.9974
2025-07-22 20:35:19,685 - INFO - Epoch [17/50], 训练损失: 0.0005, 验证损失: 0.0016, 验证 R2 (标准化): 0.9984
2025-07-22 20:35:21,267 - INFO - Epoch [18/50], 训练损失: 0.0008, 验证损失: 0.0016, 验证 R2 (标准化): 0.9984
2025-07-22 20:35:22,852 - INFO - Epoch [19/50], 训练损失: 0.0007, 验证损失: 0.0006, 验证 R2 (标准化): 0.9994
2025-07-22 20:35:24,436 - INFO - Epoch [20/50], 训练损失: 0.0007, 验证损失: 0.0015, 验证 R2 (标准化): 0.9986
2025-07-22 20:35:26,138 - INFO - Epoch [21/50], 训练损失: 0.0007, 验证损失: 0.0008, 验证 R2 (标准化): 0.9992
2025-07-22 20:35:27,773 - INFO - Epoch [22/50], 训练损失: 0.0006, 验证损失: 0.0011, 验证 R2 (标准化): 0.9989
2025-07-22 20:35:29,458 - INFO - Epoch [23/50], 训练损失: 0.0007, 验证损失: 0.0008, 验证 R2 (标准化): 0.9992
2025-07-22 20:35:31,244 - INFO - Epoch [24/50], 训练损失: 0.0006, 验证损失: 0.0004, 验证 R2 (标准化): 0.9996
2025-07-22 20:35:32,752 - INFO - Epoch [25/50], 训练损失: 0.0007, 验证损失: 0.0004, 验证 R2 (标准化): 0.9996
2025-07-22 20:35:34,266 - INFO - Epoch [26/50], 训练损失: 0.0006, 验证损失: 0.0004, 验证 R2 (标准化): 0.9996
2025-07-22 20:35:35,751 - INFO - Epoch [27/50], 训练损失: 0.0006, 验证损失: 0.0005, 验证 R2 (标准化): 0.9995
2025-07-22 20:35:37,184 - INFO - Epoch [28/50], 训练损失: 0.0006, 验证损失: 0.0005, 验证 R2 (标准化): 0.9995
2025-07-22 20:35:38,566 - INFO - Epoch [29/50], 训练损失: 0.0006, 验证损失: 0.0045, 验证 R2 (标准化): 0.9956
2025-07-22 20:35:39,908 - INFO - Epoch [30/50], 训练损失: 0.0006, 验证损失: 0.0011, 验证 R2 (标准化): 0.9989
2025-07-22 20:35:41,327 - INFO - Epoch [31/50], 训练损失: 0.0005, 验证损失: 0.0006, 验证 R2 (标准化): 0.9994
2025-07-22 20:35:42,801 - INFO - Epoch [32/50], 训练损失: 0.0006, 验证损失: 0.0007, 验证 R2 (标准化): 0.9993
2025-07-22 20:35:44,147 - INFO - Epoch [33/50], 训练损失: 0.0002, 验证损失: 0.0004, 验证 R2 (标准化): 0.9996
2025-07-22 20:35:45,499 - INFO - Epoch [34/50], 训练损失: 0.0002, 验证损失: 0.0004, 验证 R2 (标准化): 0.9996
2025-07-22 20:35:46,895 - INFO - Epoch [35/50], 训练损失: 0.0002, 验证损失: 0.0006, 验证 R2 (标准化): 0.9994
2025-07-22 20:35:48,549 - INFO - Epoch [36/50], 训练损失: 0.0002, 验证损失: 0.0004, 验证 R2 (标准化): 0.9996
2025-07-22 20:35:50,181 - INFO - Epoch [37/50], 训练损失: 0.0002, 验证损失: 0.0005, 验证 R2 (标准化): 0.9996
2025-07-22 20:35:51,772 - INFO - Epoch [38/50], 训练损失: 0.0002, 验证损失: 0.0006, 验证 R2 (标准化): 0.9994
2025-07-22 20:35:53,338 - INFO - Epoch [39/50], 训练损失: 0.0002, 验证损失: 0.0007, 验证 R2 (标准化): 0.9993
2025-07-22 20:35:54,981 - INFO - Epoch [40/50], 训练损失: 0.0002, 验证损失: 0.0004, 验证 R2 (标准化): 0.9996
2025-07-22 20:35:56,608 - INFO - Epoch [41/50], 训练损失: 0.0001, 验证损失: 0.0004, 验证 R2 (标准化): 0.9996
2025-07-22 20:35:58,271 - INFO - Epoch [42/50], 训练损失: 0.0001, 验证损失: 0.0004, 验证 R2 (标准化): 0.9996
2025-07-22 20:35:59,878 - INFO - Epoch [43/50], 训练损失: 0.0001, 验证损失: 0.0006, 验证 R2 (标准化): 0.9994
2025-07-22 20:36:01,448 - INFO - Epoch [44/50], 训练损失: 0.0001, 验证损失: 0.0004, 验证 R2 (标准化): 0.9996
2025-07-22 20:36:01,449 - INFO - 早停！验证损失在 10 个epoch内没有显著改善。
2025-07-22 20:36:01,451 - INFO - --- 模型训练完成 ---
2025-07-22 20:36:01,608 - INFO - 图表已保存到: logs\训练与验证损失曲线.png
2025-07-22 20:36:04,044 - INFO - 图表已保存到: logs\验证集R2分数曲线.png
2025-07-22 20:36:05,742 - INFO - Trial 5: 选择了 FT-Transformer 模型
2025-07-22 20:36:05,742 - INFO - 
--- 模型训练开始 ---
2025-07-22 20:36:10,973 - INFO - Epoch [1/50], 训练损失: 0.2023, 验证损失: 0.0369, 验证 R2 (标准化): 0.9640
2025-07-22 20:36:15,718 - INFO - Epoch [2/50], 训练损失: 0.0117, 验证损失: 0.0061, 验证 R2 (标准化): 0.9940
2025-07-22 20:36:20,258 - INFO - Epoch [3/50], 训练损失: 0.0064, 验证损失: 0.0034, 验证 R2 (标准化): 0.9967
2025-07-22 20:36:24,965 - INFO - Epoch [4/50], 训练损失: 0.0050, 验证损失: 0.0026, 验证 R2 (标准化): 0.9974
2025-07-22 20:36:29,748 - INFO - Epoch [5/50], 训练损失: 0.0041, 验证损失: 0.0050, 验证 R2 (标准化): 0.9951
2025-07-22 20:36:34,536 - INFO - Epoch [6/50], 训练损失: 0.0035, 验证损失: 0.0009, 验证 R2 (标准化): 0.9992
2025-07-22 20:36:39,388 - INFO - Epoch [7/50], 训练损失: 0.0031, 验证损失: 0.0123, 验证 R2 (标准化): 0.9880
2025-07-22 20:36:44,148 - INFO - Epoch [8/50], 训练损失: 0.0023, 验证损失: 0.0026, 验证 R2 (标准化): 0.9975
2025-07-22 20:36:48,870 - INFO - Epoch [9/50], 训练损失: 0.0027, 验证损失: 0.0067, 验证 R2 (标准化): 0.9935
2025-07-22 20:36:53,684 - INFO - Epoch [10/50], 训练损失: 0.0023, 验证损失: 0.0048, 验证 R2 (标准化): 0.9954
2025-07-22 20:36:58,533 - INFO - Epoch [11/50], 训练损失: 0.0018, 验证损失: 0.0050, 验证 R2 (标准化): 0.9951
2025-07-22 20:37:03,293 - INFO - Epoch [12/50], 训练损失: 0.0020, 验证损失: 0.0004, 验证 R2 (标准化): 0.9996
2025-07-22 20:37:08,166 - INFO - Epoch [13/50], 训练损失: 0.0017, 验证损失: 0.0041, 验证 R2 (标准化): 0.9960
2025-07-22 20:37:13,056 - INFO - Epoch [14/50], 训练损失: 0.0017, 验证损失: 0.0005, 验证 R2 (标准化): 0.9995
2025-07-22 20:37:17,955 - INFO - Epoch [15/50], 训练损失: 0.0015, 验证损失: 0.0004, 验证 R2 (标准化): 0.9996
2025-07-22 20:37:22,783 - INFO - Epoch [16/50], 训练损失: 0.0014, 验证损失: 0.0006, 验证 R2 (标准化): 0.9994
2025-07-22 20:37:27,646 - INFO - Epoch [17/50], 训练损失: 0.0014, 验证损失: 0.0003, 验证 R2 (标准化): 0.9997
2025-07-22 20:37:32,580 - INFO - Epoch [18/50], 训练损失: 0.0012, 验证损失: 0.0012, 验证 R2 (标准化): 0.9988
2025-07-22 20:37:37,457 - INFO - Epoch [19/50], 训练损失: 0.0013, 验证损失: 0.0005, 验证 R2 (标准化): 0.9995
2025-07-22 20:37:42,255 - INFO - Epoch [20/50], 训练损失: 0.0012, 验证损失: 0.0020, 验证 R2 (标准化): 0.9980
2025-07-22 20:37:47,069 - INFO - Epoch [21/50], 训练损失: 0.0011, 验证损失: 0.0004, 验证 R2 (标准化): 0.9996
2025-07-22 20:37:51,941 - INFO - Epoch [22/50], 训练损失: 0.0011, 验证损失: 0.0007, 验证 R2 (标准化): 0.9993
2025-07-22 20:37:56,890 - INFO - Epoch [23/50], 训练损失: 0.0011, 验证损失: 0.0004, 验证 R2 (标准化): 0.9996
2025-07-22 20:38:01,702 - INFO - Epoch [24/50], 训练损失: 0.0002, 验证损失: 0.0003, 验证 R2 (标准化): 0.9997
2025-07-22 20:38:06,582 - INFO - Epoch [25/50], 训练损失: 0.0003, 验证损失: 0.0004, 验证 R2 (标准化): 0.9996
2025-07-22 20:38:11,493 - INFO - Epoch [26/50], 训练损失: 0.0003, 验证损失: 0.0019, 验证 R2 (标准化): 0.9982
2025-07-22 20:38:16,326 - INFO - Epoch [27/50], 训练损失: 0.0004, 验证损失: 0.0003, 验证 R2 (标准化): 0.9997
2025-07-22 20:38:21,127 - INFO - Epoch [28/50], 训练损失: 0.0003, 验证损失: 0.0005, 验证 R2 (标准化): 0.9995
2025-07-22 20:38:26,001 - INFO - Epoch [29/50], 训练损失: 0.0003, 验证损失: 0.0003, 验证 R2 (标准化): 0.9997
2025-07-22 20:38:30,891 - INFO - Epoch [30/50], 训练损失: 0.0003, 验证损失: 0.0002, 验证 R2 (标准化): 0.9998
2025-07-22 20:38:35,760 - INFO - Epoch [31/50], 训练损失: 0.0003, 验证损失: 0.0005, 验证 R2 (标准化): 0.9996
2025-07-22 20:38:40,645 - INFO - Epoch [32/50], 训练损失: 0.0003, 验证损失: 0.0004, 验证 R2 (标准化): 0.9996
2025-07-22 20:38:45,472 - INFO - Epoch [33/50], 训练损失: 0.0003, 验证损失: 0.0002, 验证 R2 (标准化): 0.9999
2025-07-22 20:38:50,429 - INFO - Epoch [34/50], 训练损失: 0.0003, 验证损失: 0.0003, 验证 R2 (标准化): 0.9997
2025-07-22 20:38:55,567 - INFO - Epoch [35/50], 训练损失: 0.0003, 验证损失: 0.0002, 验证 R2 (标准化): 0.9998
2025-07-22 20:39:00,192 - INFO - Epoch [36/50], 训练损失: 0.0003, 验证损失: 0.0002, 验证 R2 (标准化): 0.9998
2025-07-22 20:39:05,172 - INFO - Epoch [37/50], 训练损失: 0.0003, 验证损失: 0.0025, 验证 R2 (标准化): 0.9976
2025-07-22 20:39:10,276 - INFO - Epoch [38/50], 训练损失: 0.0003, 验证损失: 0.0003, 验证 R2 (标准化): 0.9998
2025-07-22 20:39:15,287 - INFO - Epoch [39/50], 训练损失: 0.0003, 验证损失: 0.0002, 验证 R2 (标准化): 0.9998
2025-07-22 20:39:20,302 - INFO - Epoch [40/50], 训练损失: 0.0001, 验证损失: 0.0002, 验证 R2 (标准化): 0.9998
2025-07-22 20:39:25,465 - INFO - Epoch [41/50], 训练损失: 0.0001, 验证损失: 0.0002, 验证 R2 (标准化): 0.9998
2025-07-22 20:39:30,577 - INFO - Epoch [42/50], 训练损失: 0.0001, 验证损失: 0.0002, 验证 R2 (标准化): 0.9998
2025-07-22 20:39:35,619 - INFO - Epoch [43/50], 训练损失: 0.0001, 验证损失: 0.0002, 验证 R2 (标准化): 0.9999
2025-07-22 20:39:35,619 - INFO - 早停！验证损失在 10 个epoch内没有显著改善。
2025-07-22 20:39:35,619 - INFO - --- 模型训练完成 ---
2025-07-22 20:39:35,770 - INFO - 图表已保存到: logs\训练与验证损失曲线.png
2025-07-22 20:39:41,871 - INFO - 图表已保存到: logs\验证集R2分数曲线.png
2025-07-22 20:39:44,463 - INFO - Trial 6: 选择了 MLP 模型
2025-07-22 20:39:44,463 - INFO - 
--- 模型训练开始 ---
2025-07-22 20:39:46,031 - INFO - Epoch [1/50], 训练损失: 0.1443, 验证损失: 0.0287, 验证 R2 (标准化): 0.9720
2025-07-22 20:39:47,436 - INFO - Epoch [2/50], 训练损失: 0.0344, 验证损失: 0.0062, 验证 R2 (标准化): 0.9939
2025-07-22 20:39:48,833 - INFO - Epoch [3/50], 训练损失: 0.0173, 验证损失: 0.0182, 验证 R2 (标准化): 0.9822
2025-07-22 20:39:50,268 - INFO - Epoch [4/50], 训练损失: 0.0125, 验证损失: 0.0110, 验证 R2 (标准化): 0.9892
2025-07-22 20:39:51,693 - INFO - Epoch [5/50], 训练损失: 0.0093, 验证损失: 0.0086, 验证 R2 (标准化): 0.9916
2025-07-22 20:39:53,141 - INFO - Epoch [6/50], 训练损失: 0.0080, 验证损失: 0.0042, 验证 R2 (标准化): 0.9959
2025-07-22 20:39:54,594 - INFO - Epoch [7/50], 训练损失: 0.0062, 验证损失: 0.0032, 验证 R2 (标准化): 0.9969
2025-07-22 20:39:56,048 - INFO - Epoch [8/50], 训练损失: 0.0055, 验证损失: 0.0015, 验证 R2 (标准化): 0.9985
2025-07-22 20:39:57,501 - INFO - Epoch [9/50], 训练损失: 0.0055, 验证损失: 0.0033, 验证 R2 (标准化): 0.9968
2025-07-22 20:39:59,018 - INFO - Epoch [10/50], 训练损失: 0.0041, 验证损失: 0.0073, 验证 R2 (标准化): 0.9929
2025-07-22 20:40:00,597 - INFO - Epoch [11/50], 训练损失: 0.0037, 验证损失: 0.0023, 验证 R2 (标准化): 0.9977
2025-07-22 20:40:02,071 - INFO - Epoch [12/50], 训练损失: 0.0036, 验证损失: 0.0017, 验证 R2 (标准化): 0.9983
2025-07-22 20:40:03,514 - INFO - Epoch [13/50], 训练损失: 0.0032, 验证损失: 0.0040, 验证 R2 (标准化): 0.9961
2025-07-22 20:40:04,961 - INFO - Epoch [14/50], 训练损失: 0.0030, 验证损失: 0.0010, 验证 R2 (标准化): 0.9990
2025-07-22 20:40:06,427 - INFO - Epoch [15/50], 训练损失: 0.0030, 验证损失: 0.0036, 验证 R2 (标准化): 0.9965
2025-07-22 20:40:07,880 - INFO - Epoch [16/50], 训练损失: 0.0022, 验证损失: 0.0020, 验证 R2 (标准化): 0.9981
2025-07-22 20:40:09,313 - INFO - Epoch [17/50], 训练损失: 0.0025, 验证损失: 0.0018, 验证 R2 (标准化): 0.9983
2025-07-22 20:40:10,769 - INFO - Epoch [18/50], 训练损失: 0.0025, 验证损失: 0.0011, 验证 R2 (标准化): 0.9989
2025-07-22 20:40:12,297 - INFO - Epoch [19/50], 训练损失: 0.0020, 验证损失: 0.0015, 验证 R2 (标准化): 0.9986
2025-07-22 20:40:13,921 - INFO - Epoch [20/50], 训练损失: 0.0020, 验证损失: 0.0009, 验证 R2 (标准化): 0.9991
2025-07-22 20:40:15,451 - INFO - Epoch [21/50], 训练损失: 0.0019, 验证损失: 0.0007, 验证 R2 (标准化): 0.9993
2025-07-22 20:40:16,982 - INFO - Epoch [22/50], 训练损失: 0.0019, 验证损失: 0.0021, 验证 R2 (标准化): 0.9979
2025-07-22 20:40:18,530 - INFO - Epoch [23/50], 训练损失: 0.0016, 验证损失: 0.0028, 验证 R2 (标准化): 0.9973
2025-07-22 20:40:20,120 - INFO - Epoch [24/50], 训练损失: 0.0017, 验证损失: 0.0006, 验证 R2 (标准化): 0.9994
2025-07-22 20:40:21,670 - INFO - Epoch [25/50], 训练损失: 0.0015, 验证损失: 0.0007, 验证 R2 (标准化): 0.9993
2025-07-22 20:40:23,212 - INFO - Epoch [26/50], 训练损失: 0.0021, 验证损失: 0.0017, 验证 R2 (标准化): 0.9984
2025-07-22 20:40:24,781 - INFO - Epoch [27/50], 训练损失: 0.0014, 验证损失: 0.0009, 验证 R2 (标准化): 0.9991
2025-07-22 20:40:26,351 - INFO - Epoch [28/50], 训练损失: 0.0016, 验证损失: 0.0031, 验证 R2 (标准化): 0.9969
2025-07-22 20:40:27,847 - INFO - Epoch [29/50], 训练损失: 0.0015, 验证损失: 0.0018, 验证 R2 (标准化): 0.9983
2025-07-22 20:40:29,266 - INFO - Epoch [30/50], 训练损失: 0.0015, 验证损失: 0.0010, 验证 R2 (标准化): 0.9990
2025-07-22 20:40:30,720 - INFO - Epoch [31/50], 训练损失: 0.0003, 验证损失: 0.0012, 验证 R2 (标准化): 0.9988
2025-07-22 20:40:32,169 - INFO - Epoch [32/50], 训练损失: 0.0005, 验证损失: 0.0016, 验证 R2 (标准化): 0.9984
2025-07-22 20:40:33,641 - INFO - Epoch [33/50], 训练损失: 0.0005, 验证损失: 0.0005, 验证 R2 (标准化): 0.9995
2025-07-22 20:40:35,080 - INFO - Epoch [34/50], 训练损失: 0.0004, 验证损失: 0.0007, 验证 R2 (标准化): 0.9994
2025-07-22 20:40:36,547 - INFO - Epoch [35/50], 训练损失: 0.0005, 验证损失: 0.0022, 验证 R2 (标准化): 0.9978
2025-07-22 20:40:38,000 - INFO - Epoch [36/50], 训练损失: 0.0004, 验证损失: 0.0007, 验证 R2 (标准化): 0.9994
2025-07-22 20:40:39,464 - INFO - Epoch [37/50], 训练损失: 0.0005, 验证损失: 0.0008, 验证 R2 (标准化): 0.9993
2025-07-22 20:40:40,915 - INFO - Epoch [38/50], 训练损失: 0.0004, 验证损失: 0.0005, 验证 R2 (标准化): 0.9996
2025-07-22 20:40:42,382 - INFO - Epoch [39/50], 训练损失: 0.0004, 验证损失: 0.0004, 验证 R2 (标准化): 0.9996
2025-07-22 20:40:43,856 - INFO - Epoch [40/50], 训练损失: 0.0004, 验证损失: 0.0004, 验证 R2 (标准化): 0.9996
2025-07-22 20:40:45,329 - INFO - Epoch [41/50], 训练损失: 0.0004, 验证损失: 0.0010, 验证 R2 (标准化): 0.9990
2025-07-22 20:40:46,767 - INFO - Epoch [42/50], 训练损失: 0.0004, 验证损失: 0.0007, 验证 R2 (标准化): 0.9993
2025-07-22 20:40:48,206 - INFO - Epoch [43/50], 训练损失: 0.0004, 验证损失: 0.0009, 验证 R2 (标准化): 0.9991
2025-07-22 20:40:49,704 - INFO - Epoch [44/50], 训练损失: 0.0004, 验证损失: 0.0007, 验证 R2 (标准化): 0.9993
2025-07-22 20:40:51,191 - INFO - Epoch [45/50], 训练损失: 0.0004, 验证损失: 0.0004, 验证 R2 (标准化): 0.9996
2025-07-22 20:40:52,637 - INFO - Epoch [46/50], 训练损失: 0.0003, 验证损失: 0.0006, 验证 R2 (标准化): 0.9994
2025-07-22 20:40:54,092 - INFO - Epoch [47/50], 训练损失: 0.0003, 验证损失: 0.0004, 验证 R2 (标准化): 0.9996
2025-07-22 20:40:55,562 - INFO - Epoch [48/50], 训练损失: 0.0004, 验证损失: 0.0004, 验证 R2 (标准化): 0.9996
2025-07-22 20:40:56,994 - INFO - Epoch [49/50], 训练损失: 0.0004, 验证损失: 0.0009, 验证 R2 (标准化): 0.9991
2025-07-22 20:40:58,416 - INFO - Epoch [50/50], 训练损失: 0.0004, 验证损失: 0.0004, 验证 R2 (标准化): 0.9996
2025-07-22 20:40:58,418 - INFO - --- 模型训练完成 ---
2025-07-22 20:40:58,562 - INFO - 图表已保存到: logs\训练与验证损失曲线.png
2025-07-22 20:41:01,094 - INFO - 图表已保存到: logs\验证集R2分数曲线.png
2025-07-22 20:41:03,243 - INFO - Trial 7: 选择了 FT-Transformer 模型
2025-07-22 20:41:03,245 - INFO - 
--- 模型训练开始 ---
2025-07-22 20:41:06,274 - INFO - Epoch [1/50], 训练损失: 0.4944, 验证损失: 0.0666, 验证 R2 (标准化): 0.9352
2025-07-22 20:41:09,296 - INFO - Epoch [2/50], 训练损失: 0.0112, 验证损失: 0.0030, 验证 R2 (标准化): 0.9970
2025-07-22 20:41:12,242 - INFO - Epoch [3/50], 训练损失: 0.0020, 验证损失: 0.0013, 验证 R2 (标准化): 0.9987
2025-07-22 20:41:15,224 - INFO - Epoch [4/50], 训练损失: 0.0009, 验证损失: 0.0007, 验证 R2 (标准化): 0.9993
2025-07-22 20:41:18,213 - INFO - Epoch [5/50], 训练损失: 0.0005, 验证损失: 0.0004, 验证 R2 (标准化): 0.9996
2025-07-22 20:41:21,156 - INFO - Epoch [6/50], 训练损失: 0.0004, 验证损失: 0.0004, 验证 R2 (标准化): 0.9996
2025-07-22 20:41:24,092 - INFO - Epoch [7/50], 训练损失: 0.0003, 验证损失: 0.0003, 验证 R2 (标准化): 0.9997
2025-07-22 20:41:27,005 - INFO - Epoch [8/50], 训练损失: 0.0002, 验证损失: 0.0003, 验证 R2 (标准化): 0.9997
2025-07-22 20:41:30,045 - INFO - Epoch [9/50], 训练损失: 0.0002, 验证损失: 0.0002, 验证 R2 (标准化): 0.9998
2025-07-22 20:41:33,127 - INFO - Epoch [10/50], 训练损失: 0.0002, 验证损失: 0.0002, 验证 R2 (标准化): 0.9998
2025-07-22 20:41:36,088 - INFO - Epoch [11/50], 训练损失: 0.0001, 验证损失: 0.0002, 验证 R2 (标准化): 0.9998
2025-07-22 20:41:39,006 - INFO - Epoch [12/50], 训练损失: 0.0001, 验证损失: 0.0002, 验证 R2 (标准化): 0.9998
2025-07-22 20:41:41,938 - INFO - Epoch [13/50], 训练损失: 0.0001, 验证损失: 0.0002, 验证 R2 (标准化): 0.9998
2025-07-22 20:41:44,900 - INFO - Epoch [14/50], 训练损失: 0.0001, 验证损失: 0.0002, 验证 R2 (标准化): 0.9998
2025-07-22 20:41:47,928 - INFO - Epoch [15/50], 训练损失: 0.0001, 验证损失: 0.0002, 验证 R2 (标准化): 0.9998
2025-07-22 20:41:50,926 - INFO - Epoch [16/50], 训练损失: 0.0001, 验证损失: 0.0002, 验证 R2 (标准化): 0.9999
2025-07-22 20:41:53,864 - INFO - Epoch [17/50], 训练损失: 0.0001, 验证损失: 0.0002, 验证 R2 (标准化): 0.9998
2025-07-22 20:41:56,817 - INFO - Epoch [18/50], 训练损失: 0.0001, 验证损失: 0.0002, 验证 R2 (标准化): 0.9998
2025-07-22 20:41:59,769 - INFO - Epoch [19/50], 训练损失: 0.0001, 验证损失: 0.0002, 验证 R2 (标准化): 0.9998
2025-07-22 20:42:02,694 - INFO - Epoch [20/50], 训练损失: 0.0001, 验证损失: 0.0001, 验证 R2 (标准化): 0.9999
2025-07-22 20:42:05,721 - INFO - Epoch [21/50], 训练损失: 0.0001, 验证损失: 0.0001, 验证 R2 (标准化): 0.9999
2025-07-22 20:42:08,687 - INFO - Epoch [22/50], 训练损失: 0.0001, 验证损失: 0.0002, 验证 R2 (标准化): 0.9998
2025-07-22 20:42:11,673 - INFO - Epoch [23/50], 训练损失: 0.0001, 验证损失: 0.0002, 验证 R2 (标准化): 0.9999
2025-07-22 20:42:14,601 - INFO - Epoch [24/50], 训练损失: 0.0001, 验证损失: 0.0002, 验证 R2 (标准化): 0.9998
2025-07-22 20:42:17,544 - INFO - Epoch [25/50], 训练损失: 0.0001, 验证损失: 0.0002, 验证 R2 (标准化): 0.9998
2025-07-22 20:42:20,947 - INFO - Epoch [26/50], 训练损失: 0.0001, 验证损失: 0.0001, 验证 R2 (标准化): 0.9999
2025-07-22 20:42:24,400 - INFO - Epoch [27/50], 训练损失: 0.0001, 验证损失: 0.0001, 验证 R2 (标准化): 0.9999
2025-07-22 20:42:27,356 - INFO - Epoch [28/50], 训练损失: 0.0001, 验证损失: 0.0001, 验证 R2 (标准化): 0.9999
2025-07-22 20:42:30,304 - INFO - Epoch [29/50], 训练损失: 0.0001, 验证损失: 0.0002, 验证 R2 (标准化): 0.9998
2025-07-22 20:42:33,222 - INFO - Epoch [30/50], 训练损失: 0.0001, 验证损失: 0.0001, 验证 R2 (标准化): 0.9999
2025-07-22 20:42:36,073 - INFO - Epoch [31/50], 训练损失: 0.0001, 验证损失: 0.0001, 验证 R2 (标准化): 0.9999
2025-07-22 20:42:38,986 - INFO - Epoch [32/50], 训练损失: 0.0001, 验证损失: 0.0002, 验证 R2 (标准化): 0.9998
2025-07-22 20:42:41,920 - INFO - Epoch [33/50], 训练损失: 0.0001, 验证损失: 0.0001, 验证 R2 (标准化): 0.9999
2025-07-22 20:42:44,837 - INFO - Epoch [34/50], 训练损失: 0.0001, 验证损失: 0.0001, 验证 R2 (标准化): 0.9999
2025-07-22 20:42:47,782 - INFO - Epoch [35/50], 训练损失: 0.0001, 验证损失: 0.0001, 验证 R2 (标准化): 0.9999
2025-07-22 20:42:50,714 - INFO - Epoch [36/50], 训练损失: 0.0001, 验证损失: 0.0001, 验证 R2 (标准化): 0.9999
2025-07-22 20:42:50,714 - INFO - 早停！验证损失在 10 个epoch内没有显著改善。
2025-07-22 20:42:50,714 - INFO - --- 模型训练完成 ---
2025-07-22 20:42:50,879 - INFO - 图表已保存到: logs\训练与验证损失曲线.png
2025-07-22 20:42:53,956 - INFO - 图表已保存到: logs\验证集R2分数曲线.png
2025-07-22 20:42:56,455 - INFO - Trial 8: 选择了 MLP 模型
2025-07-22 20:42:56,455 - INFO - 
--- 模型训练开始 ---
2025-07-22 20:42:57,408 - INFO - Epoch [1/50], 训练损失: 64.4651, 验证损失: 1.1456, 验证 R2 (标准化): -0.1153
2025-07-22 20:42:58,306 - INFO - Epoch [2/50], 训练损失: 0.0742, 验证损失: 0.0222, 验证 R2 (标准化): 0.9784
2025-07-22 20:42:59,190 - INFO - Epoch [3/50], 训练损失: 0.0497, 验证损失: 0.0140, 验证 R2 (标准化): 0.9864
2025-07-22 20:43:00,116 - INFO - Epoch [4/50], 训练损失: 0.0339, 验证损失: 0.1207, 验证 R2 (标准化): 0.8825
2025-07-22 20:43:01,028 - INFO - Epoch [5/50], 训练损失: 0.0258, 验证损失: 0.0061, 验证 R2 (标准化): 0.9941
2025-07-22 20:43:01,914 - INFO - Epoch [6/50], 训练损失: 0.0175, 验证损失: 0.0252, 验证 R2 (标准化): 0.9755
2025-07-22 20:43:02,785 - INFO - Epoch [7/50], 训练损失: 0.0153, 验证损失: 0.0026, 验证 R2 (标准化): 0.9975
2025-07-22 20:43:03,586 - INFO - Epoch [8/50], 训练损失: 0.0397, 验证损失: 0.0018, 验证 R2 (标准化): 0.9983
2025-07-22 20:43:04,571 - INFO - Epoch [9/50], 训练损失: 0.0121, 验证损失: 0.0053, 验证 R2 (标准化): 0.9948
2025-07-22 20:43:05,411 - INFO - Epoch [10/50], 训练损失: 0.0091, 验证损失: 0.0108, 验证 R2 (标准化): 0.9895
2025-07-22 20:43:06,233 - INFO - Epoch [11/50], 训练损失: 0.0077, 验证损失: 0.0023, 验证 R2 (标准化): 0.9977
2025-07-22 20:43:07,088 - INFO - Epoch [12/50], 训练损失: 0.0075, 验证损失: 0.0666, 验证 R2 (标准化): 0.9351
2025-07-22 20:43:07,895 - INFO - Epoch [13/50], 训练损失: 0.0076, 验证损失: 0.0013, 验证 R2 (标准化): 0.9988
2025-07-22 20:43:08,780 - INFO - Epoch [14/50], 训练损失: 0.0048, 验证损失: 0.0098, 验证 R2 (标准化): 0.9904
2025-07-22 20:43:09,602 - INFO - Epoch [15/50], 训练损失: 0.0055, 验证损失: 0.0142, 验证 R2 (标准化): 0.9862
2025-07-22 20:43:10,452 - INFO - Epoch [16/50], 训练损失: 0.0048, 验证损失: 0.0006, 验证 R2 (标准化): 0.9994
2025-07-22 20:43:11,304 - INFO - Epoch [17/50], 训练损失: 0.0044, 验证损失: 0.0005, 验证 R2 (标准化): 0.9995
2025-07-22 20:43:12,094 - INFO - Epoch [18/50], 训练损失: 0.0037, 验证损失: 0.0007, 验证 R2 (标准化): 0.9993
2025-07-22 20:43:12,955 - INFO - Epoch [19/50], 训练损失: 0.0043, 验证损失: 0.0006, 验证 R2 (标准化): 0.9994
2025-07-22 20:43:13,755 - INFO - Epoch [20/50], 训练损失: 0.0043, 验证损失: 0.0095, 验证 R2 (标准化): 0.9907
2025-07-22 20:43:14,574 - INFO - Epoch [21/50], 训练损失: 0.0035, 验证损失: 0.0017, 验证 R2 (标准化): 0.9983
2025-07-22 20:43:15,478 - INFO - Epoch [22/50], 训练损失: 0.0040, 验证损失: 0.0412, 验证 R2 (标准化): 0.9599
2025-07-22 20:43:16,280 - INFO - Epoch [23/50], 训练损失: 0.0043, 验证损失: 0.0005, 验证 R2 (标准化): 0.9995
2025-07-22 20:43:17,112 - INFO - Epoch [24/50], 训练损失: 0.0031, 验证损失: 0.0082, 验证 R2 (标准化): 0.9921
2025-07-22 20:43:17,805 - INFO - Epoch [25/50], 训练损失: 0.0030, 验证损失: 0.0126, 验证 R2 (标准化): 0.9878
2025-07-22 20:43:18,480 - INFO - Epoch [26/50], 训练损失: 0.0035, 验证损失: 0.0005, 验证 R2 (标准化): 0.9995
2025-07-22 20:43:19,196 - INFO - Epoch [27/50], 训练损失: 0.0028, 验证损失: 0.0063, 验证 R2 (标准化): 0.9939
2025-07-22 20:43:19,864 - INFO - Epoch [28/50], 训练损失: 0.0035, 验证损失: 0.0039, 验证 R2 (标准化): 0.9962
2025-07-22 20:43:20,682 - INFO - Epoch [29/50], 训练损失: 0.0027, 验证损失: 0.0145, 验证 R2 (标准化): 0.9859
2025-07-22 20:43:21,403 - INFO - Epoch [30/50], 训练损失: 0.0029, 验证损失: 0.0054, 验证 R2 (标准化): 0.9948
2025-07-22 20:43:22,069 - INFO - Epoch [31/50], 训练损失: 0.0035, 验证损失: 0.0004, 验证 R2 (标准化): 0.9996
2025-07-22 20:43:22,745 - INFO - Epoch [32/50], 训练损失: 0.0027, 验证损失: 0.0009, 验证 R2 (标准化): 0.9991
2025-07-22 20:43:23,440 - INFO - Epoch [33/50], 训练损失: 0.0024, 验证损失: 0.0007, 验证 R2 (标准化): 0.9993
2025-07-22 20:43:24,119 - INFO - Epoch [34/50], 训练损失: 0.0035, 验证损失: 0.0090, 验证 R2 (标准化): 0.9912
2025-07-22 20:43:24,798 - INFO - Epoch [35/50], 训练损失: 0.0023, 验证损失: 0.0015, 验证 R2 (标准化): 0.9986
2025-07-22 20:43:25,499 - INFO - Epoch [36/50], 训练损失: 0.0031, 验证损失: 0.0003, 验证 R2 (标准化): 0.9997
2025-07-22 20:43:26,195 - INFO - Epoch [37/50], 训练损失: 0.0029, 验证损失: 0.0012, 验证 R2 (标准化): 0.9988
2025-07-22 20:43:26,863 - INFO - Epoch [38/50], 训练损失: 0.0027, 验证损失: 0.0003, 验证 R2 (标准化): 0.9997
2025-07-22 20:43:27,535 - INFO - Epoch [39/50], 训练损失: 0.0026, 验证损失: 0.0003, 验证 R2 (标准化): 0.9997
2025-07-22 20:43:28,271 - INFO - Epoch [40/50], 训练损失: 0.0024, 验证损失: 0.0021, 验证 R2 (标准化): 0.9980
2025-07-22 20:43:28,927 - INFO - Epoch [41/50], 训练损失: 0.0023, 验证损失: 0.0004, 验证 R2 (标准化): 0.9996
2025-07-22 20:43:29,595 - INFO - Epoch [42/50], 训练损失: 0.0027, 验证损失: 0.0007, 验证 R2 (标准化): 0.9993
2025-07-22 20:43:30,291 - INFO - Epoch [43/50], 训练损失: 0.0021, 验证损失: 0.0057, 验证 R2 (标准化): 0.9944
2025-07-22 20:43:31,011 - INFO - Epoch [44/50], 训练损失: 0.0026, 验证损失: 0.0025, 验证 R2 (标准化): 0.9976
2025-07-22 20:43:31,683 - INFO - Epoch [45/50], 训练损失: 0.0003, 验证损失: 0.0002, 验证 R2 (标准化): 0.9998
2025-07-22 20:43:32,410 - INFO - Epoch [46/50], 训练损失: 0.0008, 验证损失: 0.0012, 验证 R2 (标准化): 0.9988
2025-07-22 20:43:33,070 - INFO - Epoch [47/50], 训练损失: 0.0005, 验证损失: 0.0003, 验证 R2 (标准化): 0.9997
2025-07-22 20:43:33,735 - INFO - Epoch [48/50], 训练损失: 0.0006, 验证损失: 0.0010, 验证 R2 (标准化): 0.9990
2025-07-22 20:43:34,461 - INFO - Epoch [49/50], 训练损失: 0.0007, 验证损失: 0.0006, 验证 R2 (标准化): 0.9994
2025-07-22 20:43:35,122 - INFO - Epoch [50/50], 训练损失: 0.0006, 验证损失: 0.0003, 验证 R2 (标准化): 0.9997
2025-07-22 20:43:35,123 - INFO - --- 模型训练完成 ---
2025-07-22 20:43:35,277 - INFO - 图表已保存到: logs\训练与验证损失曲线.png
2025-07-22 20:43:55,973 - INFO - 图表已保存到: logs\验证集R2分数曲线.png
2025-07-22 20:43:57,798 - INFO - Trial 9: 选择了 MLP 模型
2025-07-22 20:43:57,798 - INFO - 
--- 模型训练开始 ---
2025-07-22 20:43:59,121 - INFO - Epoch [1/50], 训练损失: 0.0921, 验证损失: 0.0198, 验证 R2 (标准化): 0.9807
2025-07-22 20:44:00,355 - INFO - Epoch [2/50], 训练损失: 0.0024, 验证损失: 0.0007, 验证 R2 (标准化): 0.9993
2025-07-22 20:44:01,529 - INFO - Epoch [3/50], 训练损失: 0.0006, 验证损失: 0.0005, 验证 R2 (标准化): 0.9995
2025-07-22 20:44:02,631 - INFO - Epoch [4/50], 训练损失: 0.0008, 验证损失: 0.0008, 验证 R2 (标准化): 0.9992
2025-07-22 20:44:03,702 - INFO - Epoch [5/50], 训练损失: 0.0006, 验证损失: 0.0008, 验证 R2 (标准化): 0.9992
2025-07-22 20:44:04,956 - INFO - Epoch [6/50], 训练损失: 0.0006, 验证损失: 0.0007, 验证 R2 (标准化): 0.9993
2025-07-22 20:44:06,061 - INFO - Epoch [7/50], 训练损失: 0.0009, 验证损失: 0.0033, 验证 R2 (标准化): 0.9968
2025-07-22 20:44:07,188 - INFO - Epoch [8/50], 训练损失: 0.0012, 验证损失: 0.0016, 验证 R2 (标准化): 0.9984
2025-07-22 20:44:08,296 - INFO - Epoch [9/50], 训练损失: 0.0014, 验证损失: 0.0024, 验证 R2 (标准化): 0.9977
2025-07-22 20:44:09,374 - INFO - Epoch [10/50], 训练损失: 0.0004, 验证损失: 0.0004, 验证 R2 (标准化): 0.9996
2025-07-22 20:44:10,500 - INFO - Epoch [11/50], 训练损失: 0.0003, 验证损失: 0.0004, 验证 R2 (标准化): 0.9997
2025-07-22 20:44:11,587 - INFO - Epoch [12/50], 训练损失: 0.0003, 验证损失: 0.0003, 验证 R2 (标准化): 0.9997
2025-07-22 20:44:12,704 - INFO - Epoch [13/50], 训练损失: 0.0003, 验证损失: 0.0004, 验证 R2 (标准化): 0.9996
2025-07-22 20:44:13,767 - INFO - Epoch [14/50], 训练损失: 0.0003, 验证损失: 0.0009, 验证 R2 (标准化): 0.9991
2025-07-22 20:44:14,907 - INFO - Epoch [15/50], 训练损失: 0.0003, 验证损失: 0.0003, 验证 R2 (标准化): 0.9997
2025-07-22 20:44:15,975 - INFO - Epoch [16/50], 训练损失: 0.0005, 验证损失: 0.0004, 验证 R2 (标准化): 0.9996
2025-07-22 20:44:17,190 - INFO - Epoch [17/50], 训练损失: 0.0004, 验证损失: 0.0005, 验证 R2 (标准化): 0.9996
2025-07-22 20:44:18,243 - INFO - Epoch [18/50], 训练损失: 0.0004, 验证损失: 0.0008, 验证 R2 (标准化): 0.9992
2025-07-22 20:44:19,300 - INFO - Epoch [19/50], 训练损失: 0.0002, 验证损失: 0.0003, 验证 R2 (标准化): 0.9997
2025-07-22 20:44:20,406 - INFO - Epoch [20/50], 训练损失: 0.0002, 验证损失: 0.0004, 验证 R2 (标准化): 0.9996
2025-07-22 20:44:21,489 - INFO - Epoch [21/50], 训练损失: 0.0002, 验证损失: 0.0003, 验证 R2 (标准化): 0.9997
2025-07-22 20:44:22,611 - INFO - Epoch [22/50], 训练损失: 0.0002, 验证损失: 0.0002, 验证 R2 (标准化): 0.9998
2025-07-22 20:44:23,700 - INFO - Epoch [23/50], 训练损失: 0.0003, 验证损失: 0.0012, 验证 R2 (标准化): 0.9989
2025-07-22 20:44:24,812 - INFO - Epoch [24/50], 训练损失: 0.0005, 验证损失: 0.0003, 验证 R2 (标准化): 0.9997
2025-07-22 20:44:25,884 - INFO - Epoch [25/50], 训练损失: 0.0002, 验证损失: 0.0005, 验证 R2 (标准化): 0.9995
2025-07-22 20:44:27,007 - INFO - Epoch [26/50], 训练损失: 0.0002, 验证损失: 0.0003, 验证 R2 (标准化): 0.9997
2025-07-22 20:44:28,094 - INFO - Epoch [27/50], 训练损失: 0.0003, 验证损失: 0.0004, 验证 R2 (标准化): 0.9996
2025-07-22 20:44:29,206 - INFO - Epoch [28/50], 训练损失: 0.0003, 验证损失: 0.0006, 验证 R2 (标准化): 0.9994
2025-07-22 20:44:30,277 - INFO - Epoch [29/50], 训练损失: 0.0001, 验证损失: 0.0002, 验证 R2 (标准化): 0.9998
2025-07-22 20:44:31,371 - INFO - Epoch [30/50], 训练损失: 0.0002, 验证损失: 0.0003, 验证 R2 (标准化): 0.9997
2025-07-22 20:44:32,535 - INFO - Epoch [31/50], 训练损失: 0.0001, 验证损失: 0.0002, 验证 R2 (标准化): 0.9998
2025-07-22 20:44:33,688 - INFO - Epoch [32/50], 训练损失: 0.0002, 验证损失: 0.0007, 验证 R2 (标准化): 0.9994
2025-07-22 20:44:34,783 - INFO - Epoch [33/50], 训练损失: 0.0002, 验证损失: 0.0003, 验证 R2 (标准化): 0.9997
2025-07-22 20:44:35,888 - INFO - Epoch [34/50], 训练损失: 0.0001, 验证损失: 0.0002, 验证 R2 (标准化): 0.9998
2025-07-22 20:44:36,982 - INFO - Epoch [35/50], 训练损失: 0.0002, 验证损失: 0.0002, 验证 R2 (标准化): 0.9998
2025-07-22 20:44:38,119 - INFO - Epoch [36/50], 训练损失: 0.0001, 验证损失: 0.0003, 验证 R2 (标准化): 0.9997
2025-07-22 20:44:39,215 - INFO - Epoch [37/50], 训练损失: 0.0001, 验证损失: 0.0003, 验证 R2 (标准化): 0.9997
2025-07-22 20:44:40,333 - INFO - Epoch [38/50], 训练损失: 0.0001, 验证损失: 0.0002, 验证 R2 (标准化): 0.9998
2025-07-22 20:44:41,470 - INFO - Epoch [39/50], 训练损失: 0.0001, 验证损失: 0.0002, 验证 R2 (标准化): 0.9998
2025-07-22 20:44:42,637 - INFO - Epoch [40/50], 训练损失: 0.0001, 验证损失: 0.0002, 验证 R2 (标准化): 0.9998
2025-07-22 20:44:43,716 - INFO - Epoch [41/50], 训练损失: 0.0001, 验证损失: 0.0002, 验证 R2 (标准化): 0.9998
2025-07-22 20:44:44,845 - INFO - Epoch [42/50], 训练损失: 0.0001, 验证损失: 0.0002, 验证 R2 (标准化): 0.9998
2025-07-22 20:44:45,949 - INFO - Epoch [43/50], 训练损失: 0.0001, 验证损失: 0.0002, 验证 R2 (标准化): 0.9998
2025-07-22 20:44:47,090 - INFO - Epoch [44/50], 训练损失: 0.0001, 验证损失: 0.0003, 验证 R2 (标准化): 0.9997
2025-07-22 20:44:48,190 - INFO - Epoch [45/50], 训练损失: 0.0001, 验证损失: 0.0002, 验证 R2 (标准化): 0.9998
2025-07-22 20:44:49,286 - INFO - Epoch [46/50], 训练损失: 0.0001, 验证损失: 0.0002, 验证 R2 (标准化): 0.9998
2025-07-22 20:44:50,388 - INFO - Epoch [47/50], 训练损失: 0.0001, 验证损失: 0.0003, 验证 R2 (标准化): 0.9997
2025-07-22 20:44:51,461 - INFO - Epoch [48/50], 训练损失: 0.0001, 验证损失: 0.0002, 验证 R2 (标准化): 0.9998
2025-07-22 20:44:52,541 - INFO - Epoch [49/50], 训练损失: 0.0001, 验证损失: 0.0002, 验证 R2 (标准化): 0.9998
2025-07-22 20:44:53,673 - INFO - Epoch [50/50], 训练损失: 0.0001, 验证损失: 0.0002, 验证 R2 (标准化): 0.9998
2025-07-22 20:44:53,675 - INFO - --- 模型训练完成 ---
2025-07-22 20:44:53,833 - INFO - 图表已保存到: logs\训练与验证损失曲线.png
2025-07-22 20:44:56,600 - INFO - 图表已保存到: logs\验证集R2分数曲线.png
2025-07-22 20:44:58,555 - INFO - Trial 10: 选择了 FT-Transformer 模型
2025-07-22 20:44:58,556 - INFO - 
--- 模型训练开始 ---
2025-07-22 20:45:01,260 - INFO - Epoch [1/50], 训练损失: 0.3600, 验证损失: 0.0220, 验证 R2 (标准化): 0.9786
2025-07-22 20:45:03,783 - INFO - Epoch [2/50], 训练损失: 0.0040, 验证损失: 0.0015, 验证 R2 (标准化): 0.9985
2025-07-22 20:45:06,307 - INFO - Epoch [3/50], 训练损失: 0.0010, 验证损失: 0.0007, 验证 R2 (标准化): 0.9993
2025-07-22 20:45:08,877 - INFO - Epoch [4/50], 训练损失: 0.0005, 验证损失: 0.0004, 验证 R2 (标准化): 0.9996
2025-07-22 20:45:11,528 - INFO - Epoch [5/50], 训练损失: 0.0003, 验证损失: 0.0003, 验证 R2 (标准化): 0.9997
2025-07-22 20:45:14,159 - INFO - Epoch [6/50], 训练损失: 0.0002, 验证损失: 0.0003, 验证 R2 (标准化): 0.9998
2025-07-22 20:45:16,826 - INFO - Epoch [7/50], 训练损失: 0.0002, 验证损失: 0.0002, 验证 R2 (标准化): 0.9998
2025-07-22 20:45:19,430 - INFO - Epoch [8/50], 训练损失: 0.0002, 验证损失: 0.0002, 验证 R2 (标准化): 0.9998
2025-07-22 20:45:21,861 - INFO - Epoch [9/50], 训练损失: 0.0002, 验证损失: 0.0002, 验证 R2 (标准化): 0.9998
2025-07-22 20:45:24,344 - INFO - Epoch [10/50], 训练损失: 0.0001, 验证损失: 0.0002, 验证 R2 (标准化): 0.9998
2025-07-22 20:45:26,702 - INFO - Epoch [11/50], 训练损失: 0.0001, 验证损失: 0.0002, 验证 R2 (标准化): 0.9998
2025-07-22 20:45:28,999 - INFO - Epoch [12/50], 训练损失: 0.0001, 验证损失: 0.0001, 验证 R2 (标准化): 0.9999
2025-07-22 20:45:31,363 - INFO - Epoch [13/50], 训练损失: 0.0001, 验证损失: 0.0001, 验证 R2 (标准化): 0.9999
2025-07-22 20:45:33,734 - INFO - Epoch [14/50], 训练损失: 0.0001, 验证损失: 0.0001, 验证 R2 (标准化): 0.9999
2025-07-22 20:45:36,016 - INFO - Epoch [15/50], 训练损失: 0.0001, 验证损失: 0.0002, 验证 R2 (标准化): 0.9998
2025-07-22 20:45:38,409 - INFO - Epoch [16/50], 训练损失: 0.0002, 验证损失: 0.0003, 验证 R2 (标准化): 0.9997
2025-07-22 20:45:40,728 - INFO - Epoch [17/50], 训练损失: 0.0001, 验证损失: 0.0001, 验证 R2 (标准化): 0.9999
2025-07-22 20:45:43,109 - INFO - Epoch [18/50], 训练损失: 0.0002, 验证损失: 0.0002, 验证 R2 (标准化): 0.9998
2025-07-22 20:45:45,525 - INFO - Epoch [19/50], 训练损失: 0.0001, 验证损失: 0.0001, 验证 R2 (标准化): 0.9999
2025-07-22 20:45:47,946 - INFO - Epoch [20/50], 训练损失: 0.0001, 验证损失: 0.0001, 验证 R2 (标准化): 0.9999
2025-07-22 20:45:50,332 - INFO - Epoch [21/50], 训练损失: 0.0001, 验证损失: 0.0001, 验证 R2 (标准化): 0.9999
2025-07-22 20:45:52,804 - INFO - Epoch [22/50], 训练损失: 0.0001, 验证损失: 0.0001, 验证 R2 (标准化): 0.9999
2025-07-22 20:45:55,144 - INFO - Epoch [23/50], 训练损失: 0.0001, 验证损失: 0.0001, 验证 R2 (标准化): 0.9999
2025-07-22 20:45:57,448 - INFO - Epoch [24/50], 训练损失: 0.0001, 验证损失: 0.0001, 验证 R2 (标准化): 0.9999
2025-07-22 20:45:59,769 - INFO - Epoch [25/50], 训练损失: 0.0001, 验证损失: 0.0001, 验证 R2 (标准化): 0.9999
2025-07-22 20:46:02,103 - INFO - Epoch [26/50], 训练损失: 0.0001, 验证损失: 0.0002, 验证 R2 (标准化): 0.9998
2025-07-22 20:46:04,480 - INFO - Epoch [27/50], 训练损失: 0.0001, 验证损失: 0.0002, 验证 R2 (标准化): 0.9998
2025-07-22 20:46:06,929 - INFO - Epoch [28/50], 训练损失: 0.0001, 验证损失: 0.0001, 验证 R2 (标准化): 0.9999
2025-07-22 20:46:09,466 - INFO - Epoch [29/50], 训练损失: 0.0001, 验证损失: 0.0001, 验证 R2 (标准化): 0.9999
2025-07-22 20:46:12,027 - INFO - Epoch [30/50], 训练损失: 0.0001, 验证损失: 0.0001, 验证 R2 (标准化): 0.9999
2025-07-22 20:46:12,028 - INFO - 早停！验证损失在 10 个epoch内没有显著改善。
2025-07-22 20:46:12,029 - INFO - --- 模型训练完成 ---
2025-07-22 20:46:12,191 - INFO - 图表已保存到: logs\训练与验证损失曲线.png
2025-07-22 20:46:15,719 - INFO - 图表已保存到: logs\验证集R2分数曲线.png
2025-07-22 20:46:17,823 - INFO - Trial 11: 选择了 FT-Transformer 模型
2025-07-22 20:46:17,823 - INFO - 
--- 模型训练开始 ---
2025-07-22 20:46:20,716 - INFO - Epoch [1/50], 训练损失: 0.2865, 验证损失: 0.0194, 验证 R2 (标准化): 0.9811
2025-07-22 20:46:23,535 - INFO - Epoch [2/50], 训练损失: 0.0024, 验证损失: 0.0009, 验证 R2 (标准化): 0.9991
2025-07-22 20:46:26,145 - INFO - Epoch [3/50], 训练损失: 0.0005, 验证损失: 0.0004, 验证 R2 (标准化): 0.9996
2025-07-22 20:46:28,560 - INFO - Epoch [4/50], 训练损失: 0.0003, 验证损失: 0.0003, 验证 R2 (标准化): 0.9997
2025-07-22 20:46:30,992 - INFO - Epoch [5/50], 训练损失: 0.0002, 验证损失: 0.0002, 验证 R2 (标准化): 0.9998
2025-07-22 20:46:33,403 - INFO - Epoch [6/50], 训练损失: 0.0002, 验证损失: 0.0002, 验证 R2 (标准化): 0.9998
2025-07-22 20:46:35,850 - INFO - Epoch [7/50], 训练损失: 0.0001, 验证损失: 0.0002, 验证 R2 (标准化): 0.9998
2025-07-22 20:46:38,299 - INFO - Epoch [8/50], 训练损失: 0.0001, 验证损失: 0.0002, 验证 R2 (标准化): 0.9998
2025-07-22 20:46:40,750 - INFO - Epoch [9/50], 训练损失: 0.0001, 验证损失: 0.0002, 验证 R2 (标准化): 0.9999
2025-07-22 20:46:43,091 - INFO - Epoch [10/50], 训练损失: 0.0001, 验证损失: 0.0001, 验证 R2 (标准化): 0.9999
2025-07-22 20:46:45,598 - INFO - Epoch [11/50], 训练损失: 0.0001, 验证损失: 0.0002, 验证 R2 (标准化): 0.9998
2025-07-22 20:46:48,072 - INFO - Epoch [12/50], 训练损失: 0.0001, 验证损失: 0.0002, 验证 R2 (标准化): 0.9998
2025-07-22 20:46:50,490 - INFO - Epoch [13/50], 训练损失: 0.0001, 验证损失: 0.0001, 验证 R2 (标准化): 0.9999
2025-07-22 20:46:52,927 - INFO - Epoch [14/50], 训练损失: 0.0001, 验证损失: 0.0005, 验证 R2 (标准化): 0.9995
2025-07-22 20:46:55,342 - INFO - Epoch [15/50], 训练损失: 0.0002, 验证损失: 0.0003, 验证 R2 (标准化): 0.9997
2025-07-22 20:46:57,848 - INFO - Epoch [16/50], 训练损失: 0.0001, 验证损失: 0.0003, 验证 R2 (标准化): 0.9997
2025-07-22 20:47:00,269 - INFO - Epoch [17/50], 训练损失: 0.0001, 验证损失: 0.0001, 验证 R2 (标准化): 0.9999
2025-07-22 20:47:02,731 - INFO - Epoch [18/50], 训练损失: 0.0001, 验证损失: 0.0002, 验证 R2 (标准化): 0.9998
2025-07-22 20:47:05,185 - INFO - Epoch [19/50], 训练损失: 0.0001, 验证损失: 0.0003, 验证 R2 (标准化): 0.9997
2025-07-22 20:47:07,650 - INFO - Epoch [20/50], 训练损失: 0.0001, 验证损失: 0.0002, 验证 R2 (标准化): 0.9998
2025-07-22 20:47:10,078 - INFO - Epoch [21/50], 训练损失: 0.0001, 验证损失: 0.0001, 验证 R2 (标准化): 0.9999
2025-07-22 20:47:12,599 - INFO - Epoch [22/50], 训练损失: 0.0001, 验证损失: 0.0002, 验证 R2 (标准化): 0.9998
2025-07-22 20:47:14,927 - INFO - Epoch [23/50], 训练损失: 0.0001, 验证损失: 0.0001, 验证 R2 (标准化): 0.9999
2025-07-22 20:47:17,346 - INFO - Epoch [24/50], 训练损失: 0.0002, 验证损失: 0.0001, 验证 R2 (标准化): 0.9999
2025-07-22 20:47:19,604 - INFO - Epoch [25/50], 训练损失: 0.0002, 验证损失: 0.0002, 验证 R2 (标准化): 0.9998
2025-07-22 20:47:22,006 - INFO - Epoch [26/50], 训练损失: 0.0002, 验证损失: 0.0002, 验证 R2 (标准化): 0.9998
2025-07-22 20:47:24,421 - INFO - Epoch [27/50], 训练损失: 0.0001, 验证损失: 0.0002, 验证 R2 (标准化): 0.9998
2025-07-22 20:47:26,788 - INFO - Epoch [28/50], 训练损失: 0.0002, 验证损失: 0.0002, 验证 R2 (标准化): 0.9998
2025-07-22 20:47:29,190 - INFO - Epoch [29/50], 训练损失: 0.0001, 验证损失: 0.0002, 验证 R2 (标准化): 0.9998
2025-07-22 20:47:31,606 - INFO - Epoch [30/50], 训练损失: 0.0001, 验证损失: 0.0001, 验证 R2 (标准化): 0.9999
2025-07-22 20:47:33,849 - INFO - Epoch [31/50], 训练损失: 0.0002, 验证损失: 0.0002, 验证 R2 (标准化): 0.9998
2025-07-22 20:47:36,470 - INFO - Epoch [32/50], 训练损失: 0.0001, 验证损失: 0.0002, 验证 R2 (标准化): 0.9998
2025-07-22 20:47:39,214 - INFO - Epoch [33/50], 训练损失: 0.0001, 验证损失: 0.0001, 验证 R2 (标准化): 0.9999
2025-07-22 20:47:41,798 - INFO - Epoch [34/50], 训练损失: 0.0001, 验证损失: 0.0003, 验证 R2 (标准化): 0.9997
2025-07-22 20:47:44,349 - INFO - Epoch [35/50], 训练损失: 0.0001, 验证损失: 0.0002, 验证 R2 (标准化): 0.9998
2025-07-22 20:47:46,952 - INFO - Epoch [36/50], 训练损失: 0.0001, 验证损失: 0.0001, 验证 R2 (标准化): 0.9999
2025-07-22 20:47:49,735 - INFO - Epoch [37/50], 训练损失: 0.0001, 验证损失: 0.0001, 验证 R2 (标准化): 0.9999
2025-07-22 20:47:52,442 - INFO - Epoch [38/50], 训练损失: 0.0001, 验证损失: 0.0003, 验证 R2 (标准化): 0.9997
2025-07-22 20:47:54,863 - INFO - Epoch [39/50], 训练损失: 0.0001, 验证损失: 0.0002, 验证 R2 (标准化): 0.9998
2025-07-22 20:47:57,224 - INFO - Epoch [40/50], 训练损失: 0.0001, 验证损失: 0.0001, 验证 R2 (标准化): 0.9999
2025-07-22 20:47:59,652 - INFO - Epoch [41/50], 训练损失: 0.0001, 验证损失: 0.0001, 验证 R2 (标准化): 0.9999
2025-07-22 20:48:02,117 - INFO - Epoch [42/50], 训练损失: 0.0001, 验证损失: 0.0001, 验证 R2 (标准化): 0.9999
2025-07-22 20:48:04,477 - INFO - Epoch [43/50], 训练损失: 0.0001, 验证损失: 0.0001, 验证 R2 (标准化): 0.9999
2025-07-22 20:48:04,478 - INFO - 早停！验证损失在 10 个epoch内没有显著改善。
2025-07-22 20:48:04,480 - INFO - --- 模型训练完成 ---
2025-07-22 20:48:04,626 - INFO - 图表已保存到: logs\训练与验证损失曲线.png
2025-07-22 20:48:07,398 - INFO - 图表已保存到: logs\验证集R2分数曲线.png
2025-07-22 20:48:09,893 - INFO - Trial 12: 选择了 FT-Transformer 模型
2025-07-22 20:48:09,893 - INFO - 
--- 模型训练开始 ---
2025-07-22 20:48:13,561 - INFO - Epoch [1/50], 训练损失: 0.1057, 验证损失: 0.0116, 验证 R2 (标准化): 0.9887
2025-07-22 20:48:17,116 - INFO - Epoch [2/50], 训练损失: 0.0007, 验证损失: 0.0003, 验证 R2 (标准化): 0.9997
2025-07-22 20:48:20,701 - INFO - Epoch [3/50], 训练损失: 0.0002, 验证损失: 0.0002, 验证 R2 (标准化): 0.9998
2025-07-22 20:48:24,290 - INFO - Epoch [4/50], 训练损失: 0.0002, 验证损失: 0.0002, 验证 R2 (标准化): 0.9998
2025-07-22 20:48:27,871 - INFO - Epoch [5/50], 训练损失: 0.0002, 验证损失: 0.0002, 验证 R2 (标准化): 0.9998
2025-07-22 20:48:31,440 - INFO - Epoch [6/50], 训练损失: 0.0002, 验证损失: 0.0002, 验证 R2 (标准化): 0.9998
2025-07-22 20:48:35,029 - INFO - Epoch [7/50], 训练损失: 0.0002, 验证损失: 0.0002, 验证 R2 (标准化): 0.9998
2025-07-22 20:48:38,652 - INFO - Epoch [8/50], 训练损失: 0.0002, 验证损失: 0.0002, 验证 R2 (标准化): 0.9998
2025-07-22 20:48:42,246 - INFO - Epoch [9/50], 训练损失: 0.0002, 验证损失: 0.0004, 验证 R2 (标准化): 0.9996
2025-07-22 20:48:45,821 - INFO - Epoch [10/50], 训练损失: 0.0002, 验证损失: 0.0001, 验证 R2 (标准化): 0.9999
2025-07-22 20:48:49,414 - INFO - Epoch [11/50], 训练损失: 0.0003, 验证损失: 0.0024, 验证 R2 (标准化): 0.9977
2025-07-22 20:48:52,968 - INFO - Epoch [12/50], 训练损失: 0.0004, 验证损失: 0.0002, 验证 R2 (标准化): 0.9998
2025-07-22 20:48:56,569 - INFO - Epoch [13/50], 训练损失: 0.0002, 验证损失: 0.0002, 验证 R2 (标准化): 0.9998
2025-07-22 20:49:00,157 - INFO - Epoch [14/50], 训练损失: 0.0002, 验证损失: 0.0002, 验证 R2 (标准化): 0.9998
2025-07-22 20:49:03,704 - INFO - Epoch [15/50], 训练损失: 0.0002, 验证损失: 0.0002, 验证 R2 (标准化): 0.9998
2025-07-22 20:49:07,252 - INFO - Epoch [16/50], 训练损失: 0.0002, 验证损失: 0.0002, 验证 R2 (标准化): 0.9998
2025-07-22 20:49:10,886 - INFO - Epoch [17/50], 训练损失: 0.0001, 验证损失: 0.0001, 验证 R2 (标准化): 0.9999
2025-07-22 20:49:14,692 - INFO - Epoch [18/50], 训练损失: 0.0001, 验证损失: 0.0002, 验证 R2 (标准化): 0.9998
2025-07-22 20:49:18,332 - INFO - Epoch [19/50], 训练损失: 0.0001, 验证损失: 0.0002, 验证 R2 (标准化): 0.9998
2025-07-22 20:49:21,919 - INFO - Epoch [20/50], 训练损失: 0.0002, 验证损失: 0.0001, 验证 R2 (标准化): 0.9999
2025-07-22 20:49:25,405 - INFO - Epoch [21/50], 训练损失: 0.0001, 验证损失: 0.0001, 验证 R2 (标准化): 0.9999
2025-07-22 20:49:28,920 - INFO - Epoch [22/50], 训练损失: 0.0001, 验证损失: 0.0004, 验证 R2 (标准化): 0.9996
2025-07-22 20:49:32,499 - INFO - Epoch [23/50], 训练损失: 0.0003, 验证损失: 0.0002, 验证 R2 (标准化): 0.9998
2025-07-22 20:49:36,138 - INFO - Epoch [24/50], 训练损失: 0.0001, 验证损失: 0.0001, 验证 R2 (标准化): 0.9999
2025-07-22 20:49:39,693 - INFO - Epoch [25/50], 训练损失: 0.0001, 验证损失: 0.0001, 验证 R2 (标准化): 0.9999
2025-07-22 20:49:43,268 - INFO - Epoch [26/50], 训练损失: 0.0001, 验证损失: 0.0001, 验证 R2 (标准化): 0.9999
2025-07-22 20:49:46,831 - INFO - Epoch [27/50], 训练损失: 0.0001, 验证损失: 0.0001, 验证 R2 (标准化): 0.9999
2025-07-22 20:49:46,831 - INFO - 早停！验证损失在 10 个epoch内没有显著改善。
2025-07-22 20:49:46,839 - INFO - --- 模型训练完成 ---
2025-07-22 20:49:47,023 - INFO - 图表已保存到: logs\训练与验证损失曲线.png
2025-07-22 20:49:54,587 - INFO - 图表已保存到: logs\验证集R2分数曲线.png
2025-07-22 20:49:57,207 - INFO - Trial 13: 选择了 FT-Transformer 模型
2025-07-22 20:49:57,207 - INFO - 
--- 模型训练开始 ---
2025-07-22 20:50:00,747 - INFO - Epoch [1/50], 训练损失: 0.0895, 验证损失: 0.0112, 验证 R2 (标准化): 0.9891
2025-07-22 20:50:04,148 - INFO - Epoch [2/50], 训练损失: 0.0008, 验证损失: 0.0002, 验证 R2 (标准化): 0.9998
2025-07-22 20:50:07,522 - INFO - Epoch [3/50], 训练损失: 0.0002, 验证损失: 0.0002, 验证 R2 (标准化): 0.9998
2025-07-22 20:50:11,013 - INFO - Epoch [4/50], 训练损失: 0.0002, 验证损失: 0.0003, 验证 R2 (标准化): 0.9997
2025-07-22 20:50:14,953 - INFO - Epoch [5/50], 训练损失: 0.0002, 验证损失: 0.0001, 验证 R2 (标准化): 0.9999
2025-07-22 20:50:19,082 - INFO - Epoch [6/50], 训练损失: 0.0004, 验证损失: 0.0008, 验证 R2 (标准化): 0.9993
2025-07-22 20:50:23,011 - INFO - Epoch [7/50], 训练损失: 0.0002, 验证损失: 0.0009, 验证 R2 (标准化): 0.9992
2025-07-22 20:50:27,177 - INFO - Epoch [8/50], 训练损失: 0.0004, 验证损失: 0.0002, 验证 R2 (标准化): 0.9998
2025-07-22 20:50:30,927 - INFO - Epoch [9/50], 训练损失: 0.0003, 验证损失: 0.0003, 验证 R2 (标准化): 0.9997
2025-07-22 20:50:34,596 - INFO - Epoch [10/50], 训练损失: 0.0004, 验证损失: 0.0003, 验证 R2 (标准化): 0.9997
2025-07-22 20:50:38,128 - INFO - Epoch [11/50], 训练损失: 0.0003, 验证损失: 0.0003, 验证 R2 (标准化): 0.9997
2025-07-22 20:50:41,712 - INFO - Epoch [12/50], 训练损失: 0.0001, 验证损失: 0.0002, 验证 R2 (标准化): 0.9998
2025-07-22 20:50:45,337 - INFO - Epoch [13/50], 训练损失: 0.0001, 验证损失: 0.0002, 验证 R2 (标准化): 0.9998
2025-07-22 20:50:48,994 - INFO - Epoch [14/50], 训练损失: 0.0002, 验证损失: 0.0004, 验证 R2 (标准化): 0.9996
2025-07-22 20:50:52,681 - INFO - Epoch [15/50], 训练损失: 0.0002, 验证损失: 0.0001, 验证 R2 (标准化): 0.9999
2025-07-22 20:50:52,681 - INFO - 早停！验证损失在 10 个epoch内没有显著改善。
2025-07-22 20:50:52,683 - INFO - --- 模型训练完成 ---
2025-07-22 20:50:52,854 - INFO - 图表已保存到: logs\训练与验证损失曲线.png
2025-07-22 20:51:02,391 - INFO - 图表已保存到: logs\验证集R2分数曲线.png
2025-07-22 20:51:05,889 - INFO - Trial 14: 选择了 FT-Transformer 模型
2025-07-22 20:51:05,890 - INFO - 
--- 模型训练开始 ---
2025-07-22 20:51:13,508 - INFO - Epoch [1/50], 训练损失: 0.0888, 验证损失: 0.0034, 验证 R2 (标准化): 0.9967
2025-07-22 20:51:20,954 - INFO - Epoch [2/50], 训练损失: 0.0005, 验证损失: 0.0003, 验证 R2 (标准化): 0.9997
2025-07-22 20:51:28,463 - INFO - Epoch [3/50], 训练损失: 0.0002, 验证损失: 0.0003, 验证 R2 (标准化): 0.9997
2025-07-22 20:51:35,936 - INFO - Epoch [4/50], 训练损失: 0.0003, 验证损失: 0.0002, 验证 R2 (标准化): 0.9998
2025-07-22 20:51:43,415 - INFO - Epoch [5/50], 训练损失: 0.0003, 验证损失: 0.0002, 验证 R2 (标准化): 0.9998
2025-07-22 20:51:50,759 - INFO - Epoch [6/50], 训练损失: 0.0003, 验证损失: 0.0002, 验证 R2 (标准化): 0.9998
2025-07-22 20:51:58,088 - INFO - Epoch [7/50], 训练损失: 0.0006, 验证损失: 0.0003, 验证 R2 (标准化): 0.9997
2025-07-22 20:52:05,533 - INFO - Epoch [8/50], 训练损失: 0.0002, 验证损失: 0.0002, 验证 R2 (标准化): 0.9998
2025-07-22 20:52:13,072 - INFO - Epoch [9/50], 训练损失: 0.0003, 验证损失: 0.0002, 验证 R2 (标准化): 0.9998
2025-07-22 20:52:20,411 - INFO - Epoch [10/50], 训练损失: 0.0004, 验证损失: 0.0004, 验证 R2 (标准化): 0.9996
2025-07-22 20:52:27,728 - INFO - Epoch [11/50], 训练损失: 0.0002, 验证损失: 0.0002, 验证 R2 (标准化): 0.9998
2025-07-22 20:52:35,026 - INFO - Epoch [12/50], 训练损失: 0.0001, 验证损失: 0.0004, 验证 R2 (标准化): 0.9997
2025-07-22 20:52:42,343 - INFO - Epoch [13/50], 训练损失: 0.0002, 验证损失: 0.0001, 验证 R2 (标准化): 0.9999
2025-07-22 20:52:49,652 - INFO - Epoch [14/50], 训练损失: 0.0001, 验证损失: 0.0001, 验证 R2 (标准化): 0.9999
2025-07-22 20:52:56,962 - INFO - Epoch [15/50], 训练损失: 0.0002, 验证损失: 0.0002, 验证 R2 (标准化): 0.9998
2025-07-22 20:53:04,307 - INFO - Epoch [16/50], 训练损失: 0.0002, 验证损失: 0.0003, 验证 R2 (标准化): 0.9997
2025-07-22 20:53:11,807 - INFO - Epoch [17/50], 训练损失: 0.0002, 验证损失: 0.0003, 验证 R2 (标准化): 0.9997
2025-07-22 20:53:19,526 - INFO - Epoch [18/50], 训练损失: 0.0002, 验证损失: 0.0002, 验证 R2 (标准化): 0.9998
2025-07-22 20:53:27,089 - INFO - Epoch [19/50], 训练损失: 0.0003, 验证损失: 0.0003, 验证 R2 (标准化): 0.9998
2025-07-22 20:53:34,531 - INFO - Epoch [20/50], 训练损失: 0.0002, 验证损失: 0.0003, 验证 R2 (标准化): 0.9997
2025-07-22 20:53:42,070 - INFO - Epoch [21/50], 训练损失: 0.0001, 验证损失: 0.0003, 验证 R2 (标准化): 0.9997
2025-07-22 20:53:49,544 - INFO - Epoch [22/50], 训练损失: 0.0001, 验证损失: 0.0001, 验证 R2 (标准化): 0.9999
2025-07-22 20:53:57,013 - INFO - Epoch [23/50], 训练损失: 0.0001, 验证损失: 0.0002, 验证 R2 (标准化): 0.9998
2025-07-22 20:53:57,013 - INFO - 早停！验证损失在 10 个epoch内没有显著改善。
2025-07-22 20:53:57,016 - INFO - --- 模型训练完成 ---
2025-07-22 20:53:57,177 - INFO - 图表已保存到: logs\训练与验证损失曲线.png
2025-07-22 20:54:02,383 - INFO - 图表已保存到: logs\验证集R2分数曲线.png
2025-07-22 20:54:11,212 - INFO - Trial 15: 选择了 FT-Transformer 模型
2025-07-22 20:54:11,213 - INFO - 
--- 模型训练开始 ---
2025-07-22 20:54:14,802 - INFO - Epoch [1/50], 训练损失: 0.0615, 验证损失: 0.0026, 验证 R2 (标准化): 0.9975
2025-07-22 20:54:18,354 - INFO - Epoch [2/50], 训练损失: 0.0004, 验证损失: 0.0002, 验证 R2 (标准化): 0.9998
2025-07-22 20:54:21,878 - INFO - Epoch [3/50], 训练损失: 0.0003, 验证损失: 0.0004, 验证 R2 (标准化): 0.9997
2025-07-22 20:54:25,417 - INFO - Epoch [4/50], 训练损失: 0.0004, 验证损失: 0.0002, 验证 R2 (标准化): 0.9998
2025-07-22 20:54:28,994 - INFO - Epoch [5/50], 训练损失: 0.0005, 验证损失: 0.0006, 验证 R2 (标准化): 0.9994
2025-07-22 20:54:32,557 - INFO - Epoch [6/50], 训练损失: 0.0007, 验证损失: 0.0005, 验证 R2 (标准化): 0.9996
2025-07-22 20:54:36,083 - INFO - Epoch [7/50], 训练损失: 0.0027, 验证损失: 0.0005, 验证 R2 (标准化): 0.9996
2025-07-22 20:54:39,587 - INFO - Epoch [8/50], 训练损失: 0.0003, 验证损失: 0.0001, 验证 R2 (标准化): 0.9999
2025-07-22 20:54:43,131 - INFO - Epoch [9/50], 训练损失: 0.0003, 验证损失: 0.0005, 验证 R2 (标准化): 0.9995
2025-07-22 20:54:46,745 - INFO - Epoch [10/50], 训练损失: 0.0006, 验证损失: 0.0008, 验证 R2 (标准化): 0.9993
2025-07-22 20:54:50,300 - INFO - Epoch [11/50], 训练损失: 0.0004, 验证损失: 0.0009, 验证 R2 (标准化): 0.9992
2025-07-22 20:54:53,768 - INFO - Epoch [12/50], 训练损失: 0.0005, 验证损失: 0.0004, 验证 R2 (标准化): 0.9996
2025-07-22 20:54:57,237 - INFO - Epoch [13/50], 训练损失: 0.0005, 验证损失: 0.0004, 验证 R2 (标准化): 0.9996
2025-07-22 20:55:00,713 - INFO - Epoch [14/50], 训练损失: 0.0010, 验证损失: 0.0008, 验证 R2 (标准化): 0.9992
2025-07-22 20:55:04,159 - INFO - Epoch [15/50], 训练损失: 0.0002, 验证损失: 0.0005, 验证 R2 (标准化): 0.9996
2025-07-22 20:55:07,597 - INFO - Epoch [16/50], 训练损失: 0.0002, 验证损失: 0.0002, 验证 R2 (标准化): 0.9998
2025-07-22 20:55:11,038 - INFO - Epoch [17/50], 训练损失: 0.0002, 验证损失: 0.0002, 验证 R2 (标准化): 0.9998
2025-07-22 20:55:14,498 - INFO - Epoch [18/50], 训练损失: 0.0001, 验证损失: 0.0002, 验证 R2 (标准化): 0.9998
2025-07-22 20:55:14,498 - INFO - 早停！验证损失在 10 个epoch内没有显著改善。
2025-07-22 20:55:14,501 - INFO - --- 模型训练完成 ---
2025-07-22 20:55:14,664 - INFO - 图表已保存到: logs\训练与验证损失曲线.png
2025-07-22 20:55:16,980 - INFO - 图表已保存到: logs\验证集R2分数曲线.png
2025-07-22 20:55:20,286 - INFO - Trial 16: 选择了 FT-Transformer 模型
2025-07-22 20:55:20,286 - INFO - 
--- 模型训练开始 ---
2025-07-22 20:55:24,219 - INFO - Epoch [1/50], 训练损失: 0.9246, 验证损失: 0.7464, 验证 R2 (标准化): 0.2733
2025-07-22 20:55:27,978 - INFO - Epoch [2/50], 训练损失: 0.3689, 验证损失: 0.1381, 验证 R2 (标准化): 0.8655
2025-07-22 20:55:31,627 - INFO - Epoch [3/50], 训练损失: 0.0684, 验证损失: 0.0333, 验证 R2 (标准化): 0.9676
2025-07-22 20:55:35,166 - INFO - Epoch [4/50], 训练损失: 0.0178, 验证损失: 0.0097, 验证 R2 (标准化): 0.9905
2025-07-22 20:55:38,915 - INFO - Epoch [5/50], 训练损失: 0.0066, 验证损失: 0.0048, 验证 R2 (标准化): 0.9953
2025-07-22 20:55:42,781 - INFO - Epoch [6/50], 训练损失: 0.0037, 验证损失: 0.0031, 验证 R2 (标准化): 0.9970
2025-07-22 20:55:46,512 - INFO - Epoch [7/50], 训练损失: 0.0024, 验证损失: 0.0020, 验证 R2 (标准化): 0.9980
2025-07-22 20:55:50,197 - INFO - Epoch [8/50], 训练损失: 0.0017, 验证损失: 0.0015, 验证 R2 (标准化): 0.9985
2025-07-22 20:55:53,973 - INFO - Epoch [9/50], 训练损失: 0.0013, 验证损失: 0.0012, 验证 R2 (标准化): 0.9989
2025-07-22 20:55:57,880 - INFO - Epoch [10/50], 训练损失: 0.0010, 验证损失: 0.0010, 验证 R2 (标准化): 0.9991
2025-07-22 20:56:01,281 - INFO - Epoch [11/50], 训练损失: 0.0008, 验证损失: 0.0008, 验证 R2 (标准化): 0.9992
2025-07-22 20:56:04,683 - INFO - Epoch [12/50], 训练损失: 0.0007, 验证损失: 0.0007, 验证 R2 (标准化): 0.9993
2025-07-22 20:56:08,123 - INFO - Epoch [13/50], 训练损失: 0.0006, 验证损失: 0.0006, 验证 R2 (标准化): 0.9994
2025-07-22 20:56:11,456 - INFO - Epoch [14/50], 训练损失: 0.0005, 验证损失: 0.0006, 验证 R2 (标准化): 0.9995
2025-07-22 20:56:14,757 - INFO - Epoch [15/50], 训练损失: 0.0004, 验证损失: 0.0005, 验证 R2 (标准化): 0.9995
2025-07-22 20:56:18,075 - INFO - Epoch [16/50], 训练损失: 0.0004, 验证损失: 0.0006, 验证 R2 (标准化): 0.9995
2025-07-22 20:56:21,526 - INFO - Epoch [17/50], 训练损失: 0.0004, 验证损失: 0.0004, 验证 R2 (标准化): 0.9996
2025-07-22 20:56:25,044 - INFO - Epoch [18/50], 训练损失: 0.0003, 验证损失: 0.0004, 验证 R2 (标准化): 0.9997
2025-07-22 20:56:28,439 - INFO - Epoch [19/50], 训练损失: 0.0003, 验证损失: 0.0004, 验证 R2 (标准化): 0.9996
2025-07-22 20:56:31,856 - INFO - Epoch [20/50], 训练损失: 0.0003, 验证损失: 0.0003, 验证 R2 (标准化): 0.9997
2025-07-22 20:56:35,266 - INFO - Epoch [21/50], 训练损失: 0.0002, 验证损失: 0.0003, 验证 R2 (标准化): 0.9997
2025-07-22 20:56:38,661 - INFO - Epoch [22/50], 训练损失: 0.0002, 验证损失: 0.0003, 验证 R2 (标准化): 0.9997
2025-07-22 20:56:42,105 - INFO - Epoch [23/50], 训练损失: 0.0002, 验证损失: 0.0003, 验证 R2 (标准化): 0.9997
2025-07-22 20:56:45,599 - INFO - Epoch [24/50], 训练损失: 0.0002, 验证损失: 0.0003, 验证 R2 (标准化): 0.9997
2025-07-22 20:56:49,049 - INFO - Epoch [25/50], 训练损失: 0.0002, 验证损失: 0.0003, 验证 R2 (标准化): 0.9997
2025-07-22 20:56:52,514 - INFO - Epoch [26/50], 训练损失: 0.0002, 验证损失: 0.0002, 验证 R2 (标准化): 0.9998
2025-07-22 20:56:56,076 - INFO - Epoch [27/50], 训练损失: 0.0002, 验证损失: 0.0002, 验证 R2 (标准化): 0.9998
2025-07-22 20:56:59,534 - INFO - Epoch [28/50], 训练损失: 0.0002, 验证损失: 0.0002, 验证 R2 (标准化): 0.9998
2025-07-22 20:57:02,933 - INFO - Epoch [29/50], 训练损失: 0.0002, 验证损失: 0.0002, 验证 R2 (标准化): 0.9998
2025-07-22 20:57:06,264 - INFO - Epoch [30/50], 训练损失: 0.0002, 验证损失: 0.0003, 验证 R2 (标准化): 0.9997
2025-07-22 20:57:09,676 - INFO - Epoch [31/50], 训练损失: 0.0002, 验证损失: 0.0002, 验证 R2 (标准化): 0.9998
2025-07-22 20:57:13,075 - INFO - Epoch [32/50], 训练损失: 0.0002, 验证损失: 0.0002, 验证 R2 (标准化): 0.9998
2025-07-22 20:57:16,470 - INFO - Epoch [33/50], 训练损失: 0.0001, 验证损失: 0.0002, 验证 R2 (标准化): 0.9998
2025-07-22 20:57:19,964 - INFO - Epoch [34/50], 训练损失: 0.0001, 验证损失: 0.0002, 验证 R2 (标准化): 0.9998
2025-07-22 20:57:23,343 - INFO - Epoch [35/50], 训练损失: 0.0001, 验证损失: 0.0002, 验证 R2 (标准化): 0.9998
2025-07-22 20:57:26,639 - INFO - Epoch [36/50], 训练损失: 0.0001, 验证损失: 0.0002, 验证 R2 (标准化): 0.9998
2025-07-22 20:57:29,991 - INFO - Epoch [37/50], 训练损失: 0.0001, 验证损失: 0.0002, 验证 R2 (标准化): 0.9998
2025-07-22 20:57:33,445 - INFO - Epoch [38/50], 训练损失: 0.0001, 验证损失: 0.0002, 验证 R2 (标准化): 0.9998
2025-07-22 20:57:36,701 - INFO - Epoch [39/50], 训练损失: 0.0001, 验证损失: 0.0002, 验证 R2 (标准化): 0.9998
2025-07-22 20:57:40,040 - INFO - Epoch [40/50], 训练损失: 0.0001, 验证损失: 0.0002, 验证 R2 (标准化): 0.9998
2025-07-22 20:57:43,416 - INFO - Epoch [41/50], 训练损失: 0.0001, 验证损失: 0.0002, 验证 R2 (标准化): 0.9998
2025-07-22 20:57:46,748 - INFO - Epoch [42/50], 训练损失: 0.0001, 验证损失: 0.0002, 验证 R2 (标准化): 0.9998
2025-07-22 20:57:50,111 - INFO - Epoch [43/50], 训练损失: 0.0001, 验证损失: 0.0002, 验证 R2 (标准化): 0.9998
2025-07-22 20:57:53,448 - INFO - Epoch [44/50], 训练损失: 0.0001, 验证损失: 0.0002, 验证 R2 (标准化): 0.9998
2025-07-22 20:57:56,822 - INFO - Epoch [45/50], 训练损失: 0.0001, 验证损失: 0.0002, 验证 R2 (标准化): 0.9998
2025-07-22 20:58:00,198 - INFO - Epoch [46/50], 训练损失: 0.0001, 验证损失: 0.0001, 验证 R2 (标准化): 0.9999
2025-07-22 20:58:03,626 - INFO - Epoch [47/50], 训练损失: 0.0001, 验证损失: 0.0002, 验证 R2 (标准化): 0.9998
2025-07-22 20:58:07,112 - INFO - Epoch [48/50], 训练损失: 0.0001, 验证损失: 0.0002, 验证 R2 (标准化): 0.9998
2025-07-22 20:58:10,573 - INFO - Epoch [49/50], 训练损失: 0.0001, 验证损失: 0.0002, 验证 R2 (标准化): 0.9999
2025-07-22 20:58:13,969 - INFO - Epoch [50/50], 训练损失: 0.0001, 验证损失: 0.0001, 验证 R2 (标准化): 0.9999
2025-07-22 20:58:13,980 - INFO - --- 模型训练完成 ---
2025-07-22 20:58:14,342 - INFO - 图表已保存到: logs\训练与验证损失曲线.png
2025-07-22 20:58:18,326 - INFO - 图表已保存到: logs\验证集R2分数曲线.png
2025-07-22 20:58:32,010 - INFO - Trial 17: 选择了 FT-Transformer 模型
2025-07-22 20:58:32,010 - INFO - 
--- 模型训练开始 ---
2025-07-22 20:58:36,867 - INFO - Epoch [1/50], 训练损失: 0.1161, 验证损失: 0.0084, 验证 R2 (标准化): 0.9918
2025-07-22 20:58:41,624 - INFO - Epoch [2/50], 训练损失: 0.0007, 验证损失: 0.0003, 验证 R2 (标准化): 0.9997
2025-07-22 20:58:46,301 - INFO - Epoch [3/50], 训练损失: 0.0002, 验证损失: 0.0004, 验证 R2 (标准化): 0.9996
2025-07-22 20:58:50,967 - INFO - Epoch [4/50], 训练损失: 0.0002, 验证损失: 0.0006, 验证 R2 (标准化): 0.9995
2025-07-22 20:58:55,711 - INFO - Epoch [5/50], 训练损失: 0.0002, 验证损失: 0.0002, 验证 R2 (标准化): 0.9998
2025-07-22 20:59:00,508 - INFO - Epoch [6/50], 训练损失: 0.0002, 验证损失: 0.0003, 验证 R2 (标准化): 0.9997
2025-07-22 20:59:05,334 - INFO - Epoch [7/50], 训练损失: 0.0002, 验证损失: 0.0002, 验证 R2 (标准化): 0.9998
2025-07-22 20:59:10,153 - INFO - Epoch [8/50], 训练损失: 0.0002, 验证损失: 0.0007, 验证 R2 (标准化): 0.9993
2025-07-22 20:59:14,985 - INFO - Epoch [9/50], 训练损失: 0.0004, 验证损失: 0.0003, 验证 R2 (标准化): 0.9997
2025-07-22 20:59:19,736 - INFO - Epoch [10/50], 训练损失: 0.0002, 验证损失: 0.0001, 验证 R2 (标准化): 0.9999
2025-07-22 20:59:24,495 - INFO - Epoch [11/50], 训练损失: 0.0003, 验证损失: 0.0002, 验证 R2 (标准化): 0.9998
2025-07-22 20:59:29,246 - INFO - Epoch [12/50], 训练损失: 0.0003, 验证损失: 0.0002, 验证 R2 (标准化): 0.9998
2025-07-22 20:59:34,005 - INFO - Epoch [13/50], 训练损失: 0.0003, 验证损失: 0.0001, 验证 R2 (标准化): 0.9999
2025-07-22 20:59:38,763 - INFO - Epoch [14/50], 训练损失: 0.0002, 验证损失: 0.0002, 验证 R2 (标准化): 0.9998
2025-07-22 20:59:43,528 - INFO - Epoch [15/50], 训练损失: 0.0003, 验证损失: 0.0006, 验证 R2 (标准化): 0.9994
2025-07-22 20:59:48,349 - INFO - Epoch [16/50], 训练损失: 0.0003, 验证损失: 0.0002, 验证 R2 (标准化): 0.9998
2025-07-22 20:59:53,104 - INFO - Epoch [17/50], 训练损失: 0.0003, 验证损失: 0.0021, 验证 R2 (标准化): 0.9979
2025-07-22 20:59:57,839 - INFO - Epoch [18/50], 训练损失: 0.0003, 验证损失: 0.0004, 验证 R2 (标准化): 0.9996
2025-07-22 21:00:02,622 - INFO - Epoch [19/50], 训练损失: 0.0003, 验证损失: 0.0002, 验证 R2 (标准化): 0.9998
2025-07-22 21:00:07,381 - INFO - Epoch [20/50], 训练损失: 0.0001, 验证损失: 0.0003, 验证 R2 (标准化): 0.9997
2025-07-22 21:00:07,381 - INFO - 早停！验证损失在 10 个epoch内没有显著改善。
2025-07-22 21:00:07,384 - INFO - --- 模型训练完成 ---
2025-07-22 21:00:07,540 - INFO - 图表已保存到: logs\训练与验证损失曲线.png
2025-07-22 21:00:11,261 - INFO - 图表已保存到: logs\验证集R2分数曲线.png
2025-07-22 21:00:13,551 - INFO - Trial 18: 选择了 FT-Transformer 模型
2025-07-22 21:00:13,552 - INFO - 
--- 模型训练开始 ---
2025-07-22 21:00:17,733 - INFO - Epoch [1/50], 训练损失: 0.0774, 验证损失: 0.0039, 验证 R2 (标准化): 0.9962
2025-07-22 21:00:21,555 - INFO - Epoch [2/50], 训练损失: 0.0007, 验证损失: 0.0005, 验证 R2 (标准化): 0.9995
2025-07-22 21:00:25,406 - INFO - Epoch [3/50], 训练损失: 0.0003, 验证损失: 0.0007, 验证 R2 (标准化): 0.9994
2025-07-22 21:00:28,942 - INFO - Epoch [4/50], 训练损失: 0.0002, 验证损失: 0.0003, 验证 R2 (标准化): 0.9997
2025-07-22 21:00:32,501 - INFO - Epoch [5/50], 训练损失: 0.0004, 验证损失: 0.0006, 验证 R2 (标准化): 0.9994
2025-07-22 21:00:36,366 - INFO - Epoch [6/50], 训练损失: 0.0006, 验证损失: 0.0003, 验证 R2 (标准化): 0.9997
2025-07-22 21:00:40,253 - INFO - Epoch [7/50], 训练损失: 0.0004, 验证损失: 0.0008, 验证 R2 (标准化): 0.9992
2025-07-22 21:00:44,140 - INFO - Epoch [8/50], 训练损失: 0.0007, 验证损失: 0.0005, 验证 R2 (标准化): 0.9995
2025-07-22 21:00:47,879 - INFO - Epoch [9/50], 训练损失: 0.0007, 验证损失: 0.0021, 验证 R2 (标准化): 0.9980
2025-07-22 21:00:51,443 - INFO - Epoch [10/50], 训练损失: 0.0005, 验证损失: 0.0005, 验证 R2 (标准化): 0.9995
2025-07-22 21:00:54,932 - INFO - Epoch [11/50], 训练损失: 0.0005, 验证损失: 0.0006, 验证 R2 (标准化): 0.9994
2025-07-22 21:00:58,408 - INFO - Epoch [12/50], 训练损失: 0.0007, 验证损失: 0.0008, 验证 R2 (标准化): 0.9992
2025-07-22 21:01:01,892 - INFO - Epoch [13/50], 训练损失: 0.0002, 验证损失: 0.0002, 验证 R2 (标准化): 0.9998
2025-07-22 21:01:05,382 - INFO - Epoch [14/50], 训练损失: 0.0001, 验证损失: 0.0001, 验证 R2 (标准化): 0.9999
2025-07-22 21:01:08,857 - INFO - Epoch [15/50], 训练损失: 0.0002, 验证损失: 0.0003, 验证 R2 (标准化): 0.9997
2025-07-22 21:01:12,402 - INFO - Epoch [16/50], 训练损失: 0.0003, 验证损失: 0.0005, 验证 R2 (标准化): 0.9995
2025-07-22 21:01:15,934 - INFO - Epoch [17/50], 训练损失: 0.0002, 验证损失: 0.0002, 验证 R2 (标准化): 0.9998
2025-07-22 21:01:19,528 - INFO - Epoch [18/50], 训练损失: 0.0002, 验证损失: 0.0006, 验证 R2 (标准化): 0.9995
2025-07-22 21:01:23,078 - INFO - Epoch [19/50], 训练损失: 0.0003, 验证损失: 0.0008, 验证 R2 (标准化): 0.9992
2025-07-22 21:01:27,726 - INFO - Epoch [20/50], 训练损失: 0.0006, 验证损失: 0.0013, 验证 R2 (标准化): 0.9987
2025-07-22 21:01:31,606 - INFO - Epoch [21/50], 训练损失: 0.0001, 验证损失: 0.0001, 验证 R2 (标准化): 0.9999
2025-07-22 21:01:35,474 - INFO - Epoch [22/50], 训练损失: 0.0001, 验证损失: 0.0001, 验证 R2 (标准化): 0.9999
2025-07-22 21:01:39,425 - INFO - Epoch [23/50], 训练损失: 0.0001, 验证损失: 0.0001, 验证 R2 (标准化): 0.9999
2025-07-22 21:01:43,241 - INFO - Epoch [24/50], 训练损失: 0.0001, 验证损失: 0.0001, 验证 R2 (标准化): 0.9999
2025-07-22 21:01:46,842 - INFO - Epoch [25/50], 训练损失: 0.0001, 验证损失: 0.0002, 验证 R2 (标准化): 0.9998
2025-07-22 21:01:50,405 - INFO - Epoch [26/50], 训练损失: 0.0001, 验证损失: 0.0002, 验证 R2 (标准化): 0.9998
2025-07-22 21:01:53,862 - INFO - Epoch [27/50], 训练损失: 0.0001, 验证损失: 0.0001, 验证 R2 (标准化): 0.9999
2025-07-22 21:01:57,359 - INFO - Epoch [28/50], 训练损失: 0.0002, 验证损失: 0.0002, 验证 R2 (标准化): 0.9998
2025-07-22 21:02:00,838 - INFO - Epoch [29/50], 训练损失: 0.0001, 验证损失: 0.0002, 验证 R2 (标准化): 0.9999
2025-07-22 21:02:04,364 - INFO - Epoch [30/50], 训练损失: 0.0001, 验证损失: 0.0001, 验证 R2 (标准化): 0.9999
2025-07-22 21:02:07,883 - INFO - Epoch [31/50], 训练损失: 0.0001, 验证损失: 0.0001, 验证 R2 (标准化): 0.9999
2025-07-22 21:02:11,338 - INFO - Epoch [32/50], 训练损失: 0.0001, 验证损失: 0.0001, 验证 R2 (标准化): 0.9999
2025-07-22 21:02:11,338 - INFO - 早停！验证损失在 10 个epoch内没有显著改善。
2025-07-22 21:02:11,340 - INFO - --- 模型训练完成 ---
2025-07-22 21:02:11,522 - INFO - 图表已保存到: logs\训练与验证损失曲线.png
2025-07-22 21:02:16,008 - INFO - 图表已保存到: logs\验证集R2分数曲线.png
2025-07-22 21:02:17,980 - INFO - Trial 19: 选择了 FT-Transformer 模型
2025-07-22 21:02:17,980 - INFO - 
--- 模型训练开始 ---
2025-07-22 21:02:22,033 - INFO - Epoch [1/50], 训练损失: 0.0870, 验证损失: 0.0043, 验证 R2 (标准化): 0.9958
2025-07-22 21:02:25,866 - INFO - Epoch [2/50], 训练损失: 0.0007, 验证损失: 0.0004, 验证 R2 (标准化): 0.9996
2025-07-22 21:02:29,623 - INFO - Epoch [3/50], 训练损失: 0.0006, 验证损失: 0.0005, 验证 R2 (标准化): 0.9996
2025-07-22 21:02:33,400 - INFO - Epoch [4/50], 训练损失: 0.0005, 验证损失: 0.0002, 验证 R2 (标准化): 0.9998
2025-07-22 21:02:37,127 - INFO - Epoch [5/50], 训练损失: 0.0004, 验证损失: 0.0007, 验证 R2 (标准化): 0.9993
2025-07-22 21:02:40,914 - INFO - Epoch [6/50], 训练损失: 0.0006, 验证损失: 0.0022, 验证 R2 (标准化): 0.9979
2025-07-22 21:02:44,708 - INFO - Epoch [7/50], 训练损失: 0.0008, 验证损失: 0.0012, 验证 R2 (标准化): 0.9988
2025-07-22 21:02:48,576 - INFO - Epoch [8/50], 训练损失: 0.0011, 验证损失: 0.0019, 验证 R2 (标准化): 0.9981
2025-07-22 21:02:52,194 - INFO - Epoch [9/50], 训练损失: 0.0006, 验证损失: 0.0004, 验证 R2 (标准化): 0.9996
2025-07-22 21:02:55,633 - INFO - Epoch [10/50], 训练损失: 0.0006, 验证损失: 0.0003, 验证 R2 (标准化): 0.9997
2025-07-22 21:02:59,074 - INFO - Epoch [11/50], 训练损失: 0.0001, 验证损失: 0.0001, 验证 R2 (标准化): 0.9999
2025-07-22 21:03:02,490 - INFO - Epoch [12/50], 训练损失: 0.0002, 验证损失: 0.0003, 验证 R2 (标准化): 0.9997
2025-07-22 21:03:05,899 - INFO - Epoch [13/50], 训练损失: 0.0002, 验证损失: 0.0003, 验证 R2 (标准化): 0.9997
2025-07-22 21:03:09,310 - INFO - Epoch [14/50], 训练损失: 0.0002, 验证损失: 0.0004, 验证 R2 (标准化): 0.9996
2025-07-22 21:03:12,681 - INFO - Epoch [15/50], 训练损失: 0.0002, 验证损失: 0.0040, 验证 R2 (标准化): 0.9961
2025-07-22 21:03:16,074 - INFO - Epoch [16/50], 训练损失: 0.0005, 验证损失: 0.0003, 验证 R2 (标准化): 0.9997
2025-07-22 21:03:19,474 - INFO - Epoch [17/50], 训练损失: 0.0003, 验证损失: 0.0002, 验证 R2 (标准化): 0.9998
2025-07-22 21:03:22,907 - INFO - Epoch [18/50], 训练损失: 0.0001, 验证损失: 0.0002, 验证 R2 (标准化): 0.9998
2025-07-22 21:03:26,308 - INFO - Epoch [19/50], 训练损失: 0.0001, 验证损失: 0.0002, 验证 R2 (标准化): 0.9998
2025-07-22 21:03:29,722 - INFO - Epoch [20/50], 训练损失: 0.0002, 验证损失: 0.0001, 验证 R2 (标准化): 0.9999
2025-07-22 21:03:33,103 - INFO - Epoch [21/50], 训练损失: 0.0001, 验证损失: 0.0002, 验证 R2 (标准化): 0.9998
2025-07-22 21:03:33,103 - INFO - 早停！验证损失在 10 个epoch内没有显著改善。
2025-07-22 21:03:33,109 - INFO - --- 模型训练完成 ---
2025-07-22 21:03:33,263 - INFO - 图表已保存到: logs\训练与验证损失曲线.png
2025-07-22 21:03:46,882 - INFO - 图表已保存到: logs\验证集R2分数曲线.png
2025-07-22 21:03:52,400 - INFO - Trial 20: 选择了 FT-Transformer 模型
2025-07-22 21:03:52,402 - INFO - 
--- 模型训练开始 ---
2025-07-22 21:03:56,865 - INFO - Epoch [1/50], 训练损失: 0.9980, 验证损失: 1.0272, 验证 R2 (标准化): -0.0000
2025-07-22 21:04:00,964 - INFO - Epoch [2/50], 训练损失: 0.9912, 验证损失: 1.0272, 验证 R2 (标准化): -0.0000
2025-07-22 21:04:04,951 - INFO - Epoch [3/50], 训练损失: 0.9910, 验证损失: 1.0279, 验证 R2 (标准化): -0.0007
2025-07-22 21:04:09,063 - INFO - Epoch [4/50], 训练损失: 0.9911, 验证损失: 1.0272, 验证 R2 (标准化): -0.0000
2025-07-22 21:04:13,157 - INFO - Epoch [5/50], 训练损失: 0.9912, 验证损失: 1.0276, 验证 R2 (标准化): -0.0004
2025-07-22 21:04:17,345 - INFO - Epoch [6/50], 训练损失: 0.9911, 验证损失: 1.0277, 验证 R2 (标准化): -0.0005
2025-07-22 21:04:21,591 - INFO - Epoch [7/50], 训练损失: 0.9910, 验证损失: 1.0272, 验证 R2 (标准化): -0.0000
2025-07-22 21:04:25,948 - INFO - Epoch [8/50], 训练损失: 0.9910, 验证损失: 1.0274, 验证 R2 (标准化): -0.0002
2025-07-22 21:04:30,273 - INFO - Epoch [9/50], 训练损失: 0.9910, 验证损失: 1.0272, 验证 R2 (标准化): -0.0000
2025-07-22 21:04:34,566 - INFO - Epoch [10/50], 训练损失: 0.9911, 验证损失: 1.0274, 验证 R2 (标准化): -0.0002
2025-07-22 21:04:38,836 - INFO - Epoch [11/50], 训练损失: 0.9910, 验证损失: 1.0275, 验证 R2 (标准化): -0.0003
2025-07-22 21:04:43,117 - INFO - Epoch [12/50], 训练损失: 0.9911, 验证损失: 1.0274, 验证 R2 (标准化): -0.0002
2025-07-22 21:04:43,117 - INFO - 早停！验证损失在 10 个epoch内没有显著改善。
2025-07-22 21:04:43,120 - INFO - --- 模型训练完成 ---
2025-07-22 21:04:43,264 - INFO - 图表已保存到: logs\训练与验证损失曲线.png
2025-07-22 21:04:55,964 - INFO - 图表已保存到: logs\验证集R2分数曲线.png
2025-07-22 21:05:00,750 - INFO - Trial 21: 选择了 FT-Transformer 模型
2025-07-22 21:05:00,750 - INFO - 
--- 模型训练开始 ---
2025-07-22 21:05:03,274 - INFO - Epoch [1/50], 训练损失: 0.1745, 验证损失: 0.0089, 验证 R2 (标准化): 0.9913
2025-07-22 21:05:05,619 - INFO - Epoch [2/50], 训练损失: 0.0012, 验证损失: 0.0004, 验证 R2 (标准化): 0.9996
2025-07-22 21:05:07,997 - INFO - Epoch [3/50], 训练损失: 0.0003, 验证损失: 0.0003, 验证 R2 (标准化): 0.9997
2025-07-22 21:05:10,417 - INFO - Epoch [4/50], 训练损失: 0.0002, 验证损失: 0.0002, 验证 R2 (标准化): 0.9998
2025-07-22 21:05:12,871 - INFO - Epoch [5/50], 训练损失: 0.0002, 验证损失: 0.0002, 验证 R2 (标准化): 0.9998
2025-07-22 21:05:15,279 - INFO - Epoch [6/50], 训练损失: 0.0002, 验证损失: 0.0002, 验证 R2 (标准化): 0.9998
2025-07-22 21:05:17,682 - INFO - Epoch [7/50], 训练损失: 0.0002, 验证损失: 0.0003, 验证 R2 (标准化): 0.9997
2025-07-22 21:05:20,176 - INFO - Epoch [8/50], 训练损失: 0.0002, 验证损失: 0.0002, 验证 R2 (标准化): 0.9998
2025-07-22 21:05:22,719 - INFO - Epoch [9/50], 训练损失: 0.0002, 验证损失: 0.0002, 验证 R2 (标准化): 0.9998
2025-07-22 21:05:25,804 - INFO - Epoch [10/50], 训练损失: 0.0003, 验证损失: 0.0001, 验证 R2 (标准化): 0.9999
2025-07-22 21:05:28,443 - INFO - Epoch [11/50], 训练损失: 0.0002, 验证损失: 0.0004, 验证 R2 (标准化): 0.9996
2025-07-22 21:05:31,185 - INFO - Epoch [12/50], 训练损失: 0.0003, 验证损失: 0.0015, 验证 R2 (标准化): 0.9985
2025-07-22 21:05:33,818 - INFO - Epoch [13/50], 训练损失: 0.0004, 验证损失: 0.0006, 验证 R2 (标准化): 0.9994
2025-07-22 21:05:36,534 - INFO - Epoch [14/50], 训练损失: 0.0002, 验证损失: 0.0003, 验证 R2 (标准化): 0.9997
2025-07-22 21:05:39,065 - INFO - Epoch [15/50], 训练损失: 0.0002, 验证损失: 0.0002, 验证 R2 (标准化): 0.9998
2025-07-22 21:05:41,447 - INFO - Epoch [16/50], 训练损失: 0.0002, 验证损失: 0.0005, 验证 R2 (标准化): 0.9996
2025-07-22 21:05:44,660 - INFO - Epoch [17/50], 训练损失: 0.0001, 验证损失: 0.0002, 验证 R2 (标准化): 0.9998
2025-07-22 21:05:47,093 - INFO - Epoch [18/50], 训练损失: 0.0001, 验证损失: 0.0001, 验证 R2 (标准化): 0.9999
2025-07-22 21:05:49,901 - INFO - Epoch [19/50], 训练损失: 0.0001, 验证损失: 0.0001, 验证 R2 (标准化): 0.9999
2025-07-22 21:05:52,310 - INFO - Epoch [20/50], 训练损失: 0.0001, 验证损失: 0.0001, 验证 R2 (标准化): 0.9999
2025-07-22 21:05:54,685 - INFO - Epoch [21/50], 训练损失: 0.0001, 验证损失: 0.0004, 验证 R2 (标准化): 0.9996
2025-07-22 21:05:57,302 - INFO - Epoch [22/50], 训练损失: 0.0001, 验证损失: 0.0002, 验证 R2 (标准化): 0.9998
2025-07-22 21:05:59,735 - INFO - Epoch [23/50], 训练损失: 0.0001, 验证损失: 0.0004, 验证 R2 (标准化): 0.9997
2025-07-22 21:06:02,281 - INFO - Epoch [24/50], 训练损失: 0.0002, 验证损失: 0.0001, 验证 R2 (标准化): 0.9999
2025-07-22 21:06:04,817 - INFO - Epoch [25/50], 训练损失: 0.0001, 验证损失: 0.0001, 验证 R2 (标准化): 0.9999
2025-07-22 21:06:07,361 - INFO - Epoch [26/50], 训练损失: 0.0001, 验证损失: 0.0001, 验证 R2 (标准化): 0.9999
2025-07-22 21:06:09,802 - INFO - Epoch [27/50], 训练损失: 0.0002, 验证损失: 0.0001, 验证 R2 (标准化): 0.9999
2025-07-22 21:06:12,291 - INFO - Epoch [28/50], 训练损失: 0.0001, 验证损失: 0.0002, 验证 R2 (标准化): 0.9998
2025-07-22 21:06:14,902 - INFO - Epoch [29/50], 训练损失: 0.0002, 验证损失: 0.0002, 验证 R2 (标准化): 0.9999
2025-07-22 21:06:17,378 - INFO - Epoch [30/50], 训练损失: 0.0001, 验证损失: 0.0003, 验证 R2 (标准化): 0.9998
2025-07-22 21:06:20,047 - INFO - Epoch [31/50], 训练损失: 0.0001, 验证损失: 0.0001, 验证 R2 (标准化): 0.9999
2025-07-22 21:06:22,671 - INFO - Epoch [32/50], 训练损失: 0.0001, 验证损失: 0.0001, 验证 R2 (标准化): 0.9999
2025-07-22 21:06:25,120 - INFO - Epoch [33/50], 训练损失: 0.0001, 验证损失: 0.0001, 验证 R2 (标准化): 0.9999
2025-07-22 21:06:27,648 - INFO - Epoch [34/50], 训练损失: 0.0001, 验证损失: 0.0001, 验证 R2 (标准化): 0.9999
2025-07-22 21:06:30,073 - INFO - Epoch [35/50], 训练损失: 0.0001, 验证损失: 0.0001, 验证 R2 (标准化): 0.9999
2025-07-22 21:06:30,074 - INFO - 早停！验证损失在 10 个epoch内没有显著改善。
2025-07-22 21:06:30,078 - INFO - --- 模型训练完成 ---
2025-07-22 21:06:30,241 - INFO - 图表已保存到: logs\训练与验证损失曲线.png
2025-07-22 21:06:33,081 - INFO - 图表已保存到: logs\验证集R2分数曲线.png
2025-07-22 21:06:35,243 - INFO - Trial 22: 选择了 FT-Transformer 模型
2025-07-22 21:06:35,243 - INFO - 
--- 模型训练开始 ---
2025-07-22 21:06:38,416 - INFO - Epoch [1/50], 训练损失: 0.1162, 验证损失: 0.0074, 验证 R2 (标准化): 0.9928
2025-07-22 21:06:41,435 - INFO - Epoch [2/50], 训练损失: 0.0007, 验证损失: 0.0003, 验证 R2 (标准化): 0.9997
2025-07-22 21:06:44,562 - INFO - Epoch [3/50], 训练损失: 0.0003, 验证损失: 0.0003, 验证 R2 (标准化): 0.9997
2025-07-22 21:06:47,644 - INFO - Epoch [4/50], 训练损失: 0.0002, 验证损失: 0.0003, 验证 R2 (标准化): 0.9997
2025-07-22 21:06:50,648 - INFO - Epoch [5/50], 训练损失: 0.0002, 验证损失: 0.0004, 验证 R2 (标准化): 0.9996
2025-07-22 21:06:53,803 - INFO - Epoch [6/50], 训练损失: 0.0003, 验证损失: 0.0002, 验证 R2 (标准化): 0.9998
2025-07-22 21:06:56,845 - INFO - Epoch [7/50], 训练损失: 0.0003, 验证损失: 0.0005, 验证 R2 (标准化): 0.9995
2025-07-22 21:06:59,943 - INFO - Epoch [8/50], 训练损失: 0.0002, 验证损失: 0.0002, 验证 R2 (标准化): 0.9998
2025-07-22 21:07:03,059 - INFO - Epoch [9/50], 训练损失: 0.0003, 验证损失: 0.0001, 验证 R2 (标准化): 0.9999
2025-07-22 21:07:06,153 - INFO - Epoch [10/50], 训练损失: 0.0003, 验证损失: 0.0003, 验证 R2 (标准化): 0.9997
2025-07-22 21:07:09,400 - INFO - Epoch [11/50], 训练损失: 0.0003, 验证损失: 0.0005, 验证 R2 (标准化): 0.9995
2025-07-22 21:07:12,433 - INFO - Epoch [12/50], 训练损失: 0.0003, 验证损失: 0.0034, 验证 R2 (标准化): 0.9967
2025-07-22 21:07:15,467 - INFO - Epoch [13/50], 训练损失: 0.0005, 验证损失: 0.0002, 验证 R2 (标准化): 0.9998
2025-07-22 21:07:18,484 - INFO - Epoch [14/50], 训练损失: 0.0003, 验证损失: 0.0002, 验证 R2 (标准化): 0.9998
2025-07-22 21:07:21,518 - INFO - Epoch [15/50], 训练损失: 0.0003, 验证损失: 0.0008, 验证 R2 (标准化): 0.9992
2025-07-22 21:07:24,535 - INFO - Epoch [16/50], 训练损失: 0.0001, 验证损失: 0.0002, 验证 R2 (标准化): 0.9998
2025-07-22 21:07:27,558 - INFO - Epoch [17/50], 训练损失: 0.0001, 验证损失: 0.0001, 验证 R2 (标准化): 0.9999
2025-07-22 21:07:30,591 - INFO - Epoch [18/50], 训练损失: 0.0001, 验证损失: 0.0001, 验证 R2 (标准化): 0.9999
2025-07-22 21:07:33,585 - INFO - Epoch [19/50], 训练损失: 0.0001, 验证损失: 0.0002, 验证 R2 (标准化): 0.9998
2025-07-22 21:07:36,602 - INFO - Epoch [20/50], 训练损失: 0.0002, 验证损失: 0.0002, 验证 R2 (标准化): 0.9998
2025-07-22 21:07:39,599 - INFO - Epoch [21/50], 训练损失: 0.0002, 验证损失: 0.0005, 验证 R2 (标准化): 0.9995
2025-07-22 21:07:42,665 - INFO - Epoch [22/50], 训练损失: 0.0002, 验证损失: 0.0003, 验证 R2 (标准化): 0.9997
2025-07-22 21:07:45,844 - INFO - Epoch [23/50], 训练损失: 0.0002, 验证损失: 0.0002, 验证 R2 (标准化): 0.9998
2025-07-22 21:07:48,950 - INFO - Epoch [24/50], 训练损失: 0.0001, 验证损失: 0.0002, 验证 R2 (标准化): 0.9998
2025-07-22 21:07:52,038 - INFO - Epoch [25/50], 训练损失: 0.0001, 验证损失: 0.0001, 验证 R2 (标准化): 0.9999
2025-07-22 21:07:55,087 - INFO - Epoch [26/50], 训练损失: 0.0001, 验证损失: 0.0001, 验证 R2 (标准化): 0.9999
2025-07-22 21:07:58,146 - INFO - Epoch [27/50], 训练损失: 0.0001, 验证损失: 0.0001, 验证 R2 (标准化): 0.9999
2025-07-22 21:07:58,146 - INFO - 早停！验证损失在 10 个epoch内没有显著改善。
2025-07-22 21:07:58,150 - INFO - --- 模型训练完成 ---
2025-07-22 21:07:58,304 - INFO - 图表已保存到: logs\训练与验证损失曲线.png
2025-07-22 21:08:00,365 - INFO - 图表已保存到: logs\验证集R2分数曲线.png
2025-07-22 21:08:03,736 - INFO - Trial 23: 选择了 FT-Transformer 模型
2025-07-22 21:08:03,736 - INFO - 
--- 模型训练开始 ---
2025-07-22 21:08:08,349 - INFO - Epoch [1/50], 训练损失: 0.0893, 验证损失: 0.0092, 验证 R2 (标准化): 0.9911
2025-07-22 21:08:12,752 - INFO - Epoch [2/50], 训练损失: 0.0008, 验证损失: 0.0003, 验证 R2 (标准化): 0.9997
2025-07-22 21:08:17,034 - INFO - Epoch [3/50], 训练损失: 0.0003, 验证损失: 0.0002, 验证 R2 (标准化): 0.9998
2025-07-22 21:08:21,320 - INFO - Epoch [4/50], 训练损失: 0.0003, 验证损失: 0.0007, 验证 R2 (标准化): 0.9993
2025-07-22 21:08:25,583 - INFO - Epoch [5/50], 训练损失: 0.0003, 验证损失: 0.0002, 验证 R2 (标准化): 0.9998
2025-07-22 21:08:29,874 - INFO - Epoch [6/50], 训练损失: 0.0004, 验证损失: 0.0002, 验证 R2 (标准化): 0.9998
2025-07-22 21:08:34,157 - INFO - Epoch [7/50], 训练损失: 0.0005, 验证损失: 0.0006, 验证 R2 (标准化): 0.9994
2025-07-22 21:08:38,529 - INFO - Epoch [8/50], 训练损失: 0.0007, 验证损失: 0.0010, 验证 R2 (标准化): 0.9990
2025-07-22 21:08:42,969 - INFO - Epoch [9/50], 训练损失: 0.0005, 验证损失: 0.0005, 验证 R2 (标准化): 0.9995
2025-07-22 21:08:47,643 - INFO - Epoch [10/50], 训练损失: 0.0005, 验证损失: 0.0010, 验证 R2 (标准化): 0.9990
2025-07-22 21:08:52,147 - INFO - Epoch [11/50], 训练损失: 0.0005, 验证损失: 0.0011, 验证 R2 (标准化): 0.9990
2025-07-22 21:08:56,554 - INFO - Epoch [12/50], 训练损失: 0.0001, 验证损失: 0.0009, 验证 R2 (标准化): 0.9991
2025-07-22 21:09:01,049 - INFO - Epoch [13/50], 训练损失: 0.0001, 验证损失: 0.0002, 验证 R2 (标准化): 0.9998
2025-07-22 21:09:05,540 - INFO - Epoch [14/50], 训练损失: 0.0002, 验证损失: 0.0002, 验证 R2 (标准化): 0.9999
2025-07-22 21:09:10,023 - INFO - Epoch [15/50], 训练损失: 0.0002, 验证损失: 0.0002, 验证 R2 (标准化): 0.9998
2025-07-22 21:09:14,487 - INFO - Epoch [16/50], 训练损失: 0.0002, 验证损失: 0.0005, 验证 R2 (标准化): 0.9995
2025-07-22 21:09:19,016 - INFO - Epoch [17/50], 训练损失: 0.0002, 验证损失: 0.0003, 验证 R2 (标准化): 0.9997
2025-07-22 21:09:23,545 - INFO - Epoch [18/50], 训练损失: 0.0002, 验证损失: 0.0004, 验证 R2 (标准化): 0.9996
2025-07-22 21:09:28,097 - INFO - Epoch [19/50], 训练损失: 0.0002, 验证损失: 0.0002, 验证 R2 (标准化): 0.9998
2025-07-22 21:09:32,661 - INFO - Epoch [20/50], 训练损失: 0.0002, 验证损失: 0.0004, 验证 R2 (标准化): 0.9996
2025-07-22 21:09:37,067 - INFO - Epoch [21/50], 训练损失: 0.0001, 验证损失: 0.0001, 验证 R2 (标准化): 0.9999
2025-07-22 21:09:41,517 - INFO - Epoch [22/50], 训练损失: 0.0001, 验证损失: 0.0002, 验证 R2 (标准化): 0.9998
2025-07-22 21:09:45,989 - INFO - Epoch [23/50], 训练损失: 0.0001, 验证损失: 0.0001, 验证 R2 (标准化): 0.9999
2025-07-22 21:09:50,465 - INFO - Epoch [24/50], 训练损失: 0.0001, 验证损失: 0.0001, 验证 R2 (标准化): 0.9999
2025-07-22 21:09:54,936 - INFO - Epoch [25/50], 训练损失: 0.0001, 验证损失: 0.0001, 验证 R2 (标准化): 0.9999
2025-07-22 21:09:59,370 - INFO - Epoch [26/50], 训练损失: 0.0001, 验证损失: 0.0001, 验证 R2 (标准化): 0.9999
2025-07-22 21:10:03,904 - INFO - Epoch [27/50], 训练损失: 0.0001, 验证损失: 0.0001, 验证 R2 (标准化): 0.9999
2025-07-22 21:10:08,422 - INFO - Epoch [28/50], 训练损失: 0.0002, 验证损失: 0.0002, 验证 R2 (标准化): 0.9999
2025-07-22 21:10:12,934 - INFO - Epoch [29/50], 训练损失: 0.0001, 验证损失: 0.0001, 验证 R2 (标准化): 0.9999
2025-07-22 21:10:17,363 - INFO - Epoch [30/50], 训练损失: 0.0002, 验证损失: 0.0001, 验证 R2 (标准化): 0.9999
2025-07-22 21:10:21,782 - INFO - Epoch [31/50], 训练损失: 0.0001, 验证损失: 0.0001, 验证 R2 (标准化): 0.9999
2025-07-22 21:10:26,222 - INFO - Epoch [32/50], 训练损失: 0.0001, 验证损失: 0.0001, 验证 R2 (标准化): 0.9999
2025-07-22 21:10:30,774 - INFO - Epoch [33/50], 训练损失: 0.0001, 验证损失: 0.0001, 验证 R2 (标准化): 0.9999
2025-07-22 21:10:35,169 - INFO - Epoch [34/50], 训练损失: 0.0001, 验证损失: 0.0001, 验证 R2 (标准化): 0.9999
2025-07-22 21:10:39,577 - INFO - Epoch [35/50], 训练损失: 0.0001, 验证损失: 0.0001, 验证 R2 (标准化): 0.9999
2025-07-22 21:10:44,079 - INFO - Epoch [36/50], 训练损失: 0.0001, 验证损失: 0.0001, 验证 R2 (标准化): 0.9999
2025-07-22 21:10:48,619 - INFO - Epoch [37/50], 训练损失: 0.0001, 验证损失: 0.0001, 验证 R2 (标准化): 0.9999
2025-07-22 21:10:53,064 - INFO - Epoch [38/50], 训练损失: 0.0001, 验证损失: 0.0001, 验证 R2 (标准化): 0.9999
2025-07-22 21:10:57,466 - INFO - Epoch [39/50], 训练损失: 0.0001, 验证损失: 0.0001, 验证 R2 (标准化): 0.9999
2025-07-22 21:11:01,931 - INFO - Epoch [40/50], 训练损失: 0.0001, 验证损失: 0.0001, 验证 R2 (标准化): 0.9999
2025-07-22 21:11:06,477 - INFO - Epoch [41/50], 训练损失: 0.0000, 验证损失: 0.0001, 验证 R2 (标准化): 0.9999
2025-07-22 21:11:11,071 - INFO - Epoch [42/50], 训练损失: 0.0000, 验证损失: 0.0002, 验证 R2 (标准化): 0.9998
2025-07-22 21:11:15,621 - INFO - Epoch [43/50], 训练损失: 0.0001, 验证损失: 0.0001, 验证 R2 (标准化): 0.9999
2025-07-22 21:11:20,313 - INFO - Epoch [44/50], 训练损失: 0.0001, 验证损失: 0.0001, 验证 R2 (标准化): 0.9999
2025-07-22 21:11:24,998 - INFO - Epoch [45/50], 训练损失: 0.0000, 验证损失: 0.0001, 验证 R2 (标准化): 0.9999
2025-07-22 21:11:29,689 - INFO - Epoch [46/50], 训练损失: 0.0000, 验证损失: 0.0001, 验证 R2 (标准化): 0.9999
2025-07-22 21:11:34,299 - INFO - Epoch [47/50], 训练损失: 0.0000, 验证损失: 0.0001, 验证 R2 (标准化): 0.9999
2025-07-22 21:11:38,843 - INFO - Epoch [48/50], 训练损失: 0.0000, 验证损失: 0.0001, 验证 R2 (标准化): 0.9999
2025-07-22 21:11:38,843 - INFO - 早停！验证损失在 10 个epoch内没有显著改善。
2025-07-22 21:11:38,845 - INFO - --- 模型训练完成 ---
2025-07-22 21:11:38,998 - INFO - 图表已保存到: logs\训练与验证损失曲线.png
2025-07-22 21:11:42,824 - INFO - 图表已保存到: logs\验证集R2分数曲线.png
2025-07-22 21:11:45,634 - INFO - Trial 24: 选择了 FT-Transformer 模型
2025-07-22 21:11:45,635 - INFO - 
--- 模型训练开始 ---
2025-07-22 21:11:50,400 - INFO - Epoch [1/50], 训练损失: 0.0919, 验证损失: 0.0056, 验证 R2 (标准化): 0.9945
2025-07-22 21:11:55,118 - INFO - Epoch [2/50], 训练损失: 0.0009, 验证损失: 0.0007, 验证 R2 (标准化): 0.9994
2025-07-22 21:11:59,710 - INFO - Epoch [3/50], 训练损失: 0.0004, 验证损失: 0.0003, 验证 R2 (标准化): 0.9997
2025-07-22 21:12:04,223 - INFO - Epoch [4/50], 训练损失: 0.0006, 验证损失: 0.0019, 验证 R2 (标准化): 0.9981
