2025-07-23 14:44:25,405 - INFO - --- 机器学习房屋价格预测项目 (深度学习版) - 集成FT-Transformer和Optuna启动 ---
2025-07-23 14:44:25,408 - INFO - 已设置随机种子为: 42
2025-07-23 14:44:25,409 - INFO - 
--- 阶段1: 数据获取、探索与预处理 ---
2025-07-23 14:44:25,430 - INFO - 数据从 './data/california_housing.csv' 加载成功！
2025-07-23 14:44:25,430 - INFO - 
--- 数据概览 ---
2025-07-23 14:44:25,430 - INFO - 数据前5行:
2025-07-23 14:44:25,430 - INFO -    MedInc  HouseAge  AveRooms  AveBedrms  Population  AveOccup  Latitude  Longitude  target
0  8.3252        41  6.984127   1.023810         322  2.555556     37.88    -122.23   4.526
1  8.3014        21  6.238137   0.971880        2401  2.109842     37.86    -122.22   3.585
2  7.2574        52  8.288136   1.073446         496  2.802260     37.85    -122.24   3.521
3  5.6431        52  5.817352   1.073059         558  2.547945     37.85    -122.25   3.413
4  3.8462        52  6.281853   1.081081         565  2.181467     37.85    -122.25   3.422
2025-07-23 14:44:25,444 - INFO - 
数据基本信息:
2025-07-23 14:44:25,449 - INFO - <class 'pandas.core.frame.DataFrame'>
RangeIndex: 20640 entries, 0 to 20639
Data columns (total 9 columns):
 #   Column      Non-Null Count  Dtype  
---  ------      --------------  -----  
 0   MedInc      20640 non-null  float64
 1   HouseAge    20640 non-null  int64  
 2   AveRooms    20640 non-null  float64
 3   AveBedrms   20640 non-null  float64
 4   Population  20640 non-null  int64  
 5   AveOccup    20640 non-null  float64
 6   Latitude    20640 non-null  float64
 7   Longitude   20640 non-null  float64
 8   target      20640 non-null  float64
dtypes: float64(7), int64(2)
memory usage: 1.4 MB

2025-07-23 14:44:25,449 - INFO - 
描述性统计:
2025-07-23 14:44:25,461 - INFO -              MedInc      HouseAge      AveRooms     AveBedrms    Population      AveOccup      Latitude     Longitude        target
count  20640.000000  20640.000000  20640.000000  20640.000000  20640.000000  20640.000000  20640.000000  20640.000000  20640.000000
mean       3.870671     28.639486      5.429000      1.096675   1425.476744      3.070655     35.631861   -119.569704      2.068558
std        1.899822     12.585558      2.474173      0.473911   1132.462122     10.386050      2.135952      2.003532      1.153956
min        0.499900      1.000000      0.846154      0.333333      3.000000      0.692308     32.540000   -124.350000      0.149990
25%        2.563400     18.000000      4.440716      1.006079    787.000000      2.429741     33.930000   -121.800000      1.196000
50%        3.534800     29.000000      5.229129      1.048780   1166.000000      2.818116     34.260000   -118.490000      1.797000
75%        4.743250     37.000000      6.052381      1.099526   1725.000000      3.282261     37.710000   -118.010000      2.647250
max       15.000100     52.000000    141.909091     34.066667  35682.000000   1243.333333     41.950000   -114.310000      5.000010
2025-07-23 14:44:25,472 - INFO - 
缺失值检查:
2025-07-23 14:44:25,473 - INFO - MedInc        0
HouseAge      0
AveRooms      0
AveBedrms     0
Population    0
AveOccup      0
Latitude      0
Longitude     0
target        0
dtype: int64
2025-07-23 14:44:25,474 - INFO - 
数据初步探索完成。
2025-07-23 14:44:25,474 - INFO - 
--- 数据初步可视化 ---
2025-07-23 14:44:25,817 - INFO - 图表已保存到: logs\房屋价格分布.png
2025-07-23 14:44:28,017 - INFO - 图表已保存到: logs\特征与房价散点图.png
2025-07-23 14:44:31,212 - INFO - 
数据初步可视化完成。
2025-07-23 14:44:31,212 - INFO - 
--- 缺失值处理 ---
2025-07-23 14:44:31,215 - INFO - 数据集中没有发现缺失值。
2025-07-23 14:44:31,215 - INFO - 
--- 异常值处理 ---
2025-07-23 14:44:31,237 - INFO - 已使用 IQR 方法处理 4523 个异常值 (替换为边界值)。
2025-07-23 14:44:31,237 - INFO - 
--- 特征工程 ---
2025-07-23 14:44:31,239 - INFO - 已创建新特征 'Bedrms_Per_Room'。
2025-07-23 14:44:31,246 - INFO - 已创建新特征 'Population_Density_Geo' (基于地理分桶)。
2025-07-23 14:44:31,247 - INFO - 已创建新特征 'Lat_x_Lon'。
2025-07-23 14:44:31,253 - INFO - 已创建经纬度多项式特征。
2025-07-23 14:44:31,260 - INFO - 已创建新特征 'HouseAge_sq' 和 'HouseAge_log'。
2025-07-23 14:44:31,261 - INFO - 已创建新特征 'MedInc_x_AveRooms'。
2025-07-23 14:44:31,261 - INFO - 已创建新特征 'Rooms_Per_Person'。
2025-07-23 14:44:31,261 - INFO - 特征工程完成。
2025-07-23 14:44:31,261 - INFO - 
--- 数据划分与特征缩放 ---
2025-07-23 14:44:31,267 - INFO - 选择 StandardScaler 进行特征缩放。
2025-07-23 14:44:31,281 - INFO - 目标变量已使用 StandardScaler 进行缩放。
2025-07-23 14:44:31,281 - INFO - 训练集特征形状: (18576, 18)
2025-07-23 14:44:31,281 - INFO - 测试集特征形状: (2064, 18)
2025-07-23 14:44:31,281 - INFO - 训练集目标形状: (18576,)
2025-07-23 14:44:31,281 - INFO - 测试集目标形状: (2064,)
2025-07-23 14:44:31,281 - INFO - 数据划分与特征缩放完成。
2025-07-23 14:44:31,288 - INFO - 特征标准化器已保存到: ./models/scaler_ftt_optuna.pkl
2025-07-23 14:44:31,288 - INFO - 目标标准化器已保存到: ./models/target_scaler_ftt_optuna.pkl
2025-07-23 14:44:31,294 - INFO - 
训练集特征形状 (Tensor): torch.Size([13932, 18])
2025-07-23 14:44:31,294 - INFO - 验证集特征形状 (Tensor): torch.Size([4644, 18])
2025-07-23 14:44:31,294 - INFO - 测试集特征形状 (Tensor): torch.Size([2064, 18])
2025-07-23 14:44:31,294 - INFO - 训练集目标形状 (Tensor): torch.Size([13932, 1])
2025-07-23 14:44:31,294 - INFO - 验证集目标形状 (Tensor): torch.Size([4644, 1])
2025-07-23 14:44:31,294 - INFO - 测试集目标形状 (Tensor): torch.Size([2064, 1])
2025-07-23 14:44:31,294 - INFO - 训练数据加载器包含 218 个批次。
2025-07-23 14:44:31,294 - INFO - 验证数据加载器包含 73 个批次。
2025-07-23 14:44:31,294 - INFO - 测试数据加载器包含 33 个批次。
2025-07-23 14:44:31,294 - INFO - 
--- 阶段2: 超参数优化 (Optuna) ---
2025-07-23 14:44:31,294 - INFO - 
--- 开始 Optuna 超参数优化 (共 50 次试验) ---
2025-07-23 14:44:34,054 - INFO - Trial 0: 选择了 MLP 模型
2025-07-23 14:44:36,070 - INFO - 
--- 模型训练开始 ---
2025-07-23 14:44:39,492 - INFO - Epoch [1/100], 训练损失: 0.8067, 验证损失: 0.3402, 验证 R2 (标准化): 0.6458
2025-07-23 14:44:42,009 - INFO - Epoch [2/100], 训练损失: 0.2681, 验证损失: 0.2556, 验证 R2 (标准化): 0.7339
2025-07-23 14:44:44,438 - INFO - Epoch [3/100], 训练损失: 0.2228, 验证损失: 0.2396, 验证 R2 (标准化): 0.7505
2025-07-23 14:44:46,961 - INFO - Epoch [4/100], 训练损失: 0.2060, 验证损失: 0.2307, 验证 R2 (标准化): 0.7598
2025-07-23 14:44:49,149 - INFO - Epoch [5/100], 训练损失: 0.1984, 验证损失: 0.2303, 验证 R2 (标准化): 0.7602
2025-07-23 14:44:51,368 - INFO - Epoch [6/100], 训练损失: 0.1878, 验证损失: 0.2251, 验证 R2 (标准化): 0.7657
2025-07-23 14:44:53,544 - INFO - Epoch [7/100], 训练损失: 0.1823, 验证损失: 0.2284, 验证 R2 (标准化): 0.7622
2025-07-23 14:44:55,653 - INFO - Epoch [8/100], 训练损失: 0.1779, 验证损失: 0.2207, 验证 R2 (标准化): 0.7702
2025-07-23 14:44:57,825 - INFO - Epoch [9/100], 训练损失: 0.1752, 验证损失: 0.2234, 验证 R2 (标准化): 0.7675
2025-07-23 14:44:59,996 - INFO - Epoch [10/100], 训练损失: 0.1680, 验证损失: 0.2164, 验证 R2 (标准化): 0.7747
2025-07-23 14:45:02,163 - INFO - Epoch [11/100], 训练损失: 0.1632, 验证损失: 0.2208, 验证 R2 (标准化): 0.7701
2025-07-23 14:45:04,299 - INFO - Epoch [12/100], 训练损失: 0.1591, 验证损失: 0.2137, 验证 R2 (标准化): 0.7775
2025-07-23 14:45:06,456 - INFO - Epoch [13/100], 训练损失: 0.1539, 验证损失: 0.2264, 验证 R2 (标准化): 0.7643
2025-07-23 14:45:08,611 - INFO - Epoch [14/100], 训练损失: 0.1502, 验证损失: 0.2293, 验证 R2 (标准化): 0.7613
2025-07-23 14:45:10,763 - INFO - Epoch [15/100], 训练损失: 0.1451, 验证损失: 0.2193, 验证 R2 (标准化): 0.7717
2025-07-23 14:45:12,955 - INFO - Epoch [16/100], 训练损失: 0.1391, 验证损失: 0.2259, 验证 R2 (标准化): 0.7648
2025-07-23 14:45:15,127 - INFO - Epoch [17/100], 训练损失: 0.1379, 验证损失: 0.2274, 验证 R2 (标准化): 0.7632
2025-07-23 14:45:17,305 - INFO - Epoch [18/100], 训练损失: 0.1329, 验证损失: 0.2226, 验证 R2 (标准化): 0.7683
2025-07-23 14:45:19,793 - INFO - Epoch [19/100], 训练损失: 0.1323, 验证损失: 0.2289, 验证 R2 (标准化): 0.7617
2025-07-23 14:45:22,073 - INFO - Epoch [20/100], 训练损失: 0.1252, 验证损失: 0.2166, 验证 R2 (标准化): 0.7744
2025-07-23 14:45:24,209 - INFO - Epoch [21/100], 训练损失: 0.0943, 验证损失: 0.2125, 验证 R2 (标准化): 0.7787
2025-07-23 14:45:26,386 - INFO - Epoch [22/100], 训练损失: 0.0785, 验证损失: 0.2183, 验证 R2 (标准化): 0.7728
2025-07-23 14:45:28,595 - INFO - Epoch [23/100], 训练损失: 0.0715, 验证损失: 0.2208, 验证 R2 (标准化): 0.7701
2025-07-23 14:45:30,734 - INFO - Epoch [24/100], 训练损失: 0.0664, 验证损失: 0.2216, 验证 R2 (标准化): 0.7693
2025-07-23 14:45:32,922 - INFO - Epoch [25/100], 训练损失: 0.0630, 验证损失: 0.2232, 验证 R2 (标准化): 0.7676
2025-07-23 14:45:35,138 - INFO - Epoch [26/100], 训练损失: 0.0592, 验证损失: 0.2276, 验证 R2 (标准化): 0.7630
2025-07-23 14:45:37,345 - INFO - Epoch [27/100], 训练损失: 0.0559, 验证损失: 0.2231, 验证 R2 (标准化): 0.7677
2025-07-23 14:45:39,526 - INFO - Epoch [28/100], 训练损失: 0.0525, 验证损失: 0.2260, 验证 R2 (标准化): 0.7647
2025-07-23 14:45:41,724 - INFO - Epoch [29/100], 训练损失: 0.0485, 验证损失: 0.2282, 验证 R2 (标准化): 0.7624
2025-07-23 14:45:43,982 - INFO - Epoch [30/100], 训练损失: 0.0378, 验证损失: 0.2233, 验证 R2 (标准化): 0.7675
2025-07-23 14:45:46,179 - INFO - Epoch [31/100], 训练损失: 0.0343, 验证损失: 0.2258, 验证 R2 (标准化): 0.7649
2025-07-23 14:45:48,434 - INFO - Epoch [32/100], 训练损失: 0.0326, 验证损失: 0.2267, 验证 R2 (标准化): 0.7640
2025-07-23 14:45:50,603 - INFO - Epoch [33/100], 训练损失: 0.0314, 验证损失: 0.2258, 验证 R2 (标准化): 0.7649
2025-07-23 14:45:52,783 - INFO - Epoch [34/100], 训练损失: 0.0301, 验证损失: 0.2249, 验证 R2 (标准化): 0.7659
2025-07-23 14:45:54,932 - INFO - Epoch [35/100], 训练损失: 0.0286, 验证损失: 0.2282, 验证 R2 (标准化): 0.7624
2025-07-23 14:45:57,133 - INFO - Epoch [36/100], 训练损失: 0.0277, 验证损失: 0.2284, 验证 R2 (标准化): 0.7622
2025-07-23 14:45:57,134 - INFO - 早停！验证损失在 15 个epoch内没有显著改善。
2025-07-23 14:45:57,136 - INFO - --- 模型训练完成 ---
2025-07-23 14:45:57,434 - INFO - 图表已保存到: logs\训练与验证损失曲线.png
2025-07-23 14:46:03,133 - INFO - 图表已保存到: logs\验证集R2分数曲线.png
2025-07-23 14:46:06,757 - INFO - Trial 1: 选择了 MLP 模型
2025-07-23 14:46:06,757 - INFO - 
--- 模型训练开始 ---
2025-07-23 14:46:08,926 - INFO - Epoch [1/100], 训练损失: 0.7801, 验证损失: 0.4258, 验证 R2 (标准化): 0.5567
2025-07-23 14:46:10,867 - INFO - Epoch [2/100], 训练损失: 0.3392, 验证损失: 0.2944, 验证 R2 (标准化): 0.6935
2025-07-23 14:46:12,774 - INFO - Epoch [3/100], 训练损失: 0.2623, 验证损失: 0.2641, 验证 R2 (标准化): 0.7250
2025-07-23 14:46:14,689 - INFO - Epoch [4/100], 训练损失: 0.2320, 验证损失: 0.2511, 验证 R2 (标准化): 0.7386
2025-07-23 14:46:16,554 - INFO - Epoch [5/100], 训练损失: 0.2129, 验证损失: 0.2479, 验证 R2 (标准化): 0.7419
2025-07-23 14:46:18,426 - INFO - Epoch [6/100], 训练损失: 0.1984, 验证损失: 0.2373, 验证 R2 (标准化): 0.7530
2025-07-23 14:46:20,307 - INFO - Epoch [7/100], 训练损失: 0.1856, 验证损失: 0.2342, 验证 R2 (标准化): 0.7562
2025-07-23 14:46:22,200 - INFO - Epoch [8/100], 训练损失: 0.1759, 验证损失: 0.2294, 验证 R2 (标准化): 0.7611
2025-07-23 14:46:24,086 - INFO - Epoch [9/100], 训练损失: 0.1669, 验证损失: 0.2272, 验证 R2 (标准化): 0.7634
2025-07-23 14:46:25,949 - INFO - Epoch [10/100], 训练损失: 0.1582, 验证损失: 0.2277, 验证 R2 (标准化): 0.7630
2025-07-23 14:46:27,817 - INFO - Epoch [11/100], 训练损失: 0.1513, 验证损失: 0.2254, 验证 R2 (标准化): 0.7653
2025-07-23 14:46:29,687 - INFO - Epoch [12/100], 训练损失: 0.1443, 验证损失: 0.2265, 验证 R2 (标准化): 0.7642
2025-07-23 14:46:31,637 - INFO - Epoch [13/100], 训练损失: 0.1383, 验证损失: 0.2256, 验证 R2 (标准化): 0.7651
2025-07-23 14:46:33,510 - INFO - Epoch [14/100], 训练损失: 0.1319, 验证损失: 0.2218, 验证 R2 (标准化): 0.7690
2025-07-23 14:46:35,374 - INFO - Epoch [15/100], 训练损失: 0.1273, 验证损失: 0.2220, 验证 R2 (标准化): 0.7689
2025-07-23 14:46:37,246 - INFO - Epoch [16/100], 训练损失: 0.1214, 验证损失: 0.2226, 验证 R2 (标准化): 0.7682
2025-07-23 14:46:39,110 - INFO - Epoch [17/100], 训练损失: 0.1150, 验证损失: 0.2191, 验证 R2 (标准化): 0.7718
2025-07-23 14:46:40,996 - INFO - Epoch [18/100], 训练损失: 0.1104, 验证损失: 0.2205, 验证 R2 (标准化): 0.7704
2025-07-23 14:46:42,901 - INFO - Epoch [19/100], 训练损失: 0.1068, 验证损失: 0.2195, 验证 R2 (标准化): 0.7715
2025-07-23 14:46:44,775 - INFO - Epoch [20/100], 训练损失: 0.1020, 验证损失: 0.2213, 验证 R2 (标准化): 0.7696
2025-07-23 14:46:46,644 - INFO - Epoch [21/100], 训练损失: 0.0977, 验证损失: 0.2198, 验证 R2 (标准化): 0.7712
2025-07-23 14:46:48,660 - INFO - Epoch [22/100], 训练损失: 0.0945, 验证损失: 0.2212, 验证 R2 (标准化): 0.7697
2025-07-23 14:46:50,593 - INFO - Epoch [23/100], 训练损失: 0.0898, 验证损失: 0.2250, 验证 R2 (标准化): 0.7658
2025-07-23 14:46:52,532 - INFO - Epoch [24/100], 训练损失: 0.0865, 验证损失: 0.2258, 验证 R2 (标准化): 0.7649
2025-07-23 14:46:54,470 - INFO - Epoch [25/100], 训练损失: 0.0823, 验证损失: 0.2200, 验证 R2 (标准化): 0.7710
2025-07-23 14:46:56,348 - INFO - Epoch [26/100], 训练损失: 0.0722, 验证损失: 0.2211, 验证 R2 (标准化): 0.7698
2025-07-23 14:46:58,249 - INFO - Epoch [27/100], 训练损失: 0.0700, 验证损失: 0.2189, 验证 R2 (标准化): 0.7721
2025-07-23 14:47:00,150 - INFO - Epoch [28/100], 训练损失: 0.0688, 验证损失: 0.2211, 验证 R2 (标准化): 0.7698
2025-07-23 14:47:02,108 - INFO - Epoch [29/100], 训练损失: 0.0676, 验证损失: 0.2209, 验证 R2 (标准化): 0.7700
2025-07-23 14:47:04,127 - INFO - Epoch [30/100], 训练损失: 0.0662, 验证损失: 0.2209, 验证 R2 (标准化): 0.7700
2025-07-23 14:47:06,042 - INFO - Epoch [31/100], 训练损失: 0.0655, 验证损失: 0.2207, 验证 R2 (标准化): 0.7702
2025-07-23 14:47:08,012 - INFO - Epoch [32/100], 训练损失: 0.0644, 验证损失: 0.2212, 验证 R2 (标准化): 0.7697
2025-07-23 14:47:09,921 - INFO - Epoch [33/100], 训练损失: 0.0632, 验证损失: 0.2221, 验证 R2 (标准化): 0.7687
2025-07-23 14:47:11,835 - INFO - Epoch [34/100], 训练损失: 0.0621, 验证损失: 0.2206, 验证 R2 (标准化): 0.7703
2025-07-23 14:47:13,764 - INFO - Epoch [35/100], 训练损失: 0.0611, 验证损失: 0.2223, 验证 R2 (标准化): 0.7685
2025-07-23 14:47:15,677 - INFO - Epoch [36/100], 训练损失: 0.0580, 验证损失: 0.2213, 验证 R2 (标准化): 0.7695
2025-07-23 14:47:17,560 - INFO - Epoch [37/100], 训练损失: 0.0573, 验证损失: 0.2211, 验证 R2 (标准化): 0.7698
2025-07-23 14:47:19,500 - INFO - Epoch [38/100], 训练损失: 0.0569, 验证损失: 0.2218, 验证 R2 (标准化): 0.7691
2025-07-23 14:47:21,402 - INFO - Epoch [39/100], 训练损失: 0.0567, 验证损失: 0.2211, 验证 R2 (标准化): 0.7697
2025-07-23 14:47:23,330 - INFO - Epoch [40/100], 训练损失: 0.0563, 验证损失: 0.2220, 验证 R2 (标准化): 0.7689
2025-07-23 14:47:25,213 - INFO - Epoch [41/100], 训练损失: 0.0560, 验证损失: 0.2214, 验证 R2 (标准化): 0.7695
2025-07-23 14:47:27,105 - INFO - Epoch [42/100], 训练损失: 0.0556, 验证损失: 0.2215, 验证 R2 (标准化): 0.7693
2025-07-23 14:47:27,105 - INFO - 早停！验证损失在 15 个epoch内没有显著改善。
2025-07-23 14:47:27,107 - INFO - --- 模型训练完成 ---
2025-07-23 14:47:27,258 - INFO - 图表已保存到: logs\训练与验证损失曲线.png
2025-07-23 14:47:31,562 - INFO - 图表已保存到: logs\验证集R2分数曲线.png
2025-07-23 14:47:36,682 - INFO - Trial 2: 选择了 MLP 模型
2025-07-23 14:47:36,682 - INFO - 
--- 模型训练开始 ---
2025-07-23 14:47:39,590 - INFO - Epoch [1/100], 训练损失: 0.6570, 验证损失: 0.3438, 验证 R2 (标准化): 0.6420
2025-07-23 14:47:42,239 - INFO - Epoch [2/100], 训练损失: 0.2850, 验证损失: 0.2708, 验证 R2 (标准化): 0.7181
2025-07-23 14:47:44,630 - INFO - Epoch [3/100], 训练损失: 0.2234, 验证损失: 0.2590, 验证 R2 (标准化): 0.7303
2025-07-23 14:47:46,973 - INFO - Epoch [4/100], 训练损失: 0.1915, 验证损失: 0.2531, 验证 R2 (标准化): 0.7365
2025-07-23 14:47:49,311 - INFO - Epoch [5/100], 训练损失: 0.1722, 验证损失: 0.2464, 验证 R2 (标准化): 0.7434
2025-07-23 14:47:51,654 - INFO - Epoch [6/100], 训练损失: 0.1547, 验证损失: 0.2425, 验证 R2 (标准化): 0.7475
2025-07-23 14:47:54,034 - INFO - Epoch [7/100], 训练损失: 0.1390, 验证损失: 0.2456, 验证 R2 (标准化): 0.7442
2025-07-23 14:47:56,407 - INFO - Epoch [8/100], 训练损失: 0.1273, 验证损失: 0.2442, 验证 R2 (标准化): 0.7457
2025-07-23 14:47:58,824 - INFO - Epoch [9/100], 训练损失: 0.1165, 验证损失: 0.2386, 验证 R2 (标准化): 0.7515
2025-07-23 14:48:01,159 - INFO - Epoch [10/100], 训练损失: 0.1060, 验证损失: 0.2489, 验证 R2 (标准化): 0.7409
2025-07-23 14:48:03,479 - INFO - Epoch [11/100], 训练损失: 0.0976, 验证损失: 0.2502, 验证 R2 (标准化): 0.7394
2025-07-23 14:48:05,825 - INFO - Epoch [12/100], 训练损失: 0.0892, 验证损失: 0.2540, 验证 R2 (标准化): 0.7356
2025-07-23 14:48:08,183 - INFO - Epoch [13/100], 训练损失: 0.0814, 验证损失: 0.2536, 验证 R2 (标准化): 0.7360
2025-07-23 14:48:10,498 - INFO - Epoch [14/100], 训练损失: 0.0784, 验证损失: 0.2532, 验证 R2 (标准化): 0.7364
2025-07-23 14:48:12,882 - INFO - Epoch [15/100], 训练损失: 0.0711, 验证损失: 0.2502, 验证 R2 (标准化): 0.7395
2025-07-23 14:48:15,331 - INFO - Epoch [16/100], 训练损失: 0.0663, 验证损失: 0.2536, 验证 R2 (标准化): 0.7360
2025-07-23 14:48:17,660 - INFO - Epoch [17/100], 训练损失: 0.0621, 验证损失: 0.2549, 验证 R2 (标准化): 0.7346
2025-07-23 14:48:19,975 - INFO - Epoch [18/100], 训练损失: 0.0368, 验证损失: 0.2444, 验证 R2 (标准化): 0.7455
2025-07-23 14:48:22,354 - INFO - Epoch [19/100], 训练损失: 0.0271, 验证损失: 0.2457, 验证 R2 (标准化): 0.7442
2025-07-23 14:48:24,741 - INFO - Epoch [20/100], 训练损失: 0.0237, 验证损失: 0.2472, 验证 R2 (标准化): 0.7426
2025-07-23 14:48:27,083 - INFO - Epoch [21/100], 训练损失: 0.0214, 验证损失: 0.2495, 验证 R2 (标准化): 0.7402
2025-07-23 14:48:29,420 - INFO - Epoch [22/100], 训练损失: 0.0194, 验证损失: 0.2489, 验证 R2 (标准化): 0.7408
2025-07-23 14:48:31,780 - INFO - Epoch [23/100], 训练损失: 0.0176, 验证损失: 0.2492, 验证 R2 (标准化): 0.7405
2025-07-23 14:48:34,145 - INFO - Epoch [24/100], 训练损失: 0.0162, 验证损失: 0.2517, 验证 R2 (标准化): 0.7379
2025-07-23 14:48:34,146 - INFO - 早停！验证损失在 15 个epoch内没有显著改善。
2025-07-23 14:48:34,149 - INFO - --- 模型训练完成 ---
2025-07-23 14:48:34,285 - INFO - 图表已保存到: logs\训练与验证损失曲线.png
2025-07-23 14:48:36,193 - INFO - 图表已保存到: logs\验证集R2分数曲线.png
2025-07-23 14:48:38,585 - INFO - Trial 3: 选择了 MLP 模型
2025-07-23 14:48:38,585 - INFO - 
--- 模型训练开始 ---
2025-07-23 14:48:39,780 - INFO - Epoch [1/100], 训练损失: 0.3275, 验证损失: 0.2694, 验证 R2 (标准化): 0.7195
2025-07-23 14:48:40,903 - INFO - Epoch [2/100], 训练损失: 0.2401, 验证损失: 0.2314, 验证 R2 (标准化): 0.7590
2025-07-23 14:48:42,073 - INFO - Epoch [3/100], 训练损失: 0.2252, 验证损失: 0.2357, 验证 R2 (标准化): 0.7546
2025-07-23 14:48:43,218 - INFO - Epoch [4/100], 训练损失: 0.2141, 验证损失: 0.2385, 验证 R2 (标准化): 0.7517
2025-07-23 14:48:44,400 - INFO - Epoch [5/100], 训练损失: 0.2124, 验证损失: 0.2271, 验证 R2 (标准化): 0.7635
2025-07-23 14:48:45,481 - INFO - Epoch [6/100], 训练损失: 0.2052, 验证损失: 0.2257, 验证 R2 (标准化): 0.7650
2025-07-23 14:48:46,560 - INFO - Epoch [7/100], 训练损失: 0.1986, 验证损失: 0.2173, 验证 R2 (标准化): 0.7738
2025-07-23 14:48:47,718 - INFO - Epoch [8/100], 训练损失: 0.1964, 验证损失: 0.2189, 验证 R2 (标准化): 0.7721
2025-07-23 14:48:48,817 - INFO - Epoch [9/100], 训练损失: 0.1926, 验证损失: 0.2123, 验证 R2 (标准化): 0.7789
2025-07-23 14:48:49,906 - INFO - Epoch [10/100], 训练损失: 0.1863, 验证损失: 0.2093, 验证 R2 (标准化): 0.7821
2025-07-23 14:48:51,044 - INFO - Epoch [11/100], 训练损失: 0.1841, 验证损失: 0.2137, 验证 R2 (标准化): 0.7775
2025-07-23 14:48:52,208 - INFO - Epoch [12/100], 训练损失: 0.1788, 验证损失: 0.2035, 验证 R2 (标准化): 0.7881
2025-07-23 14:48:53,311 - INFO - Epoch [13/100], 训练损失: 0.1790, 验证损失: 0.1999, 验证 R2 (标准化): 0.7919
2025-07-23 14:48:54,418 - INFO - Epoch [14/100], 训练损失: 0.1782, 验证损失: 0.1967, 验证 R2 (标准化): 0.7952
2025-07-23 14:48:55,569 - INFO - Epoch [15/100], 训练损失: 0.1760, 验证损失: 0.1986, 验证 R2 (标准化): 0.7932
2025-07-23 14:48:56,686 - INFO - Epoch [16/100], 训练损失: 0.1692, 验证损失: 0.2015, 验证 R2 (标准化): 0.7902
2025-07-23 14:48:57,808 - INFO - Epoch [17/100], 训练损失: 0.1659, 验证损失: 0.1966, 验证 R2 (标准化): 0.7953
2025-07-23 14:48:58,980 - INFO - Epoch [18/100], 训练损失: 0.1622, 验证损失: 0.2034, 验证 R2 (标准化): 0.7882
2025-07-23 14:49:00,083 - INFO - Epoch [19/100], 训练损失: 0.1607, 验证损失: 0.1989, 验证 R2 (标准化): 0.7929
2025-07-23 14:49:01,240 - INFO - Epoch [20/100], 训练损失: 0.1575, 验证损失: 0.1949, 验证 R2 (标准化): 0.7970
2025-07-23 14:49:02,371 - INFO - Epoch [21/100], 训练损失: 0.1553, 验证损失: 0.2001, 验证 R2 (标准化): 0.7917
2025-07-23 14:49:03,519 - INFO - Epoch [22/100], 训练损失: 0.1563, 验证损失: 0.2058, 验证 R2 (标准化): 0.7858
2025-07-23 14:49:04,622 - INFO - Epoch [23/100], 训练损失: 0.1530, 验证损失: 0.2087, 验证 R2 (标准化): 0.7827
2025-07-23 14:49:05,736 - INFO - Epoch [24/100], 训练损失: 0.1512, 验证损失: 0.2124, 验证 R2 (标准化): 0.7788
2025-07-23 14:49:06,912 - INFO - Epoch [25/100], 训练损失: 0.1464, 验证损失: 0.1990, 验证 R2 (标准化): 0.7928
2025-07-23 14:49:08,034 - INFO - Epoch [26/100], 训练损失: 0.1417, 验证损失: 0.1971, 验证 R2 (标准化): 0.7948
2025-07-23 14:49:09,220 - INFO - Epoch [27/100], 训练损失: 0.1404, 验证损失: 0.2081, 验证 R2 (标准化): 0.7833
2025-07-23 14:49:10,385 - INFO - Epoch [28/100], 训练损失: 0.1406, 验证损失: 0.1970, 验证 R2 (标准化): 0.7949
2025-07-23 14:49:11,451 - INFO - Epoch [29/100], 训练损失: 0.1163, 验证损失: 0.1908, 验证 R2 (标准化): 0.8014
2025-07-23 14:49:12,546 - INFO - Epoch [30/100], 训练损失: 0.1070, 验证损失: 0.1951, 验证 R2 (标准化): 0.7969
2025-07-23 14:49:13,653 - INFO - Epoch [31/100], 训练损失: 0.1021, 验证损失: 0.1936, 验证 R2 (标准化): 0.7985
2025-07-23 14:49:14,872 - INFO - Epoch [32/100], 训练损失: 0.0990, 验证损失: 0.1945, 验证 R2 (标准化): 0.7975
2025-07-23 14:49:15,942 - INFO - Epoch [33/100], 训练损失: 0.0967, 验证损失: 0.1938, 验证 R2 (标准化): 0.7982
2025-07-23 14:49:17,052 - INFO - Epoch [34/100], 训练损失: 0.0940, 验证损失: 0.1933, 验证 R2 (标准化): 0.7987
2025-07-23 14:49:18,146 - INFO - Epoch [35/100], 训练损失: 0.0915, 验证损失: 0.1973, 验证 R2 (标准化): 0.7946
2025-07-23 14:49:19,287 - INFO - Epoch [36/100], 训练损失: 0.0886, 验证损失: 0.1962, 验证 R2 (标准化): 0.7958
2025-07-23 14:49:20,348 - INFO - Epoch [37/100], 训练损失: 0.0864, 验证损失: 0.1986, 验证 R2 (标准化): 0.7932
2025-07-23 14:49:21,445 - INFO - Epoch [38/100], 训练损失: 0.0762, 验证损失: 0.1993, 验证 R2 (标准化): 0.7925
2025-07-23 14:49:22,595 - INFO - Epoch [39/100], 训练损失: 0.0733, 验证损失: 0.1987, 验证 R2 (标准化): 0.7931
2025-07-23 14:49:23,690 - INFO - Epoch [40/100], 训练损失: 0.0717, 验证损失: 0.1996, 验证 R2 (标准化): 0.7921
2025-07-23 14:49:24,823 - INFO - Epoch [41/100], 训练损失: 0.0707, 验证损失: 0.2017, 验证 R2 (标准化): 0.7900
2025-07-23 14:49:25,954 - INFO - Epoch [42/100], 训练损失: 0.0694, 验证损失: 0.2022, 验证 R2 (标准化): 0.7895
2025-07-23 14:49:27,130 - INFO - Epoch [43/100], 训练损失: 0.0683, 验证损失: 0.2025, 验证 R2 (标准化): 0.7891
2025-07-23 14:49:28,253 - INFO - Epoch [44/100], 训练损失: 0.0672, 验证损失: 0.2061, 验证 R2 (标准化): 0.7854
2025-07-23 14:49:28,253 - INFO - 早停！验证损失在 15 个epoch内没有显著改善。
2025-07-23 14:49:28,255 - INFO - --- 模型训练完成 ---
2025-07-23 14:49:28,396 - INFO - 图表已保存到: logs\训练与验证损失曲线.png
2025-07-23 14:49:30,412 - INFO - 图表已保存到: logs\验证集R2分数曲线.png
2025-07-23 14:49:33,958 - INFO - Trial 4: 选择了 MLP 模型
2025-07-23 14:49:33,958 - INFO - 
--- 模型训练开始 ---
2025-07-23 14:49:35,945 - INFO - Epoch [1/100], 训练损失: 0.5462, 验证损失: 0.3018, 验证 R2 (标准化): 0.6858
2025-07-23 14:49:37,720 - INFO - Epoch [2/100], 训练损失: 0.2460, 验证损失: 0.2451, 验证 R2 (标准化): 0.7448
2025-07-23 14:49:39,436 - INFO - Epoch [3/100], 训练损失: 0.2091, 验证损失: 0.2406, 验证 R2 (标准化): 0.7495
2025-07-23 14:49:41,157 - INFO - Epoch [4/100], 训练损失: 0.1929, 验证损失: 0.2331, 验证 R2 (标准化): 0.7573
2025-07-23 14:49:42,856 - INFO - Epoch [5/100], 训练损失: 0.1810, 验证损失: 0.2202, 验证 R2 (标准化): 0.7708
2025-07-23 14:49:44,508 - INFO - Epoch [6/100], 训练损失: 0.1721, 验证损失: 0.2167, 验证 R2 (标准化): 0.7744
2025-07-23 14:49:46,189 - INFO - Epoch [7/100], 训练损失: 0.1661, 验证损失: 0.2191, 验证 R2 (标准化): 0.7719
2025-07-23 14:49:47,855 - INFO - Epoch [8/100], 训练损失: 0.1575, 验证损失: 0.2092, 验证 R2 (标准化): 0.7822
2025-07-23 14:49:49,530 - INFO - Epoch [9/100], 训练损失: 0.1517, 验证损失: 0.2184, 验证 R2 (标准化): 0.7726
2025-07-23 14:49:51,183 - INFO - Epoch [10/100], 训练损失: 0.1459, 验证损失: 0.2232, 验证 R2 (标准化): 0.7676
2025-07-23 14:49:52,817 - INFO - Epoch [11/100], 训练损失: 0.1446, 验证损失: 0.2136, 验证 R2 (标准化): 0.7777
2025-07-23 14:49:54,484 - INFO - Epoch [12/100], 训练损失: 0.1374, 验证损失: 0.2126, 验证 R2 (标准化): 0.7786
2025-07-23 14:49:56,194 - INFO - Epoch [13/100], 训练损失: 0.1344, 验证损失: 0.2349, 验证 R2 (标准化): 0.7555
2025-07-23 14:49:57,866 - INFO - Epoch [14/100], 训练损失: 0.1276, 验证损失: 0.2284, 验证 R2 (标准化): 0.7622
2025-07-23 14:49:59,488 - INFO - Epoch [15/100], 训练损失: 0.1269, 验证损失: 0.2253, 验证 R2 (标准化): 0.7654
2025-07-23 14:50:01,121 - INFO - Epoch [16/100], 训练损失: 0.1207, 验证损失: 0.2159, 验证 R2 (标准化): 0.7752
2025-07-23 14:50:02,724 - INFO - Epoch [17/100], 训练损失: 0.0937, 验证损失: 0.2023, 验证 R2 (标准化): 0.7894
2025-07-23 14:50:04,343 - INFO - Epoch [18/100], 训练损失: 0.0874, 验证损失: 0.2031, 验证 R2 (标准化): 0.7885
2025-07-23 14:50:05,946 - INFO - Epoch [19/100], 训练损失: 0.0835, 验证损失: 0.2016, 验证 R2 (标准化): 0.7901
2025-07-23 14:50:07,549 - INFO - Epoch [20/100], 训练损失: 0.0812, 验证损失: 0.2051, 验证 R2 (标准化): 0.7865
2025-07-23 14:50:09,189 - INFO - Epoch [21/100], 训练损失: 0.0792, 验证损失: 0.2033, 验证 R2 (标准化): 0.7883
2025-07-23 14:50:10,800 - INFO - Epoch [22/100], 训练损失: 0.0778, 验证损失: 0.2032, 验证 R2 (标准化): 0.7884
2025-07-23 14:50:12,411 - INFO - Epoch [23/100], 训练损失: 0.0749, 验证损失: 0.2044, 验证 R2 (标准化): 0.7872
2025-07-23 14:50:14,022 - INFO - Epoch [24/100], 训练损失: 0.0741, 验证损失: 0.2062, 验证 R2 (标准化): 0.7853
2025-07-23 14:50:15,622 - INFO - Epoch [25/100], 训练损失: 0.0706, 验证损失: 0.2062, 验证 R2 (标准化): 0.7853
2025-07-23 14:50:17,248 - INFO - Epoch [26/100], 训练损失: 0.0697, 验证损失: 0.2070, 验证 R2 (标准化): 0.7845
2025-07-23 14:50:18,872 - INFO - Epoch [27/100], 训练损失: 0.0673, 验证损失: 0.2121, 验证 R2 (标准化): 0.7792
2025-07-23 14:50:20,491 - INFO - Epoch [28/100], 训练损失: 0.0586, 验证损失: 0.2057, 验证 R2 (标准化): 0.7859
2025-07-23 14:50:22,195 - INFO - Epoch [29/100], 训练损失: 0.0566, 验证损失: 0.2059, 验证 R2 (标准化): 0.7856
2025-07-23 14:50:23,875 - INFO - Epoch [30/100], 训练损失: 0.0559, 验证损失: 0.2062, 验证 R2 (标准化): 0.7853
2025-07-23 14:50:25,517 - INFO - Epoch [31/100], 训练损失: 0.0551, 验证损失: 0.2055, 验证 R2 (标准化): 0.7861
2025-07-23 14:50:27,173 - INFO - Epoch [32/100], 训练损失: 0.0546, 验证损失: 0.2075, 验证 R2 (标准化): 0.7840
2025-07-23 14:50:28,789 - INFO - Epoch [33/100], 训练损失: 0.0541, 验证损失: 0.2066, 验证 R2 (标准化): 0.7849
2025-07-23 14:50:30,416 - INFO - Epoch [34/100], 训练损失: 0.0529, 验证损失: 0.2071, 验证 R2 (标准化): 0.7843
2025-07-23 14:50:30,416 - INFO - 早停！验证损失在 15 个epoch内没有显著改善。
2025-07-23 14:50:30,416 - INFO - --- 模型训练完成 ---
2025-07-23 14:50:30,571 - INFO - 图表已保存到: logs\训练与验证损失曲线.png
2025-07-23 14:50:32,973 - INFO - 图表已保存到: logs\验证集R2分数曲线.png
2025-07-23 14:50:35,424 - INFO - Trial 5: 选择了 MLP 模型
2025-07-23 14:50:35,425 - INFO - 
--- 模型训练开始 ---
2025-07-23 14:50:37,717 - INFO - Epoch [1/100], 训练损失: 0.4875, 验证损失: 0.3045, 验证 R2 (标准化): 0.6829
2025-07-23 14:50:39,826 - INFO - Epoch [2/100], 训练损失: 0.2682, 验证损失: 0.2571, 验证 R2 (标准化): 0.7323
2025-07-23 14:50:41,993 - INFO - Epoch [3/100], 训练损失: 0.2068, 验证损失: 0.2564, 验证 R2 (标准化): 0.7330
2025-07-23 14:50:44,139 - INFO - Epoch [4/100], 训练损失: 0.1740, 验证损失: 0.2374, 验证 R2 (标准化): 0.7528
2025-07-23 14:50:46,129 - INFO - Epoch [5/100], 训练损失: 0.1484, 验证损失: 0.2392, 验证 R2 (标准化): 0.7510
2025-07-23 14:50:48,142 - INFO - Epoch [6/100], 训练损失: 0.1288, 验证损失: 0.2418, 验证 R2 (标准化): 0.7482
2025-07-23 14:50:50,109 - INFO - Epoch [7/100], 训练损失: 0.1146, 验证损失: 0.2367, 验证 R2 (标准化): 0.7536
2025-07-23 14:50:52,012 - INFO - Epoch [8/100], 训练损失: 0.1003, 验证损失: 0.2348, 验证 R2 (标准化): 0.7556
2025-07-23 14:50:53,954 - INFO - Epoch [9/100], 训练损失: 0.0879, 验证损失: 0.2412, 验证 R2 (标准化): 0.7489
2025-07-23 14:50:55,858 - INFO - Epoch [10/100], 训练损失: 0.0812, 验证损失: 0.2367, 验证 R2 (标准化): 0.7536
2025-07-23 14:50:57,751 - INFO - Epoch [11/100], 训练损失: 0.0714, 验证损失: 0.2521, 验证 R2 (标准化): 0.7375
2025-07-23 14:50:59,653 - INFO - Epoch [12/100], 训练损失: 0.0661, 验证损失: 0.2381, 验证 R2 (标准化): 0.7521
2025-07-23 14:51:01,711 - INFO - Epoch [13/100], 训练损失: 0.0597, 验证损失: 0.2499, 验证 R2 (标准化): 0.7398
2025-07-23 14:51:03,599 - INFO - Epoch [14/100], 训练损失: 0.0561, 验证损失: 0.2516, 验证 R2 (标准化): 0.7381
2025-07-23 14:51:05,494 - INFO - Epoch [15/100], 训练损失: 0.0504, 验证损失: 0.2623, 验证 R2 (标准化): 0.7269
2025-07-23 14:51:07,376 - INFO - Epoch [16/100], 训练损失: 0.0480, 验证损失: 0.2621, 验证 R2 (标准化): 0.7272
2025-07-23 14:51:09,314 - INFO - Epoch [17/100], 训练损失: 0.0247, 验证损失: 0.2334, 验证 R2 (标准化): 0.7570
2025-07-23 14:51:11,202 - INFO - Epoch [18/100], 训练损失: 0.0186, 验证损失: 0.2340, 验证 R2 (标准化): 0.7564
2025-07-23 14:51:13,101 - INFO - Epoch [19/100], 训练损失: 0.0161, 验证损失: 0.2361, 验证 R2 (标准化): 0.7542
2025-07-23 14:51:14,978 - INFO - Epoch [20/100], 训练损失: 0.0145, 验证损失: 0.2366, 验证 R2 (标准化): 0.7537
2025-07-23 14:51:16,876 - INFO - Epoch [21/100], 训练损失: 0.0129, 验证损失: 0.2379, 验证 R2 (标准化): 0.7523
2025-07-23 14:51:18,996 - INFO - Epoch [22/100], 训练损失: 0.0116, 验证损失: 0.2379, 验证 R2 (标准化): 0.7523
2025-07-23 14:51:21,173 - INFO - Epoch [23/100], 训练损失: 0.0105, 验证损失: 0.2388, 验证 R2 (标准化): 0.7514
2025-07-23 14:51:23,220 - INFO - Epoch [24/100], 训练损失: 0.0094, 验证损失: 0.2382, 验证 R2 (标准化): 0.7520
2025-07-23 14:51:25,119 - INFO - Epoch [25/100], 训练损失: 0.0088, 验证损失: 0.2425, 验证 R2 (标准化): 0.7476
2025-07-23 14:51:27,014 - INFO - Epoch [26/100], 训练损失: 0.0054, 验证损失: 0.2392, 验证 R2 (标准化): 0.7510
2025-07-23 14:51:28,924 - INFO - Epoch [27/100], 训练损失: 0.0046, 验证损失: 0.2393, 验证 R2 (标准化): 0.7509
2025-07-23 14:51:30,862 - INFO - Epoch [28/100], 训练损失: 0.0042, 验证损失: 0.2384, 验证 R2 (标准化): 0.7518
2025-07-23 14:51:32,737 - INFO - Epoch [29/100], 训练损失: 0.0039, 验证损失: 0.2396, 验证 R2 (标准化): 0.7506
2025-07-23 14:51:34,628 - INFO - Epoch [30/100], 训练损失: 0.0037, 验证损失: 0.2403, 验证 R2 (标准化): 0.7498
2025-07-23 14:51:36,538 - INFO - Epoch [31/100], 训练损失: 0.0034, 验证损失: 0.2394, 验证 R2 (标准化): 0.7508
2025-07-23 14:51:38,463 - INFO - Epoch [32/100], 训练损失: 0.0032, 验证损失: 0.2404, 验证 R2 (标准化): 0.7497
2025-07-23 14:51:38,463 - INFO - 早停！验证损失在 15 个epoch内没有显著改善。
2025-07-23 14:51:38,463 - INFO - --- 模型训练完成 ---
2025-07-23 14:51:38,612 - INFO - 图表已保存到: logs\训练与验证损失曲线.png
2025-07-23 14:51:41,677 - INFO - 图表已保存到: logs\验证集R2分数曲线.png
2025-07-23 14:51:44,844 - INFO - Trial 6: 选择了 MLP 模型
2025-07-23 14:51:44,845 - INFO - 
--- 模型训练开始 ---
2025-07-23 14:51:47,222 - INFO - Epoch [1/100], 训练损失: 0.5001, 验证损失: 0.2904, 验证 R2 (标准化): 0.6977
2025-07-23 14:51:49,545 - INFO - Epoch [2/100], 训练损失: 0.2502, 验证损失: 0.2312, 验证 R2 (标准化): 0.7593
2025-07-23 14:51:51,762 - INFO - Epoch [3/100], 训练损失: 0.2278, 验证损失: 0.2326, 验证 R2 (标准化): 0.7578
2025-07-23 14:51:53,952 - INFO - Epoch [4/100], 训练损失: 0.2148, 验证损失: 0.2365, 验证 R2 (标准化): 0.7538
2025-07-23 14:51:56,195 - INFO - Epoch [5/100], 训练损失: 0.2107, 验证损失: 0.2304, 验证 R2 (标准化): 0.7601
2025-07-23 14:51:58,487 - INFO - Epoch [6/100], 训练损失: 0.2056, 验证损失: 0.2163, 验证 R2 (标准化): 0.7748
2025-07-23 14:52:00,885 - INFO - Epoch [7/100], 训练损失: 0.1997, 验证损失: 0.2267, 验证 R2 (标准化): 0.7640
2025-07-23 14:52:03,139 - INFO - Epoch [8/100], 训练损失: 0.1919, 验证损失: 0.2167, 验证 R2 (标准化): 0.7744
2025-07-23 14:52:05,337 - INFO - Epoch [9/100], 训练损失: 0.1883, 验证损失: 0.2153, 验证 R2 (标准化): 0.7759
2025-07-23 14:52:07,531 - INFO - Epoch [10/100], 训练损失: 0.1861, 验证损失: 0.2096, 验证 R2 (标准化): 0.7817
2025-07-23 14:52:09,704 - INFO - Epoch [11/100], 训练损失: 0.1773, 验证损失: 0.2165, 验证 R2 (标准化): 0.7746
2025-07-23 14:52:11,859 - INFO - Epoch [12/100], 训练损失: 0.1799, 验证损失: 0.2031, 验证 R2 (标准化): 0.7885
2025-07-23 14:52:14,007 - INFO - Epoch [13/100], 训练损失: 0.1772, 验证损失: 0.2191, 验证 R2 (标准化): 0.7719
2025-07-23 14:52:16,144 - INFO - Epoch [14/100], 训练损失: 0.1721, 验证损失: 0.2120, 验证 R2 (标准化): 0.7793
2025-07-23 14:52:18,263 - INFO - Epoch [15/100], 训练损失: 0.1678, 验证损失: 0.2090, 验证 R2 (标准化): 0.7824
2025-07-23 14:52:20,416 - INFO - Epoch [16/100], 训练损失: 0.1659, 验证损失: 0.2149, 验证 R2 (标准化): 0.7762
2025-07-23 14:52:22,580 - INFO - Epoch [17/100], 训练损失: 0.1609, 验证损失: 0.2180, 验证 R2 (标准化): 0.7730
2025-07-23 14:52:24,751 - INFO - Epoch [18/100], 训练损失: 0.1556, 验证损失: 0.2126, 验证 R2 (标准化): 0.7786
2025-07-23 14:52:26,914 - INFO - Epoch [19/100], 训练损失: 0.1559, 验证损失: 0.2053, 验证 R2 (标准化): 0.7863
2025-07-23 14:52:29,057 - INFO - Epoch [20/100], 训练损失: 0.1511, 验证损失: 0.2213, 验证 R2 (标准化): 0.7695
2025-07-23 14:52:31,192 - INFO - Epoch [21/100], 训练损失: 0.1190, 验证损失: 0.1961, 验证 R2 (标准化): 0.7958
2025-07-23 14:52:33,366 - INFO - Epoch [22/100], 训练损失: 0.1073, 验证损失: 0.2078, 验证 R2 (标准化): 0.7837
2025-07-23 14:52:35,573 - INFO - Epoch [23/100], 训练损失: 0.1035, 验证损失: 0.1986, 验证 R2 (标准化): 0.7932
2025-07-23 14:52:37,776 - INFO - Epoch [24/100], 训练损失: 0.0982, 验证损失: 0.1969, 验证 R2 (标准化): 0.7950
2025-07-23 14:52:40,009 - INFO - Epoch [25/100], 训练损失: 0.0925, 验证损失: 0.2014, 验证 R2 (标准化): 0.7903
2025-07-23 14:52:42,215 - INFO - Epoch [26/100], 训练损失: 0.0889, 验证损失: 0.2099, 验证 R2 (标准化): 0.7815
2025-07-23 14:52:44,431 - INFO - Epoch [27/100], 训练损失: 0.0856, 验证损失: 0.2093, 验证 R2 (标准化): 0.7821
2025-07-23 14:52:46,659 - INFO - Epoch [28/100], 训练损失: 0.0825, 验证损失: 0.2058, 验证 R2 (标准化): 0.7858
2025-07-23 14:52:48,850 - INFO - Epoch [29/100], 训练损失: 0.0779, 验证损失: 0.2086, 验证 R2 (标准化): 0.7828
2025-07-23 14:52:51,045 - INFO - Epoch [30/100], 训练损失: 0.0620, 验证损失: 0.2044, 验证 R2 (标准化): 0.7872
2025-07-23 14:52:53,240 - INFO - Epoch [31/100], 训练损失: 0.0561, 验证损失: 0.2036, 验证 R2 (标准化): 0.7880
2025-07-23 14:52:55,443 - INFO - Epoch [32/100], 训练损失: 0.0526, 验证损失: 0.2075, 验证 R2 (标准化): 0.7840
2025-07-23 14:52:57,660 - INFO - Epoch [33/100], 训练损失: 0.0507, 验证损失: 0.2091, 验证 R2 (标准化): 0.7823
2025-07-23 14:52:59,855 - INFO - Epoch [34/100], 训练损失: 0.0480, 验证损失: 0.2089, 验证 R2 (标准化): 0.7825
2025-07-23 14:53:02,081 - INFO - Epoch [35/100], 训练损失: 0.0456, 验证损失: 0.2069, 验证 R2 (标准化): 0.7846
2025-07-23 14:53:04,285 - INFO - Epoch [36/100], 训练损失: 0.0435, 验证损失: 0.2129, 验证 R2 (标准化): 0.7783
2025-07-23 14:53:04,285 - INFO - 早停！验证损失在 15 个epoch内没有显著改善。
2025-07-23 14:53:04,287 - INFO - --- 模型训练完成 ---
2025-07-23 14:53:04,437 - INFO - 图表已保存到: logs\训练与验证损失曲线.png
2025-07-23 14:53:06,724 - INFO - 图表已保存到: logs\验证集R2分数曲线.png
2025-07-23 14:53:09,375 - INFO - Trial 7: 选择了 MLP 模型
2025-07-23 14:53:09,376 - INFO - 
--- 模型训练开始 ---
2025-07-23 14:53:11,620 - INFO - Epoch [1/100], 训练损失: 0.7097, 验证损失: 0.3507, 验证 R2 (标准化): 0.6349
2025-07-23 14:53:13,667 - INFO - Epoch [2/100], 训练损失: 0.2707, 验证损失: 0.2529, 验证 R2 (标准化): 0.7367
2025-07-23 14:53:15,745 - INFO - Epoch [3/100], 训练损失: 0.2187, 验证损失: 0.2480, 验证 R2 (标准化): 0.7418
2025-07-23 14:53:17,696 - INFO - Epoch [4/100], 训练损失: 0.1963, 验证损失: 0.2236, 验证 R2 (标准化): 0.7672
2025-07-23 14:53:19,694 - INFO - Epoch [5/100], 训练损失: 0.1792, 验证损失: 0.2198, 验证 R2 (标准化): 0.7711
2025-07-23 14:53:21,671 - INFO - Epoch [6/100], 训练损失: 0.1666, 验证损失: 0.2179, 验证 R2 (标准化): 0.7731
2025-07-23 14:53:23,611 - INFO - Epoch [7/100], 训练损失: 0.1576, 验证损失: 0.2162, 验证 R2 (标准化): 0.7749
2025-07-23 14:53:25,578 - INFO - Epoch [8/100], 训练损失: 0.1462, 验证损失: 0.2164, 验证 R2 (标准化): 0.7747
2025-07-23 14:53:27,503 - INFO - Epoch [9/100], 训练损失: 0.1366, 验证损失: 0.2146, 验证 R2 (标准化): 0.7765
2025-07-23 14:53:29,468 - INFO - Epoch [10/100], 训练损失: 0.1288, 验证损失: 0.2196, 验证 R2 (标准化): 0.7713
2025-07-23 14:53:31,411 - INFO - Epoch [11/100], 训练损失: 0.1201, 验证损失: 0.2138, 验证 R2 (标准化): 0.7774
2025-07-23 14:53:33,370 - INFO - Epoch [12/100], 训练损失: 0.1164, 验证损失: 0.2162, 验证 R2 (标准化): 0.7749
2025-07-23 14:53:35,376 - INFO - Epoch [13/100], 训练损失: 0.1073, 验证损失: 0.2201, 验证 R2 (标准化): 0.7708
2025-07-23 14:53:37,301 - INFO - Epoch [14/100], 训练损失: 0.1005, 验证损失: 0.2112, 验证 R2 (标准化): 0.7801
2025-07-23 14:53:39,239 - INFO - Epoch [15/100], 训练损失: 0.0961, 验证损失: 0.2173, 验证 R2 (标准化): 0.7737
2025-07-23 14:53:41,186 - INFO - Epoch [16/100], 训练损失: 0.0886, 验证损失: 0.2167, 验证 R2 (标准化): 0.7744
2025-07-23 14:53:43,139 - INFO - Epoch [17/100], 训练损失: 0.0858, 验证损失: 0.2171, 验证 R2 (标准化): 0.7739
2025-07-23 14:53:45,078 - INFO - Epoch [18/100], 训练损失: 0.0769, 验证损失: 0.2204, 验证 R2 (标准化): 0.7705
2025-07-23 14:53:47,053 - INFO - Epoch [19/100], 训练损失: 0.0743, 验证损失: 0.2202, 验证 R2 (标准化): 0.7707
2025-07-23 14:53:49,063 - INFO - Epoch [20/100], 训练损失: 0.0693, 验证损失: 0.2237, 验证 R2 (标准化): 0.7671
2025-07-23 14:53:51,083 - INFO - Epoch [21/100], 训练损失: 0.0652, 验证损失: 0.2269, 验证 R2 (标准化): 0.7638
2025-07-23 14:53:53,068 - INFO - Epoch [22/100], 训练损失: 0.0640, 验证损失: 0.2274, 验证 R2 (标准化): 0.7632
2025-07-23 14:53:54,988 - INFO - Epoch [23/100], 训练损失: 0.0444, 验证损失: 0.2179, 验证 R2 (标准化): 0.7731
2025-07-23 14:53:56,939 - INFO - Epoch [24/100], 训练损失: 0.0399, 验证损失: 0.2159, 验证 R2 (标准化): 0.7753
2025-07-23 14:53:58,890 - INFO - Epoch [25/100], 训练损失: 0.0375, 验证损失: 0.2174, 验证 R2 (标准化): 0.7737
2025-07-23 14:54:00,908 - INFO - Epoch [26/100], 训练损失: 0.0362, 验证损失: 0.2190, 验证 R2 (标准化): 0.7720
2025-07-23 14:54:02,871 - INFO - Epoch [27/100], 训练损失: 0.0346, 验证损失: 0.2192, 验证 R2 (标准化): 0.7718
2025-07-23 14:54:04,815 - INFO - Epoch [28/100], 训练损失: 0.0332, 验证损失: 0.2237, 验证 R2 (标准化): 0.7671
2025-07-23 14:54:06,782 - INFO - Epoch [29/100], 训练损失: 0.0325, 验证损失: 0.2206, 验证 R2 (标准化): 0.7703
2025-07-23 14:54:06,782 - INFO - 早停！验证损失在 15 个epoch内没有显著改善。
2025-07-23 14:54:06,787 - INFO - --- 模型训练完成 ---
2025-07-23 14:54:06,943 - INFO - 图表已保存到: logs\训练与验证损失曲线.png
2025-07-23 14:54:09,786 - INFO - 图表已保存到: logs\验证集R2分数曲线.png
2025-07-23 14:54:12,391 - INFO - Trial 8: 选择了 MLP 模型
2025-07-23 14:54:12,392 - INFO - 
--- 模型训练开始 ---
2025-07-23 14:54:14,791 - INFO - Epoch [1/100], 训练损失: 0.6117, 验证损失: 0.2974, 验证 R2 (标准化): 0.6904
2025-07-23 14:54:17,049 - INFO - Epoch [2/100], 训练损失: 0.3181, 验证损失: 0.2584, 验证 R2 (标准化): 0.7310
2025-07-23 14:54:19,212 - INFO - Epoch [3/100], 训练损失: 0.2545, 验证损失: 0.2458, 验证 R2 (标准化): 0.7441
2025-07-23 14:54:21,288 - INFO - Epoch [4/100], 训练损失: 0.2493, 验证损失: 0.2325, 验证 R2 (标准化): 0.7579
2025-07-23 14:54:23,327 - INFO - Epoch [5/100], 训练损失: 0.2327, 验证损失: 0.2365, 验证 R2 (标准化): 0.7537
2025-07-23 14:54:25,378 - INFO - Epoch [6/100], 训练损失: 0.2228, 验证损失: 0.2672, 验证 R2 (标准化): 0.7218
2025-07-23 14:54:27,418 - INFO - Epoch [7/100], 训练损失: 0.2133, 验证损失: 0.2250, 验证 R2 (标准化): 0.7657
2025-07-23 14:54:29,464 - INFO - Epoch [8/100], 训练损失: 0.2010, 验证损失: 0.2555, 验证 R2 (标准化): 0.7339
2025-07-23 14:54:31,515 - INFO - Epoch [9/100], 训练损失: 0.1982, 验证损失: 0.2167, 验证 R2 (标准化): 0.7744
2025-07-23 14:54:33,555 - INFO - Epoch [10/100], 训练损失: 0.1905, 验证损失: 0.2169, 验证 R2 (标准化): 0.7741
2025-07-23 14:54:35,652 - INFO - Epoch [11/100], 训练损失: 0.1851, 验证损失: 0.2336, 验证 R2 (标准化): 0.7568
2025-07-23 14:54:37,715 - INFO - Epoch [12/100], 训练损失: 0.1801, 验证损失: 0.2169, 验证 R2 (标准化): 0.7741
2025-07-23 14:54:39,762 - INFO - Epoch [13/100], 训练损失: 0.1756, 验证损失: 0.2318, 验证 R2 (标准化): 0.7587
2025-07-23 14:54:41,808 - INFO - Epoch [14/100], 训练损失: 0.1694, 验证损失: 0.2027, 验证 R2 (标准化): 0.7890
2025-07-23 14:54:43,866 - INFO - Epoch [15/100], 训练损失: 0.1650, 验证损失: 0.2484, 验证 R2 (标准化): 0.7414
2025-07-23 14:54:45,944 - INFO - Epoch [16/100], 训练损失: 0.1602, 验证损失: 0.2052, 验证 R2 (标准化): 0.7864
2025-07-23 14:54:48,007 - INFO - Epoch [17/100], 训练损失: 0.1544, 验证损失: 0.2148, 验证 R2 (标准化): 0.7763
2025-07-23 14:54:50,049 - INFO - Epoch [18/100], 训练损失: 0.1511, 验证损失: 0.2051, 验证 R2 (标准化): 0.7865
2025-07-23 14:54:52,095 - INFO - Epoch [19/100], 训练损失: 0.1481, 验证损失: 0.2201, 验证 R2 (标准化): 0.7709
2025-07-23 14:54:54,133 - INFO - Epoch [20/100], 训练损失: 0.1449, 验证损失: 0.2013, 验证 R2 (标准化): 0.7904
2025-07-23 14:54:56,197 - INFO - Epoch [21/100], 训练损失: 0.1373, 验证损失: 0.2148, 验证 R2 (标准化): 0.7763
2025-07-23 14:54:58,234 - INFO - Epoch [22/100], 训练损失: 0.1388, 验证损失: 0.2045, 验证 R2 (标准化): 0.7871
2025-07-23 14:55:00,266 - INFO - Epoch [23/100], 训练损失: 0.1319, 验证损失: 0.2019, 验证 R2 (标准化): 0.7898
2025-07-23 14:55:02,357 - INFO - Epoch [24/100], 训练损失: 0.1258, 验证损失: 0.2189, 验证 R2 (标准化): 0.7721
2025-07-23 14:55:04,418 - INFO - Epoch [25/100], 训练损失: 0.1260, 验证损失: 0.2134, 验证 R2 (标准化): 0.7778
2025-07-23 14:55:06,564 - INFO - Epoch [26/100], 训练损失: 0.1216, 验证损失: 0.2209, 验证 R2 (标准化): 0.7700
2025-07-23 14:55:08,641 - INFO - Epoch [27/100], 训练损失: 0.1190, 验证损失: 0.2040, 验证 R2 (标准化): 0.7876
2025-07-23 14:55:10,676 - INFO - Epoch [28/100], 训练损失: 0.1147, 验证损失: 0.2173, 验证 R2 (标准化): 0.7737
2025-07-23 14:55:12,735 - INFO - Epoch [29/100], 训练损失: 0.0899, 验证损失: 0.2039, 验证 R2 (标准化): 0.7877
2025-07-23 14:55:14,785 - INFO - Epoch [30/100], 训练损失: 0.0818, 验证损失: 0.2102, 验证 R2 (标准化): 0.7811
2025-07-23 14:55:16,901 - INFO - Epoch [31/100], 训练损失: 0.0772, 验证损失: 0.2019, 验证 R2 (标准化): 0.7898
2025-07-23 14:55:19,018 - INFO - Epoch [32/100], 训练损失: 0.0736, 验证损失: 0.2080, 验证 R2 (标准化): 0.7834
2025-07-23 14:55:21,086 - INFO - Epoch [33/100], 训练损失: 0.0703, 验证损失: 0.2122, 验证 R2 (标准化): 0.7791
2025-07-23 14:55:23,160 - INFO - Epoch [34/100], 训练损失: 0.0671, 验证损失: 0.2152, 验证 R2 (标准化): 0.7760
2025-07-23 14:55:25,208 - INFO - Epoch [35/100], 训练损失: 0.0644, 验证损失: 0.2143, 验证 R2 (标准化): 0.7769
2025-07-23 14:55:25,209 - INFO - 早停！验证损失在 15 个epoch内没有显著改善。
2025-07-23 14:55:25,212 - INFO - --- 模型训练完成 ---
2025-07-23 14:55:25,361 - INFO - 图表已保存到: logs\训练与验证损失曲线.png
2025-07-23 14:55:34,400 - INFO - 图表已保存到: logs\验证集R2分数曲线.png
2025-07-23 14:55:37,086 - INFO - Trial 9: 选择了 FT-Transformer 模型
2025-07-23 14:55:37,086 - INFO - 
--- 模型训练开始 ---
2025-07-23 14:55:55,612 - INFO - Epoch [1/100], 训练损失: 1.0264, 验证损失: 0.9664, 验证 R2 (标准化): -0.0061
2025-07-23 14:56:13,117 - INFO - Epoch [2/100], 训练损失: 1.0141, 验证损失: 0.9609, 验证 R2 (标准化): -0.0004
2025-07-23 14:56:30,869 - INFO - Epoch [3/100], 训练损失: 1.0138, 验证损失: 0.9605, 验证 R2 (标准化): -0.0000
2025-07-23 14:56:48,683 - INFO - Epoch [4/100], 训练损失: 1.0134, 验证损失: 0.9609, 验证 R2 (标准化): -0.0005
2025-07-23 14:57:06,503 - INFO - Epoch [5/100], 训练损失: 1.0139, 验证损失: 0.9610, 验证 R2 (标准化): -0.0005
2025-07-23 14:57:24,413 - INFO - Epoch [6/100], 训练损失: 1.0133, 验证损失: 0.9684, 验证 R2 (标准化): -0.0083
2025-07-23 14:57:42,294 - INFO - Epoch [7/100], 训练损失: 1.0142, 验证损失: 0.9610, 验证 R2 (标准化): -0.0005
2025-07-23 14:58:00,219 - INFO - Epoch [8/100], 训练损失: 1.0136, 验证损失: 0.9606, 验证 R2 (标准化): -0.0002
2025-07-23 14:58:18,420 - INFO - Epoch [9/100], 训练损失: 1.0141, 验证损失: 0.9608, 验证 R2 (标准化): -0.0004
2025-07-23 14:58:36,555 - INFO - Epoch [10/100], 训练损失: 1.0134, 验证损失: 0.9605, 验证 R2 (标准化): -0.0000
2025-07-23 14:58:54,718 - INFO - Epoch [11/100], 训练损失: 1.0133, 验证损失: 0.9609, 验证 R2 (标准化): -0.0004
2025-07-23 14:59:12,935 - INFO - Epoch [12/100], 训练损失: 1.0132, 验证损失: 0.9607, 验证 R2 (标准化): -0.0002
2025-07-23 14:59:31,124 - INFO - Epoch [13/100], 训练损失: 1.0132, 验证损失: 0.9607, 验证 R2 (标准化): -0.0002
2025-07-23 14:59:49,437 - INFO - Epoch [14/100], 训练损失: 1.0132, 验证损失: 0.9606, 验证 R2 (标准化): -0.0002
2025-07-23 15:00:07,711 - INFO - Epoch [15/100], 训练损失: 1.0132, 验证损失: 0.9606, 验证 R2 (标准化): -0.0002
2025-07-23 15:00:25,830 - INFO - Epoch [16/100], 训练损失: 1.0132, 验证损失: 0.9606, 验证 R2 (标准化): -0.0001
2025-07-23 15:00:43,996 - INFO - Epoch [17/100], 训练损失: 1.0132, 验证损失: 0.9607, 验证 R2 (标准化): -0.0002
2025-07-23 15:01:02,200 - INFO - Epoch [18/100], 训练损失: 1.0132, 验证损失: 0.9606, 验证 R2 (标准化): -0.0002
2025-07-23 15:01:20,273 - INFO - Epoch [19/100], 训练损失: 1.0132, 验证损失: 0.9606, 验证 R2 (标准化): -0.0001
2025-07-23 15:01:38,474 - INFO - Epoch [20/100], 训练损失: 1.0132, 验证损失: 0.9606, 验证 R2 (标准化): -0.0002
2025-07-23 15:01:56,585 - INFO - Epoch [21/100], 训练损失: 1.0132, 验证损失: 0.9606, 验证 R2 (标准化): -0.0002
2025-07-23 15:02:14,879 - INFO - Epoch [22/100], 训练损失: 1.0132, 验证损失: 0.9606, 验证 R2 (标准化): -0.0002
2025-07-23 15:02:33,171 - INFO - Epoch [23/100], 训练损失: 1.0132, 验证损失: 0.9606, 验证 R2 (标准化): -0.0002
2025-07-23 15:02:51,537 - INFO - Epoch [24/100], 训练损失: 1.0131, 验证损失: 0.9606, 验证 R2 (标准化): -0.0002
2025-07-23 15:03:09,918 - INFO - Epoch [25/100], 训练损失: 1.0132, 验证损失: 0.9606, 验证 R2 (标准化): -0.0002
2025-07-23 15:03:09,921 - INFO - 早停！验证损失在 15 个epoch内没有显著改善。
2025-07-23 15:03:09,930 - INFO - --- 模型训练完成 ---
2025-07-23 15:03:10,068 - INFO - 图表已保存到: logs\训练与验证损失曲线.png
2025-07-23 15:03:12,410 - INFO - 图表已保存到: logs\验证集R2分数曲线.png
2025-07-23 15:03:16,082 - INFO - Trial 10: 选择了 FT-Transformer 模型
2025-07-23 15:03:16,082 - INFO - 
--- 模型训练开始 ---
2025-07-23 15:03:42,741 - INFO - Epoch [1/100], 训练损失: 1073588.3318, 验证损失: 30.3598, 验证 R2 (标准化): -30.6100
2025-07-23 15:04:08,158 - INFO - Epoch [2/100], 训练损失: 177.2722, 验证损失: 5.3314, 验证 R2 (标准化): -4.5509
2025-07-23 15:04:34,391 - INFO - Epoch [3/100], 训练损失: 150.2373, 验证损失: 389.9972, 验证 R2 (标准化): -405.0570
2025-07-23 15:04:59,861 - INFO - Epoch [4/100], 训练损失: 67.0933, 验证损失: 25.1252, 验证 R2 (标准化): -25.1598
2025-07-23 15:05:25,765 - INFO - Epoch [5/100], 训练损失: 19.6882, 验证损失: 20.5177, 验证 R2 (标准化): -20.3626
2025-07-23 15:05:52,210 - INFO - Epoch [6/100], 训练损失: 6.1522, 验证损失: 1.0568, 验证 R2 (标准化): -0.1003
2025-07-23 15:06:17,854 - INFO - Epoch [7/100], 训练损失: 284586.9595, 验证损失: 0.9668, 验证 R2 (标准化): -0.0066
2025-07-23 15:06:44,406 - INFO - Epoch [8/100], 训练损失: 1.0392, 验证损失: 0.9885, 验证 R2 (标准化): -0.0292
2025-07-23 15:07:10,259 - INFO - Epoch [9/100], 训练损失: 1.0266, 验证损失: 0.9748, 验证 R2 (标准化): -0.0150
2025-07-23 15:07:35,815 - INFO - Epoch [10/100], 训练损失: 1.0369, 验证损失: 0.9847, 验证 R2 (标准化): -0.0253
2025-07-23 15:08:01,361 - INFO - Epoch [11/100], 训练损失: 1.0356, 验证损失: 0.9844, 验证 R2 (标准化): -0.0250
2025-07-23 15:08:27,072 - INFO - Epoch [12/100], 训练损失: 1.0666, 验证损失: 0.9787, 验证 R2 (标准化): -0.0190
2025-07-23 15:08:52,512 - INFO - Epoch [13/100], 训练损失: 1.1506, 验证损失: 1.0070, 验证 R2 (标准化): -0.0484
2025-07-23 15:09:17,890 - INFO - Epoch [14/100], 训练损失: 1.0560, 验证损失: 0.9684, 验证 R2 (标准化): -0.0083
2025-07-23 15:09:43,057 - INFO - Epoch [15/100], 训练损失: 1.0424, 验证损失: 0.9828, 验证 R2 (标准化): -0.0233
2025-07-23 15:10:08,437 - INFO - Epoch [16/100], 训练损失: 1.0164, 验证损失: 0.9618, 验证 R2 (标准化): -0.0014
2025-07-23 15:10:33,960 - INFO - Epoch [17/100], 训练损失: 1.0181, 验证损失: 0.9607, 验证 R2 (标准化): -0.0003
2025-07-23 15:10:59,320 - INFO - Epoch [18/100], 训练损失: 1.0180, 验证损失: 0.9636, 验证 R2 (标准化): -0.0033
2025-07-23 15:11:24,815 - INFO - Epoch [19/100], 训练损失: 1.0179, 验证损失: 0.9611, 验证 R2 (标准化): -0.0007
2025-07-23 15:11:50,298 - INFO - Epoch [20/100], 训练损失: 1.2008, 验证损失: 0.9605, 验证 R2 (标准化): -0.0000
2025-07-23 15:12:15,655 - INFO - Epoch [21/100], 训练损失: 1.0239, 验证损失: 0.9864, 验证 R2 (标准化): -0.0270
2025-07-23 15:12:41,051 - INFO - Epoch [22/100], 训练损失: 1.7329, 验证损失: 0.9625, 验证 R2 (标准化): -0.0022
2025-07-23 15:13:06,185 - INFO - Epoch [23/100], 训练损失: 1.0216, 验证损失: 0.9649, 验证 R2 (标准化): -0.0047
2025-07-23 15:13:31,409 - INFO - Epoch [24/100], 训练损失: 1.0160, 验证损失: 0.9610, 验证 R2 (标准化): -0.0006
2025-07-23 15:13:56,619 - INFO - Epoch [25/100], 训练损失: 1.0191, 验证损失: 0.9678, 验证 R2 (标准化): -0.0077
2025-07-23 15:14:22,025 - INFO - Epoch [26/100], 训练损失: 1.0145, 验证损失: 0.9611, 验证 R2 (标准化): -0.0006
2025-07-23 15:14:47,350 - INFO - Epoch [27/100], 训练损失: 1.0299, 验证损失: 0.9617, 验证 R2 (标准化): -0.0013
2025-07-23 15:15:12,591 - INFO - Epoch [28/100], 训练损失: 1.0146, 验证损失: 0.9611, 验证 R2 (标准化): -0.0007
2025-07-23 15:15:37,897 - INFO - Epoch [29/100], 训练损失: 1.0133, 验证损失: 0.9618, 验证 R2 (标准化): -0.0014
2025-07-23 15:16:03,128 - INFO - Epoch [30/100], 训练损失: 1.0135, 验证损失: 0.9605, 验证 R2 (标准化): -0.0000
2025-07-23 15:16:28,490 - INFO - Epoch [31/100], 训练损失: 1.0136, 验证损失: 0.9607, 验证 R2 (标准化): -0.0003
2025-07-23 15:16:53,913 - INFO - Epoch [32/100], 训练损失: 1.0139, 验证损失: 0.9605, 验证 R2 (标准化): -0.0000
2025-07-23 15:17:19,719 - INFO - Epoch [33/100], 训练损失: 1.0133, 验证损失: 0.9617, 验证 R2 (标准化): -0.0013
2025-07-23 15:17:45,225 - INFO - Epoch [34/100], 训练损失: 1.0166, 验证损失: 0.9609, 验证 R2 (标准化): -0.0004
