2025-07-23 00:29:04,543 - INFO - --- 机器学习房屋价格预测项目 (深度学习版) - 集成FT-Transformer和Optuna启动 ---
2025-07-23 00:29:04,545 - INFO - 已设置随机种子为: 42
2025-07-23 00:29:04,546 - INFO - 
--- 阶段1: 数据获取、探索与预处理 ---
2025-07-23 00:29:04,566 - INFO - 数据从 './data/california_housing.csv' 加载成功！
2025-07-23 00:29:04,567 - INFO - 
--- 数据概览 ---
2025-07-23 00:29:04,567 - INFO - 数据前5行:
2025-07-23 00:29:04,567 - INFO -    MedInc  HouseAge  AveRooms  AveBedrms  ...  AveOccup  Latitude  Longitude  target
0  8.3252        41  6.984127   1.023810  ...  2.555556     37.88    -122.23   4.526
1  8.3014        21  6.238137   0.971880  ...  2.109842     37.86    -122.22   3.585
2  7.2574        52  8.288136   1.073446  ...  2.802260     37.85    -122.24   3.521
3  5.6431        52  5.817352   1.073059  ...  2.547945     37.85    -122.25   3.413
4  3.8462        52  6.281853   1.081081  ...  2.181467     37.85    -122.25   3.422

[5 rows x 9 columns]
2025-07-23 00:29:04,581 - INFO - 
数据基本信息:
2025-07-23 00:29:04,584 - INFO - <class 'pandas.core.frame.DataFrame'>
RangeIndex: 20640 entries, 0 to 20639
Data columns (total 9 columns):
 #   Column      Non-Null Count  Dtype  
---  ------      --------------  -----  
 0   MedInc      20640 non-null  float64
 1   HouseAge    20640 non-null  int64  
 2   AveRooms    20640 non-null  float64
 3   AveBedrms   20640 non-null  float64
 4   Population  20640 non-null  int64  
 5   AveOccup    20640 non-null  float64
 6   Latitude    20640 non-null  float64
 7   Longitude   20640 non-null  float64
 8   target      20640 non-null  float64
dtypes: float64(7), int64(2)
memory usage: 1.4 MB

2025-07-23 00:29:04,584 - INFO - 
描述性统计:
2025-07-23 00:29:04,595 - INFO -              MedInc      HouseAge  ...     Longitude        target
count  20640.000000  20640.000000  ...  20640.000000  20640.000000
mean       3.870671     28.639486  ...   -119.569704      2.068558
std        1.899822     12.585558  ...      2.003532      1.153956
min        0.499900      1.000000  ...   -124.350000      0.149990
25%        2.563400     18.000000  ...   -121.800000      1.196000
50%        3.534800     29.000000  ...   -118.490000      1.797000
75%        4.743250     37.000000  ...   -118.010000      2.647250
max       15.000100     52.000000  ...   -114.310000      5.000010

[8 rows x 9 columns]
2025-07-23 00:29:04,607 - INFO - 
缺失值检查:
2025-07-23 00:29:04,607 - INFO - MedInc        0
HouseAge      0
AveRooms      0
AveBedrms     0
Population    0
AveOccup      0
Latitude      0
Longitude     0
target        0
dtype: int64
2025-07-23 00:29:04,608 - INFO - 
数据初步探索完成。
2025-07-23 00:29:04,608 - INFO - 
--- 数据初步可视化 ---
2025-07-23 00:29:05,013 - INFO - 图表已保存到: logs\房屋价格分布.png
2025-07-23 00:29:08,305 - INFO - 图表已保存到: logs\特征与房价散点图.png
2025-07-23 00:29:11,127 - INFO - 
数据初步可视化完成。
2025-07-23 00:29:11,127 - INFO - 
--- 缺失值处理 ---
2025-07-23 00:29:11,128 - INFO - 数据集中没有发现缺失值。
2025-07-23 00:29:11,128 - INFO - 
--- 异常值处理 ---
2025-07-23 00:29:11,142 - INFO - 已使用 IQR 方法处理 4523 个异常值 (替换为边界值)。
2025-07-23 00:29:11,143 - INFO - 
--- 特征工程 ---
2025-07-23 00:29:11,145 - INFO - 已创建新特征 'Bedrms_Per_Room'。
2025-07-23 00:29:11,146 - INFO - 已创建新特征 'Population_Density'。
2025-07-23 00:29:11,146 - INFO - 已创建新特征 'Lat_x_Lon'。
2025-07-23 00:29:11,147 - INFO - 特征工程完成。
2025-07-23 00:29:11,147 - INFO - 
--- 数据划分与特征缩放 ---
2025-07-23 00:29:11,154 - INFO - 选择 StandardScaler 进行特征缩放。
2025-07-23 00:29:11,161 - INFO - 目标变量已使用 StandardScaler 进行缩放。
2025-07-23 00:29:11,161 - INFO - 训练集特征形状: (18576, 11)
2025-07-23 00:29:11,161 - INFO - 测试集特征形状: (2064, 11)
2025-07-23 00:29:11,161 - INFO - 训练集目标形状: (18576,)
2025-07-23 00:29:11,161 - INFO - 测试集目标形状: (2064,)
2025-07-23 00:29:11,161 - INFO - 数据划分与特征缩放完成。
2025-07-23 00:29:11,167 - INFO - 特征标准化器已保存到: ./models/scaler_ftt_optuna.pkl
2025-07-23 00:29:11,167 - INFO - 目标标准化器已保存到: ./models/target_scaler_ftt_optuna.pkl
2025-07-23 00:29:11,170 - INFO - 
训练集特征形状 (Tensor): torch.Size([13932, 11])
2025-07-23 00:29:11,170 - INFO - 验证集特征形状 (Tensor): torch.Size([4644, 11])
2025-07-23 00:29:11,171 - INFO - 测试集特征形状 (Tensor): torch.Size([2064, 11])
2025-07-23 00:29:11,171 - INFO - 训练集目标形状 (Tensor): torch.Size([13932, 1])
2025-07-23 00:29:11,171 - INFO - 验证集目标形状 (Tensor): torch.Size([4644, 1])
2025-07-23 00:29:11,171 - INFO - 测试集目标形状 (Tensor): torch.Size([2064, 1])
2025-07-23 00:29:11,171 - INFO - 训练数据加载器包含 218 个批次。
2025-07-23 00:29:11,171 - INFO - 验证数据加载器包含 73 个批次。
2025-07-23 00:29:11,171 - INFO - 测试数据加载器包含 33 个批次。
2025-07-23 00:29:11,172 - INFO - 
--- 阶段2: 超参数优化 (Optuna) ---
2025-07-23 00:29:11,172 - INFO - 
--- 开始 Optuna 超参数优化 (共 100 次试验) ---
2025-07-23 00:29:13,461 - INFO - Trial 0: 选择了 FT-Transformer 模型
2025-07-23 00:29:15,203 - INFO - 
--- 模型训练开始 ---
2025-07-23 00:29:20,311 - INFO - Epoch [1/100], 训练损失: 0.4691, 验证损失: 0.3108, 验证 R2 (标准化): 0.6764
2025-07-23 00:29:24,434 - INFO - Epoch [2/100], 训练损失: 0.2775, 验证损失: 0.3152, 验证 R2 (标准化): 0.6718
2025-07-23 00:29:28,434 - INFO - Epoch [3/100], 训练损失: 0.2540, 验证损失: 0.2622, 验证 R2 (标准化): 0.7270
2025-07-23 00:29:32,460 - INFO - Epoch [4/100], 训练损失: 0.2345, 验证损失: 0.2421, 验证 R2 (标准化): 0.7480
2025-07-23 00:29:36,698 - INFO - Epoch [5/100], 训练损失: 0.2245, 验证损失: 0.2226, 验证 R2 (标准化): 0.7683
2025-07-23 00:29:40,806 - INFO - Epoch [6/100], 训练损失: 0.2178, 验证损失: 0.2593, 验证 R2 (标准化): 0.7300
2025-07-23 00:29:44,878 - INFO - Epoch [7/100], 训练损失: 0.2100, 验证损失: 0.2152, 验证 R2 (标准化): 0.7759
2025-07-23 00:29:48,978 - INFO - Epoch [8/100], 训练损失: 0.2056, 验证损失: 0.2075, 验证 R2 (标准化): 0.7840
2025-07-23 00:29:52,982 - INFO - Epoch [9/100], 训练损失: 0.1978, 验证损失: 0.2161, 验证 R2 (标准化): 0.7750
2025-07-23 00:29:57,099 - INFO - Epoch [10/100], 训练损失: 0.1924, 验证损失: 0.3178, 验证 R2 (标准化): 0.6691
2025-07-23 00:30:01,208 - INFO - Epoch [11/100], 训练损失: 0.1913, 验证损失: 0.2066, 验证 R2 (标准化): 0.7849
2025-07-23 00:30:05,304 - INFO - Epoch [12/100], 训练损失: 0.1854, 验证损失: 0.2188, 验证 R2 (标准化): 0.7722
2025-07-23 00:30:09,351 - INFO - Epoch [13/100], 训练损失: 0.1817, 验证损失: 0.2008, 验证 R2 (标准化): 0.7909
2025-07-23 00:30:13,452 - INFO - Epoch [14/100], 训练损失: 0.1789, 验证损失: 0.2126, 验证 R2 (标准化): 0.7787
2025-07-23 00:30:17,547 - INFO - Epoch [15/100], 训练损失: 0.1742, 验证损失: 0.2077, 验证 R2 (标准化): 0.7837
2025-07-23 00:30:22,030 - INFO - Epoch [16/100], 训练损失: 0.1714, 验证损失: 0.1988, 验证 R2 (标准化): 0.7930
2025-07-23 00:30:26,031 - INFO - Epoch [17/100], 训练损失: 0.1671, 验证损失: 0.2031, 验证 R2 (标准化): 0.7886
2025-07-23 00:30:30,215 - INFO - Epoch [18/100], 训练损失: 0.1655, 验证损失: 0.2070, 验证 R2 (标准化): 0.7845
2025-07-23 00:30:34,377 - INFO - Epoch [19/100], 训练损失: 0.1615, 验证损失: 0.2113, 验证 R2 (标准化): 0.7800
2025-07-23 00:30:38,532 - INFO - Epoch [20/100], 训练损失: 0.1603, 验证损失: 0.2010, 验证 R2 (标准化): 0.7907
2025-07-23 00:30:42,601 - INFO - Epoch [21/100], 训练损失: 0.1530, 验证损失: 0.1977, 验证 R2 (标准化): 0.7942
2025-07-23 00:30:46,699 - INFO - Epoch [22/100], 训练损失: 0.1520, 验证损失: 0.3001, 验证 R2 (标准化): 0.6875
2025-07-23 00:30:50,861 - INFO - Epoch [23/100], 训练损失: 0.1480, 验证损失: 0.1924, 验证 R2 (标准化): 0.7997
2025-07-23 00:30:54,969 - INFO - Epoch [24/100], 训练损失: 0.1451, 验证损失: 0.2056, 验证 R2 (标准化): 0.7859
2025-07-23 00:30:59,044 - INFO - Epoch [25/100], 训练损失: 0.1410, 验证损失: 0.1969, 验证 R2 (标准化): 0.7950
2025-07-23 00:31:03,096 - INFO - Epoch [26/100], 训练损失: 0.1392, 验证损失: 0.2148, 验证 R2 (标准化): 0.7763
2025-07-23 00:31:07,169 - INFO - Epoch [27/100], 训练损失: 0.1328, 验证损失: 0.2042, 验证 R2 (标准化): 0.7874
2025-07-23 00:31:11,294 - INFO - Epoch [28/100], 训练损失: 0.1326, 验证损失: 0.2080, 验证 R2 (标准化): 0.7835
2025-07-23 00:31:15,443 - INFO - Epoch [29/100], 训练损失: 0.1288, 验证损失: 0.1976, 验证 R2 (标准化): 0.7943
2025-07-23 00:31:19,451 - INFO - Epoch [30/100], 训练损失: 0.1088, 验证损失: 0.1953, 验证 R2 (标准化): 0.7966
2025-07-23 00:31:23,461 - INFO - Epoch [31/100], 训练损失: 0.1037, 验证损失: 0.1949, 验证 R2 (标准化): 0.7970
2025-07-23 00:31:27,467 - INFO - Epoch [32/100], 训练损失: 0.0985, 验证损失: 0.1957, 验证 R2 (标准化): 0.7963
2025-07-23 00:31:31,540 - INFO - Epoch [33/100], 训练损失: 0.0954, 验证损失: 0.2048, 验证 R2 (标准化): 0.7867
2025-07-23 00:31:31,540 - INFO - 早停！验证损失在 10 个epoch内没有显著改善。
2025-07-23 00:31:31,544 - INFO - --- 模型训练完成 ---
2025-07-23 00:31:31,691 - INFO - 图表已保存到: logs\训练与验证损失曲线.png
2025-07-23 00:31:34,600 - INFO - 图表已保存到: logs\验证集R2分数曲线.png
2025-07-23 00:31:37,098 - INFO - Trial 1: 选择了 FT-Transformer 模型
2025-07-23 00:31:37,099 - INFO - 
--- 模型训练开始 ---
2025-07-23 00:31:40,052 - INFO - Epoch [1/100], 训练损失: 1.9965, 验证损失: 0.6533, 验证 R2 (标准化): 0.3198
2025-07-23 00:31:42,843 - INFO - Epoch [2/100], 训练损失: 0.5238, 验证损失: 0.3835, 验证 R2 (标准化): 0.6007
2025-07-23 00:31:45,606 - INFO - Epoch [3/100], 训练损失: 0.4369, 验证损失: 0.3772, 验证 R2 (标准化): 0.6072
2025-07-23 00:31:48,404 - INFO - Epoch [4/100], 训练损失: 0.4274, 验证损失: 0.3775, 验证 R2 (标准化): 0.6070
2025-07-23 00:31:51,259 - INFO - Epoch [5/100], 训练损失: 0.4373, 验证损失: 0.3757, 验证 R2 (标准化): 0.6088
2025-07-23 00:31:54,114 - INFO - Epoch [6/100], 训练损失: 0.4408, 验证损失: 0.4736, 验证 R2 (标准化): 0.5069
2025-07-23 00:31:56,961 - INFO - Epoch [7/100], 训练损失: 0.3991, 验证损失: 0.4783, 验证 R2 (标准化): 0.5020
2025-07-23 00:31:59,764 - INFO - Epoch [8/100], 训练损失: 0.4012, 验证损失: 0.3579, 验证 R2 (标准化): 0.6274
2025-07-23 00:32:02,550 - INFO - Epoch [9/100], 训练损失: 0.3770, 验证损失: 0.3418, 验证 R2 (标准化): 0.6441
2025-07-23 00:32:05,374 - INFO - Epoch [10/100], 训练损失: 0.3489, 验证损失: 0.4336, 验证 R2 (标准化): 0.5485
2025-07-23 00:32:08,202 - INFO - Epoch [11/100], 训练损失: 0.3753, 验证损失: 0.3555, 验证 R2 (标准化): 0.6299
2025-07-23 00:32:10,950 - INFO - Epoch [12/100], 训练损失: 0.3365, 验证损失: 0.3206, 验证 R2 (标准化): 0.6662
2025-07-23 00:32:13,551 - INFO - Epoch [13/100], 训练损失: 0.3347, 验证损失: 0.3157, 验证 R2 (标准化): 0.6713
2025-07-23 00:32:16,128 - INFO - Epoch [14/100], 训练损失: 0.3814, 验证损失: 0.4270, 验证 R2 (标准化): 0.5555
2025-07-23 00:32:18,740 - INFO - Epoch [15/100], 训练损失: 0.4076, 验证损失: 0.3773, 验证 R2 (标准化): 0.6071
2025-07-23 00:32:21,325 - INFO - Epoch [16/100], 训练损失: 0.3717, 验证损失: 0.3526, 验证 R2 (标准化): 0.6329
2025-07-23 00:32:23,934 - INFO - Epoch [17/100], 训练损失: 0.3619, 验证损失: 0.3660, 验证 R2 (标准化): 0.6189
2025-07-23 00:32:26,505 - INFO - Epoch [18/100], 训练损失: 0.3407, 验证损失: 0.3292, 验证 R2 (标准化): 0.6572
2025-07-23 00:32:29,144 - INFO - Epoch [19/100], 训练损失: 0.3501, 验证损失: 0.3768, 验证 R2 (标准化): 0.6077
2025-07-23 00:32:31,796 - INFO - Epoch [20/100], 训练损失: 0.3151, 验证损失: 0.3160, 验证 R2 (标准化): 0.6709
2025-07-23 00:32:34,475 - INFO - Epoch [21/100], 训练损失: 0.3004, 验证损失: 0.2996, 验证 R2 (标准化): 0.6881
2025-07-23 00:32:37,065 - INFO - Epoch [22/100], 训练损失: 0.2952, 验证损失: 0.2905, 验证 R2 (标准化): 0.6976
2025-07-23 00:32:39,627 - INFO - Epoch [23/100], 训练损失: 0.2926, 验证损失: 0.3039, 验证 R2 (标准化): 0.6836
2025-07-23 00:32:42,214 - INFO - Epoch [24/100], 训练损失: 0.2893, 验证损失: 0.2976, 验证 R2 (标准化): 0.6901
2025-07-23 00:32:44,805 - INFO - Epoch [25/100], 训练损失: 0.2948, 验证损失: 0.2923, 验证 R2 (标准化): 0.6957
2025-07-23 00:32:47,399 - INFO - Epoch [26/100], 训练损失: 0.2867, 验证损失: 0.2863, 验证 R2 (标准化): 0.7020
2025-07-23 00:32:50,060 - INFO - Epoch [27/100], 训练损失: 0.2868, 验证损失: 0.2914, 验证 R2 (标准化): 0.6966
2025-07-23 00:32:52,678 - INFO - Epoch [28/100], 训练损失: 0.2814, 验证损失: 0.2827, 验证 R2 (标准化): 0.7056
2025-07-23 00:32:55,250 - INFO - Epoch [29/100], 训练损失: 0.2843, 验证损失: 0.2860, 验证 R2 (标准化): 0.7023
2025-07-23 00:32:57,802 - INFO - Epoch [30/100], 训练损失: 0.2879, 验证损失: 0.3203, 验证 R2 (标准化): 0.6665
2025-07-23 00:33:00,419 - INFO - Epoch [31/100], 训练损失: 0.2844, 验证损失: 0.2852, 验证 R2 (标准化): 0.7031
2025-07-23 00:33:03,065 - INFO - Epoch [32/100], 训练损失: 0.2722, 验证损失: 0.2875, 验证 R2 (标准化): 0.7007
2025-07-23 00:33:05,701 - INFO - Epoch [33/100], 训练损失: 0.2739, 验证损失: 0.2927, 验证 R2 (标准化): 0.6952
2025-07-23 00:33:08,364 - INFO - Epoch [34/100], 训练损失: 0.2981, 验证损失: 0.2990, 验证 R2 (标准化): 0.6887
2025-07-23 00:33:10,908 - INFO - Epoch [35/100], 训练损失: 0.3123, 验证损失: 0.3138, 验证 R2 (标准化): 0.6733
2025-07-23 00:33:13,509 - INFO - Epoch [36/100], 训练损失: 0.3077, 验证损失: 0.3108, 验证 R2 (标准化): 0.6764
2025-07-23 00:33:16,062 - INFO - Epoch [37/100], 训练损失: 0.3051, 验证损失: 0.3686, 验证 R2 (标准化): 0.6162
2025-07-23 00:33:18,654 - INFO - Epoch [38/100], 训练损失: 0.2964, 验证损失: 0.2878, 验证 R2 (标准化): 0.7004
2025-07-23 00:33:18,654 - INFO - 早停！验证损失在 10 个epoch内没有显著改善。
2025-07-23 00:33:18,656 - INFO - --- 模型训练完成 ---
2025-07-23 00:33:18,807 - INFO - 图表已保存到: logs\训练与验证损失曲线.png
2025-07-23 00:33:24,567 - INFO - 图表已保存到: logs\验证集R2分数曲线.png
2025-07-23 00:33:28,212 - INFO - Trial 2: 选择了 FT-Transformer 模型
2025-07-23 00:33:28,213 - INFO - 
--- 模型训练开始 ---
2025-07-23 00:33:33,875 - INFO - Epoch [1/100], 训练损失: 0.9782, 验证损失: 0.7584, 验证 R2 (标准化): 0.2103
2025-07-23 00:33:39,097 - INFO - Epoch [2/100], 训练损失: 0.5715, 验证损失: 0.4080, 验证 R2 (标准化): 0.5752
2025-07-23 00:33:44,269 - INFO - Epoch [3/100], 训练损失: 0.3534, 验证损失: 0.3306, 验证 R2 (标准化): 0.6558
2025-07-23 00:33:49,572 - INFO - Epoch [4/100], 训练损失: 0.3095, 验证损失: 0.3030, 验证 R2 (标准化): 0.6845
2025-07-23 00:33:54,889 - INFO - Epoch [5/100], 训练损失: 0.2933, 验证损失: 0.2969, 验证 R2 (标准化): 0.6909
2025-07-23 00:34:00,076 - INFO - Epoch [6/100], 训练损失: 0.2826, 验证损失: 0.2802, 验证 R2 (标准化): 0.7083
2025-07-23 00:34:05,529 - INFO - Epoch [7/100], 训练损失: 0.2752, 验证损失: 0.2762, 验证 R2 (标准化): 0.7124
2025-07-23 00:34:10,755 - INFO - Epoch [8/100], 训练损失: 0.2677, 验证损失: 0.2716, 验证 R2 (标准化): 0.7172
2025-07-23 00:34:15,938 - INFO - Epoch [9/100], 训练损失: 0.2640, 验证损失: 0.2780, 验证 R2 (标准化): 0.7106
2025-07-23 00:34:21,330 - INFO - Epoch [10/100], 训练损失: 0.2589, 验证损失: 0.2573, 验证 R2 (标准化): 0.7321
2025-07-23 00:34:26,577 - INFO - Epoch [11/100], 训练损失: 0.2545, 验证损失: 0.2527, 验证 R2 (标准化): 0.7369
2025-07-23 00:34:31,862 - INFO - Epoch [12/100], 训练损失: 0.2495, 验证损失: 0.2499, 验证 R2 (标准化): 0.7399
2025-07-23 00:34:37,230 - INFO - Epoch [13/100], 训练损失: 0.2467, 验证损失: 0.2606, 验证 R2 (标准化): 0.7287
2025-07-23 00:34:42,440 - INFO - Epoch [14/100], 训练损失: 0.2441, 验证损失: 0.2625, 验证 R2 (标准化): 0.7266
2025-07-23 00:34:47,702 - INFO - Epoch [15/100], 训练损失: 0.2397, 验证损失: 0.2449, 验证 R2 (标准化): 0.7450
2025-07-23 00:34:53,002 - INFO - Epoch [16/100], 训练损失: 0.2388, 验证损失: 0.2469, 验证 R2 (标准化): 0.7430
2025-07-23 00:34:58,165 - INFO - Epoch [17/100], 训练损失: 0.2359, 验证损失: 0.2365, 验证 R2 (标准化): 0.7538
2025-07-23 00:35:03,494 - INFO - Epoch [18/100], 训练损失: 0.2336, 验证损失: 0.2447, 验证 R2 (标准化): 0.7452
2025-07-23 00:35:08,925 - INFO - Epoch [19/100], 训练损失: 0.2314, 验证损失: 0.2340, 验证 R2 (标准化): 0.7563
2025-07-23 00:35:14,039 - INFO - Epoch [20/100], 训练损失: 0.2313, 验证损失: 0.2469, 验证 R2 (标准化): 0.7430
2025-07-23 00:35:19,528 - INFO - Epoch [21/100], 训练损失: 0.2294, 验证损失: 0.2303, 验证 R2 (标准化): 0.7602
2025-07-23 00:35:24,881 - INFO - Epoch [22/100], 训练损失: 0.2292, 验证损失: 0.2287, 验证 R2 (标准化): 0.7619
2025-07-23 00:35:30,067 - INFO - Epoch [23/100], 训练损失: 0.2254, 验证损失: 0.2275, 验证 R2 (标准化): 0.7631
2025-07-23 00:35:35,359 - INFO - Epoch [24/100], 训练损失: 0.2247, 验证损失: 0.2261, 验证 R2 (标准化): 0.7646
2025-07-23 00:35:40,645 - INFO - Epoch [25/100], 训练损失: 0.2236, 验证损失: 0.2279, 验证 R2 (标准化): 0.7627
2025-07-23 00:35:45,797 - INFO - Epoch [26/100], 训练损失: 0.2226, 验证损失: 0.2239, 验证 R2 (标准化): 0.7668
2025-07-23 00:35:51,101 - INFO - Epoch [27/100], 训练损失: 0.2218, 验证损失: 0.2222, 验证 R2 (标准化): 0.7686
2025-07-23 00:35:56,439 - INFO - Epoch [28/100], 训练损失: 0.2210, 验证损失: 0.2233, 验证 R2 (标准化): 0.7675
2025-07-23 00:36:01,659 - INFO - Epoch [29/100], 训练损失: 0.2195, 验证损失: 0.2204, 验证 R2 (标准化): 0.7706
2025-07-23 00:36:06,887 - INFO - Epoch [30/100], 训练损失: 0.2176, 验证损失: 0.2196, 验证 R2 (标准化): 0.7714
2025-07-23 00:36:12,222 - INFO - Epoch [31/100], 训练损失: 0.2179, 验证损失: 0.2227, 验证 R2 (标准化): 0.7681
2025-07-23 00:36:17,359 - INFO - Epoch [32/100], 训练损失: 0.2163, 验证损失: 0.2197, 验证 R2 (标准化): 0.7713
2025-07-23 00:36:22,662 - INFO - Epoch [33/100], 训练损失: 0.2176, 验证损失: 0.2214, 验证 R2 (标准化): 0.7695
2025-07-23 00:36:28,050 - INFO - Epoch [34/100], 训练损失: 0.2141, 验证损失: 0.2167, 验证 R2 (标准化): 0.7744
2025-07-23 00:36:33,475 - INFO - Epoch [35/100], 训练损失: 0.2141, 验证损失: 0.2170, 验证 R2 (标准化): 0.7740
2025-07-23 00:36:39,066 - INFO - Epoch [36/100], 训练损失: 0.2142, 验证损失: 0.2509, 验证 R2 (标准化): 0.7388
2025-07-23 00:36:44,542 - INFO - Epoch [37/100], 训练损失: 0.2141, 验证损失: 0.2179, 验证 R2 (标准化): 0.7731
2025-07-23 00:36:49,978 - INFO - Epoch [38/100], 训练损失: 0.2120, 验证损失: 0.2148, 验证 R2 (标准化): 0.7764
2025-07-23 00:36:55,714 - INFO - Epoch [39/100], 训练损失: 0.2125, 验证损失: 0.2138, 验证 R2 (标准化): 0.7774
2025-07-23 00:37:01,294 - INFO - Epoch [40/100], 训练损失: 0.2152, 验证损失: 0.2143, 验证 R2 (标准化): 0.7769
2025-07-23 00:37:06,849 - INFO - Epoch [41/100], 训练损失: 0.2120, 验证损失: 0.2292, 验证 R2 (标准化): 0.7614
2025-07-23 00:37:12,476 - INFO - Epoch [42/100], 训练损失: 0.2100, 验证损失: 0.2131, 验证 R2 (标准化): 0.7782
2025-07-23 00:37:18,056 - INFO - Epoch [43/100], 训练损失: 0.2097, 验证损失: 0.2125, 验证 R2 (标准化): 0.7787
2025-07-23 00:37:23,895 - INFO - Epoch [44/100], 训练损失: 0.2079, 验证损失: 0.2150, 验证 R2 (标准化): 0.7762
2025-07-23 00:37:29,970 - INFO - Epoch [45/100], 训练损失: 0.2085, 验证损失: 0.2144, 验证 R2 (标准化): 0.7767
2025-07-23 00:37:35,788 - INFO - Epoch [46/100], 训练损失: 0.2070, 验证损失: 0.2116, 验证 R2 (标准化): 0.7797
2025-07-23 00:37:41,527 - INFO - Epoch [47/100], 训练损失: 0.2098, 验证损失: 0.2140, 验证 R2 (标准化): 0.7772
2025-07-23 00:37:47,415 - INFO - Epoch [48/100], 训练损失: 0.2084, 验证损失: 0.2129, 验证 R2 (标准化): 0.7783
2025-07-23 00:37:53,197 - INFO - Epoch [49/100], 训练损失: 0.2053, 验证损失: 0.2105, 验证 R2 (标准化): 0.7809
2025-07-23 00:37:58,909 - INFO - Epoch [50/100], 训练损失: 0.2066, 验证损失: 0.2172, 验证 R2 (标准化): 0.7739
2025-07-23 00:38:04,787 - INFO - Epoch [51/100], 训练损失: 0.2086, 验证损失: 0.2106, 验证 R2 (标准化): 0.7807
2025-07-23 00:38:10,572 - INFO - Epoch [52/100], 训练损失: 0.2041, 验证损失: 0.2094, 验证 R2 (标准化): 0.7820
2025-07-23 00:38:16,335 - INFO - Epoch [53/100], 训练损失: 0.2070, 验证损失: 0.2116, 验证 R2 (标准化): 0.7797
2025-07-23 00:38:22,198 - INFO - Epoch [54/100], 训练损失: 0.2057, 验证损失: 0.2086, 验证 R2 (标准化): 0.7828
2025-07-23 00:38:28,009 - INFO - Epoch [55/100], 训练损失: 0.2052, 验证损失: 0.2209, 验证 R2 (标准化): 0.7700
2025-07-23 00:38:33,775 - INFO - Epoch [56/100], 训练损失: 0.2038, 验证损失: 0.2090, 验证 R2 (标准化): 0.7824
2025-07-23 00:38:39,653 - INFO - Epoch [57/100], 训练损失: 0.2023, 验证损失: 0.2102, 验证 R2 (标准化): 0.7812
2025-07-23 00:38:45,487 - INFO - Epoch [58/100], 训练损失: 0.2044, 验证损失: 0.2077, 验证 R2 (标准化): 0.7838
2025-07-23 00:38:51,284 - INFO - Epoch [59/100], 训练损失: 0.2022, 验证损失: 0.2128, 验证 R2 (标准化): 0.7784
2025-07-23 00:38:57,155 - INFO - Epoch [60/100], 训练损失: 0.2020, 验证损失: 0.2085, 验证 R2 (标准化): 0.7829
2025-07-23 00:39:02,882 - INFO - Epoch [61/100], 训练损失: 0.2004, 验证损失: 0.2089, 验证 R2 (标准化): 0.7825
2025-07-23 00:39:08,565 - INFO - Epoch [62/100], 训练损失: 0.2022, 验证损失: 0.2150, 验证 R2 (标准化): 0.7761
2025-07-23 00:39:14,438 - INFO - Epoch [63/100], 训练损失: 0.1996, 验证损失: 0.2088, 验证 R2 (标准化): 0.7826
2025-07-23 00:39:20,240 - INFO - Epoch [64/100], 训练损失: 0.2023, 验证损失: 0.2082, 验证 R2 (标准化): 0.7833
2025-07-23 00:39:26,031 - INFO - Epoch [65/100], 训练损失: 0.1977, 验证损失: 0.2107, 验证 R2 (标准化): 0.7806
2025-07-23 00:39:31,833 - INFO - Epoch [66/100], 训练损失: 0.1976, 验证损失: 0.2068, 验证 R2 (标准化): 0.7847
2025-07-23 00:39:37,697 - INFO - Epoch [67/100], 训练损失: 0.1965, 验证损失: 0.2139, 验证 R2 (标准化): 0.7773
2025-07-23 00:39:43,385 - INFO - Epoch [68/100], 训练损失: 0.1989, 验证损失: 0.2057, 验证 R2 (标准化): 0.7858
2025-07-23 00:39:49,234 - INFO - Epoch [69/100], 训练损失: 0.1983, 验证损失: 0.2064, 验证 R2 (标准化): 0.7851
2025-07-23 00:39:54,980 - INFO - Epoch [70/100], 训练损失: 0.1962, 验证损失: 0.2056, 验证 R2 (标准化): 0.7859
2025-07-23 00:40:00,611 - INFO - Epoch [71/100], 训练损失: 0.1961, 验证损失: 0.2079, 验证 R2 (标准化): 0.7835
2025-07-23 00:40:06,579 - INFO - Epoch [72/100], 训练损失: 0.1971, 验证损失: 0.2056, 验证 R2 (标准化): 0.7860
2025-07-23 00:40:12,327 - INFO - Epoch [73/100], 训练损失: 0.1967, 验证损失: 0.2051, 验证 R2 (标准化): 0.7864
2025-07-23 00:40:17,992 - INFO - Epoch [74/100], 训练损失: 0.1957, 验证损失: 0.2059, 验证 R2 (标准化): 0.7856
2025-07-23 00:40:23,676 - INFO - Epoch [75/100], 训练损失: 0.1980, 验证损失: 0.2133, 验证 R2 (标准化): 0.7779
2025-07-23 00:40:29,620 - INFO - Epoch [76/100], 训练损失: 0.1968, 验证损失: 0.2046, 验证 R2 (标准化): 0.7870
2025-07-23 00:40:35,416 - INFO - Epoch [77/100], 训练损失: 0.1944, 验证损失: 0.2055, 验证 R2 (标准化): 0.7860
2025-07-23 00:40:41,301 - INFO - Epoch [78/100], 训练损失: 0.1946, 验证损失: 0.2062, 验证 R2 (标准化): 0.7853
2025-07-23 00:40:47,121 - INFO - Epoch [79/100], 训练损失: 0.1948, 验证损失: 0.2041, 验证 R2 (标准化): 0.7875
2025-07-23 00:40:53,149 - INFO - Epoch [80/100], 训练损失: 0.1964, 验证损失: 0.2064, 验证 R2 (标准化): 0.7851
2025-07-23 00:40:58,966 - INFO - Epoch [81/100], 训练损失: 0.1947, 验证损失: 0.2067, 验证 R2 (标准化): 0.7848
2025-07-23 00:41:04,695 - INFO - Epoch [82/100], 训练损失: 0.1950, 验证损失: 0.2054, 验证 R2 (标准化): 0.7861
2025-07-23 00:41:10,368 - INFO - Epoch [83/100], 训练损失: 0.1937, 验证损失: 0.2055, 验证 R2 (标准化): 0.7860
2025-07-23 00:41:16,200 - INFO - Epoch [84/100], 训练损失: 0.1953, 验证损失: 0.2133, 验证 R2 (标准化): 0.7779
2025-07-23 00:41:22,019 - INFO - Epoch [85/100], 训练损失: 0.1945, 验证损失: 0.2031, 验证 R2 (标准化): 0.7885
2025-07-23 00:41:28,018 - INFO - Epoch [86/100], 训练损失: 0.1937, 验证损失: 0.2054, 验证 R2 (标准化): 0.7861
2025-07-23 00:41:33,902 - INFO - Epoch [87/100], 训练损失: 0.1933, 验证损失: 0.2032, 验证 R2 (标准化): 0.7884
2025-07-23 00:41:39,686 - INFO - Epoch [88/100], 训练损失: 0.1931, 验证损失: 0.2072, 验证 R2 (标准化): 0.7843
2025-07-23 00:41:45,154 - INFO - Epoch [89/100], 训练损失: 0.1945, 验证损失: 0.2071, 验证 R2 (标准化): 0.7844
2025-07-23 00:41:50,712 - INFO - Epoch [90/100], 训练损失: 0.1932, 验证损失: 0.2061, 验证 R2 (标准化): 0.7854
